#
# There is insufficient memory for the Java Runtime Environment to continue.
# Native memory allocation (malloc) failed to allocate 1048976 bytes for Chunk::new
# Possible reasons:
#   The system is out of physical RAM or swap space
#   The process is running with CompressedOops enabled, and the Java Heap may be blocking the growth of the native heap
# Possible solutions:
#   Reduce memory load on the system
#   Increase physical memory or swap space
#   Check if swap backing store is full
#   Decrease Java heap size (-Xmx/-Xms)
#   Decrease number of Java threads
#   Decrease Java thread stack sizes (-Xss)
#   Set larger code cache with -XX:ReservedCodeCacheSize=
#   JVM is running with Unscaled Compressed Oops mode in which the Java heap is
#     placed in the first 4GB address space. The Java Heap base address is the
#     maximum limit for the native heap growth. Please use -XX:HeapBaseMinAddress
#     to set the Java Heap base and to place the Java Heap above 4GB virtual address.
# This output file may be truncated or incomplete.
#
#  Out of Memory Error (./src/hotspot/share/memory/arena.cpp:197), pid=47100, tid=296
#
# JRE version: OpenJDK Runtime Environment (11.0.11+9) (build 11.0.11+9-b60-7590822)
# Java VM: OpenJDK 64-Bit Server VM (11.0.11+9-b60-7590822, mixed mode, tiered, compressed oops, g1 gc, windows-amd64)
# No core dump will be written. Minidumps are not enabled by default on client versions of Windows
#

---------------  S U M M A R Y ------------

Command Line: --add-opens=java.base/java.util=ALL-UNNAMED --add-opens=java.base/java.lang=ALL-UNNAMED --add-opens=java.base/java.lang.invoke=ALL-UNNAMED --add-opens=java.base/java.util=ALL-UNNAMED --add-opens=java.prefs/java.util.prefs=ALL-UNNAMED --add-opens=java.prefs/java.util.prefs=ALL-UNNAMED --add-opens=java.base/java.nio.charset=ALL-UNNAMED --add-opens=java.base/java.net=ALL-UNNAMED --add-opens=java.base/java.util.concurrent.atomic=ALL-UNNAMED -Xmx2048m -Dfile.encoding=UTF-8 -Duser.country=KR -Duser.language=ko -Duser.variant org.gradle.launcher.daemon.bootstrap.GradleDaemon 7.2

Host: Intel(R) Core(TM) i5-8250U CPU @ 1.60GHz, 8 cores, 7G,  Windows 10 , 64 bit Build 22000 (10.0.22000.2538)
Time: Thu Nov 16 18:56:17 2023 대한민국 표준시 elapsed time: 13.651813 seconds (0d 0h 0m 13s)

---------------  T H R E A D  ---------------

Current thread (0x0000017d9f841800):  JavaThread "C2 CompilerThread0" daemon [_thread_in_native, id=296, stack(0x0000003285300000,0x0000003285400000)]


Current CompileTask:
C2:  13652 7601       4       java.util.AbstractCollection::addAll (42 bytes)

Stack: [0x0000003285300000,0x0000003285400000]
Native frames: (J=compiled Java code, j=interpreted, Vv=VM code, C=native code)
V  [jvm.dll+0x5f214a]
V  [jvm.dll+0x726fb5]
V  [jvm.dll+0x7285cd]
V  [jvm.dll+0x728c83]
V  [jvm.dll+0x243278]
V  [jvm.dll+0xbc53c]
V  [jvm.dll+0xbca3c]
V  [jvm.dll+0x353e3b]
V  [jvm.dll+0x19875c]
V  [jvm.dll+0x1fc2ee]
V  [jvm.dll+0x1fb3d4]
V  [jvm.dll+0x183d6c]
V  [jvm.dll+0x209a57]
V  [jvm.dll+0x2082a1]
V  [jvm.dll+0x6ef58f]
V  [jvm.dll+0x6e80b5]
V  [jvm.dll+0x5f1036]
C  [ucrtbase.dll+0x26c0c]
C  [KERNEL32.DLL+0x153e0]
C  [ntdll.dll+0x485b]


---------------  P R O C E S S  ---------------

Threads class SMR info:
_java_thread_list=0x0000017dabbca210, length=131, elements={
0x0000017d852f7000, 0x0000017d9f81a800, 0x0000017d9f824000, 0x0000017d9f83d800,
0x0000017d9f83f000, 0x0000017d9f840800, 0x0000017d9f841800, 0x0000017da0146000,
0x0000017da0147000, 0x0000017da029d800, 0x0000017da5587000, 0x0000017da5aff800,
0x0000017da0562800, 0x0000017da5ead800, 0x0000017da69f2800, 0x0000017da5e9c000,
0x0000017da5fd0000, 0x0000017da5547000, 0x0000017da5e9b000, 0x0000017da7649000,
0x0000017da7648800, 0x0000017da764f000, 0x0000017da764a000, 0x0000017da764b000,
0x0000017da764b800, 0x0000017da764c800, 0x0000017da764d000, 0x0000017da764e000,
0x0000017da73b1800, 0x0000017da73b2800, 0x0000017da73b9000, 0x0000017da73b5000,
0x0000017da73ba800, 0x0000017da73b8000, 0x0000017da73bb800, 0x0000017da73ba000,
0x0000017da73bc800, 0x0000017da73b6800, 0x0000017da73bd000, 0x0000017da73b7800,
0x0000017da73be000, 0x0000017da73c0800, 0x0000017da73bf000, 0x0000017da73bf800,
0x0000017da9a94000, 0x0000017da9a93000, 0x0000017da9a95000, 0x0000017da9a91800,
0x0000017da9a91000, 0x0000017da9a92800, 0x0000017da9a95800, 0x0000017da9a90000,
0x0000017da9a9a800, 0x0000017da9a9c000, 0x0000017da9a97800, 0x0000017da9a9b800,
0x0000017da9a9a000, 0x0000017da9a96800, 0x0000017da9a9d000, 0x0000017da9a9e000,
0x0000017da9a98000, 0x0000017da9a9e800, 0x0000017da9a99000, 0x0000017da9aea800,
0x0000017da9aec800, 0x0000017da9aea000, 0x0000017da9ae8000, 0x0000017da9aeb800,
0x0000017da9ae9000, 0x0000017da9aed000, 0x0000017da9ae7800, 0x0000017da9af3800,
0x0000017da9af1000, 0x0000017da9af3000, 0x0000017da9aef800, 0x0000017da9aee000,
0x0000017da9af2000, 0x0000017da9af4800, 0x0000017da9aee800, 0x0000017da9af5800,
0x0000017da9af6000, 0x0000017da9af0800, 0x0000017da9b0a800, 0x0000017da9b09000,
0x0000017da9b0b800, 0x0000017da9b0c800, 0x0000017da9b0d000, 0x0000017da9b07800,
0x0000017da9b0e000, 0x0000017da9b08000, 0x0000017da9b0e800, 0x0000017da9b0f800,
0x0000017da9b0a000, 0x0000017da9b10800, 0x0000017da9b15800, 0x0000017da9b14800,
0x0000017da9b16000, 0x0000017da9b11000, 0x0000017da9b13800, 0x0000017da9b12000,
0x0000017da9b13000, 0x0000017da99f1000, 0x0000017da99ef800, 0x0000017da99f3800,
0x0000017da99f4000, 0x0000017da99f6000, 0x0000017da99f0000, 0x0000017da99f5000,
0x0000017da99f6800, 0x0000017da99f7800, 0x0000017da99f1800, 0x0000017da99f2800,
0x0000017da99fd000, 0x0000017da99fe000, 0x0000017da99f9000, 0x0000017da99fa000,
0x0000017da99fc800, 0x0000017da99f8800, 0x0000017da99fa800, 0x0000017da99fb800,
0x0000017da7be3000, 0x0000017da7be8000, 0x0000017da7be4800, 0x0000017da7be7000,
0x0000017da7be9000, 0x0000017da7be9800, 0x0000017da7be5800, 0x0000017da7be4000,
0x0000017da7bea800, 0x0000017da7beb800, 0x0000017da7bec000
}

Java Threads: ( => current thread )
  0x0000017d852f7000 JavaThread "main" [_thread_blocked, id=39600, stack(0x0000003284700000,0x0000003284800000)]
  0x0000017d9f81a800 JavaThread "Reference Handler" daemon [_thread_blocked, id=44904, stack(0x0000003284e00000,0x0000003284f00000)]
  0x0000017d9f824000 JavaThread "Finalizer" daemon [_thread_blocked, id=6128, stack(0x0000003284f00000,0x0000003285000000)]
  0x0000017d9f83d800 JavaThread "Signal Dispatcher" daemon [_thread_blocked, id=48456, stack(0x0000003285000000,0x0000003285100000)]
  0x0000017d9f83f000 JavaThread "Attach Listener" daemon [_thread_blocked, id=26908, stack(0x0000003285100000,0x0000003285200000)]
  0x0000017d9f840800 JavaThread "Service Thread" daemon [_thread_blocked, id=8580, stack(0x0000003285200000,0x0000003285300000)]
=>0x0000017d9f841800 JavaThread "C2 CompilerThread0" daemon [_thread_in_native, id=296, stack(0x0000003285300000,0x0000003285400000)]
  0x0000017da0146000 JavaThread "C1 CompilerThread0" daemon [_thread_blocked, id=31240, stack(0x0000003285400000,0x0000003285500000)]
  0x0000017da0147000 JavaThread "Sweeper thread" daemon [_thread_blocked, id=48180, stack(0x0000003285500000,0x0000003285600000)]
  0x0000017da029d800 JavaThread "Common-Cleaner" daemon [_thread_blocked, id=47596, stack(0x0000003285600000,0x0000003285700000)]
  0x0000017da5587000 JavaThread "Daemon health stats" [_thread_blocked, id=45384, stack(0x0000003285b00000,0x0000003285c00000)]
  0x0000017da5aff800 JavaThread "Incoming local TCP Connector on port 12504" [_thread_in_native, id=40192, stack(0x0000003285800000,0x0000003285900000)]
  0x0000017da0562800 JavaThread "Daemon periodic checks" [_thread_blocked, id=41544, stack(0x0000003285c00000,0x0000003285d00000)]
  0x0000017da5ead800 JavaThread "Daemon" [_thread_blocked, id=39960, stack(0x0000003285d00000,0x0000003285e00000)]
  0x0000017da69f2800 JavaThread "Handler for socket connection from /127.0.0.1:12504 to /127.0.0.1:12505" [_thread_in_native, id=14164, stack(0x0000003285e00000,0x0000003285f00000)]
  0x0000017da5e9c000 JavaThread "Cancel handler" [_thread_blocked, id=44704, stack(0x0000003285f00000,0x0000003286000000)]
  0x0000017da5fd0000 JavaThread "Daemon worker" [_thread_blocked, id=37116, stack(0x0000003286000000,0x0000003286100000)]
  0x0000017da5547000 JavaThread "Asynchronous log dispatcher for DefaultDaemonConnection: socket connection from /127.0.0.1:12504 to /127.0.0.1:12505" [_thread_blocked, id=26744, stack(0x0000003286100000,0x0000003286200000)]
  0x0000017da5e9b000 JavaThread "Stdin handler" [_thread_blocked, id=16120, stack(0x0000003286200000,0x0000003286300000)]
  0x0000017da7649000 JavaThread "Daemon client event forwarder" [_thread_blocked, id=44844, stack(0x0000003286300000,0x0000003286400000)]
  0x0000017da7648800 JavaThread "Cache worker for journal cache (C:\Users\LG\.gradle\caches\journal-1)" [_thread_blocked, id=48088, stack(0x0000003286900000,0x0000003286a00000)]
  0x0000017da764f000 JavaThread "File lock request listener" [_thread_in_native, id=26684, stack(0x0000003286a00000,0x0000003286b00000)]
  0x0000017da764a000 JavaThread "Cache worker for file hash cache (C:\Users\LG\.gradle\caches\7.2\fileHashes)" [_thread_blocked, id=41252, stack(0x0000003286b00000,0x0000003286c00000)]
  0x0000017da764b000 JavaThread "Cache worker for file hash cache (D:\project\MyApplication_login_test\.gradle\7.2\fileHashes)" [_thread_blocked, id=45392, stack(0x0000003286d00000,0x0000003286e00000)]
  0x0000017da764b800 JavaThread "File watcher server" daemon [_thread_in_native, id=41244, stack(0x0000003286e00000,0x0000003286f00000)]
  0x0000017da764c800 JavaThread "File watcher consumer" daemon [_thread_blocked, id=47408, stack(0x0000003286f00000,0x0000003287000000)]
  0x0000017da764d000 JavaThread "Cache worker for checksums cache (D:\project\MyApplication_login_test\.gradle\checksums)" [_thread_blocked, id=15320, stack(0x0000003287000000,0x0000003287100000)]
  0x0000017da764e000 JavaThread "Cache worker for cache directory md-supplier (C:\Users\LG\.gradle\caches\7.2\md-supplier)" [_thread_blocked, id=8516, stack(0x0000003287100000,0x0000003287200000)]
  0x0000017da73b1800 JavaThread "Cache worker for cache directory md-rule (C:\Users\LG\.gradle\caches\7.2\md-rule)" [_thread_blocked, id=41104, stack(0x0000003287200000,0x0000003287300000)]
  0x0000017da73b2800 JavaThread "Cache worker for execution history cache (C:\Users\LG\.gradle\caches\7.2\executionHistory)" [_thread_blocked, id=29364, stack(0x0000003287300000,0x0000003287400000)]
  0x0000017da73b9000 JavaThread "jar transforms" [_thread_blocked, id=38752, stack(0x0000003287400000,0x0000003287500000)]
  0x0000017da73b5000 JavaThread "Cache worker for file content cache (C:\Users\LG\.gradle\caches\7.2\fileContent)" [_thread_blocked, id=47624, stack(0x0000003287500000,0x0000003287600000)]
  0x0000017da73ba800 JavaThread "jar transforms Thread 2" [_thread_blocked, id=45092, stack(0x0000003287600000,0x0000003287700000)]
  0x0000017da73b8000 JavaThread "Cache worker for dependencies-accessors (D:\project\MyApplication_login_test\.gradle\7.2\dependencies-accessors)" [_thread_blocked, id=40388, stack(0x0000003287700000,0x0000003287800000)]
  0x0000017da73bb800 JavaThread "jar transforms Thread 3" [_thread_blocked, id=42936, stack(0x0000003287800000,0x0000003287900000)]
  0x0000017da73ba000 JavaThread "Cache worker for Build Output Cleanup Cache (D:\project\MyApplication_login_test\.gradle\buildOutputCleanup)" [_thread_blocked, id=39856, stack(0x0000003287900000,0x0000003287a00000)]
  0x0000017da73bc800 JavaThread "Unconstrained build operations" [_thread_blocked, id=49972, stack(0x0000003287a00000,0x0000003287b00000)]
  0x0000017da73b6800 JavaThread "Unconstrained build operations Thread 2" [_thread_blocked, id=40512, stack(0x0000003287b00000,0x0000003287c00000)]
  0x0000017da73bd000 JavaThread "Unconstrained build operations Thread 3" [_thread_blocked, id=32972, stack(0x0000003287c00000,0x0000003287d00000)]
  0x0000017da73b7800 JavaThread "Unconstrained build operations Thread 4" [_thread_blocked, id=38116, stack(0x0000003287d00000,0x0000003287e00000)]
  0x0000017da73be000 JavaThread "Unconstrained build operations Thread 5" [_thread_blocked, id=19144, stack(0x0000003287e00000,0x0000003287f00000)]
  0x0000017da73c0800 JavaThread "Unconstrained build operations Thread 6" [_thread_blocked, id=41276, stack(0x0000003287f00000,0x0000003288000000)]
  0x0000017da73bf000 JavaThread "Unconstrained build operations Thread 7" [_thread_blocked, id=49504, stack(0x0000003288000000,0x0000003288100000)]
  0x0000017da73bf800 JavaThread "Unconstrained build operations Thread 8" [_thread_blocked, id=28504, stack(0x0000003288100000,0x0000003288200000)]
  0x0000017da9a94000 JavaThread "Unconstrained build operations Thread 9" [_thread_blocked, id=46812, stack(0x0000003288200000,0x0000003288300000)]
  0x0000017da9a93000 JavaThread "Unconstrained build operations Thread 10" [_thread_blocked, id=28880, stack(0x0000003288300000,0x0000003288400000)]
  0x0000017da9a95000 JavaThread "Unconstrained build operations Thread 11" [_thread_blocked, id=40136, stack(0x0000003288400000,0x0000003288500000)]
  0x0000017da9a91800 JavaThread "Unconstrained build operations Thread 12" [_thread_blocked, id=29284, stack(0x0000003288500000,0x0000003288600000)]
  0x0000017da9a91000 JavaThread "Unconstrained build operations Thread 13" [_thread_blocked, id=38084, stack(0x0000003288600000,0x0000003288700000)]
  0x0000017da9a92800 JavaThread "Unconstrained build operations Thread 14" [_thread_blocked, id=42776, stack(0x0000003288700000,0x0000003288800000)]
  0x0000017da9a95800 JavaThread "Unconstrained build operations Thread 15" [_thread_blocked, id=49760, stack(0x0000003288800000,0x0000003288900000)]
  0x0000017da9a90000 JavaThread "Unconstrained build operations Thread 16" [_thread_blocked, id=9728, stack(0x0000003288900000,0x0000003288a00000)]
  0x0000017da9a9a800 JavaThread "Unconstrained build operations Thread 17" [_thread_blocked, id=38540, stack(0x0000003288a00000,0x0000003288b00000)]
  0x0000017da9a9c000 JavaThread "Unconstrained build operations Thread 18" [_thread_blocked, id=47824, stack(0x0000003288b00000,0x0000003288c00000)]
  0x0000017da9a97800 JavaThread "Unconstrained build operations Thread 19" [_thread_blocked, id=48512, stack(0x0000003288c00000,0x0000003288d00000)]
  0x0000017da9a9b800 JavaThread "Unconstrained build operations Thread 20" [_thread_blocked, id=35592, stack(0x0000003288d00000,0x0000003288e00000)]
  0x0000017da9a9a000 JavaThread "Unconstrained build operations Thread 21" [_thread_blocked, id=37376, stack(0x0000003288e00000,0x0000003288f00000)]
  0x0000017da9a96800 JavaThread "Unconstrained build operations Thread 22" [_thread_blocked, id=39244, stack(0x0000003288f00000,0x0000003289000000)]
  0x0000017da9a9d000 JavaThread "Unconstrained build operations Thread 23" [_thread_blocked, id=41532, stack(0x0000003289000000,0x0000003289100000)]
  0x0000017da9a9e000 JavaThread "Unconstrained build operations Thread 24" [_thread_blocked, id=47652, stack(0x0000003289100000,0x0000003289200000)]
  0x0000017da9a98000 JavaThread "Unconstrained build operations Thread 25" [_thread_blocked, id=48396, stack(0x0000003289200000,0x0000003289300000)]
  0x0000017da9a9e800 JavaThread "Unconstrained build operations Thread 26" [_thread_blocked, id=15084, stack(0x0000003289300000,0x0000003289400000)]
  0x0000017da9a99000 JavaThread "Unconstrained build operations Thread 27" [_thread_blocked, id=45268, stack(0x0000003289400000,0x0000003289500000)]
  0x0000017da9aea800 JavaThread "Unconstrained build operations Thread 28" [_thread_blocked, id=48628, stack(0x0000003289500000,0x0000003289600000)]
  0x0000017da9aec800 JavaThread "Unconstrained build operations Thread 29" [_thread_blocked, id=31636, stack(0x0000003289600000,0x0000003289700000)]
  0x0000017da9aea000 JavaThread "Unconstrained build operations Thread 30" [_thread_blocked, id=37060, stack(0x0000003289700000,0x0000003289800000)]
  0x0000017da9ae8000 JavaThread "Unconstrained build operations Thread 31" [_thread_blocked, id=2960, stack(0x0000003289800000,0x0000003289900000)]
  0x0000017da9aeb800 JavaThread "Unconstrained build operations Thread 32" [_thread_blocked, id=43176, stack(0x0000003289900000,0x0000003289a00000)]
  0x0000017da9ae9000 JavaThread "Unconstrained build operations Thread 33" [_thread_blocked, id=15344, stack(0x0000003289a00000,0x0000003289b00000)]
  0x0000017da9aed000 JavaThread "Unconstrained build operations Thread 34" [_thread_blocked, id=46792, stack(0x0000003289b00000,0x0000003289c00000)]
  0x0000017da9ae7800 JavaThread "Unconstrained build operations Thread 35" [_thread_blocked, id=43636, stack(0x0000003289c00000,0x0000003289d00000)]
  0x0000017da9af3800 JavaThread "Unconstrained build operations Thread 36" [_thread_blocked, id=43160, stack(0x0000003289d00000,0x0000003289e00000)]
  0x0000017da9af1000 JavaThread "Unconstrained build operations Thread 37" [_thread_blocked, id=45208, stack(0x0000003289e00000,0x0000003289f00000)]
  0x0000017da9af3000 JavaThread "Unconstrained build operations Thread 38" [_thread_blocked, id=46904, stack(0x0000003289f00000,0x000000328a000000)]
  0x0000017da9aef800 JavaThread "Unconstrained build operations Thread 39" [_thread_blocked, id=20668, stack(0x000000328a000000,0x000000328a100000)]
  0x0000017da9aee000 JavaThread "Unconstrained build operations Thread 40" [_thread_blocked, id=31476, stack(0x000000328a100000,0x000000328a200000)]
  0x0000017da9af2000 JavaThread "Unconstrained build operations Thread 41" [_thread_blocked, id=50160, stack(0x000000328a200000,0x000000328a300000)]
  0x0000017da9af4800 JavaThread "Unconstrained build operations Thread 42" [_thread_blocked, id=34728, stack(0x000000328a300000,0x000000328a400000)]
  0x0000017da9aee800 JavaThread "Unconstrained build operations Thread 43" [_thread_blocked, id=44516, stack(0x000000328a400000,0x000000328a500000)]
  0x0000017da9af5800 JavaThread "Unconstrained build operations Thread 44" [_thread_blocked, id=47056, stack(0x000000328a500000,0x000000328a600000)]
  0x0000017da9af6000 JavaThread "Unconstrained build operations Thread 45" [_thread_blocked, id=46100, stack(0x000000328a600000,0x000000328a700000)]
  0x0000017da9af0800 JavaThread "Unconstrained build operations Thread 46" [_thread_blocked, id=40744, stack(0x000000328a700000,0x000000328a800000)]
  0x0000017da9b0a800 JavaThread "Unconstrained build operations Thread 47" [_thread_blocked, id=46920, stack(0x000000328a800000,0x000000328a900000)]
  0x0000017da9b09000 JavaThread "Unconstrained build operations Thread 48" [_thread_blocked, id=33168, stack(0x000000328a900000,0x000000328aa00000)]
  0x0000017da9b0b800 JavaThread "Unconstrained build operations Thread 49" [_thread_blocked, id=42704, stack(0x000000328aa00000,0x000000328ab00000)]
  0x0000017da9b0c800 JavaThread "Unconstrained build operations Thread 50" [_thread_blocked, id=17188, stack(0x000000328ab00000,0x000000328ac00000)]
  0x0000017da9b0d000 JavaThread "Unconstrained build operations Thread 51" [_thread_blocked, id=48160, stack(0x000000328ac00000,0x000000328ad00000)]
  0x0000017da9b07800 JavaThread "Unconstrained build operations Thread 52" [_thread_blocked, id=44396, stack(0x000000328ad00000,0x000000328ae00000)]
  0x0000017da9b0e000 JavaThread "Unconstrained build operations Thread 53" [_thread_blocked, id=41412, stack(0x000000328ae00000,0x000000328af00000)]
  0x0000017da9b08000 JavaThread "Unconstrained build operations Thread 54" [_thread_blocked, id=9848, stack(0x000000328af00000,0x000000328b000000)]
  0x0000017da9b0e800 JavaThread "Unconstrained build operations Thread 55" [_thread_blocked, id=39756, stack(0x000000328b000000,0x000000328b100000)]
  0x0000017da9b0f800 JavaThread "Unconstrained build operations Thread 56" [_thread_blocked, id=48940, stack(0x000000328b100000,0x000000328b200000)]
  0x0000017da9b0a000 JavaThread "Unconstrained build operations Thread 57" [_thread_blocked, id=43856, stack(0x000000328b200000,0x000000328b300000)]
  0x0000017da9b10800 JavaThread "Unconstrained build operations Thread 58" [_thread_blocked, id=48472, stack(0x000000328b300000,0x000000328b400000)]
  0x0000017da9b15800 JavaThread "Unconstrained build operations Thread 59" [_thread_blocked, id=47088, stack(0x000000328b400000,0x000000328b500000)]
  0x0000017da9b14800 JavaThread "Unconstrained build operations Thread 60" [_thread_blocked, id=41976, stack(0x000000328b500000,0x000000328b600000)]
  0x0000017da9b16000 JavaThread "Unconstrained build operations Thread 61" [_thread_blocked, id=49096, stack(0x000000328b600000,0x000000328b700000)]
  0x0000017da9b11000 JavaThread "Unconstrained build operations Thread 62" [_thread_blocked, id=11412, stack(0x000000328b700000,0x000000328b800000)]
  0x0000017da9b13800 JavaThread "Unconstrained build operations Thread 63" [_thread_blocked, id=43924, stack(0x000000328b800000,0x000000328b900000)]
  0x0000017da9b12000 JavaThread "Unconstrained build operations Thread 64" [_thread_blocked, id=49316, stack(0x000000328b900000,0x000000328ba00000)]
  0x0000017da9b13000 JavaThread "Unconstrained build operations Thread 65" [_thread_blocked, id=46516, stack(0x000000328ba00000,0x000000328bb00000)]
  0x0000017da99f1000 JavaThread "Unconstrained build operations Thread 66" [_thread_blocked, id=24236, stack(0x000000328bb00000,0x000000328bc00000)]
  0x0000017da99ef800 JavaThread "Unconstrained build operations Thread 67" [_thread_blocked, id=48036, stack(0x000000328bc00000,0x000000328bd00000)]
  0x0000017da99f3800 JavaThread "Unconstrained build operations Thread 68" [_thread_blocked, id=25924, stack(0x000000328bd00000,0x000000328be00000)]
  0x0000017da99f4000 JavaThread "Unconstrained build operations Thread 69" [_thread_blocked, id=40824, stack(0x000000328be00000,0x000000328bf00000)]
  0x0000017da99f6000 JavaThread "Unconstrained build operations Thread 70" [_thread_blocked, id=36232, stack(0x000000328bf00000,0x000000328c000000)]
  0x0000017da99f0000 JavaThread "Unconstrained build operations Thread 71" [_thread_blocked, id=47812, stack(0x000000328c000000,0x000000328c100000)]
  0x0000017da99f5000 JavaThread "Unconstrained build operations Thread 72" [_thread_blocked, id=38536, stack(0x000000328c100000,0x000000328c200000)]
  0x0000017da99f6800 JavaThread "Unconstrained build operations Thread 73" [_thread_blocked, id=38932, stack(0x000000328c200000,0x000000328c300000)]
  0x0000017da99f7800 JavaThread "Unconstrained build operations Thread 74" [_thread_blocked, id=44572, stack(0x000000328c300000,0x000000328c400000)]
  0x0000017da99f1800 JavaThread "Unconstrained build operations Thread 75" [_thread_blocked, id=42788, stack(0x000000328c400000,0x000000328c500000)]
  0x0000017da99f2800 JavaThread "Unconstrained build operations Thread 76" [_thread_blocked, id=48340, stack(0x000000328c500000,0x000000328c600000)]
  0x0000017da99fd000 JavaThread "Unconstrained build operations Thread 77" [_thread_blocked, id=20856, stack(0x000000328c600000,0x000000328c700000)]
  0x0000017da99fe000 JavaThread "Unconstrained build operations Thread 78" [_thread_blocked, id=38960, stack(0x000000328c700000,0x000000328c800000)]
  0x0000017da99f9000 JavaThread "Unconstrained build operations Thread 79" [_thread_blocked, id=46764, stack(0x000000328c800000,0x000000328c900000)]
  0x0000017da99fa000 JavaThread "Unconstrained build operations Thread 80" [_thread_blocked, id=42764, stack(0x000000328c900000,0x000000328ca00000)]
  0x0000017da99fc800 JavaThread "jar transforms Thread 4" [_thread_blocked, id=32460, stack(0x000000328ca00000,0x000000328cb00000)]
  0x0000017da99f8800 JavaThread "jar transforms Thread 5" [_thread_blocked, id=37016, stack(0x000000328cb00000,0x000000328cc00000)]
  0x0000017da99fa800 JavaThread "jar transforms Thread 6" [_thread_blocked, id=49108, stack(0x000000328cc00000,0x000000328cd00000)]
  0x0000017da99fb800 JavaThread "jar transforms Thread 7" [_thread_blocked, id=26408, stack(0x000000328cd00000,0x000000328ce00000)]
  0x0000017da7be3000 JavaThread "jar transforms Thread 8" [_thread_blocked, id=44604, stack(0x000000328ce00000,0x000000328cf00000)]
  0x0000017da7be8000 JavaThread "Memory manager" [_thread_blocked, id=10528, stack(0x000000328cf00000,0x000000328d000000)]
  0x0000017da7be4800 JavaThread "build event listener" [_thread_blocked, id=15352, stack(0x000000328d000000,0x000000328d100000)]
  0x0000017da7be7000 JavaThread "Execution worker for ':'" [_thread_blocked, id=42064, stack(0x000000328d100000,0x000000328d200000)]
  0x0000017da7be9000 JavaThread "Execution worker for ':' Thread 2" [_thread_blocked, id=1192, stack(0x000000328d200000,0x000000328d300000)]
  0x0000017da7be9800 JavaThread "Execution worker for ':' Thread 3" [_thread_blocked, id=41144, stack(0x000000328d300000,0x000000328d400000)]
  0x0000017da7be5800 JavaThread "Execution worker for ':' Thread 4" [_thread_blocked, id=42140, stack(0x000000328d400000,0x000000328d500000)]
  0x0000017da7be4000 JavaThread "Execution worker for ':' Thread 5" [_thread_blocked, id=48104, stack(0x000000328d500000,0x000000328d600000)]
  0x0000017da7bea800 JavaThread "Execution worker for ':' Thread 6" [_thread_blocked, id=39132, stack(0x000000328d600000,0x000000328d700000)]
  0x0000017da7beb800 JavaThread "Execution worker for ':' Thread 7" [_thread_blocked, id=11756, stack(0x000000328d700000,0x000000328d800000)]
  0x0000017da7bec000 JavaThread "Cache worker for execution history cache (D:\project\MyApplication_login_test\.gradle\7.2\executionHistory)" [_thread_in_native, id=49012, stack(0x000000328d800000,0x000000328d900000)]

Other Threads:
  0x0000017d9f818000 VMThread "VM Thread" [stack: 0x0000003284d00000,0x0000003284e00000] [id=41484]
  0x0000017da02b0000 WatcherThread [stack: 0x0000003285700000,0x0000003285800000] [id=38964]
  0x0000017d8530d800 GCTaskThread "GC Thread#0" [stack: 0x0000003284800000,0x0000003284900000] [id=45072]
  0x0000017da4a84800 GCTaskThread "GC Thread#1" [stack: 0x0000003285900000,0x0000003285a00000] [id=41408]
  0x0000017da49ca000 GCTaskThread "GC Thread#2" [stack: 0x0000003285a00000,0x0000003285b00000] [id=46564]
  0x0000017da52f2000 GCTaskThread "GC Thread#3" [stack: 0x0000003286400000,0x0000003286500000] [id=42780]
  0x0000017da52f3000 GCTaskThread "GC Thread#4" [stack: 0x0000003286500000,0x0000003286600000] [id=34500]
  0x0000017da6aa7800 GCTaskThread "GC Thread#5" [stack: 0x0000003286600000,0x0000003286700000] [id=47444]
  0x0000017da6aa8000 GCTaskThread "GC Thread#6" [stack: 0x0000003286700000,0x0000003286800000] [id=38436]
  0x0000017da66a2000 GCTaskThread "GC Thread#7" [stack: 0x0000003286800000,0x0000003286900000] [id=39724]
  0x0000017d8533e000 ConcurrentGCThread "G1 Main Marker" [stack: 0x0000003284900000,0x0000003284a00000] [id=18464]
  0x0000017d8533f800 ConcurrentGCThread "G1 Conc#0" [stack: 0x0000003284a00000,0x0000003284b00000] [id=46916]
  0x0000017da5b6e000 ConcurrentGCThread "G1 Conc#1" [stack: 0x0000003286c00000,0x0000003286d00000] [id=42124]
  0x0000017d853ce000 ConcurrentGCThread "G1 Refine#0" [stack: 0x0000003284b00000,0x0000003284c00000] [id=49540]
  0x0000017d9f662800 ConcurrentGCThread "G1 Young RemSet Sampling" [stack: 0x0000003284c00000,0x0000003284d00000] [id=43452]

Threads with active compile tasks:
C2 CompilerThread0  13806 7601       4       java.util.AbstractCollection::addAll (42 bytes)

VM state:not at safepoint (normal execution)

VM Mutex/Monitor currently owned by a thread: None

Heap address: 0x0000000080000000, size: 2048 MB, Compressed Oops mode: 32-bit
Narrow klass base: 0x0000000000000000, Narrow klass shift: 3
Compressed class space size: 1073741824 Address: 0x0000000100000000

Heap:
 garbage-first heap   total 131072K, used 93531K [0x0000000080000000, 0x0000000100000000)
  region size 1024K, 38 young (38912K), 5 survivors (5120K)
 Metaspace       used 79047K, capacity 80905K, committed 81192K, reserved 1120256K
  class space    used 10372K, capacity 11101K, committed 11212K, reserved 1048576K
Heap Regions: E=young(eden), S=young(survivor), O=old, HS=humongous(starts), HC=humongous(continues), CS=collection set, F=free, A=archive, TAMS=top-at-mark-start (previous, next)
|   0|0x0000000080000000, 0x0000000080100000, 0x0000000080100000|100%| O|  |TAMS 0x0000000080100000, 0x0000000080000000| Untracked 
|   1|0x0000000080100000, 0x0000000080200000, 0x0000000080200000|100%| O|  |TAMS 0x0000000080200000, 0x0000000080100000| Untracked 
|   2|0x0000000080200000, 0x0000000080300000, 0x0000000080300000|100%| O|  |TAMS 0x0000000080300000, 0x0000000080200000| Untracked 
|   3|0x0000000080300000, 0x0000000080400000, 0x0000000080400000|100%|HS|  |TAMS 0x0000000080400000, 0x0000000080300000| Complete 
|   4|0x0000000080400000, 0x0000000080500000, 0x0000000080500000|100%|HC|  |TAMS 0x0000000080500000, 0x0000000080400000| Complete 
|   5|0x0000000080500000, 0x0000000080600000, 0x0000000080600000|100%|HC|  |TAMS 0x0000000080600000, 0x0000000080500000| Complete 
|   6|0x0000000080600000, 0x0000000080700000, 0x0000000080700000|100%| O|  |TAMS 0x0000000080700000, 0x0000000080600000| Untracked 
|   7|0x0000000080700000, 0x0000000080800000, 0x0000000080800000|100%| O|  |TAMS 0x0000000080800000, 0x0000000080700000| Untracked 
|   8|0x0000000080800000, 0x0000000080900000, 0x0000000080900000|100%| O|  |TAMS 0x0000000080900000, 0x0000000080800000| Untracked 
|   9|0x0000000080900000, 0x0000000080a00000, 0x0000000080a00000|100%| O|  |TAMS 0x0000000080a00000, 0x0000000080900000| Untracked 
|  10|0x0000000080a00000, 0x0000000080b00000, 0x0000000080b00000|100%| O|  |TAMS 0x0000000080b00000, 0x0000000080a00000| Untracked 
|  11|0x0000000080b00000, 0x0000000080c00000, 0x0000000080c00000|100%| O|  |TAMS 0x0000000080c00000, 0x0000000080b00000| Untracked 
|  12|0x0000000080c00000, 0x0000000080d00000, 0x0000000080d00000|100%| O|  |TAMS 0x0000000080d00000, 0x0000000080c00000| Untracked 
|  13|0x0000000080d00000, 0x0000000080e00000, 0x0000000080e00000|100%| O|  |TAMS 0x0000000080e00000, 0x0000000080d00000| Untracked 
|  14|0x0000000080e00000, 0x0000000080f00000, 0x0000000080f00000|100%| O|  |TAMS 0x0000000080f00000, 0x0000000080e00000| Untracked 
|  15|0x0000000080f00000, 0x0000000081000000, 0x0000000081000000|100%| O|  |TAMS 0x0000000081000000, 0x0000000080f00000| Untracked 
|  16|0x0000000081000000, 0x0000000081100000, 0x0000000081100000|100%| O|  |TAMS 0x0000000081100000, 0x0000000081000000| Untracked 
|  17|0x0000000081100000, 0x0000000081200000, 0x0000000081200000|100%| O|  |TAMS 0x0000000081200000, 0x0000000081100000| Untracked 
|  18|0x0000000081200000, 0x0000000081300000, 0x0000000081300000|100%| O|  |TAMS 0x0000000081300000, 0x0000000081200000| Untracked 
|  19|0x0000000081300000, 0x0000000081400000, 0x0000000081400000|100%| O|  |TAMS 0x0000000081400000, 0x0000000081300000| Untracked 
|  20|0x0000000081400000, 0x0000000081500000, 0x0000000081500000|100%| O|  |TAMS 0x0000000081500000, 0x0000000081400000| Untracked 
|  21|0x0000000081500000, 0x0000000081600000, 0x0000000081600000|100%| O|  |TAMS 0x0000000081600000, 0x0000000081500000| Untracked 
|  22|0x0000000081600000, 0x0000000081700000, 0x0000000081700000|100%| O|  |TAMS 0x0000000081700000, 0x0000000081600000| Untracked 
|  23|0x0000000081700000, 0x0000000081800000, 0x0000000081800000|100%| O|  |TAMS 0x0000000081800000, 0x0000000081700000| Untracked 
|  24|0x0000000081800000, 0x0000000081900000, 0x0000000081900000|100%| O|  |TAMS 0x0000000081900000, 0x0000000081800000| Untracked 
|  25|0x0000000081900000, 0x0000000081a00000, 0x0000000081a00000|100%| O|  |TAMS 0x0000000081a00000, 0x0000000081900000| Untracked 
|  26|0x0000000081a00000, 0x0000000081b00000, 0x0000000081b00000|100%|HS|  |TAMS 0x0000000081b00000, 0x0000000081a00000| Complete 
|  27|0x0000000081b00000, 0x0000000081c00000, 0x0000000081c00000|100%|HS|  |TAMS 0x0000000081c00000, 0x0000000081b00000| Complete 
|  28|0x0000000081c00000, 0x0000000081d00000, 0x0000000081d00000|100%|HS|  |TAMS 0x0000000081d00000, 0x0000000081c00000| Complete 
|  29|0x0000000081d00000, 0x0000000081e00000, 0x0000000081e00000|100%|HS|  |TAMS 0x0000000081e00000, 0x0000000081d00000| Complete 
|  30|0x0000000081e00000, 0x0000000081f00000, 0x0000000081f00000|100%|HC|  |TAMS 0x0000000081f00000, 0x0000000081e00000| Complete 
|  31|0x0000000081f00000, 0x0000000082000000, 0x0000000082000000|100%| O|  |TAMS 0x0000000082000000, 0x0000000081f00000| Untracked 
|  32|0x0000000082000000, 0x0000000082100000, 0x0000000082100000|100%| O|  |TAMS 0x0000000082100000, 0x0000000082000000| Untracked 
|  33|0x0000000082100000, 0x0000000082200000, 0x0000000082200000|100%| O|  |TAMS 0x0000000082200000, 0x0000000082100000| Untracked 
|  34|0x0000000082200000, 0x0000000082300000, 0x0000000082300000|100%| O|  |TAMS 0x0000000082300000, 0x0000000082200000| Untracked 
|  35|0x0000000082300000, 0x0000000082400000, 0x0000000082400000|100%| O|  |TAMS 0x0000000082400000, 0x0000000082300000| Untracked 
|  36|0x0000000082400000, 0x0000000082500000, 0x0000000082500000|100%| O|  |TAMS 0x0000000082500000, 0x0000000082400000| Untracked 
|  37|0x0000000082500000, 0x0000000082600000, 0x0000000082600000|100%| O|  |TAMS 0x0000000082600000, 0x0000000082500000| Untracked 
|  38|0x0000000082600000, 0x0000000082700000, 0x0000000082700000|100%| O|  |TAMS 0x0000000082700000, 0x0000000082600000| Untracked 
|  39|0x0000000082700000, 0x0000000082800000, 0x0000000082800000|100%| O|  |TAMS 0x0000000082800000, 0x0000000082700000| Untracked 
|  40|0x0000000082800000, 0x0000000082900000, 0x0000000082900000|100%| O|  |TAMS 0x0000000082900000, 0x0000000082800000| Untracked 
|  41|0x0000000082900000, 0x0000000082a00000, 0x0000000082a00000|100%| O|  |TAMS 0x0000000082a00000, 0x0000000082900000| Untracked 
|  42|0x0000000082a00000, 0x0000000082b00000, 0x0000000082b00000|100%| O|  |TAMS 0x0000000082b00000, 0x0000000082a00000| Untracked 
|  43|0x0000000082b00000, 0x0000000082c00000, 0x0000000082c00000|100%| O|  |TAMS 0x0000000082bc9400, 0x0000000082b00000| Untracked 
|  44|0x0000000082c00000, 0x0000000082d00000, 0x0000000082d00000|100%| O|  |TAMS 0x0000000082c00000, 0x0000000082c00000| Untracked 
|  45|0x0000000082d00000, 0x0000000082e00000, 0x0000000082e00000|100%| O|  |TAMS 0x0000000082d00000, 0x0000000082d00000| Untracked 
|  46|0x0000000082e00000, 0x0000000082f00000, 0x0000000082f00000|100%| O|  |TAMS 0x0000000082e00000, 0x0000000082e00000| Untracked 
|  47|0x0000000082f00000, 0x0000000083000000, 0x0000000083000000|100%| O|  |TAMS 0x0000000082f00000, 0x0000000082f00000| Untracked 
|  48|0x0000000083000000, 0x0000000083100000, 0x0000000083100000|100%| O|  |TAMS 0x0000000083000000, 0x0000000083000000| Untracked 
|  49|0x0000000083100000, 0x0000000083200000, 0x0000000083200000|100%| O|  |TAMS 0x0000000083100000, 0x0000000083100000| Untracked 
|  50|0x0000000083200000, 0x0000000083300000, 0x0000000083300000|100%| O|  |TAMS 0x0000000083200000, 0x0000000083200000| Untracked 
|  51|0x0000000083300000, 0x0000000083400000, 0x0000000083400000|100%| O|  |TAMS 0x0000000083300000, 0x0000000083300000| Untracked 
|  52|0x0000000083400000, 0x0000000083500000, 0x0000000083500000|100%| O|  |TAMS 0x0000000083400000, 0x0000000083400000| Untracked 
|  53|0x0000000083500000, 0x0000000083600000, 0x0000000083600000|100%| O|  |TAMS 0x0000000083500000, 0x0000000083500000| Untracked 
|  54|0x0000000083600000, 0x000000008366fa00, 0x0000000083700000| 43%| O|  |TAMS 0x0000000083600000, 0x0000000083600000| Untracked 
|  55|0x0000000083700000, 0x0000000083700000, 0x0000000083800000|  0%| F|  |TAMS 0x0000000083700000, 0x0000000083700000| Untracked 
|  56|0x0000000083800000, 0x0000000083800000, 0x0000000083900000|  0%| F|  |TAMS 0x0000000083800000, 0x0000000083800000| Untracked 
|  57|0x0000000083900000, 0x0000000083900000, 0x0000000083a00000|  0%| F|  |TAMS 0x0000000083900000, 0x0000000083900000| Untracked 
|  58|0x0000000083a00000, 0x0000000083a00000, 0x0000000083b00000|  0%| F|  |TAMS 0x0000000083a00000, 0x0000000083a00000| Untracked 
|  59|0x0000000083b00000, 0x0000000083b00000, 0x0000000083c00000|  0%| F|  |TAMS 0x0000000083b00000, 0x0000000083b00000| Untracked 
|  60|0x0000000083c00000, 0x0000000083c00000, 0x0000000083d00000|  0%| F|  |TAMS 0x0000000083c00000, 0x0000000083c00000| Untracked 
|  61|0x0000000083d00000, 0x0000000083d00000, 0x0000000083e00000|  0%| F|  |TAMS 0x0000000083d00000, 0x0000000083d00000| Untracked 
|  62|0x0000000083e00000, 0x0000000083e00000, 0x0000000083f00000|  0%| F|  |TAMS 0x0000000083e00000, 0x0000000083e00000| Untracked 
|  63|0x0000000083f00000, 0x0000000083f00000, 0x0000000084000000|  0%| F|  |TAMS 0x0000000083f00000, 0x0000000083f00000| Untracked 
|  64|0x0000000084000000, 0x0000000084000000, 0x0000000084100000|  0%| F|  |TAMS 0x0000000084000000, 0x0000000084000000| Untracked 
|  65|0x0000000084100000, 0x0000000084100000, 0x0000000084200000|  0%| F|  |TAMS 0x0000000084100000, 0x0000000084100000| Untracked 
|  66|0x0000000084200000, 0x0000000084200000, 0x0000000084300000|  0%| F|  |TAMS 0x0000000084200000, 0x0000000084200000| Untracked 
|  67|0x0000000084300000, 0x0000000084300000, 0x0000000084400000|  0%| F|  |TAMS 0x0000000084300000, 0x0000000084300000| Untracked 
|  68|0x0000000084400000, 0x0000000084400000, 0x0000000084500000|  0%| F|  |TAMS 0x0000000084400000, 0x0000000084400000| Untracked 
|  69|0x0000000084500000, 0x0000000084500000, 0x0000000084600000|  0%| F|  |TAMS 0x0000000084500000, 0x0000000084500000| Untracked 
|  70|0x0000000084600000, 0x0000000084600000, 0x0000000084700000|  0%| F|  |TAMS 0x0000000084600000, 0x0000000084600000| Untracked 
|  71|0x0000000084700000, 0x0000000084700000, 0x0000000084800000|  0%| F|  |TAMS 0x0000000084700000, 0x0000000084700000| Untracked 
|  72|0x0000000084800000, 0x0000000084800000, 0x0000000084900000|  0%| F|  |TAMS 0x0000000084800000, 0x0000000084800000| Untracked 
|  73|0x0000000084900000, 0x0000000084900000, 0x0000000084a00000|  0%| F|  |TAMS 0x0000000084900000, 0x0000000084900000| Untracked 
|  74|0x0000000084a00000, 0x0000000084a00000, 0x0000000084b00000|  0%| F|  |TAMS 0x0000000084a00000, 0x0000000084a00000| Untracked 
|  75|0x0000000084b00000, 0x0000000084b00000, 0x0000000084c00000|  0%| F|  |TAMS 0x0000000084b00000, 0x0000000084b00000| Untracked 
|  76|0x0000000084c00000, 0x0000000084c00000, 0x0000000084d00000|  0%| F|  |TAMS 0x0000000084c00000, 0x0000000084c00000| Untracked 
|  77|0x0000000084d00000, 0x0000000084d00000, 0x0000000084e00000|  0%| F|  |TAMS 0x0000000084d00000, 0x0000000084d00000| Untracked 
|  78|0x0000000084e00000, 0x0000000084e00000, 0x0000000084f00000|  0%| F|  |TAMS 0x0000000084e00000, 0x0000000084e00000| Untracked 
|  79|0x0000000084f00000, 0x0000000084f00000, 0x0000000085000000|  0%| F|  |TAMS 0x0000000084f00000, 0x0000000084f00000| Untracked 
|  80|0x0000000085000000, 0x0000000085000000, 0x0000000085100000|  0%| F|  |TAMS 0x0000000085000000, 0x0000000085000000| Untracked 
|  81|0x0000000085100000, 0x0000000085100000, 0x0000000085200000|  0%| F|  |TAMS 0x0000000085100000, 0x0000000085100000| Untracked 
|  82|0x0000000085200000, 0x0000000085200000, 0x0000000085300000|  0%| F|  |TAMS 0x0000000085200000, 0x0000000085200000| Untracked 
|  83|0x0000000085300000, 0x00000000853e7560, 0x0000000085400000| 90%| S|CS|TAMS 0x0000000085300000, 0x0000000085300000| Complete 
|  84|0x0000000085400000, 0x0000000085500000, 0x0000000085500000|100%| S|CS|TAMS 0x0000000085400000, 0x0000000085400000| Complete 
|  85|0x0000000085500000, 0x0000000085600000, 0x0000000085600000|100%| S|CS|TAMS 0x0000000085500000, 0x0000000085500000| Complete 
|  86|0x0000000085600000, 0x0000000085700000, 0x0000000085700000|100%| S|CS|TAMS 0x0000000085600000, 0x0000000085600000| Complete 
|  87|0x0000000085700000, 0x0000000085700000, 0x0000000085800000|  0%| F|  |TAMS 0x0000000085700000, 0x0000000085700000| Untracked 
|  88|0x0000000085800000, 0x0000000085800000, 0x0000000085900000|  0%| F|  |TAMS 0x0000000085800000, 0x0000000085800000| Untracked 
|  89|0x0000000085900000, 0x0000000085a00000, 0x0000000085a00000|100%| S|CS|TAMS 0x0000000085900000, 0x0000000085900000| Complete 
|  90|0x0000000085a00000, 0x0000000085a00000, 0x0000000085b00000|  0%| F|  |TAMS 0x0000000085a00000, 0x0000000085a00000| Untracked 
|  91|0x0000000085b00000, 0x0000000085b00000, 0x0000000085c00000|  0%| F|  |TAMS 0x0000000085b00000, 0x0000000085b00000| Untracked 
|  92|0x0000000085c00000, 0x0000000085c00000, 0x0000000085d00000|  0%| F|  |TAMS 0x0000000085c00000, 0x0000000085c00000| Untracked 
|  93|0x0000000085d00000, 0x0000000085d00000, 0x0000000085e00000|  0%| F|  |TAMS 0x0000000085d00000, 0x0000000085d00000| Untracked 
|  94|0x0000000085e00000, 0x0000000085e00000, 0x0000000085f00000|  0%| F|  |TAMS 0x0000000085e00000, 0x0000000085e00000| Untracked 
|  95|0x0000000085f00000, 0x0000000085f580c0, 0x0000000086000000| 34%| E|  |TAMS 0x0000000085f00000, 0x0000000085f00000| Complete 
|  96|0x0000000086000000, 0x0000000086100000, 0x0000000086100000|100%| E|CS|TAMS 0x0000000086000000, 0x0000000086000000| Complete 
|  97|0x0000000086100000, 0x0000000086200000, 0x0000000086200000|100%| E|CS|TAMS 0x0000000086100000, 0x0000000086100000| Complete 
|  98|0x0000000086200000, 0x0000000086300000, 0x0000000086300000|100%| E|CS|TAMS 0x0000000086200000, 0x0000000086200000| Complete 
|  99|0x0000000086300000, 0x0000000086400000, 0x0000000086400000|100%| E|CS|TAMS 0x0000000086300000, 0x0000000086300000| Complete 
| 100|0x0000000086400000, 0x0000000086500000, 0x0000000086500000|100%| E|CS|TAMS 0x0000000086400000, 0x0000000086400000| Complete 
| 101|0x0000000086500000, 0x0000000086600000, 0x0000000086600000|100%| E|CS|TAMS 0x0000000086500000, 0x0000000086500000| Complete 
| 102|0x0000000086600000, 0x0000000086700000, 0x0000000086700000|100%| E|CS|TAMS 0x0000000086600000, 0x0000000086600000| Complete 
| 103|0x0000000086700000, 0x0000000086800000, 0x0000000086800000|100%| E|CS|TAMS 0x0000000086700000, 0x0000000086700000| Complete 
| 104|0x0000000086800000, 0x0000000086900000, 0x0000000086900000|100%| E|CS|TAMS 0x0000000086800000, 0x0000000086800000| Complete 
| 105|0x0000000086900000, 0x0000000086a00000, 0x0000000086a00000|100%| E|CS|TAMS 0x0000000086900000, 0x0000000086900000| Complete 
| 106|0x0000000086a00000, 0x0000000086b00000, 0x0000000086b00000|100%| E|CS|TAMS 0x0000000086a00000, 0x0000000086a00000| Complete 
| 107|0x0000000086b00000, 0x0000000086c00000, 0x0000000086c00000|100%| E|CS|TAMS 0x0000000086b00000, 0x0000000086b00000| Complete 
| 108|0x0000000086c00000, 0x0000000086d00000, 0x0000000086d00000|100%| E|CS|TAMS 0x0000000086c00000, 0x0000000086c00000| Complete 
| 109|0x0000000086d00000, 0x0000000086e00000, 0x0000000086e00000|100%| E|CS|TAMS 0x0000000086d00000, 0x0000000086d00000| Complete 
| 110|0x0000000086e00000, 0x0000000086f00000, 0x0000000086f00000|100%| E|CS|TAMS 0x0000000086e00000, 0x0000000086e00000| Complete 
| 111|0x0000000086f00000, 0x0000000087000000, 0x0000000087000000|100%| E|CS|TAMS 0x0000000086f00000, 0x0000000086f00000| Complete 
| 112|0x0000000087000000, 0x0000000087100000, 0x0000000087100000|100%| E|CS|TAMS 0x0000000087000000, 0x0000000087000000| Complete 
| 113|0x0000000087100000, 0x0000000087200000, 0x0000000087200000|100%| E|CS|TAMS 0x0000000087100000, 0x0000000087100000| Complete 
| 114|0x0000000087200000, 0x0000000087300000, 0x0000000087300000|100%| E|CS|TAMS 0x0000000087200000, 0x0000000087200000| Complete 
| 115|0x0000000087300000, 0x0000000087400000, 0x0000000087400000|100%| E|CS|TAMS 0x0000000087300000, 0x0000000087300000| Complete 
| 116|0x0000000087400000, 0x0000000087500000, 0x0000000087500000|100%| E|CS|TAMS 0x0000000087400000, 0x0000000087400000| Complete 
| 117|0x0000000087500000, 0x0000000087600000, 0x0000000087600000|100%| E|CS|TAMS 0x0000000087500000, 0x0000000087500000| Complete 
| 118|0x0000000087600000, 0x0000000087700000, 0x0000000087700000|100%| E|CS|TAMS 0x0000000087600000, 0x0000000087600000| Complete 
| 119|0x0000000087700000, 0x0000000087800000, 0x0000000087800000|100%| E|CS|TAMS 0x0000000087700000, 0x0000000087700000| Complete 
| 120|0x0000000087800000, 0x0000000087900000, 0x0000000087900000|100%| E|CS|TAMS 0x0000000087800000, 0x0000000087800000| Complete 
| 121|0x0000000087900000, 0x0000000087a00000, 0x0000000087a00000|100%| E|CS|TAMS 0x0000000087900000, 0x0000000087900000| Complete 
| 122|0x0000000087a00000, 0x0000000087b00000, 0x0000000087b00000|100%| E|CS|TAMS 0x0000000087a00000, 0x0000000087a00000| Complete 
| 123|0x0000000087b00000, 0x0000000087c00000, 0x0000000087c00000|100%| E|CS|TAMS 0x0000000087b00000, 0x0000000087b00000| Complete 
| 124|0x0000000087c00000, 0x0000000087d00000, 0x0000000087d00000|100%| E|CS|TAMS 0x0000000087c00000, 0x0000000087c00000| Complete 
| 125|0x0000000087d00000, 0x0000000087e00000, 0x0000000087e00000|100%| E|CS|TAMS 0x0000000087d00000, 0x0000000087d00000| Complete 
| 126|0x0000000087e00000, 0x0000000087f00000, 0x0000000087f00000|100%| E|CS|TAMS 0x0000000087e00000, 0x0000000087e00000| Complete 
| 127|0x0000000087f00000, 0x0000000088000000, 0x0000000088000000|100%| E|CS|TAMS 0x0000000087f00000, 0x0000000087f00000| Complete 

Card table byte_map: [0x0000017d98520000,0x0000017d98920000] _byte_map_base: 0x0000017d98120000

Marking Bits (Prev, Next): (CMBitMap*) 0x0000017d85335688, (CMBitMap*) 0x0000017d853356c0
 Prev Bits: [0x0000017d98d20000, 0x0000017d9ad20000)
 Next Bits: [0x0000017d9ad20000, 0x0000017d9cd20000)

Polling page: 0x0000017d84ad0000

Metaspace:

Usage:
  Non-class:     68.17 MB capacity,    67.07 MB ( 98%) used,   921.16 KB (  1%) free+waste,   207.94 KB ( <1%) overhead. 
      Class:     10.84 MB capacity,    10.13 MB ( 93%) used,   631.23 KB (  6%) free+waste,    97.19 KB ( <1%) overhead. 
       Both:     79.01 MB capacity,    77.19 MB ( 98%) used,     1.52 MB (  2%) free+waste,   305.13 KB ( <1%) overhead. 

Virtual space:
  Non-class space:       70.00 MB reserved,      68.34 MB ( 98%) committed 
      Class space:        1.00 GB reserved,      10.95 MB (  1%) committed 
             Both:        1.07 GB reserved,      79.29 MB (  7%) committed 

Chunk freelists:
   Non-Class:  48.00 KB
       Class:  3.00 KB
        Both:  51.00 KB

MaxMetaspaceSize: 17179869184.00 GB
CompressedClassSpaceSize: 1.00 GB

CodeHeap 'non-profiled nmethods': size=120000Kb used=3344Kb max_used=3344Kb free=116655Kb
 bounds [0x0000017d908c0000, 0x0000017d90c10000, 0x0000017d97df0000]
CodeHeap 'profiled nmethods': size=120000Kb used=14657Kb max_used=14657Kb free=105342Kb
 bounds [0x0000017d89390000, 0x0000017d8a1f0000, 0x0000017d908c0000]
CodeHeap 'non-nmethods': size=5760Kb used=2277Kb max_used=2308Kb free=3482Kb
 bounds [0x0000017d88df0000, 0x0000017d89060000, 0x0000017d89390000]
 total_blobs=8426 nmethods=7550 adapters=785
 compilation: enabled
              stopped_count=0, restarted_count=0
 full_count=0

Compilation events (20 events):
Event: 13.516 Thread 0x0000017da0146000 7675       2       org.gradle.api.internal.provider.ValueSanitizers$1::sanitize (14 bytes)
Event: 13.516 Thread 0x0000017da0146000 nmethod 7675 0x0000017d8a1cc010 code [0x0000017d8a1cc1c0, 0x0000017d8a1cc328]
Event: 13.516 Thread 0x0000017da0146000 7676       2       org.gradle.internal.snapshot.impl.DefaultValueSnapshotter$IsolatableVisitor::stringValue (6 bytes)
Event: 13.516 Thread 0x0000017da0146000 nmethod 7676 0x0000017d8a1cc410 code [0x0000017d8a1cc5c0, 0x0000017d8a1cc758]
Event: 13.516 Thread 0x0000017da0146000 7677       2       org.gradle.internal.snapshot.impl.DefaultValueSnapshotter$IsolatableVisitor::stringValue (9 bytes)
Event: 13.516 Thread 0x0000017da0146000 nmethod 7677 0x0000017d8a1cc810 code [0x0000017d8a1cc9c0, 0x0000017d8a1ccb58]
Event: 13.517 Thread 0x0000017da0146000 7678       2       java.io.ObjectStreamField::appendClassSignature (69 bytes)
Event: 13.518 Thread 0x0000017da0146000 nmethod 7678 0x0000017d8a1ccc10 code [0x0000017d8a1cce40, 0x0000017d8a1cd158]
Event: 13.519 Thread 0x0000017da0146000 7679       2       java.io.ObjectStreamClass::processQueue (21 bytes)
Event: 13.519 Thread 0x0000017da0146000 nmethod 7679 0x0000017d8a1cd410 code [0x0000017d8a1cd5e0, 0x0000017d8a1cd938]
Event: 13.520 Thread 0x0000017da0146000 7680   !   2       java.io.ObjectOutputStream::writeObject0 (619 bytes)
Event: 13.522 Thread 0x0000017da0146000 nmethod 7680 0x0000017d8a1cdb10 code [0x0000017d8a1cdf40, 0x0000017d8a1cf458]
Event: 13.522 Thread 0x0000017da0146000 7681       2       java.io.ObjectOutputStream$ReplaceTable::lookup (24 bytes)
Event: 13.522 Thread 0x0000017da0146000 nmethod 7681 0x0000017d8a1d0810 code [0x0000017d8a1d09c0, 0x0000017d8a1d0b48]
Event: 13.522 Thread 0x0000017da0146000 7682   !   2       java.io.ObjectStreamClass::lookup (334 bytes)
Event: 13.524 Thread 0x0000017da0146000 nmethod 7682 0x0000017d8a1d0c90 code [0x0000017d8a1d1000, 0x0000017d8a1d25a8]
Event: 13.525 Thread 0x0000017da0146000 7684 %     3       java.lang.AbstractStringBuilder::appendChars @ 26 (130 bytes)
Event: 13.526 Thread 0x0000017da0146000 nmethod 7684% 0x0000017d8a1d2e90 code [0x0000017d8a1d3100, 0x0000017d8a1d3d08]
Event: 13.582 Thread 0x0000017da0146000 7685  s    2       java.io.BufferedInputStream::read (113 bytes)
Event: 13.582 Thread 0x0000017da0146000 nmethod 7685 0x0000017d8a1d4310 code [0x0000017d8a1d4520, 0x0000017d8a1d4b98]

GC Heap History (20 events):
Event: 7.667 GC heap before
{Heap before GC invocations=9 (full 0):
 garbage-first heap   total 131072K, used 79524K [0x0000000080000000, 0x0000000100000000)
  region size 1024K, 57 young (58368K), 6 survivors (6144K)
 Metaspace       used 43782K, capacity 44752K, committed 44828K, reserved 1087488K
  class space    used 5592K, capacity 5978K, committed 6016K, reserved 1048576K
}
Event: 7.673 GC heap after
{Heap after GC invocations=10 (full 0):
 garbage-first heap   total 131072K, used 29238K [0x0000000080000000, 0x0000000100000000)
  region size 1024K, 7 young (7168K), 7 survivors (7168K)
 Metaspace       used 43782K, capacity 44752K, committed 44828K, reserved 1087488K
  class space    used 5592K, capacity 5978K, committed 6016K, reserved 1048576K
}
Event: 8.541 GC heap before
{Heap before GC invocations=10 (full 0):
 garbage-first heap   total 131072K, used 83510K [0x0000000080000000, 0x0000000100000000)
  region size 1024K, 60 young (61440K), 7 survivors (7168K)
 Metaspace       used 47414K, capacity 48606K, committed 48668K, reserved 1091584K
  class space    used 6069K, capacity 6519K, committed 6528K, reserved 1048576K
}
Event: 8.548 GC heap after
{Heap after GC invocations=11 (full 0):
 garbage-first heap   total 131072K, used 31509K [0x0000000080000000, 0x0000000100000000)
  region size 1024K, 5 young (5120K), 5 survivors (5120K)
 Metaspace       used 47414K, capacity 48606K, committed 48668K, reserved 1091584K
  class space    used 6069K, capacity 6519K, committed 6528K, reserved 1048576K
}
Event: 9.545 GC heap before
{Heap before GC invocations=11 (full 0):
 garbage-first heap   total 131072K, used 93973K [0x0000000080000000, 0x0000000100000000)
  region size 1024K, 61 young (62464K), 5 survivors (5120K)
 Metaspace       used 50744K, capacity 51998K, committed 52252K, reserved 1095680K
  class space    used 6462K, capacity 6952K, committed 7040K, reserved 1048576K
}
Event: 9.554 GC heap after
{Heap after GC invocations=12 (full 0):
 garbage-first heap   total 131072K, used 44409K [0x0000000080000000, 0x0000000100000000)
  region size 1024K, 8 young (8192K), 8 survivors (8192K)
 Metaspace       used 50744K, capacity 51998K, committed 52252K, reserved 1095680K
  class space    used 6462K, capacity 6952K, committed 7040K, reserved 1048576K
}
Event: 10.312 GC heap before
{Heap before GC invocations=12 (full 0):
 garbage-first heap   total 131072K, used 93561K [0x0000000080000000, 0x0000000100000000)
  region size 1024K, 56 young (57344K), 8 survivors (8192K)
 Metaspace       used 57393K, capacity 58756K, committed 58908K, reserved 1099776K
  class space    used 7296K, capacity 7792K, committed 7808K, reserved 1048576K
}
Event: 10.319 GC heap after
{Heap after GC invocations=13 (full 0):
 garbage-first heap   total 131072K, used 46660K [0x0000000080000000, 0x0000000100000000)
  region size 1024K, 2 young (2048K), 2 survivors (2048K)
 Metaspace       used 57393K, capacity 58756K, committed 58908K, reserved 1099776K
  class space    used 7296K, capacity 7792K, committed 7808K, reserved 1048576K
}
Event: 10.603 GC heap before
{Heap before GC invocations=13 (full 0):
 garbage-first heap   total 131072K, used 55876K [0x0000000080000000, 0x0000000100000000)
  region size 1024K, 12 young (12288K), 2 survivors (2048K)
 Metaspace       used 59272K, capacity 60583K, committed 60636K, reserved 1101824K
  class space    used 7528K, capacity 8061K, committed 8064K, reserved 1048576K
}
Event: 10.607 GC heap after
{Heap after GC invocations=14 (full 0):
 garbage-first heap   total 131072K, used 47684K [0x0000000080000000, 0x0000000100000000)
  region size 1024K, 3 young (3072K), 3 survivors (3072K)
 Metaspace       used 59272K, capacity 60583K, committed 60636K, reserved 1101824K
  class space    used 7528K, capacity 8061K, committed 8064K, reserved 1048576K
}
Event: 11.124 GC heap before
{Heap before GC invocations=15 (full 0):
 garbage-first heap   total 131072K, used 85572K [0x0000000080000000, 0x0000000100000000)
  region size 1024K, 41 young (41984K), 3 survivors (3072K)
 Metaspace       used 62805K, capacity 64164K, committed 64424K, reserved 1105920K
  class space    used 7946K, capacity 8501K, committed 8524K, reserved 1048576K
}
Event: 11.131 GC heap after
{Heap after GC invocations=16 (full 0):
 garbage-first heap   total 131072K, used 50981K [0x0000000080000000, 0x0000000100000000)
  region size 1024K, 6 young (6144K), 6 survivors (6144K)
 Metaspace       used 62805K, capacity 64164K, committed 64424K, reserved 1105920K
  class space    used 7946K, capacity 8501K, committed 8524K, reserved 1048576K
}
Event: 11.548 GC heap before
{Heap before GC invocations=17 (full 0):
 garbage-first heap   total 131072K, used 89893K [0x0000000080000000, 0x0000000100000000)
  region size 1024K, 44 young (45056K), 6 survivors (6144K)
 Metaspace       used 64648K, capacity 66142K, committed 66344K, reserved 1107968K
  class space    used 8216K, capacity 8813K, committed 8908K, reserved 1048576K
}
Event: 11.556 GC heap after
{Heap after GC invocations=18 (full 0):
 garbage-first heap   total 131072K, used 53675K [0x0000000080000000, 0x0000000100000000)
  region size 1024K, 3 young (3072K), 3 survivors (3072K)
 Metaspace       used 64648K, capacity 66142K, committed 66344K, reserved 1107968K
  class space    used 8216K, capacity 8813K, committed 8908K, reserved 1048576K
}
Event: 11.978 GC heap before
{Heap before GC invocations=18 (full 0):
 garbage-first heap   total 131072K, used 92587K [0x0000000080000000, 0x0000000100000000)
  region size 1024K, 41 young (41984K), 3 survivors (3072K)
 Metaspace       used 67898K, capacity 69431K, committed 69672K, reserved 1110016K
  class space    used 8753K, capacity 9334K, committed 9420K, reserved 1048576K
}
Event: 11.982 GC heap after
{Heap after GC invocations=19 (full 0):
 garbage-first heap   total 131072K, used 55723K [0x0000000080000000, 0x0000000100000000)
  region size 1024K, 5 young (5120K), 5 survivors (5120K)
 Metaspace       used 67898K, capacity 69431K, committed 69672K, reserved 1110016K
  class space    used 8753K, capacity 9334K, committed 9420K, reserved 1048576K
}
Event: 12.496 GC heap before
{Heap before GC invocations=19 (full 0):
 garbage-first heap   total 131072K, used 95659K [0x0000000080000000, 0x0000000100000000)
  region size 1024K, 44 young (45056K), 5 survivors (5120K)
 Metaspace       used 71551K, capacity 73112K, committed 73384K, reserved 1112064K
  class space    used 9305K, capacity 9949K, committed 10060K, reserved 1048576K
}
Event: 12.504 GC heap after
{Heap after GC invocations=20 (full 0):
 garbage-first heap   total 131072K, used 58672K [0x0000000080000000, 0x0000000100000000)
  region size 1024K, 6 young (6144K), 6 survivors (6144K)
 Metaspace       used 71551K, capacity 73112K, committed 73384K, reserved 1112064K
  class space    used 9305K, capacity 9949K, committed 10060K, reserved 1048576K
}
Event: 13.127 GC heap before
{Heap before GC invocations=20 (full 0):
 garbage-first heap   total 131072K, used 97584K [0x0000000080000000, 0x0000000100000000)
  region size 1024K, 44 young (45056K), 6 survivors (6144K)
 Metaspace       used 76293K, capacity 78071K, committed 78376K, reserved 1118208K
  class space    used 9965K, capacity 10644K, committed 10700K, reserved 1048576K
}
Event: 13.134 GC heap after
{Heap after GC invocations=21 (full 0):
 garbage-first heap   total 131072K, used 60763K [0x0000000080000000, 0x0000000100000000)
  region size 1024K, 5 young (5120K), 5 survivors (5120K)
 Metaspace       used 76293K, capacity 78071K, committed 78376K, reserved 1118208K
  class space    used 9965K, capacity 10644K, committed 10700K, reserved 1048576K
}

Deoptimization events (20 events):
Event: 13.489 Thread 0x0000017da7be5800 DEOPT PACKING pc=0x0000017d89c65024 sp=0x000000328d4fe270
Event: 13.489 Thread 0x0000017da7be5800 DEOPT UNPACKING pc=0x0000017d88e16dde sp=0x000000328d4fd758 mode 0
Event: 13.489 Thread 0x0000017da7be5800 DEOPT PACKING pc=0x0000017d89c6513c sp=0x000000328d4fe320
Event: 13.489 Thread 0x0000017da7be5800 DEOPT UNPACKING pc=0x0000017d88e16dde sp=0x000000328d4fd810 mode 0
Event: 13.493 Thread 0x0000017da7be5800 Uncommon trap: trap_request=0xffffffc6 fr.pc=0x0000017d909e8e14 relative=0x0000000000000434
Event: 13.493 Thread 0x0000017da7be5800 Uncommon trap: reason=bimorphic_or_optimized_type_check action=maybe_recompile pc=0x0000017d909e8e14 method=java.util.Collections$SetFromMap.remove(Ljava/lang/Object;)Z @ 5 c2
Event: 13.493 Thread 0x0000017da7be5800 DEOPT PACKING pc=0x0000017d909e8e14 sp=0x000000328d4feb30
Event: 13.493 Thread 0x0000017da7be5800 DEOPT UNPACKING pc=0x0000017d88e1662f sp=0x000000328d4feb18 mode 2
Event: 13.498 Thread 0x0000017da7be5800 Uncommon trap: trap_request=0xffffffc6 fr.pc=0x0000017d909e8e14 relative=0x0000000000000434
Event: 13.498 Thread 0x0000017da7be5800 Uncommon trap: reason=bimorphic_or_optimized_type_check action=maybe_recompile pc=0x0000017d909e8e14 method=java.util.Collections$SetFromMap.remove(Ljava/lang/Object;)Z @ 5 c2
Event: 13.498 Thread 0x0000017da7be5800 DEOPT PACKING pc=0x0000017d909e8e14 sp=0x000000328d4feb30
Event: 13.498 Thread 0x0000017da7be5800 DEOPT UNPACKING pc=0x0000017d88e1662f sp=0x000000328d4feb18 mode 2
Event: 13.498 Thread 0x0000017da7be5800 Uncommon trap: trap_request=0xffffffc6 fr.pc=0x0000017d909e8e14 relative=0x0000000000000434
Event: 13.498 Thread 0x0000017da7be5800 Uncommon trap: reason=bimorphic_or_optimized_type_check action=maybe_recompile pc=0x0000017d909e8e14 method=java.util.Collections$SetFromMap.remove(Ljava/lang/Object;)Z @ 5 c2
Event: 13.498 Thread 0x0000017da7be5800 DEOPT PACKING pc=0x0000017d909e8e14 sp=0x000000328d4fe9d0
Event: 13.498 Thread 0x0000017da7be5800 DEOPT UNPACKING pc=0x0000017d88e1662f sp=0x000000328d4fe9b8 mode 2
Event: 13.525 Thread 0x0000017da7be4800 Uncommon trap: trap_request=0xffffff4d fr.pc=0x0000017d909cb688 relative=0x0000000000000268
Event: 13.525 Thread 0x0000017da7be4800 Uncommon trap: reason=unstable_if action=reinterpret pc=0x0000017d909cb688 method=java.lang.AbstractStringBuilder.appendChars([CII)V @ 43 c2
Event: 13.525 Thread 0x0000017da7be4800 DEOPT PACKING pc=0x0000017d909cb688 sp=0x000000328d0fe2e0
Event: 13.525 Thread 0x0000017da7be4800 DEOPT UNPACKING pc=0x0000017d88e1662f sp=0x000000328d0fe258 mode 2

Classes redefined (0 events):
No events

Internal exceptions (20 events):
Event: 12.561 Thread 0x0000017da5fd0000 Exception <a 'sun/nio/fs/WindowsException'{0x0000000087cd5948}> (0x0000000087cd5948) thrown at [./src/hotspot/share/prims/jni.cpp, line 615]
Event: 12.679 Thread 0x0000017da5fd0000 Exception <a 'java/lang/NullPointerException'{0x00000000872ae718}> (0x00000000872ae718) thrown at [./src/hotspot/share/interpreter/linkResolver.cpp, line 1440]
Event: 12.910 Thread 0x0000017da5fd0000 Exception <a 'java/lang/NoSuchMethodError'{0x00000000862ede38}: 'int java.lang.invoke.DirectMethodHandle$Holder.invokeStatic(java.lang.Object, java.lang.Object, int, java.lang.Object)'> (0x00000000862ede38) thrown at [./src/hotspot/share/interpreter/linkResolver.cpp, line 773]
Event: 12.911 Thread 0x0000017da5fd0000 Exception <a 'java/lang/NoSuchMethodError'{0x00000000862f4ce0}: 'java.lang.Object java.lang.invoke.Invokers$Holder.linkToTargetMethod(java.lang.Object, int, java.lang.Object)'> (0x00000000862f4ce0) thrown at [./src/hotspot/share/interpreter/linkResolver.cpp, line 773]
Event: 13.041 Thread 0x0000017da5fd0000 Exception <a 'sun/nio/fs/WindowsException'{0x0000000086028360}> (0x0000000086028360) thrown at [./src/hotspot/share/prims/jni.cpp, line 615]
Event: 13.041 Thread 0x0000017da5fd0000 Exception <a 'sun/nio/fs/WindowsException'{0x00000000860296e8}> (0x00000000860296e8) thrown at [./src/hotspot/share/prims/jni.cpp, line 615]
Event: 13.041 Thread 0x0000017da5fd0000 Exception <a 'sun/nio/fs/WindowsException'{0x000000008602aaa8}> (0x000000008602aaa8) thrown at [./src/hotspot/share/prims/jni.cpp, line 615]
Event: 13.041 Thread 0x0000017da5fd0000 Exception <a 'sun/nio/fs/WindowsException'{0x000000008602be68}> (0x000000008602be68) thrown at [./src/hotspot/share/prims/jni.cpp, line 615]
Event: 13.294 Thread 0x0000017da5fd0000 Exception <a 'java/lang/NoSuchMethodError'{0x000000008724d888}: 'java.lang.Object java.lang.invoke.Invokers$Holder.linkToTargetMethod(java.lang.Object, int, int, java.lang.Object)'> (0x000000008724d888) thrown at [./src/hotspot/share/interpreter/linkResolver.cpp, line 773]
Event: 13.412 Thread 0x0000017da5fd0000 Exception <a 'java/lang/NoSuchMethodError'{0x000000008693d780}: 'java.lang.Object java.lang.invoke.Invokers$Holder.linkToTargetMethod(java.lang.Object, java.lang.Object, java.lang.Object, int, java.lang.Object, java.lang.Object)'> (0x000000008693d780) thrown at [./src/hotspot/share/interpreter/linkResolver.cpp, line 773]
Event: 13.489 Thread 0x0000017da7649000 Exception <a 'java/lang/NoSuchMethodError'{0x00000000865d3f88}: <clinit>> (0x00000000865d3f88) thrown at [./src/hotspot/share/prims/jni.cpp, line 1362]
Event: 13.490 Thread 0x0000017da7649000 Exception <a 'java/lang/NoSuchMethodError'{0x00000000865df8f8}: <clinit>> (0x00000000865df8f8) thrown at [./src/hotspot/share/prims/jni.cpp, line 1362]
Event: 13.495 Thread 0x0000017da7649000 Exception <a 'java/lang/NoSuchMethodError'{0x0000000086438660}: <clinit>> (0x0000000086438660) thrown at [./src/hotspot/share/prims/jni.cpp, line 1362]
Event: 13.497 Thread 0x0000017da7649000 Exception <a 'java/lang/NoSuchMethodError'{0x000000008648ea40}: <clinit>> (0x000000008648ea40) thrown at [./src/hotspot/share/prims/jni.cpp, line 1362]
Event: 13.497 Thread 0x0000017da7649000 Exception <a 'java/lang/NoSuchMethodError'{0x000000008649d5f0}: <clinit>> (0x000000008649d5f0) thrown at [./src/hotspot/share/prims/jni.cpp, line 1362]
Event: 13.514 Thread 0x0000017da7be4800 Exception <a 'java/lang/NoSuchMethodError'{0x0000000086297c98}: <clinit>> (0x0000000086297c98) thrown at [./src/hotspot/share/prims/jni.cpp, line 1362]
Event: 13.517 Thread 0x0000017da7be4800 Exception <a 'java/lang/NoSuchMethodError'{0x00000000862acea8}: <clinit>> (0x00000000862acea8) thrown at [./src/hotspot/share/prims/jni.cpp, line 1362]
Event: 13.520 Thread 0x0000017da7be4800 Exception <a 'java/lang/NoSuchMethodError'{0x00000000862cf880}: <clinit>> (0x00000000862cf880) thrown at [./src/hotspot/share/prims/jni.cpp, line 1362]
Event: 13.521 Thread 0x0000017da7be4800 Exception <a 'java/lang/NoSuchMethodError'{0x00000000862d9b88}: 'void java.lang.invoke.DirectMethodHandle$Holder.invokeSpecial(java.lang.Object, java.lang.Object, java.lang.Object, int)'> (0x00000000862d9b88) thrown at [./src/hotspot/share/interpreter/linkResolver.cpp, line 773]
Event: 13.586 Thread 0x0000017da7be5800 Exception <a 'java/lang/IncompatibleClassChangeError'{0x00000000861827a8}: Found class java.lang.Object, but interface was expected> (0x00000000861827a8) thrown at [./src/hotspot/share/interpreter/linkResolver.cpp, line 839]

Events (20 events):
Event: 13.589 loading class org/gradle/internal/execution/UnitOfWork$Identity
Event: 13.589 loading class org/gradle/internal/execution/UnitOfWork$Identity done
Event: 13.589 loading class org/gradle/internal/execution/steps/IdentifyStep$1
Event: 13.589 loading class org/gradle/internal/execution/steps/IdentifyStep$1 done
Event: 13.590 loading class org/gradle/api/internal/tasks/execution/ExecuteActionsTaskExecuter$TaskExecution$2
Event: 13.590 loading class org/gradle/api/internal/tasks/execution/ExecuteActionsTaskExecuter$TaskExecution$2 done
Event: 13.590 loading class org/gradle/internal/execution/UnitOfWork
Event: 13.590 loading class org/gradle/internal/execution/UnitOfWork done
Event: 13.590 loading class org/gradle/internal/execution/steps/AssignWorkspaceStep
Event: 13.590 loading class org/gradle/internal/execution/steps/AssignWorkspaceStep done
Event: 13.590 loading class org/gradle/internal/execution/workspace/WorkspaceProvider$WorkspaceAction
Event: 13.590 loading class org/gradle/internal/execution/workspace/WorkspaceProvider$WorkspaceAction done
Event: 13.590 loading class org/gradle/internal/execution/steps/AssignWorkspaceStep$1
Event: 13.590 loading class org/gradle/internal/execution/steps/AssignWorkspaceStep$1 done
Event: 13.590 loading class org/gradle/internal/execution/UnitOfWork$Identity
Event: 13.590 loading class org/gradle/internal/execution/UnitOfWork$Identity done
Event: 13.591 loading class org/gradle/internal/execution/history/ExecutionHistoryStore
Event: 13.591 loading class org/gradle/internal/execution/history/ExecutionHistoryStore done
Event: 13.591 loading class org/gradle/internal/execution/UnitOfWork$Identity
Event: 13.591 loading class org/gradle/internal/execution/UnitOfWork$Identity done


Dynamic libraries:
0x00007ff68a010000 - 0x00007ff68a01a000 	D:\안드로이드 스튜디오\jre\bin\java.exe
0x00007ff893180000 - 0x00007ff893389000 	C:\WINDOWS\SYSTEM32\ntdll.dll
0x00007ff891c70000 - 0x00007ff891d2d000 	C:\WINDOWS\System32\KERNEL32.DLL
0x00007ff890750000 - 0x00007ff890ad4000 	C:\WINDOWS\System32\KERNELBASE.dll
0x00007ff890ba0000 - 0x00007ff890cb1000 	C:\WINDOWS\System32\ucrtbase.dll
0x00007ff87bc40000 - 0x00007ff87bc57000 	D:\안드로이드 스튜디오\jre\bin\VCRUNTIME140.dll
0x00007ff87bb60000 - 0x00007ff87bb79000 	D:\안드로이드 스튜디오\jre\bin\jli.dll
0x00007ff892c50000 - 0x00007ff892dfd000 	C:\WINDOWS\System32\USER32.dll
0x00007ff8906b0000 - 0x00007ff8906d6000 	C:\WINDOWS\System32\win32u.dll
0x00007ff8916e0000 - 0x00007ff89170a000 	C:\WINDOWS\System32\GDI32.dll
0x00007ff881cb0000 - 0x00007ff881f55000 	C:\WINDOWS\WinSxS\amd64_microsoft.windows.common-controls_6595b64144ccf1df_6.0.22000.120_none_9d947278b86cc467\COMCTL32.dll
0x00007ff890d40000 - 0x00007ff890e5e000 	C:\WINDOWS\System32\gdi32full.dll
0x00007ff891630000 - 0x00007ff8916d3000 	C:\WINDOWS\System32\msvcrt.dll
0x00007ff890610000 - 0x00007ff8906ad000 	C:\WINDOWS\System32\msvcp_win.dll
0x00007ff892ee0000 - 0x00007ff892f11000 	C:\WINDOWS\System32\IMM32.DLL
0x00007ff85d860000 - 0x00007ff85d8fd000 	D:\안드로이드 스튜디오\jre\bin\msvcp140.dll
0x00007ff84ef50000 - 0x00007ff84fa25000 	D:\안드로이드 스튜디오\jre\bin\server\jvm.dll
0x00007ff892e00000 - 0x00007ff892eae000 	C:\WINDOWS\System32\ADVAPI32.dll
0x00007ff891e80000 - 0x00007ff891f1e000 	C:\WINDOWS\System32\sechost.dll
0x00007ff892710000 - 0x00007ff892831000 	C:\WINDOWS\System32\RPCRT4.dll
0x00007ff893110000 - 0x00007ff893118000 	C:\WINDOWS\System32\PSAPI.DLL
0x00007ff888f30000 - 0x00007ff888f63000 	C:\WINDOWS\SYSTEM32\WINMM.dll
0x00007ff87ef10000 - 0x00007ff87ef19000 	C:\WINDOWS\SYSTEM32\WSOCK32.dll
0x00007ff885dd0000 - 0x00007ff885dda000 	C:\WINDOWS\SYSTEM32\VERSION.dll
0x00007ff891050000 - 0x00007ff8910bf000 	C:\WINDOWS\System32\WS2_32.dll
0x00007ff88f680000 - 0x00007ff88f698000 	C:\WINDOWS\SYSTEM32\kernel.appcore.dll
0x00007ff88a670000 - 0x00007ff88a681000 	D:\안드로이드 스튜디오\jre\bin\verify.dll
0x00007ff88e240000 - 0x00007ff88e461000 	C:\WINDOWS\SYSTEM32\DBGHELP.DLL
0x00007ff87adc0000 - 0x00007ff87adf1000 	C:\WINDOWS\SYSTEM32\dbgcore.DLL
0x00007ff890cc0000 - 0x00007ff890d3f000 	C:\WINDOWS\System32\bcryptPrimitives.dll
0x00007ff8828e0000 - 0x00007ff882909000 	D:\안드로이드 스튜디오\jre\bin\java.dll
0x00007ff88cc60000 - 0x00007ff88cc6b000 	D:\안드로이드 스튜디오\jre\bin\jimage.dll
0x00007ff88a5c0000 - 0x00007ff88a5d8000 	D:\안드로이드 스튜디오\jre\bin\zip.dll
0x00007ff891f20000 - 0x00007ff8926e5000 	C:\WINDOWS\System32\SHELL32.dll
0x00007ff88e6e0000 - 0x00007ff88ef42000 	C:\WINDOWS\SYSTEM32\windows.storage.dll
0x00007ff8928d0000 - 0x00007ff892c46000 	C:\WINDOWS\System32\combase.dll
0x00007ff88e470000 - 0x00007ff88e5d7000 	C:\WINDOWS\SYSTEM32\wintypes.dll
0x00007ff8910c0000 - 0x00007ff8911aa000 	C:\WINDOWS\System32\SHCORE.dll
0x00007ff892f90000 - 0x00007ff892fed000 	C:\WINDOWS\System32\shlwapi.dll
0x00007ff890540000 - 0x00007ff890565000 	C:\WINDOWS\SYSTEM32\profapi.dll
0x00007ff889380000 - 0x00007ff88939a000 	D:\안드로이드 스튜디오\jre\bin\net.dll
0x00007ff888a10000 - 0x00007ff888b24000 	C:\WINDOWS\SYSTEM32\WINHTTP.dll
0x00007ff88fba0000 - 0x00007ff88fc07000 	C:\WINDOWS\system32\mswsock.dll
0x00007ff888f10000 - 0x00007ff888f24000 	D:\안드로이드 스튜디오\jre\bin\nio.dll
0x00007ff87ba70000 - 0x00007ff87ba97000 	C:\Users\LG\.gradle\native\e1d6ef7f7dcc3fd88c89a11ec53ec762bb8ba0a96d01ffa2cd45eb1d1d8dd5c5\windows-amd64\native-platform.dll
0x00007ff855db0000 - 0x00007ff855ef4000 	C:\Users\LG\.gradle\native\5664cfc778a61ccfe75a443a1ab52a65af34e5dc3c78e0209fed803814484fcb\windows-amd64\native-platform-file-events.dll
0x00007ff88a660000 - 0x00007ff88a66a000 	D:\안드로이드 스튜디오\jre\bin\management.dll
0x00007ff8832c0000 - 0x00007ff8832cd000 	D:\안드로이드 스튜디오\jre\bin\management_ext.dll
0x00007ff88fe20000 - 0x00007ff88fe38000 	C:\WINDOWS\SYSTEM32\CRYPTSP.dll
0x00007ff88f5e0000 - 0x00007ff88f615000 	C:\WINDOWS\system32\rsaenh.dll
0x00007ff88fcc0000 - 0x00007ff88fcec000 	C:\WINDOWS\SYSTEM32\USERENV.dll
0x00007ff88ffe0000 - 0x00007ff890007000 	C:\WINDOWS\SYSTEM32\bcrypt.dll
0x00007ff88fe10000 - 0x00007ff88fe1c000 	C:\WINDOWS\SYSTEM32\CRYPTBASE.dll
0x00007ff88f1a0000 - 0x00007ff88f1cd000 	C:\WINDOWS\SYSTEM32\IPHLPAPI.DLL
0x00007ff892700000 - 0x00007ff892709000 	C:\WINDOWS\System32\NSI.dll
0x00007ff888e30000 - 0x00007ff888e49000 	C:\WINDOWS\SYSTEM32\dhcpcsvc6.DLL
0x00007ff889360000 - 0x00007ff88937e000 	C:\WINDOWS\SYSTEM32\dhcpcsvc.DLL
0x00007ff88f1d0000 - 0x00007ff88f2b7000 	C:\WINDOWS\SYSTEM32\DNSAPI.dll

dbghelp: loaded successfully - version: 4.0.5 - missing functions: none
symbol engine: initialized successfully - sym options: 0x614 - pdb path: .;D:\안드로이드 스튜디오\jre\bin;C:\WINDOWS\SYSTEM32;C:\WINDOWS\WinSxS\amd64_microsoft.windows.common-controls_6595b64144ccf1df_6.0.22000.120_none_9d947278b86cc467;D:\안드로이드 스튜?D:\안드로이?D:\안드?D:\안?D:\안;D:\?D:\안드로이드 스튜디오\jre\bin\server;C:\Users\LG\.gradle\native\e1d6ef7f7dcc3fd88c89a11ec53ec762bb8ba0a96d01f;D:\안드로이드 스튜디오\jre\bin\server;C:\Users\LG\.gradle\native\e1d6ef7f7dcc3fd88c89a11ec53ec762bb8ba0a96d01ffa2cd45eb1d1d8dd5c5\windows-amd64;C:\Users\LG\.gradle\native\5664cfc778a61ccfe75a443a1ab52a65af34;C:\Users\LG\.gradle\native\5664cfc778a61ccfe75a443a1ab52a65af34;C:\Users\LG\.gradle\native\5664cfc778a61ccfe75a443a1ab52a65af34;C:\Users\LG\.gradle\native\5664cfc778a61ccfe75a443a1ab52a65af34

VM Arguments:
jvm_args: --add-opens=java.base/java.util=ALL-UNNAMED --add-opens=java.base/java.lang=ALL-UNNAMED --add-opens=java.base/java.lang.invoke=ALL-UNNAMED --add-opens=java.base/java.util=ALL-UNNAMED --add-opens=java.prefs/java.util.prefs=ALL-UNNAMED --add-opens=java.prefs/java.util.prefs=ALL-UNNAMED --add-opens=java.base/java.nio.charset=ALL-UNNAMED --add-opens=java.base/java.net=ALL-UNNAMED --add-opens=java.base/java.util.concurrent.atomic=ALL-UNNAMED -Xmx2048m -Dfile.encoding=UTF-8 -Duser.country=KR -Duser.language=ko -Duser.variant 
java_command: org.gradle.launcher.daemon.bootstrap.GradleDaemon 7.2
java_class_path (initial): C:\Users\LG\.gradle\wrapper\dists\gradle-7.2-bin\2dnblmf4td7x66yl1d74lt32g\gradle-7.2\lib\gradle-launcher-7.2.jar
Launcher Type: SUN_STANDARD

[Global flags]
     intx CICompilerCount                          = 4                                         {product} {ergonomic}
     uint ConcGCThreads                            = 2                                         {product} {ergonomic}
     uint G1ConcRefinementThreads                  = 8                                         {product} {ergonomic}
   size_t G1HeapRegionSize                         = 1048576                                   {product} {ergonomic}
    uintx GCDrainStackTargetSize                   = 64                                        {product} {ergonomic}
   size_t InitialHeapSize                          = 134217728                                 {product} {ergonomic}
   size_t MarkStackSize                            = 4194304                                   {product} {ergonomic}
   size_t MaxHeapSize                              = 2147483648                                {product} {command line}
   size_t MaxNewSize                               = 1287651328                                {product} {ergonomic}
   size_t MinHeapDeltaBytes                        = 1048576                                   {product} {ergonomic}
    uintx NonNMethodCodeHeapSize                   = 5836300                                {pd product} {ergonomic}
    uintx NonProfiledCodeHeapSize                  = 122910970                              {pd product} {ergonomic}
    uintx ProfiledCodeHeapSize                     = 122910970                              {pd product} {ergonomic}
    uintx ReservedCodeCacheSize                    = 251658240                              {pd product} {ergonomic}
     bool SegmentedCodeCache                       = true                                      {product} {ergonomic}
     bool UseCompressedClassPointers               = true                                 {lp64_product} {ergonomic}
     bool UseCompressedOops                        = true                                 {lp64_product} {ergonomic}
     bool UseG1GC                                  = true                                      {product} {ergonomic}
     bool UseLargePagesIndividualAllocation        = false                                  {pd product} {ergonomic}

Logging:
Log output configuration:
 #0: stdout all=warning uptime,level,tags
 #1: stderr all=off uptime,level,tags

Environment Variables:
JAVA_HOME=C:\jdk-11.0.2
CLASSPATH=C:\jdk-11.0.2\lib
PATH=C:\jdk-11.0.2\bin;C:\jdk-11.0.2;C:\Program Files\Eclipse Adoptium\jdk-8.0.382.5-hotspot\bin;C:\oraclexe\app\oracle\product\10.2.0\server\bin;C:\Program Files (x86)\Common Files\Oracle\Java\javapath;C:\Program Files (x86)\Intel\iCLS Client\;C:\Program Files\Intel\iCLS Client\;C:\windows\system32;C:\windows;C:\windows\System32\Wbem;C:\windows\System32\WindowsPowerShell\v1.0\;C:\Program Files (x86)\Intel\Intel(R) Management Engine Components\DAL;C:\Program Files\Intel\Intel(R) Management Engine Components\DAL;C:\Program Files (x86)\Intel\Intel(R) Management Engine Components\IPT;C:\Program Files\Intel\Intel(R) Management Engine Components\IPT;C:\Program Files\Intel\WiFi\bin\;C:\Program Files\Common Files\Intel\WirelessCommon\;C:\Program Files (x86)\NVIDIA Corporation\PhysX\Common;C:\Program Files (x86)\Skype\Phone\;C:\WINDOWS\system32;C:\WINDOWS;C:\WINDOWS\System32\Wbem;C:\WINDOWS\System32\WindowsPowerShell\v1.0\;C:\WINDOWS\System32\OpenSSH\;C:\Program Files\nodejs\;D:\openssl-0.9.8e_X64\bin;C:\ProgramData\chocolatey\bin;C:\ProgramData\chocolatey\lib\maven\apache-maven-3.9.4\bin;C:\Program Files\Git\cmd;C:\Program Files\MariaDB 10.11\bin;D:\Scripts\;D:\;C:\Users\LG\AppData\Local\Microsoft\WindowsApps;C:\Users\LG\AppData\Local\afreeca;C:\altera\13.1\modelsim_ase\win32aloem;D:\PyCharm Community Edition 2022.1.3\bin;;C:\Users\LG\AppData\Local\Programs\Microsoft VS Code\bin;C:\Users\LG\AppData\Roaming\npm;C:\Program Files\Java\jdk-1.8\bin;D:\IntelliJ IDEA Community Edition 2023.1.3\bin;;
USERNAME=LG
OS=Windows_NT
PROCESSOR_IDENTIFIER=Intel64 Family 6 Model 142 Stepping 10, GenuineIntel



---------------  S Y S T E M  ---------------

OS: Windows 10 , 64 bit Build 22000 (10.0.22000.2538)
OS uptime: 1 days 0:17 hours

CPU:total 8 (initial active 8) (4 cores per cpu, 2 threads per core) family 6 model 142 stepping 10 microcode 0xe0, cmov, cx8, fxsr, mmx, sse, sse2, sse3, ssse3, sse4.1, sse4.2, popcnt, avx, avx2, aes, clmul, erms, 3dnowpref, lzcnt, ht, tsc, tscinvbit, bmi1, bmi2, adx, fma

Memory: 4k page, system-wide physical 8101M (298M free)
TotalPageFile size 16293M (AvailPageFile size 2M)
current process WorkingSet (physical memory assigned to process): 350M, peak: 351M
current process commit charge ("private bytes"): 386M, peak: 387M

vm_info: OpenJDK 64-Bit Server VM (11.0.11+9-b60-7590822) for windows-amd64 JRE (11.0.11+9-b60-7590822), built on Jul 29 2021 21:43:44 by "builder" with MS VC++ 14.0 (VS2015)

END.
