#
# There is insufficient memory for the Java Runtime Environment to continue.
# Native memory allocation (mmap) failed to map 32505856 bytes for Failed to commit area from 0x0000000089a00000 to 0x000000008b900000 of length 32505856.
# Possible reasons:
#   The system is out of physical RAM or swap space
#   The process is running with CompressedOops enabled, and the Java Heap may be blocking the growth of the native heap
# Possible solutions:
#   Reduce memory load on the system
#   Increase physical memory or swap space
#   Check if swap backing store is full
#   Decrease Java heap size (-Xmx/-Xms)
#   Decrease number of Java threads
#   Decrease Java thread stack sizes (-Xss)
#   Set larger code cache with -XX:ReservedCodeCacheSize=
#   JVM is running with Unscaled Compressed Oops mode in which the Java heap is
#     placed in the first 4GB address space. The Java Heap base address is the
#     maximum limit for the native heap growth. Please use -XX:HeapBaseMinAddress
#     to set the Java Heap base and to place the Java Heap above 4GB virtual address.
# This output file may be truncated or incomplete.
#
#  Out of Memory Error (./src/hotspot/os/windows/os_windows.cpp:3301), pid=32096, tid=15716
#
# JRE version: OpenJDK Runtime Environment (11.0.11+9) (build 11.0.11+9-b60-7590822)
# Java VM: OpenJDK 64-Bit Server VM (11.0.11+9-b60-7590822, mixed mode, tiered, compressed oops, g1 gc, windows-amd64)
# No core dump will be written. Minidumps are not enabled by default on client versions of Windows
#

---------------  S U M M A R Y ------------

Command Line: --add-opens=java.base/java.util=ALL-UNNAMED --add-opens=java.base/java.lang=ALL-UNNAMED --add-opens=java.base/java.lang.invoke=ALL-UNNAMED --add-opens=java.base/java.util=ALL-UNNAMED --add-opens=java.prefs/java.util.prefs=ALL-UNNAMED --add-opens=java.prefs/java.util.prefs=ALL-UNNAMED --add-opens=java.base/java.nio.charset=ALL-UNNAMED --add-opens=java.base/java.net=ALL-UNNAMED --add-opens=java.base/java.util.concurrent.atomic=ALL-UNNAMED -Xmx2048m -Dfile.encoding=UTF-8 -Duser.country=KR -Duser.language=ko -Duser.variant org.gradle.launcher.daemon.bootstrap.GradleDaemon 7.2

Host: Intel(R) Core(TM) i5-8250U CPU @ 1.60GHz, 8 cores, 7G,  Windows 10 , 64 bit Build 22000 (10.0.22000.2538)
Time: Fri Nov  3 15:10:27 2023 대한민국 표준시 elapsed time: 13.223316 seconds (0d 0h 0m 13s)

---------------  T H R E A D  ---------------

Current thread (0x000001f4a5ca6000):  VMThread "VM Thread" [stack: 0x000000d8e9500000,0x000000d8e9600000] [id=15716]

Stack: [0x000000d8e9500000,0x000000d8e9600000]
[error occurred during error reporting (printing stack bounds), id 0xc0000005, EXCEPTION_ACCESS_VIOLATION (0xc0000005) at pc=0x000001f48f320f2d]

Native frames: (J=compiled Java code, j=interpreted, Vv=VM code, C=native code)
V  [jvm.dll+0x5f214a]
V  [jvm.dll+0x726fb5]
V  [jvm.dll+0x7285cd]
V  [jvm.dll+0x728be5]
V  [jvm.dll+0x728b9b]
V  [jvm.dll+0x5f14e8]
V  [jvm.dll+0x5f1c78]
C  [ntdll.dll+0xa8cdf]
C  [ntdll.dll+0x35bea]
C  [ntdll.dll+0xa7cce]
C  0x000001f48f320f2d

VM_Operation (0x000000d8eb1fe200): G1CollectForAllocation, mode: safepoint, requested by thread 0x000001f4acdd4000


---------------  P R O C E S S  ---------------

Threads class SMR info:
_java_thread_list=0x000001f4b21c3a20, length=134, elements={
0x000001f48b821000, 0x000001f4a5ca7800, 0x000001f4a5cb2800, 0x000001f4a5cdd800,
0x000001f4a658c800, 0x000001f4a65d1800, 0x000001f4a65d6000, 0x000001f4a65d7000,
0x000001f4a65d8000, 0x000001f4a674a000, 0x000001f4ab663000, 0x000001f4a680d800,
0x000001f4ac998800, 0x000001f4ab789800, 0x000001f4ab99a800, 0x000001f4ab94f800,
0x000001f4ac3e2800, 0x000001f4ac7a7000, 0x000001f4ac6f4800, 0x000001f4acdd6800,
0x000001f4acdd4000, 0x000001f4acdd5000, 0x000001f4acdd8800, 0x000001f4acdd6000,
0x000001f4acdd2800, 0x000001f4acdd7800, 0x000001f4acdd9000, 0x000001f4acdd3800,
0x000001f4b0e43000, 0x000001f4b0e44000, 0x000001f4b0e42800, 0x000001f4b0e40000,
0x000001f4b0e47800, 0x000001f4b0e46800, 0x000001f4b0e41800, 0x000001f4b0e49800,
0x000001f4b0e4c000, 0x000001f4b0e4d000, 0x000001f4b0e4e000, 0x000001f4b0e4a800,
0x000001f4b0e48000, 0x000001f4b0e4b800, 0x000001f4b0e4e800, 0x000001f4b0e49000,
0x000001f4b0897000, 0x000001f4b0897800, 0x000001f4b0895000, 0x000001f4b0898800,
0x000001f4b089a000, 0x000001f4b0899000, 0x000001f4b0896000, 0x000001f4b0894800,
0x000001f4b089e000, 0x000001f4b089f000, 0x000001f4b089b000, 0x000001f4b089f800,
0x000001f4b08a0800, 0x000001f4b089b800, 0x000001f4b08a1800, 0x000001f4b08a2000,
0x000001f4b089c800, 0x000001f4b08a3000, 0x000001f4b089d800, 0x000001f4b0bb1000,
0x000001f4b0bb0000, 0x000001f4b0baf000, 0x000001f4b0bb2800, 0x000001f4b0bb5000,
0x000001f4b0bb6000, 0x000001f4b0bb3800, 0x000001f4b0bb1800, 0x000001f4b0bb4000,
0x000001f4b1624000, 0x000001f4b1621800, 0x000001f4b1625000, 0x000001f4b1621000,
0x000001f4b1622800, 0x000001f4b1623000, 0x000001f4b1625800, 0x000001f4b1620000,
0x000001f4b162a800, 0x000001f4b162a000, 0x000001f4b1628000, 0x000001f4b1629000,
0x000001f4b162c000, 0x000001f4b1627800, 0x000001f4b162b800, 0x000001f4b1626800,
0x000001f4b162e800, 0x000001f4b162d000, 0x000001f4b162e000, 0x000001f4af54a800,
0x000001f4af549000, 0x000001f4af54a000, 0x000001f4af54b800, 0x000001f4af54d000,
0x000001f4af54e000, 0x000001f4af54e800, 0x000001f4af550800, 0x000001f4af54f800,
0x000001f4af551000, 0x000001f4af552000, 0x000001f4af54c000, 0x000001f4af554800,
0x000001f4af555000, 0x000001f4af556000, 0x000001f4af557000, 0x000001f4af557800,
0x000001f4af553000, 0x000001f4af553800, 0x000001f4b1b70800, 0x000001f4b1b6c800,
0x000001f4b1b6f000, 0x000001f4b1b73000, 0x000001f4b1b6d800, 0x000001f4b1b74000,
0x000001f4b1b6f800, 0x000001f4b1b71800, 0x000001f4b1b72000, 0x000001f4b1b6e000,
0x000001f4b1b78800, 0x000001f4b1b79800, 0x000001f4b1b74800, 0x000001f4b1b76800,
0x000001f4b1b7b000, 0x000001f4b1b75800, 0x000001f4b1b77000, 0x000001f4b1b78000,
0x000001f4b1f4b000, 0x000001f4b1f4c000, 0x000001f4b1f4c800, 0x000001f4b1f4d800,
0x000001f4b7312800, 0x000001f4b1f48000
}

Java Threads: ( => current thread )
  0x000001f48b821000 JavaThread "main" [_thread_blocked, id=18980, stack(0x000000d8e8f00000,0x000000d8e9000000)]
  0x000001f4a5ca7800 JavaThread "Reference Handler" daemon [_thread_blocked, id=31844, stack(0x000000d8e9600000,0x000000d8e9700000)]
  0x000001f4a5cb2800 JavaThread "Finalizer" daemon [_thread_blocked, id=16468, stack(0x000000d8e9700000,0x000000d8e9800000)]
  0x000001f4a5cdd800 JavaThread "Signal Dispatcher" daemon [_thread_blocked, id=4516, stack(0x000000d8e9800000,0x000000d8e9900000)]
  0x000001f4a658c800 JavaThread "Attach Listener" daemon [_thread_blocked, id=32632, stack(0x000000d8e9900000,0x000000d8e9a00000)]
  0x000001f4a65d1800 JavaThread "Service Thread" daemon [_thread_blocked, id=4192, stack(0x000000d8e9a00000,0x000000d8e9b00000)]
  0x000001f4a65d6000 JavaThread "C2 CompilerThread0" daemon [_thread_blocked, id=5896, stack(0x000000d8e9b00000,0x000000d8e9c00000)]
  0x000001f4a65d7000 JavaThread "C1 CompilerThread0" daemon [_thread_blocked, id=32720, stack(0x000000d8e9c00000,0x000000d8e9d00000)]
  0x000001f4a65d8000 JavaThread "Sweeper thread" daemon [_thread_blocked, id=32016, stack(0x000000d8e9d00000,0x000000d8e9e00000)]
  0x000001f4a674a000 JavaThread "Common-Cleaner" daemon [_thread_blocked, id=3356, stack(0x000000d8e9e00000,0x000000d8e9f00000)]
  0x000001f4ab663000 JavaThread "Daemon health stats" [_thread_blocked, id=14952, stack(0x000000d8ea400000,0x000000d8ea500000)]
  0x000001f4a680d800 JavaThread "Incoming local TCP Connector on port 3613" [_thread_in_native, id=20756, stack(0x000000d8ea000000,0x000000d8ea100000)]
  0x000001f4ac998800 JavaThread "Daemon periodic checks" [_thread_blocked, id=27672, stack(0x000000d8ea300000,0x000000d8ea400000)]
  0x000001f4ab789800 JavaThread "Daemon" [_thread_blocked, id=8088, stack(0x000000d8ea500000,0x000000d8ea600000)]
  0x000001f4ab99a800 JavaThread "Handler for socket connection from /127.0.0.1:3613 to /127.0.0.1:3614" [_thread_in_native, id=26632, stack(0x000000d8ea600000,0x000000d8ea700000)]
  0x000001f4ab94f800 JavaThread "Cancel handler" [_thread_blocked, id=15176, stack(0x000000d8ea700000,0x000000d8ea800000)]
  0x000001f4ac3e2800 JavaThread "Daemon worker" [_thread_blocked, id=13816, stack(0x000000d8ea800000,0x000000d8ea900000)]
  0x000001f4ac7a7000 JavaThread "Asynchronous log dispatcher for DefaultDaemonConnection: socket connection from /127.0.0.1:3613 to /127.0.0.1:3614" [_thread_blocked, id=13584, stack(0x000000d8ea900000,0x000000d8eaa00000)]
  0x000001f4ac6f4800 JavaThread "Stdin handler" [_thread_blocked, id=13464, stack(0x000000d8eaa00000,0x000000d8eab00000)]
  0x000001f4acdd6800 JavaThread "Daemon client event forwarder" [_thread_blocked, id=32088, stack(0x000000d8eab00000,0x000000d8eac00000)]
  0x000001f4acdd4000 JavaThread "Cache worker for journal cache (C:\Users\LG\.gradle\caches\journal-1)" [_thread_blocked, id=21128, stack(0x000000d8eb100000,0x000000d8eb200000)]
  0x000001f4acdd5000 JavaThread "File lock request listener" [_thread_in_native, id=3668, stack(0x000000d8eb200000,0x000000d8eb300000)]
  0x000001f4acdd8800 JavaThread "Cache worker for file hash cache (C:\Users\LG\.gradle\caches\7.2\fileHashes)" [_thread_blocked, id=17368, stack(0x000000d8eb300000,0x000000d8eb400000)]
  0x000001f4acdd6000 JavaThread "Cache worker for file hash cache (D:\project\MyApplication_login_test\.gradle\7.2\fileHashes)" [_thread_blocked, id=8616, stack(0x000000d8eb600000,0x000000d8eb700000)]
  0x000001f4acdd2800 JavaThread "File watcher server" daemon [_thread_blocked, id=22024, stack(0x000000d8eb800000,0x000000d8eb900000)]
  0x000001f4acdd7800 JavaThread "File watcher consumer" daemon [_thread_blocked, id=16324, stack(0x000000d8eb900000,0x000000d8eba00000)]
  0x000001f4acdd9000 JavaThread "Cache worker for checksums cache (D:\project\MyApplication_login_test\.gradle\checksums)" [_thread_blocked, id=7444, stack(0x000000d8eba00000,0x000000d8ebb00000)]
  0x000001f4acdd3800 JavaThread "Cache worker for cache directory md-supplier (C:\Users\LG\.gradle\caches\7.2\md-supplier)" [_thread_blocked, id=8144, stack(0x000000d8ebb00000,0x000000d8ebc00000)]
  0x000001f4b0e43000 JavaThread "Cache worker for cache directory md-rule (C:\Users\LG\.gradle\caches\7.2\md-rule)" [_thread_blocked, id=28156, stack(0x000000d8ebc00000,0x000000d8ebd00000)]
  0x000001f4b0e44000 JavaThread "Cache worker for execution history cache (C:\Users\LG\.gradle\caches\7.2\executionHistory)" [_thread_blocked, id=31404, stack(0x000000d8ebd00000,0x000000d8ebe00000)]
  0x000001f4b0e42800 JavaThread "jar transforms" [_thread_blocked, id=11688, stack(0x000000d8ebe00000,0x000000d8ebf00000)]
  0x000001f4b0e40000 JavaThread "Cache worker for file content cache (C:\Users\LG\.gradle\caches\7.2\fileContent)" [_thread_blocked, id=27340, stack(0x000000d8ebf00000,0x000000d8ec000000)]
  0x000001f4b0e47800 JavaThread "jar transforms Thread 2" [_thread_blocked, id=20512, stack(0x000000d8ec000000,0x000000d8ec100000)]
  0x000001f4b0e46800 JavaThread "Cache worker for dependencies-accessors (D:\project\MyApplication_login_test\.gradle\7.2\dependencies-accessors)" [_thread_blocked, id=14456, stack(0x000000d8ec100000,0x000000d8ec200000)]
  0x000001f4b0e41800 JavaThread "jar transforms Thread 3" [_thread_blocked, id=21448, stack(0x000000d8ec200000,0x000000d8ec300000)]
  0x000001f4b0e49800 JavaThread "Cache worker for Build Output Cleanup Cache (D:\project\MyApplication_login_test\.gradle\buildOutputCleanup)" [_thread_blocked, id=32368, stack(0x000000d8ec300000,0x000000d8ec400000)]
  0x000001f4b0e4c000 JavaThread "Unconstrained build operations" [_thread_blocked, id=29564, stack(0x000000d8ec400000,0x000000d8ec500000)]
  0x000001f4b0e4d000 JavaThread "Unconstrained build operations Thread 2" [_thread_blocked, id=28088, stack(0x000000d8ec500000,0x000000d8ec600000)]
  0x000001f4b0e4e000 JavaThread "Unconstrained build operations Thread 3" [_thread_blocked, id=23036, stack(0x000000d8ec600000,0x000000d8ec700000)]
  0x000001f4b0e4a800 JavaThread "Unconstrained build operations Thread 4" [_thread_blocked, id=26512, stack(0x000000d8ec700000,0x000000d8ec800000)]
  0x000001f4b0e48000 JavaThread "Unconstrained build operations Thread 5" [_thread_blocked, id=32348, stack(0x000000d8ec800000,0x000000d8ec900000)]
  0x000001f4b0e4b800 JavaThread "Unconstrained build operations Thread 6" [_thread_blocked, id=28508, stack(0x000000d8ec900000,0x000000d8eca00000)]
  0x000001f4b0e4e800 JavaThread "Unconstrained build operations Thread 7" [_thread_blocked, id=8764, stack(0x000000d8eca00000,0x000000d8ecb00000)]
  0x000001f4b0e49000 JavaThread "Unconstrained build operations Thread 8" [_thread_blocked, id=3752, stack(0x000000d8ecb00000,0x000000d8ecc00000)]
  0x000001f4b0897000 JavaThread "Unconstrained build operations Thread 9" [_thread_blocked, id=31156, stack(0x000000d8ecc00000,0x000000d8ecd00000)]
  0x000001f4b0897800 JavaThread "Unconstrained build operations Thread 10" [_thread_blocked, id=17568, stack(0x000000d8ecd00000,0x000000d8ece00000)]
  0x000001f4b0895000 JavaThread "Unconstrained build operations Thread 11" [_thread_blocked, id=26224, stack(0x000000d8ece00000,0x000000d8ecf00000)]
  0x000001f4b0898800 JavaThread "Unconstrained build operations Thread 12" [_thread_blocked, id=15108, stack(0x000000d8ecf00000,0x000000d8ed000000)]
  0x000001f4b089a000 JavaThread "Unconstrained build operations Thread 13" [_thread_blocked, id=29244, stack(0x000000d8ed000000,0x000000d8ed100000)]
  0x000001f4b0899000 JavaThread "Unconstrained build operations Thread 14" [_thread_blocked, id=30832, stack(0x000000d8ed100000,0x000000d8ed200000)]
  0x000001f4b0896000 JavaThread "Unconstrained build operations Thread 15" [_thread_blocked, id=20620, stack(0x000000d8ed200000,0x000000d8ed300000)]
  0x000001f4b0894800 JavaThread "Unconstrained build operations Thread 16" [_thread_blocked, id=32140, stack(0x000000d8ed300000,0x000000d8ed400000)]
  0x000001f4b089e000 JavaThread "Unconstrained build operations Thread 17" [_thread_blocked, id=24800, stack(0x000000d8ed400000,0x000000d8ed500000)]
  0x000001f4b089f000 JavaThread "Unconstrained build operations Thread 18" [_thread_blocked, id=20864, stack(0x000000d8ed500000,0x000000d8ed600000)]
  0x000001f4b089b000 JavaThread "Unconstrained build operations Thread 19" [_thread_blocked, id=32136, stack(0x000000d8ed600000,0x000000d8ed700000)]
  0x000001f4b089f800 JavaThread "Unconstrained build operations Thread 20" [_thread_blocked, id=7604, stack(0x000000d8ed700000,0x000000d8ed800000)]
  0x000001f4b08a0800 JavaThread "Unconstrained build operations Thread 21" [_thread_blocked, id=26408, stack(0x000000d8ed800000,0x000000d8ed900000)]
  0x000001f4b089b800 JavaThread "Unconstrained build operations Thread 22" [_thread_blocked, id=26472, stack(0x000000d8ed900000,0x000000d8eda00000)]
  0x000001f4b08a1800 JavaThread "Unconstrained build operations Thread 23" [_thread_blocked, id=3324, stack(0x000000d8eda00000,0x000000d8edb00000)]
  0x000001f4b08a2000 JavaThread "Unconstrained build operations Thread 24" [_thread_blocked, id=17076, stack(0x000000d8edb00000,0x000000d8edc00000)]
  0x000001f4b089c800 JavaThread "Unconstrained build operations Thread 25" [_thread_blocked, id=27004, stack(0x000000d8edc00000,0x000000d8edd00000)]
  0x000001f4b08a3000 JavaThread "Unconstrained build operations Thread 26" [_thread_blocked, id=31944, stack(0x000000d8edd00000,0x000000d8ede00000)]
  0x000001f4b089d800 JavaThread "Unconstrained build operations Thread 27" [_thread_blocked, id=30312, stack(0x000000d8ede00000,0x000000d8edf00000)]
  0x000001f4b0bb1000 JavaThread "Unconstrained build operations Thread 28" [_thread_blocked, id=31956, stack(0x000000d8edf00000,0x000000d8ee000000)]
  0x000001f4b0bb0000 JavaThread "Unconstrained build operations Thread 29" [_thread_blocked, id=32660, stack(0x000000d8ee000000,0x000000d8ee100000)]
  0x000001f4b0baf000 JavaThread "Unconstrained build operations Thread 30" [_thread_blocked, id=14024, stack(0x000000d8ee100000,0x000000d8ee200000)]
  0x000001f4b0bb2800 JavaThread "Unconstrained build operations Thread 31" [_thread_blocked, id=22008, stack(0x000000d8ee200000,0x000000d8ee300000)]
  0x000001f4b0bb5000 JavaThread "Unconstrained build operations Thread 32" [_thread_blocked, id=32192, stack(0x000000d8ee300000,0x000000d8ee400000)]
  0x000001f4b0bb6000 JavaThread "Unconstrained build operations Thread 33" [_thread_blocked, id=25420, stack(0x000000d8ee400000,0x000000d8ee500000)]
  0x000001f4b0bb3800 JavaThread "Unconstrained build operations Thread 34" [_thread_blocked, id=27352, stack(0x000000d8ee500000,0x000000d8ee600000)]
  0x000001f4b0bb1800 JavaThread "Unconstrained build operations Thread 35" [_thread_blocked, id=25280, stack(0x000000d8ee600000,0x000000d8ee700000)]
  0x000001f4b0bb4000 JavaThread "Unconstrained build operations Thread 36" [_thread_blocked, id=28252, stack(0x000000d8ee700000,0x000000d8ee800000)]
  0x000001f4b1624000 JavaThread "Unconstrained build operations Thread 37" [_thread_blocked, id=31948, stack(0x000000d8ee800000,0x000000d8ee900000)]
  0x000001f4b1621800 JavaThread "Unconstrained build operations Thread 38" [_thread_blocked, id=12480, stack(0x000000d8ee900000,0x000000d8eea00000)]
  0x000001f4b1625000 JavaThread "Unconstrained build operations Thread 39" [_thread_blocked, id=7332, stack(0x000000d8eea00000,0x000000d8eeb00000)]
  0x000001f4b1621000 JavaThread "Unconstrained build operations Thread 40" [_thread_blocked, id=29336, stack(0x000000d8eeb00000,0x000000d8eec00000)]
  0x000001f4b1622800 JavaThread "Unconstrained build operations Thread 41" [_thread_blocked, id=25008, stack(0x000000d8eec00000,0x000000d8eed00000)]
  0x000001f4b1623000 JavaThread "Unconstrained build operations Thread 42" [_thread_blocked, id=17476, stack(0x000000d8eed00000,0x000000d8eee00000)]
  0x000001f4b1625800 JavaThread "Unconstrained build operations Thread 43" [_thread_blocked, id=27792, stack(0x000000d8eee00000,0x000000d8eef00000)]
  0x000001f4b1620000 JavaThread "Unconstrained build operations Thread 44" [_thread_blocked, id=32772, stack(0x000000d8eef00000,0x000000d8ef000000)]
  0x000001f4b162a800 JavaThread "Unconstrained build operations Thread 45" [_thread_blocked, id=32776, stack(0x000000d8ef000000,0x000000d8ef100000)]
  0x000001f4b162a000 JavaThread "Unconstrained build operations Thread 46" [_thread_blocked, id=32780, stack(0x000000d8ef100000,0x000000d8ef200000)]
  0x000001f4b1628000 JavaThread "Unconstrained build operations Thread 47" [_thread_blocked, id=32784, stack(0x000000d8ef200000,0x000000d8ef300000)]
  0x000001f4b1629000 JavaThread "Unconstrained build operations Thread 48" [_thread_blocked, id=32788, stack(0x000000d8ef300000,0x000000d8ef400000)]
  0x000001f4b162c000 JavaThread "Unconstrained build operations Thread 49" [_thread_blocked, id=32792, stack(0x000000d8ef400000,0x000000d8ef500000)]
  0x000001f4b1627800 JavaThread "Unconstrained build operations Thread 50" [_thread_blocked, id=32796, stack(0x000000d8ef500000,0x000000d8ef600000)]
  0x000001f4b162b800 JavaThread "Unconstrained build operations Thread 51" [_thread_blocked, id=32800, stack(0x000000d8ef600000,0x000000d8ef700000)]
  0x000001f4b1626800 JavaThread "Unconstrained build operations Thread 52" [_thread_blocked, id=32804, stack(0x000000d8ef700000,0x000000d8ef800000)]
  0x000001f4b162e800 JavaThread "Unconstrained build operations Thread 53" [_thread_blocked, id=32808, stack(0x000000d8ef800000,0x000000d8ef900000)]
  0x000001f4b162d000 JavaThread "Unconstrained build operations Thread 54" [_thread_blocked, id=32812, stack(0x000000d8ef900000,0x000000d8efa00000)]
  0x000001f4b162e000 JavaThread "Unconstrained build operations Thread 55" [_thread_blocked, id=32816, stack(0x000000d8efa00000,0x000000d8efb00000)]
  0x000001f4af54a800 JavaThread "Unconstrained build operations Thread 56" [_thread_blocked, id=32820, stack(0x000000d8efb00000,0x000000d8efc00000)]
  0x000001f4af549000 JavaThread "Unconstrained build operations Thread 57" [_thread_blocked, id=32824, stack(0x000000d8efc00000,0x000000d8efd00000)]
  0x000001f4af54a000 JavaThread "Unconstrained build operations Thread 58" [_thread_blocked, id=32828, stack(0x000000d8efd00000,0x000000d8efe00000)]
  0x000001f4af54b800 JavaThread "Unconstrained build operations Thread 59" [_thread_blocked, id=32832, stack(0x000000d8efe00000,0x000000d8eff00000)]
  0x000001f4af54d000 JavaThread "Unconstrained build operations Thread 60" [_thread_blocked, id=32836, stack(0x000000d8eff00000,0x000000d8f0000000)]
  0x000001f4af54e000 JavaThread "Unconstrained build operations Thread 61" [_thread_blocked, id=32840, stack(0x000000d8f0000000,0x000000d8f0100000)]
  0x000001f4af54e800 JavaThread "Unconstrained build operations Thread 62" [_thread_blocked, id=32844, stack(0x000000d8f0100000,0x000000d8f0200000)]
  0x000001f4af550800 JavaThread "Unconstrained build operations Thread 63" [_thread_blocked, id=32848, stack(0x000000d8f0200000,0x000000d8f0300000)]
  0x000001f4af54f800 JavaThread "Unconstrained build operations Thread 64" [_thread_blocked, id=32852, stack(0x000000d8f0300000,0x000000d8f0400000)]
  0x000001f4af551000 JavaThread "Unconstrained build operations Thread 65" [_thread_blocked, id=32856, stack(0x000000d8f0400000,0x000000d8f0500000)]
  0x000001f4af552000 JavaThread "Unconstrained build operations Thread 66" [_thread_blocked, id=32860, stack(0x000000d8f0500000,0x000000d8f0600000)]
  0x000001f4af54c000 JavaThread "Unconstrained build operations Thread 67" [_thread_blocked, id=32864, stack(0x000000d8f0600000,0x000000d8f0700000)]
  0x000001f4af554800 JavaThread "Unconstrained build operations Thread 68" [_thread_blocked, id=32868, stack(0x000000d8f0700000,0x000000d8f0800000)]
  0x000001f4af555000 JavaThread "Unconstrained build operations Thread 69" [_thread_blocked, id=32872, stack(0x000000d8f0800000,0x000000d8f0900000)]
  0x000001f4af556000 JavaThread "Unconstrained build operations Thread 70" [_thread_blocked, id=32876, stack(0x000000d8f0900000,0x000000d8f0a00000)]
  0x000001f4af557000 JavaThread "Unconstrained build operations Thread 71" [_thread_blocked, id=32880, stack(0x000000d8f0a00000,0x000000d8f0b00000)]
  0x000001f4af557800 JavaThread "Unconstrained build operations Thread 72" [_thread_blocked, id=32884, stack(0x000000d8f0b00000,0x000000d8f0c00000)]
  0x000001f4af553000 JavaThread "Unconstrained build operations Thread 73" [_thread_blocked, id=32888, stack(0x000000d8f0c00000,0x000000d8f0d00000)]
  0x000001f4af553800 JavaThread "Unconstrained build operations Thread 74" [_thread_blocked, id=32892, stack(0x000000d8f0d00000,0x000000d8f0e00000)]
  0x000001f4b1b70800 JavaThread "Unconstrained build operations Thread 75" [_thread_blocked, id=32896, stack(0x000000d8f0e00000,0x000000d8f0f00000)]
  0x000001f4b1b6c800 JavaThread "Unconstrained build operations Thread 76" [_thread_blocked, id=32900, stack(0x000000d8f0f00000,0x000000d8f1000000)]
  0x000001f4b1b6f000 JavaThread "Unconstrained build operations Thread 77" [_thread_blocked, id=32904, stack(0x000000d8f1000000,0x000000d8f1100000)]
  0x000001f4b1b73000 JavaThread "Unconstrained build operations Thread 78" [_thread_blocked, id=32908, stack(0x000000d8f1100000,0x000000d8f1200000)]
  0x000001f4b1b6d800 JavaThread "Unconstrained build operations Thread 79" [_thread_blocked, id=32912, stack(0x000000d8f1200000,0x000000d8f1300000)]
  0x000001f4b1b74000 JavaThread "Unconstrained build operations Thread 80" [_thread_blocked, id=32916, stack(0x000000d8f1300000,0x000000d8f1400000)]
  0x000001f4b1b6f800 JavaThread "jar transforms Thread 4" [_thread_blocked, id=32924, stack(0x000000d8f1400000,0x000000d8f1500000)]
  0x000001f4b1b71800 JavaThread "jar transforms Thread 5" [_thread_blocked, id=32928, stack(0x000000d8f1500000,0x000000d8f1600000)]
  0x000001f4b1b72000 JavaThread "jar transforms Thread 6" [_thread_blocked, id=32932, stack(0x000000d8f1600000,0x000000d8f1700000)]
  0x000001f4b1b6e000 JavaThread "jar transforms Thread 7" [_thread_blocked, id=32936, stack(0x000000d8f1700000,0x000000d8f1800000)]
  0x000001f4b1b78800 JavaThread "jar transforms Thread 8" [_thread_blocked, id=32940, stack(0x000000d8f1800000,0x000000d8f1900000)]
  0x000001f4b1b79800 JavaThread "Memory manager" [_thread_blocked, id=32952, stack(0x000000d8f1900000,0x000000d8f1a00000)]
  0x000001f4b1b74800 JavaThread "build event listener" [_thread_blocked, id=32964, stack(0x000000d8f1a00000,0x000000d8f1b00000)]
  0x000001f4b1b76800 JavaThread "Execution worker for ':'" [_thread_blocked, id=32968, stack(0x000000d8f1b00000,0x000000d8f1c00000)]
  0x000001f4b1b7b000 JavaThread "Execution worker for ':' Thread 2" [_thread_blocked, id=32972, stack(0x000000d8f1c00000,0x000000d8f1d00000)]
  0x000001f4b1b75800 JavaThread "Execution worker for ':' Thread 3" [_thread_blocked, id=32976, stack(0x000000d8f1d00000,0x000000d8f1e00000)]
  0x000001f4b1b77000 JavaThread "Execution worker for ':' Thread 4" [_thread_blocked, id=32980, stack(0x000000d8f1e00000,0x000000d8f1f00000)]
  0x000001f4b1b78000 JavaThread "Execution worker for ':' Thread 5" [_thread_blocked, id=32984, stack(0x000000d8f1f00000,0x000000d8f2000000)]
  0x000001f4b1f4b000 JavaThread "Execution worker for ':' Thread 6" [_thread_blocked, id=32988, stack(0x000000d8f2000000,0x000000d8f2100000)]
  0x000001f4b1f4c000 JavaThread "Execution worker for ':' Thread 7" [_thread_blocked, id=32992, stack(0x000000d8f2100000,0x000000d8f2200000)]
  0x000001f4b1f4c800 JavaThread "Cache worker for execution history cache (D:\project\MyApplication_login_test\.gradle\7.2\executionHistory)" [_thread_blocked, id=32996, stack(0x000000d8f2200000,0x000000d8f2300000)]
  0x000001f4b1f4d800 JavaThread "WorkerExecutor Queue" [_thread_blocked, id=33020, stack(0x000000d8f2300000,0x000000d8f2400000)]
  0x000001f4b7312800 JavaThread "C2 CompilerThread1" daemon [_thread_blocked, id=33032, stack(0x000000d8eb500000,0x000000d8eb600000)]
  0x000001f4b1f48000 JavaThread "WorkerExecutor Queue Thread 2" [_thread_blocked, id=33036, stack(0x000000d8eb700000,0x000000d8eb800000)]

Other Threads:
=>0x000001f4a5ca6000 VMThread "VM Thread" [stack: 0x000000d8e9500000,0x000000d8e9600000] [id=15716]
  0x000001f4a6759800 WatcherThread [stack: 0x000000d8e9f00000,0x000000d8ea000000] [id=31912]
  0x000001f48b83b800 GCTaskThread "GC Thread#0" [stack: 0x000000d8e9000000,0x000000d8e9100000] [id=8004]
  0x000001f4ab34a800 GCTaskThread "GC Thread#1" [stack: 0x000000d8ea100000,0x000000d8ea200000] [id=31848]
  0x000001f4aabc5000 GCTaskThread "GC Thread#2" [stack: 0x000000d8ea200000,0x000000d8ea300000] [id=32208]
  0x000001f4ac6e7000 GCTaskThread "GC Thread#3" [stack: 0x000000d8eac00000,0x000000d8ead00000] [id=13984]
  0x000001f4acdde800 GCTaskThread "GC Thread#4" [stack: 0x000000d8ead00000,0x000000d8eae00000] [id=9888]
  0x000001f4abafe000 GCTaskThread "GC Thread#5" [stack: 0x000000d8eae00000,0x000000d8eaf00000] [id=18860]
  0x000001f4abafe800 GCTaskThread "GC Thread#6" [stack: 0x000000d8eaf00000,0x000000d8eb000000] [id=32312]
  0x000001f4aca24000 GCTaskThread "GC Thread#7" [stack: 0x000000d8eb000000,0x000000d8eb100000] [id=22988]
  0x000001f48b86c800 ConcurrentGCThread "G1 Main Marker" [stack: 0x000000d8e9100000,0x000000d8e9200000] [id=30512]
  0x000001f48b86e000 ConcurrentGCThread "G1 Conc#0" [stack: 0x000000d8e9200000,0x000000d8e9300000] [id=32112]
  0x000001f4a6fbe000 ConcurrentGCThread "G1 Conc#1" [stack: 0x000000d8eb400000,0x000000d8eb500000] [id=30736]
  0x000001f48b8fd800 ConcurrentGCThread "G1 Refine#0" [stack: 0x000000d8e9300000,0x000000d8e9400000] [id=29852]
  0x000001f4a5af0800 ConcurrentGCThread "G1 Young RemSet Sampling" [stack: 0x000000d8e9400000,0x000000d8e9500000] [id=20960]

Threads with active compile tasks:
C2 CompilerThread0  13264 9131       4       java.net.URLClassLoader$1::run (5 bytes)
C1 CompilerThread0  13264 9470       2       sun.nio.fs.WindowsFileAttributeViews$BasicWithKey::readAttributes (5 bytes)
C2 CompilerThread1  13264 9132   !   4       java.net.URLClassLoader$1::run (63 bytes)

VM state:at safepoint (normal execution)

VM Mutex/Monitor currently owned by a thread:  ([mutex/lock_event])
[0x000001f48b81cd50] Threads_lock - owner thread: 0x000001f4a5ca6000
[0x000001f48b81bd00] Heap_lock - owner thread: 0x000001f4acdd4000

Heap address: 0x0000000080000000, size: 2048 MB, Compressed Oops mode: 32-bit
Narrow klass base: 0x0000000000000000, Narrow klass shift: 3
Compressed class space size: 1073741824 Address: 0x0000000100000000

Heap:
 garbage-first heap   total 189440K, used 70597K [0x0000000080000000, 0x0000000100000000)
  region size 1024K, 7 young (7168K), 7 survivors (7168K)
 Metaspace       used 85794K, capacity 87933K, committed 88232K, reserved 1126400K
  class space    used 11208K, capacity 12050K, committed 12160K, reserved 1048576K
Heap Regions: E=young(eden), S=young(survivor), O=old, HS=humongous(starts), HC=humongous(continues), CS=collection set, F=free, A=archive, TAMS=top-at-mark-start (previous, next)
|   0|0x0000000080000000, 0x0000000080100000, 0x0000000080100000|100%| O|  |TAMS 0x0000000080100000, 0x0000000080000000| Untracked 
|   1|0x0000000080100000, 0x0000000080200000, 0x0000000080200000|100%| O|  |TAMS 0x0000000080200000, 0x0000000080100000| Untracked 
|   2|0x0000000080200000, 0x0000000080300000, 0x0000000080300000|100%| O|  |TAMS 0x0000000080300000, 0x0000000080200000| Untracked 
|   3|0x0000000080300000, 0x0000000080400000, 0x0000000080400000|100%|HS|  |TAMS 0x0000000080400000, 0x0000000080300000| Complete 
|   4|0x0000000080400000, 0x0000000080500000, 0x0000000080500000|100%|HC|  |TAMS 0x0000000080500000, 0x0000000080400000| Complete 
|   5|0x0000000080500000, 0x0000000080600000, 0x0000000080600000|100%|HC|  |TAMS 0x0000000080600000, 0x0000000080500000| Complete 
|   6|0x0000000080600000, 0x0000000080700000, 0x0000000080700000|100%| O|  |TAMS 0x0000000080700000, 0x0000000080600000| Untracked 
|   7|0x0000000080700000, 0x0000000080800000, 0x0000000080800000|100%| O|  |TAMS 0x0000000080800000, 0x0000000080700000| Untracked 
|   8|0x0000000080800000, 0x0000000080900000, 0x0000000080900000|100%| O|  |TAMS 0x0000000080900000, 0x0000000080800000| Untracked 
|   9|0x0000000080900000, 0x0000000080a00000, 0x0000000080a00000|100%| O|  |TAMS 0x0000000080a00000, 0x0000000080900000| Untracked 
|  10|0x0000000080a00000, 0x0000000080b00000, 0x0000000080b00000|100%| O|  |TAMS 0x0000000080b00000, 0x0000000080a00000| Untracked 
|  11|0x0000000080b00000, 0x0000000080c00000, 0x0000000080c00000|100%| O|  |TAMS 0x0000000080c00000, 0x0000000080b00000| Untracked 
|  12|0x0000000080c00000, 0x0000000080d00000, 0x0000000080d00000|100%| O|  |TAMS 0x0000000080d00000, 0x0000000080c00000| Untracked 
|  13|0x0000000080d00000, 0x0000000080e00000, 0x0000000080e00000|100%| O|  |TAMS 0x0000000080e00000, 0x0000000080d00000| Untracked 
|  14|0x0000000080e00000, 0x0000000080f00000, 0x0000000080f00000|100%| O|  |TAMS 0x0000000080f00000, 0x0000000080e00000| Untracked 
|  15|0x0000000080f00000, 0x0000000081000000, 0x0000000081000000|100%| O|  |TAMS 0x0000000081000000, 0x0000000080f00000| Untracked 
|  16|0x0000000081000000, 0x0000000081100000, 0x0000000081100000|100%|HS|  |TAMS 0x0000000081100000, 0x0000000081000000| Complete 
|  17|0x0000000081100000, 0x0000000081200000, 0x0000000081200000|100%| O|  |TAMS 0x0000000081200000, 0x0000000081100000| Untracked 
|  18|0x0000000081200000, 0x0000000081300000, 0x0000000081300000|100%| O|  |TAMS 0x0000000081300000, 0x0000000081200000| Untracked 
|  19|0x0000000081300000, 0x0000000081400000, 0x0000000081400000|100%| O|  |TAMS 0x0000000081400000, 0x0000000081300000| Untracked 
|  20|0x0000000081400000, 0x0000000081500000, 0x0000000081500000|100%| O|  |TAMS 0x0000000081500000, 0x0000000081400000| Untracked 
|  21|0x0000000081500000, 0x0000000081600000, 0x0000000081600000|100%| O|  |TAMS 0x0000000081600000, 0x0000000081500000| Untracked 
|  22|0x0000000081600000, 0x0000000081700000, 0x0000000081700000|100%| O|  |TAMS 0x0000000081700000, 0x0000000081600000| Untracked 
|  23|0x0000000081700000, 0x0000000081800000, 0x0000000081800000|100%| O|  |TAMS 0x0000000081800000, 0x0000000081700000| Untracked 
|  24|0x0000000081800000, 0x0000000081900000, 0x0000000081900000|100%| O|  |TAMS 0x0000000081900000, 0x0000000081800000| Untracked 
|  25|0x0000000081900000, 0x0000000081a00000, 0x0000000081a00000|100%| O|  |TAMS 0x0000000081a00000, 0x0000000081900000| Untracked 
|  26|0x0000000081a00000, 0x0000000081b00000, 0x0000000081b00000|100%| O|  |TAMS 0x0000000081b00000, 0x0000000081a00000| Untracked 
|  27|0x0000000081b00000, 0x0000000081c00000, 0x0000000081c00000|100%| O|  |TAMS 0x0000000081c00000, 0x0000000081b00000| Untracked 
|  28|0x0000000081c00000, 0x0000000081d00000, 0x0000000081d00000|100%|HS|  |TAMS 0x0000000081d00000, 0x0000000081c00000| Complete 
|  29|0x0000000081d00000, 0x0000000081e00000, 0x0000000081e00000|100%|HS|  |TAMS 0x0000000081e00000, 0x0000000081d00000| Complete 
|  30|0x0000000081e00000, 0x0000000081f00000, 0x0000000081f00000|100%|HS|  |TAMS 0x0000000081f00000, 0x0000000081e00000| Complete 
|  31|0x0000000081f00000, 0x0000000082000000, 0x0000000082000000|100%|HC|  |TAMS 0x0000000082000000, 0x0000000081f00000| Complete 
|  32|0x0000000082000000, 0x0000000082100000, 0x0000000082100000|100%| O|  |TAMS 0x0000000082100000, 0x0000000082000000| Untracked 
|  33|0x0000000082100000, 0x0000000082200000, 0x0000000082200000|100%| O|  |TAMS 0x0000000082200000, 0x0000000082100000| Untracked 
|  34|0x0000000082200000, 0x0000000082300000, 0x0000000082300000|100%| O|  |TAMS 0x0000000082300000, 0x0000000082200000| Untracked 
|  35|0x0000000082300000, 0x0000000082400000, 0x0000000082400000|100%| O|  |TAMS 0x0000000082400000, 0x0000000082300000| Untracked 
|  36|0x0000000082400000, 0x0000000082500000, 0x0000000082500000|100%| O|  |TAMS 0x0000000082500000, 0x0000000082400000| Untracked 
|  37|0x0000000082500000, 0x0000000082600000, 0x0000000082600000|100%| O|  |TAMS 0x0000000082600000, 0x0000000082500000| Untracked 
|  38|0x0000000082600000, 0x0000000082700000, 0x0000000082700000|100%| O|  |TAMS 0x0000000082700000, 0x0000000082600000| Untracked 
|  39|0x0000000082700000, 0x0000000082800000, 0x0000000082800000|100%| O|  |TAMS 0x0000000082800000, 0x0000000082700000| Untracked 
|  40|0x0000000082800000, 0x0000000082900000, 0x0000000082900000|100%| O|  |TAMS 0x0000000082900000, 0x0000000082800000| Untracked 
|  41|0x0000000082900000, 0x0000000082a00000, 0x0000000082a00000|100%| O|  |TAMS 0x0000000082900000, 0x0000000082900000| Untracked 
|  42|0x0000000082a00000, 0x0000000082b00000, 0x0000000082b00000|100%| O|  |TAMS 0x0000000082b00000, 0x0000000082a00000| Untracked 
|  43|0x0000000082b00000, 0x0000000082c00000, 0x0000000082c00000|100%| O|  |TAMS 0x0000000082c00000, 0x0000000082b00000| Untracked 
|  44|0x0000000082c00000, 0x0000000082d00000, 0x0000000082d00000|100%| O|  |TAMS 0x0000000082ce3600, 0x0000000082c00000| Untracked 
|  45|0x0000000082d00000, 0x0000000082e00000, 0x0000000082e00000|100%| O|  |TAMS 0x0000000082d00000, 0x0000000082d00000| Untracked 
|  46|0x0000000082e00000, 0x0000000082f00000, 0x0000000082f00000|100%| O|  |TAMS 0x0000000082e00000, 0x0000000082e00000| Untracked 
|  47|0x0000000082f00000, 0x0000000083000000, 0x0000000083000000|100%| O|  |TAMS 0x0000000082f00000, 0x0000000082f00000| Untracked 
|  48|0x0000000083000000, 0x0000000083100000, 0x0000000083100000|100%| O|  |TAMS 0x0000000083000000, 0x0000000083000000| Untracked 
|  49|0x0000000083100000, 0x0000000083200000, 0x0000000083200000|100%| O|  |TAMS 0x0000000083100000, 0x0000000083100000| Untracked 
|  50|0x0000000083200000, 0x0000000083300000, 0x0000000083300000|100%| O|  |TAMS 0x0000000083200000, 0x0000000083200000| Untracked 
|  51|0x0000000083300000, 0x0000000083400000, 0x0000000083400000|100%| O|  |TAMS 0x0000000083300000, 0x0000000083300000| Untracked 
|  52|0x0000000083400000, 0x0000000083500000, 0x0000000083500000|100%| O|  |TAMS 0x0000000083400000, 0x0000000083400000| Untracked 
|  53|0x0000000083500000, 0x0000000083600000, 0x0000000083600000|100%| O|  |TAMS 0x0000000083500000, 0x0000000083500000| Untracked 
|  54|0x0000000083600000, 0x0000000083700000, 0x0000000083700000|100%| O|  |TAMS 0x0000000083600000, 0x0000000083600000| Untracked 
|  55|0x0000000083700000, 0x0000000083800000, 0x0000000083800000|100%| O|  |TAMS 0x0000000083700000, 0x0000000083700000| Untracked 
|  56|0x0000000083800000, 0x0000000083900000, 0x0000000083900000|100%| O|  |TAMS 0x0000000083800000, 0x0000000083800000| Untracked 
|  57|0x0000000083900000, 0x0000000083a00000, 0x0000000083a00000|100%| O|  |TAMS 0x0000000083900000, 0x0000000083900000| Untracked 
|  58|0x0000000083a00000, 0x0000000083b00000, 0x0000000083b00000|100%| O|  |TAMS 0x0000000083a00000, 0x0000000083a00000| Untracked 
|  59|0x0000000083b00000, 0x0000000083c00000, 0x0000000083c00000|100%| O|  |TAMS 0x0000000083b00000, 0x0000000083b00000| Untracked 
|  60|0x0000000083c00000, 0x0000000083d00000, 0x0000000083d00000|100%| O|  |TAMS 0x0000000083c00000, 0x0000000083c00000| Untracked 
|  61|0x0000000083d00000, 0x0000000083e00000, 0x0000000083e00000|100%| O|  |TAMS 0x0000000083d00000, 0x0000000083d00000| Untracked 
|  62|0x0000000083e00000, 0x0000000083e66000, 0x0000000083f00000| 39%| O|  |TAMS 0x0000000083e00000, 0x0000000083e00000| Untracked 
|  63|0x0000000083f00000, 0x0000000083f00000, 0x0000000084000000|  0%| F|  |TAMS 0x0000000083f00000, 0x0000000083f00000| Untracked 
|  64|0x0000000084000000, 0x0000000084000000, 0x0000000084100000|  0%| F|  |TAMS 0x0000000084000000, 0x0000000084000000| Untracked 
|  65|0x0000000084100000, 0x0000000084100000, 0x0000000084200000|  0%| F|  |TAMS 0x0000000084100000, 0x0000000084100000| Untracked 
|  66|0x0000000084200000, 0x0000000084200000, 0x0000000084300000|  0%| F|  |TAMS 0x0000000084200000, 0x0000000084200000| Untracked 
|  67|0x0000000084300000, 0x0000000084300000, 0x0000000084400000|  0%| F|  |TAMS 0x0000000084300000, 0x0000000084300000| Untracked 
|  68|0x0000000084400000, 0x0000000084400000, 0x0000000084500000|  0%| F|  |TAMS 0x0000000084400000, 0x0000000084400000| Untracked 
|  69|0x0000000084500000, 0x0000000084500000, 0x0000000084600000|  0%| F|  |TAMS 0x0000000084500000, 0x0000000084500000| Untracked 
|  70|0x0000000084600000, 0x0000000084600000, 0x0000000084700000|  0%| F|  |TAMS 0x0000000084600000, 0x0000000084600000| Untracked 
|  71|0x0000000084700000, 0x0000000084700000, 0x0000000084800000|  0%| F|  |TAMS 0x0000000084700000, 0x0000000084700000| Untracked 
|  72|0x0000000084800000, 0x0000000084800000, 0x0000000084900000|  0%| F|  |TAMS 0x0000000084800000, 0x0000000084800000| Untracked 
|  73|0x0000000084900000, 0x0000000084900000, 0x0000000084a00000|  0%| F|  |TAMS 0x0000000084900000, 0x0000000084900000| Untracked 
|  74|0x0000000084a00000, 0x0000000084a00000, 0x0000000084b00000|  0%| F|  |TAMS 0x0000000084a00000, 0x0000000084a00000| Untracked 
|  75|0x0000000084b00000, 0x0000000084b00000, 0x0000000084c00000|  0%| F|  |TAMS 0x0000000084b00000, 0x0000000084b00000| Untracked 
|  76|0x0000000084c00000, 0x0000000084c00000, 0x0000000084d00000|  0%| F|  |TAMS 0x0000000084c00000, 0x0000000084c00000| Untracked 
|  77|0x0000000084d00000, 0x0000000084d00000, 0x0000000084e00000|  0%| F|  |TAMS 0x0000000084d00000, 0x0000000084d00000| Untracked 
|  78|0x0000000084e00000, 0x0000000084e00000, 0x0000000084f00000|  0%| F|  |TAMS 0x0000000084e00000, 0x0000000084e00000| Untracked 
|  79|0x0000000084f00000, 0x0000000084f00000, 0x0000000085000000|  0%| F|  |TAMS 0x0000000084f00000, 0x0000000084f00000| Untracked 
|  80|0x0000000085000000, 0x0000000085000000, 0x0000000085100000|  0%| F|  |TAMS 0x0000000085000000, 0x0000000085000000| Untracked 
|  81|0x0000000085100000, 0x0000000085100000, 0x0000000085200000|  0%| F|  |TAMS 0x0000000085100000, 0x0000000085100000| Untracked 
|  82|0x0000000085200000, 0x0000000085200000, 0x0000000085300000|  0%| F|  |TAMS 0x0000000085200000, 0x0000000085200000| Untracked 
|  83|0x0000000085300000, 0x0000000085300000, 0x0000000085400000|  0%| F|  |TAMS 0x0000000085300000, 0x0000000085300000| Untracked 
|  84|0x0000000085400000, 0x0000000085400000, 0x0000000085500000|  0%| F|  |TAMS 0x0000000085400000, 0x0000000085400000| Untracked 
|  85|0x0000000085500000, 0x0000000085500000, 0x0000000085600000|  0%| F|  |TAMS 0x0000000085500000, 0x0000000085500000| Untracked 
|  86|0x0000000085600000, 0x000000008568b628, 0x0000000085700000| 54%| S|CS|TAMS 0x0000000085600000, 0x0000000085600000| Complete 
|  87|0x0000000085700000, 0x0000000085800000, 0x0000000085800000|100%| S|CS|TAMS 0x0000000085700000, 0x0000000085700000| Complete 
|  88|0x0000000085800000, 0x0000000085900000, 0x0000000085900000|100%| S|CS|TAMS 0x0000000085800000, 0x0000000085800000| Complete 
|  89|0x0000000085900000, 0x0000000085a00000, 0x0000000085a00000|100%| S|CS|TAMS 0x0000000085900000, 0x0000000085900000| Complete 
|  90|0x0000000085a00000, 0x0000000085b00000, 0x0000000085b00000|100%| S|CS|TAMS 0x0000000085a00000, 0x0000000085a00000| Complete 
|  91|0x0000000085b00000, 0x0000000085c00000, 0x0000000085c00000|100%| S|CS|TAMS 0x0000000085b00000, 0x0000000085b00000| Complete 
|  92|0x0000000085c00000, 0x0000000085c00000, 0x0000000085d00000|  0%| F|  |TAMS 0x0000000085c00000, 0x0000000085c00000| Untracked 
|  93|0x0000000085d00000, 0x0000000085d00000, 0x0000000085e00000|  0%| F|  |TAMS 0x0000000085d00000, 0x0000000085d00000| Untracked 
|  94|0x0000000085e00000, 0x0000000085e00000, 0x0000000085f00000|  0%| F|  |TAMS 0x0000000085e00000, 0x0000000085e00000| Untracked 
|  95|0x0000000085f00000, 0x0000000085f00000, 0x0000000086000000|  0%| F|  |TAMS 0x0000000085f00000, 0x0000000085f00000| Untracked 
|  96|0x0000000086000000, 0x0000000086100000, 0x0000000086100000|100%| S|CS|TAMS 0x0000000086000000, 0x0000000086000000| Complete 
|  97|0x0000000086100000, 0x0000000086100000, 0x0000000086200000|  0%| F|  |TAMS 0x0000000086100000, 0x0000000086100000| Untracked 
|  98|0x0000000086200000, 0x0000000086200000, 0x0000000086300000|  0%| F|  |TAMS 0x0000000086200000, 0x0000000086200000| Untracked 
|  99|0x0000000086300000, 0x0000000086300000, 0x0000000086400000|  0%| F|  |TAMS 0x0000000086300000, 0x0000000086300000| Untracked 
| 100|0x0000000086400000, 0x0000000086400000, 0x0000000086500000|  0%| F|  |TAMS 0x0000000086400000, 0x0000000086400000| Untracked 
| 101|0x0000000086500000, 0x0000000086500000, 0x0000000086600000|  0%| F|  |TAMS 0x0000000086500000, 0x0000000086500000| Untracked 
| 102|0x0000000086600000, 0x0000000086600000, 0x0000000086700000|  0%| F|  |TAMS 0x0000000086600000, 0x0000000086600000| Untracked 
| 103|0x0000000086700000, 0x0000000086700000, 0x0000000086800000|  0%| F|  |TAMS 0x0000000086700000, 0x0000000086700000| Untracked 
| 104|0x0000000086800000, 0x0000000086800000, 0x0000000086900000|  0%| F|  |TAMS 0x0000000086800000, 0x0000000086800000| Untracked 
| 105|0x0000000086900000, 0x0000000086900000, 0x0000000086a00000|  0%| F|  |TAMS 0x0000000086900000, 0x0000000086900000| Untracked 
| 106|0x0000000086a00000, 0x0000000086a00000, 0x0000000086b00000|  0%| F|  |TAMS 0x0000000086a00000, 0x0000000086a00000| Untracked 
| 107|0x0000000086b00000, 0x0000000086b00000, 0x0000000086c00000|  0%| F|  |TAMS 0x0000000086b00000, 0x0000000086b00000| Untracked 
| 108|0x0000000086c00000, 0x0000000086c00000, 0x0000000086d00000|  0%| F|  |TAMS 0x0000000086c00000, 0x0000000086c00000| Untracked 
| 109|0x0000000086d00000, 0x0000000086d00000, 0x0000000086e00000|  0%| F|  |TAMS 0x0000000086d00000, 0x0000000086d00000| Untracked 
| 110|0x0000000086e00000, 0x0000000086e00000, 0x0000000086f00000|  0%| F|  |TAMS 0x0000000086e00000, 0x0000000086e00000| Untracked 
| 111|0x0000000086f00000, 0x0000000086f00000, 0x0000000087000000|  0%| F|  |TAMS 0x0000000086f00000, 0x0000000086f00000| Untracked 
| 112|0x0000000087000000, 0x0000000087000000, 0x0000000087100000|  0%| F|  |TAMS 0x0000000087000000, 0x0000000087000000| Untracked 
| 113|0x0000000087100000, 0x0000000087100000, 0x0000000087200000|  0%| F|  |TAMS 0x0000000087100000, 0x0000000087100000| Untracked 
| 114|0x0000000087200000, 0x0000000087200000, 0x0000000087300000|  0%| F|  |TAMS 0x0000000087200000, 0x0000000087200000| Untracked 
| 115|0x0000000087300000, 0x0000000087300000, 0x0000000087400000|  0%| F|  |TAMS 0x0000000087300000, 0x0000000087300000| Untracked 
| 116|0x0000000087400000, 0x0000000087400000, 0x0000000087500000|  0%| F|  |TAMS 0x0000000087400000, 0x0000000087400000| Untracked 
| 117|0x0000000087500000, 0x0000000087500000, 0x0000000087600000|  0%| F|  |TAMS 0x0000000087500000, 0x0000000087500000| Untracked 
| 118|0x0000000087600000, 0x0000000087600000, 0x0000000087700000|  0%| F|  |TAMS 0x0000000087600000, 0x0000000087600000| Untracked 
| 119|0x0000000087700000, 0x0000000087700000, 0x0000000087800000|  0%| F|  |TAMS 0x0000000087700000, 0x0000000087700000| Untracked 
| 120|0x0000000087800000, 0x0000000087800000, 0x0000000087900000|  0%| F|  |TAMS 0x0000000087800000, 0x0000000087800000| Untracked 
| 121|0x0000000087900000, 0x0000000087900000, 0x0000000087a00000|  0%| F|  |TAMS 0x0000000087900000, 0x0000000087900000| Untracked 
| 122|0x0000000087a00000, 0x0000000087a00000, 0x0000000087b00000|  0%| F|  |TAMS 0x0000000087a00000, 0x0000000087a00000| Untracked 
| 123|0x0000000087b00000, 0x0000000087b00000, 0x0000000087c00000|  0%| F|  |TAMS 0x0000000087b00000, 0x0000000087b00000| Untracked 
| 124|0x0000000087c00000, 0x0000000087c00000, 0x0000000087d00000|  0%| F|  |TAMS 0x0000000087c00000, 0x0000000087c00000| Untracked 
| 125|0x0000000087d00000, 0x0000000087d00000, 0x0000000087e00000|  0%| F|  |TAMS 0x0000000087d00000, 0x0000000087d00000| Untracked 
| 126|0x0000000087e00000, 0x0000000087e00000, 0x0000000087f00000|  0%| F|  |TAMS 0x0000000087e00000, 0x0000000087e00000| Untracked 
| 127|0x0000000087f00000, 0x0000000087f00000, 0x0000000088000000|  0%| F|  |TAMS 0x0000000087f00000, 0x0000000087f00000| Untracked 
| 128|0x0000000088000000, 0x0000000088000000, 0x0000000088100000|  0%| F|  |TAMS 0x0000000088000000, 0x0000000088000000| Untracked 
| 129|0x0000000088100000, 0x0000000088100000, 0x0000000088200000|  0%| F|  |TAMS 0x0000000088100000, 0x0000000088100000| Untracked 
| 130|0x0000000088200000, 0x0000000088200000, 0x0000000088300000|  0%| F|  |TAMS 0x0000000088200000, 0x0000000088200000| Untracked 
| 131|0x0000000088300000, 0x0000000088300000, 0x0000000088400000|  0%| F|  |TAMS 0x0000000088300000, 0x0000000088300000| Untracked 
| 132|0x0000000088400000, 0x0000000088400000, 0x0000000088500000|  0%| F|  |TAMS 0x0000000088400000, 0x0000000088400000| Untracked 
| 133|0x0000000088500000, 0x0000000088500000, 0x0000000088600000|  0%| F|  |TAMS 0x0000000088500000, 0x0000000088500000| Untracked 
| 134|0x0000000088600000, 0x0000000088600000, 0x0000000088700000|  0%| F|  |TAMS 0x0000000088600000, 0x0000000088600000| Untracked 
| 135|0x0000000088700000, 0x0000000088700000, 0x0000000088800000|  0%| F|  |TAMS 0x0000000088700000, 0x0000000088700000| Untracked 
| 136|0x0000000088800000, 0x0000000088800000, 0x0000000088900000|  0%| F|  |TAMS 0x0000000088800000, 0x0000000088800000| Untracked 
| 137|0x0000000088900000, 0x0000000088900000, 0x0000000088a00000|  0%| F|  |TAMS 0x0000000088900000, 0x0000000088900000| Untracked 
| 138|0x0000000088a00000, 0x0000000088a00000, 0x0000000088b00000|  0%| F|  |TAMS 0x0000000088a00000, 0x0000000088a00000| Untracked 
| 139|0x0000000088b00000, 0x0000000088b00000, 0x0000000088c00000|  0%| F|  |TAMS 0x0000000088b00000, 0x0000000088b00000| Untracked 
| 140|0x0000000088c00000, 0x0000000088c00000, 0x0000000088d00000|  0%| F|  |TAMS 0x0000000088c00000, 0x0000000088c00000| Untracked 
| 141|0x0000000088d00000, 0x0000000088d00000, 0x0000000088e00000|  0%| F|  |TAMS 0x0000000088d00000, 0x0000000088d00000| Untracked 
| 142|0x0000000088e00000, 0x0000000088e00000, 0x0000000088f00000|  0%| F|  |TAMS 0x0000000088e00000, 0x0000000088e00000| Untracked 
| 143|0x0000000088f00000, 0x0000000088f00000, 0x0000000089000000|  0%| F|  |TAMS 0x0000000088f00000, 0x0000000088f00000| Untracked 
| 144|0x0000000089000000, 0x0000000089000000, 0x0000000089100000|  0%| F|  |TAMS 0x0000000089000000, 0x0000000089000000| Untracked 
| 145|0x0000000089100000, 0x0000000089100000, 0x0000000089200000|  0%| F|  |TAMS 0x0000000089100000, 0x0000000089100000| Untracked 
| 146|0x0000000089200000, 0x0000000089200000, 0x0000000089300000|  0%| F|  |TAMS 0x0000000089200000, 0x0000000089200000| Untracked 
| 147|0x0000000089300000, 0x0000000089300000, 0x0000000089400000|  0%| F|  |TAMS 0x0000000089300000, 0x0000000089300000| Untracked 
| 148|0x0000000089400000, 0x0000000089400000, 0x0000000089500000|  0%| F|  |TAMS 0x0000000089400000, 0x0000000089400000| Untracked 
| 149|0x0000000089500000, 0x0000000089500000, 0x0000000089600000|  0%| F|  |TAMS 0x0000000089500000, 0x0000000089500000| Untracked 
| 150|0x0000000089600000, 0x0000000089600000, 0x0000000089700000|  0%| F|  |TAMS 0x0000000089600000, 0x0000000089600000| Untracked 
| 151|0x0000000089700000, 0x0000000089700000, 0x0000000089800000|  0%| F|  |TAMS 0x0000000089700000, 0x0000000089700000| Untracked 
| 152|0x0000000089800000, 0x0000000089800000, 0x0000000089900000|  0%| F|  |TAMS 0x0000000089800000, 0x0000000089800000| Untracked 
| 153|0x0000000089900000, 0x0000000089900000, 0x0000000089a00000|  0%| F|  |TAMS 0x0000000089900000, 0x0000000089900000| Untracked 

Card table byte_map: [0x000001f49ea50000,0x000001f49ee50000] _byte_map_base: 0x000001f49e650000

Marking Bits (Prev, Next): (CMBitMap*) 0x000001f48b863908, (CMBitMap*) 0x000001f48b863940
 Prev Bits: [0x000001f49f250000, 0x000001f4a1250000)
 Next Bits: [0x000001f4a1250000, 0x000001f4a3250000)

Polling page: 0x000001f4897e0000

Metaspace:

Usage:
  Non-class:     74.10 MB capacity,    72.84 MB ( 98%) used,     1.02 MB (  1%) free+waste,   250.75 KB ( <1%) overhead. 
      Class:     11.77 MB capacity,    10.95 MB ( 93%) used,   726.02 KB (  6%) free+waste,   115.81 KB ( <1%) overhead. 
       Both:     85.87 MB capacity,    83.78 MB ( 98%) used,     1.73 MB (  2%) free+waste,   366.56 KB ( <1%) overhead. 

Virtual space:
  Non-class space:       76.00 MB reserved,      74.29 MB ( 98%) committed 
      Class space:        1.00 GB reserved,      11.88 MB (  1%) committed 
             Both:        1.07 GB reserved,      86.16 MB (  8%) committed 

Chunk freelists:
   Non-Class:  61.00 KB
       Class:  14.00 KB
        Both:  75.00 KB

MaxMetaspaceSize: 17179869184.00 GB
CompressedClassSpaceSize: 1.00 GB

CodeHeap 'non-profiled nmethods': size=120000Kb used=5490Kb max_used=5490Kb free=114510Kb
 bounds [0x000001f496df0000, 0x000001f497350000, 0x000001f49e320000]
CodeHeap 'profiled nmethods': size=120000Kb used=20458Kb max_used=20458Kb free=99542Kb
 bounds [0x000001f48f8c0000, 0x000001f490cc0000, 0x000001f496df0000]
CodeHeap 'non-nmethods': size=5760Kb used=2284Kb max_used=2351Kb free=3475Kb
 bounds [0x000001f48f320000, 0x000001f48f590000, 0x000001f48f8c0000]
 total_blobs=10313 nmethods=9428 adapters=796
 compilation: enabled
              stopped_count=0, restarted_count=0
 full_count=0

Compilation events (20 events):
Event: 13.092 Thread 0x000001f4a65d7000 nmethod 9459 0x000001f490cb6590 code [0x000001f490cb6740, 0x000001f490cb6848]
Event: 13.092 Thread 0x000001f4a65d7000 9460   !   2       org.gradle.internal.operations.DefaultBuildOperationQueue::completeOperations (47 bytes)
Event: 13.093 Thread 0x000001f4a65d7000 nmethod 9460 0x000001f490cb6910 code [0x000001f490cb6b40, 0x000001f490cb6f28]
Event: 13.094 Thread 0x000001f4a65d7000 9461       2       sun.nio.ch.FileDispatcherImpl::read (8 bytes)
Event: 13.094 Thread 0x000001f4a65d7000 nmethod 9461 0x000001f490cb7310 code [0x000001f490cb74c0, 0x000001f490cb75c8]
Event: 13.094 Thread 0x000001f4a65d7000 9463       2       java.nio.file.Paths::get (6 bytes)
Event: 13.095 Thread 0x000001f4a65d7000 nmethod 9463 0x000001f490cb7690 code [0x000001f490cb7840, 0x000001f490cb79a8]
Event: 13.095 Thread 0x000001f4a65d7000 9464       2       org.gradle.internal.execution.impl.DefaultWorkValidationContext::getProblems (8 bytes)
Event: 13.095 Thread 0x000001f4a65d7000 nmethod 9464 0x000001f490cb7a90 code [0x000001f490cb7c40, 0x000001f490cb7d68]
Event: 13.097 Thread 0x000001f4a65d7000 9465       2       org.gradle.internal.execution.steps.CaptureStateBeforeExecutionStep$ImplementationsBuilder::visitImplementation (25 bytes)
Event: 13.098 Thread 0x000001f4a65d7000 nmethod 9465 0x000001f490cb7e90 code [0x000001f490cb8080, 0x000001f490cb83d8]
Event: 13.098 Thread 0x000001f4a65d7000 9466   !   2       sun.nio.ch.ChannelInputStream::read (95 bytes)
Event: 13.098 Thread 0x000001f4a65d7000 nmethod 9466 0x000001f490cb8590 code [0x000001f490cb87c0, 0x000001f490cb8c68]
Event: 13.098 Thread 0x000001f4a65d7000 9467       2       org.gradle.internal.snapshot.RelativePathTracker::<init> (16 bytes)
Event: 13.098 Thread 0x000001f4a65d7000 nmethod 9467 0x000001f490cb8f90 code [0x000001f490cb9140, 0x000001f490cb93f8]
Event: 13.098 Thread 0x000001f4a65d7000 9468       2       sun.nio.ch.FileChannelImpl::open (16 bytes)
Event: 13.099 Thread 0x000001f4a65d7000 nmethod 9468 0x000001f490cb9510 code [0x000001f490cb96c0, 0x000001f490cb9848]
Event: 13.099 Thread 0x000001f4a65d7000 9469       2       org.gradle.internal.snapshot.MerkleDirectorySnapshotBuilder::<init> (21 bytes)
Event: 13.099 Thread 0x000001f4a65d7000 nmethod 9469 0x000001f490cb9910 code [0x000001f490cb9ac0, 0x000001f490cb9d78]
Event: 13.099 Thread 0x000001f4a65d7000 9470       2       sun.nio.fs.WindowsFileAttributeViews$BasicWithKey::readAttributes (5 bytes)

GC Heap History (20 events):
Event: 5.814 GC heap after
{Heap after GC invocations=8 (full 0):
 garbage-first heap   total 131072K, used 27665K [0x0000000080000000, 0x0000000100000000)
  region size 1024K, 9 young (9216K), 9 survivors (9216K)
 Metaspace       used 39627K, capacity 40577K, committed 40732K, reserved 1085440K
  class space    used 5070K, capacity 5428K, committed 5504K, reserved 1048576K
}
Event: 6.707 GC heap before
{Heap before GC invocations=8 (full 0):
 garbage-first heap   total 131072K, used 90129K [0x0000000080000000, 0x0000000100000000)
  region size 1024K, 70 young (71680K), 9 survivors (9216K)
 Metaspace       used 45371K, capacity 46401K, committed 46620K, reserved 1089536K
  class space    used 5821K, capacity 6208K, committed 6272K, reserved 1048576K
}
Event: 6.715 GC heap after
{Heap after GC invocations=9 (full 0):
 garbage-first heap   total 131072K, used 29713K [0x0000000080000000, 0x0000000100000000)
  region size 1024K, 3 young (3072K), 3 survivors (3072K)
 Metaspace       used 45371K, capacity 46401K, committed 46620K, reserved 1089536K
  class space    used 5821K, capacity 6208K, committed 6272K, reserved 1048576K
}
Event: 7.635 GC heap before
{Heap before GC invocations=9 (full 0):
 garbage-first heap   total 131072K, used 97297K [0x0000000080000000, 0x0000000100000000)
  region size 1024K, 65 young (66560K), 3 survivors (3072K)
 Metaspace       used 47923K, capacity 49113K, committed 49308K, reserved 1091584K
  class space    used 6122K, capacity 6598K, committed 6656K, reserved 1048576K
}
Event: 7.640 GC heap after
{Heap after GC invocations=10 (full 0):
 garbage-first heap   total 131072K, used 41585K [0x0000000080000000, 0x0000000100000000)
  region size 1024K, 9 young (9216K), 9 survivors (9216K)
 Metaspace       used 47923K, capacity 49113K, committed 49308K, reserved 1091584K
  class space    used 6122K, capacity 6598K, committed 6656K, reserved 1048576K
}
Event: 8.207 GC heap before
{Heap before GC invocations=10 (full 0):
 garbage-first heap   total 131072K, used 97905K [0x0000000080000000, 0x0000000100000000)
  region size 1024K, 64 young (65536K), 9 survivors (9216K)
 Metaspace       used 54827K, capacity 56186K, committed 56348K, reserved 1097728K
  class space    used 6978K, capacity 7472K, committed 7552K, reserved 1048576K
}
Event: 8.216 GC heap after
{Heap after GC invocations=11 (full 0):
 garbage-first heap   total 131072K, used 45625K [0x0000000080000000, 0x0000000100000000)
  region size 1024K, 4 young (4096K), 4 survivors (4096K)
 Metaspace       used 54827K, capacity 56186K, committed 56348K, reserved 1097728K
  class space    used 6978K, capacity 7472K, committed 7552K, reserved 1048576K
}
Event: 8.633 GC heap before
{Heap before GC invocations=11 (full 0):
 garbage-first heap   total 131072K, used 74297K [0x0000000080000000, 0x0000000100000000)
  region size 1024K, 33 young (33792K), 4 survivors (4096K)
 Metaspace       used 59040K, capacity 60416K, committed 60572K, reserved 1101824K
  class space    used 7515K, capacity 8070K, committed 8192K, reserved 1048576K
}
Event: 8.641 GC heap after
{Heap after GC invocations=12 (full 0):
 garbage-first heap   total 157696K, used 47007K [0x0000000080000000, 0x0000000100000000)
  region size 1024K, 5 young (5120K), 5 survivors (5120K)
 Metaspace       used 59040K, capacity 60416K, committed 60572K, reserved 1101824K
  class space    used 7515K, capacity 8070K, committed 8192K, reserved 1048576K
}
Event: 9.433 GC heap before
{Heap before GC invocations=13 (full 0):
 garbage-first heap   total 157696K, used 111519K [0x0000000080000000, 0x0000000100000000)
  region size 1024K, 68 young (69632K), 5 survivors (5120K)
 Metaspace       used 64516K, capacity 65913K, committed 66216K, reserved 1107968K
  class space    used 8205K, capacity 8779K, committed 8832K, reserved 1048576K
}
Event: 9.449 GC heap after
{Heap after GC invocations=14 (full 0):
 garbage-first heap   total 157696K, used 52003K [0x0000000080000000, 0x0000000100000000)
  region size 1024K, 7 young (7168K), 7 survivors (7168K)
 Metaspace       used 64516K, capacity 65913K, committed 66216K, reserved 1107968K
  class space    used 8205K, capacity 8779K, committed 8832K, reserved 1048576K
}
Event: 10.132 GC heap before
{Heap before GC invocations=15 (full 0):
 garbage-first heap   total 157696K, used 115491K [0x0000000080000000, 0x0000000100000000)
  region size 1024K, 69 young (70656K), 7 survivors (7168K)
 Metaspace       used 69300K, capacity 70914K, committed 71080K, reserved 1112064K
  class space    used 8982K, capacity 9567K, committed 9600K, reserved 1048576K
}
Event: 10.140 GC heap after
{Heap after GC invocations=16 (full 0):
 garbage-first heap   total 157696K, used 56238K [0x0000000080000000, 0x0000000100000000)
  region size 1024K, 5 young (5120K), 5 survivors (5120K)
 Metaspace       used 69300K, capacity 70914K, committed 71080K, reserved 1112064K
  class space    used 8982K, capacity 9567K, committed 9600K, reserved 1048576K
}
Event: 11.066 GC heap before
{Heap before GC invocations=16 (full 0):
 garbage-first heap   total 157696K, used 118702K [0x0000000080000000, 0x0000000100000000)
  region size 1024K, 66 young (67584K), 5 survivors (5120K)
 Metaspace       used 75971K, capacity 77745K, committed 77992K, reserved 1116160K
  class space    used 9930K, capacity 10605K, committed 10624K, reserved 1048576K
}
Event: 11.072 GC heap after
{Heap after GC invocations=17 (full 0):
 garbage-first heap   total 157696K, used 59783K [0x0000000080000000, 0x0000000100000000)
  region size 1024K, 8 young (8192K), 8 survivors (8192K)
 Metaspace       used 75971K, capacity 77745K, committed 77992K, reserved 1116160K
  class space    used 9930K, capacity 10605K, committed 10624K, reserved 1048576K
}
Event: 11.969 GC heap before
{Heap before GC invocations=17 (full 0):
 garbage-first heap   total 157696K, used 121223K [0x0000000080000000, 0x0000000100000000)
  region size 1024K, 69 young (70656K), 8 survivors (8192K)
 Metaspace       used 80236K, capacity 82334K, committed 82472K, reserved 1120256K
  class space    used 10587K, capacity 11406K, committed 11520K, reserved 1048576K
}
Event: 11.983 GC heap after
{Heap after GC invocations=18 (full 0):
 garbage-first heap   total 157696K, used 64364K [0x0000000080000000, 0x0000000100000000)
  region size 1024K, 9 young (9216K), 9 survivors (9216K)
 Metaspace       used 80236K, capacity 82334K, committed 82472K, reserved 1120256K
  class space    used 10587K, capacity 11406K, committed 11520K, reserved 1048576K
}
Event: 12.680 GC heap before
{Heap before GC invocations=18 (full 0):
 garbage-first heap   total 157696K, used 122732K [0x0000000080000000, 0x0000000100000000)
  region size 1024K, 67 young (68608K), 9 survivors (9216K)
 Metaspace       used 82175K, capacity 84402K, committed 84648K, reserved 1122304K
  class space    used 10755K, capacity 11601K, committed 11648K, reserved 1048576K
}
Event: 12.692 GC heap after
{Heap after GC invocations=19 (full 0):
 garbage-first heap   total 157696K, used 67925K [0x0000000080000000, 0x0000000100000000)
  region size 1024K, 4 young (4096K), 4 survivors (4096K)
 Metaspace       used 82175K, capacity 84402K, committed 84648K, reserved 1122304K
  class space    used 10755K, capacity 11601K, committed 11648K, reserved 1048576K
}
Event: 13.101 GC heap before
{Heap before GC invocations=19 (full 0):
 garbage-first heap   total 157696K, used 125269K [0x0000000080000000, 0x0000000100000000)
  region size 1024K, 61 young (62464K), 4 survivors (4096K)
 Metaspace       used 85794K, capacity 87933K, committed 88232K, reserved 1126400K
  class space    used 11208K, capacity 12050K, committed 12160K, reserved 1048576K
}

Deoptimization events (20 events):
Event: 12.552 Thread 0x000001f4b1b77000 DEOPT PACKING pc=0x000001f4973185c0 sp=0x000000d8f1efbdd0
Event: 12.552 Thread 0x000001f4b1b77000 DEOPT UNPACKING pc=0x000001f48f34662f sp=0x000000d8f1efbcd0 mode 2
Event: 12.554 Thread 0x000001f4b1b77000 DEOPT PACKING pc=0x000001f49083c13a sp=0x000000d8f1efe290
Event: 12.554 Thread 0x000001f4b1b77000 DEOPT UNPACKING pc=0x000001f48f346dde sp=0x000000d8f1efd7d8 mode 0
Event: 12.609 Thread 0x000001f4b089e000 DEOPT PACKING pc=0x000001f4908aa944 sp=0x000000d8ed4fbb30
Event: 12.609 Thread 0x000001f4b089e000 DEOPT UNPACKING pc=0x000001f48f346dde sp=0x000000d8ed4fb0d0 mode 0
Event: 12.644 Thread 0x000001f4acdd6800 DEOPT PACKING pc=0x000001f490b6e97d sp=0x000000d8eabfe4e0
Event: 12.644 Thread 0x000001f4acdd6800 DEOPT UNPACKING pc=0x000001f48f346dde sp=0x000000d8eabfd9a8 mode 0
Event: 12.650 Thread 0x000001f4b1b77000 Uncommon trap: trap_request=0xffffff4d fr.pc=0x000001f497329be0 relative=0x00000000000001a0
Event: 12.650 Thread 0x000001f4b1b77000 Uncommon trap: reason=unstable_if action=reinterpret pc=0x000001f497329be0 method=org.gradle.internal.hash.HashCode.equals(Ljava/lang/Object;)Z @ 66 c2
Event: 12.650 Thread 0x000001f4b1b77000 DEOPT PACKING pc=0x000001f497329be0 sp=0x000000d8f1efcc90
Event: 12.650 Thread 0x000001f4b1b77000 DEOPT UNPACKING pc=0x000001f48f34662f sp=0x000000d8f1efcc08 mode 2
Event: 13.032 Thread 0x000001f4b1b77000 Uncommon trap: trap_request=0xffffff4d fr.pc=0x000001f496edd798 relative=0x0000000000000078
Event: 13.032 Thread 0x000001f4b1b77000 Uncommon trap: reason=unstable_if action=reinterpret pc=0x000001f496edd798 method=java.lang.Integer.stringSize(I)I @ 19 c2
Event: 13.032 Thread 0x000001f4b1b77000 DEOPT PACKING pc=0x000001f496edd798 sp=0x000000d8f1efa9c0
Event: 13.032 Thread 0x000001f4b1b77000 DEOPT UNPACKING pc=0x000001f48f34662f sp=0x000000d8f1efa940 mode 2
Event: 13.068 Thread 0x000001f4b1f4d800 Uncommon trap: trap_request=0xffffff4d fr.pc=0x000001f4970ff5a8 relative=0x0000000000000468
Event: 13.068 Thread 0x000001f4b1f4d800 Uncommon trap: reason=unstable_if action=reinterpret pc=0x000001f4970ff5a8 method=org.apache.xerces.util.SymbolTable.addSymbol([CII)Ljava/lang/String; @ 36 c2
Event: 13.068 Thread 0x000001f4b1f4d800 DEOPT PACKING pc=0x000001f4970ff5a8 sp=0x000000d8f23fd850
Event: 13.068 Thread 0x000001f4b1f4d800 DEOPT UNPACKING pc=0x000001f48f34662f sp=0x000000d8f23fd7e8 mode 2

Classes redefined (0 events):
No events

Internal exceptions (20 events):
Event: 11.602 Thread 0x000001f4b1b78000 Exception <a 'java/lang/NoSuchMethodError'{0x00000000878f85b8}: 'java.lang.Object java.lang.invoke.DirectMethodHandle$Holder.invokeInterface(java.lang.Object, java.lang.Object, int)'> (0x00000000878f85b8) thrown at [./src/hotspot/share/interpreter/linkResolver.cpp, line 773]
Event: 11.605 Thread 0x000001f4b1b78000 Exception <a 'java/lang/NoSuchMethodError'{0x00000000877380c0}: 'void java.lang.invoke.DirectMethodHandle$Holder.invokeStatic(java.lang.Object, java.lang.Object, java.lang.Object, int)'> (0x00000000877380c0) thrown at [./src/hotspot/share/interpreter/linkResolver.cpp, line 773]
Event: 11.646 Thread 0x000001f4b1b78000 Exception <a 'java/lang/IncompatibleClassChangeError'{0x00000000876bbe38}: Found class java.lang.Object, but interface was expected> (0x00000000876bbe38) thrown at [./src/hotspot/share/interpreter/linkResolver.cpp, line 839]
Event: 11.650 Thread 0x000001f4b1b78000 Exception <a 'java/lang/IncompatibleClassChangeError'{0x00000000876f9408}: Found class java.lang.Object, but interface was expected> (0x00000000876f9408) thrown at [./src/hotspot/share/interpreter/linkResolver.cpp, line 839]
Event: 11.692 Thread 0x000001f4b1b78000 Exception <a 'java/lang/NoSuchMethodError'{0x0000000087335488}: 'int java.lang.invoke.DirectMethodHandle$Holder.invokeStaticInit(java.lang.Object, java.lang.Object, java.lang.Object, java.lang.Object, java.lang.Object)'> (0x0000000087335488) thrown at [./src/hotspot/share/interpreter/linkResolver.cpp, line 773]
Event: 11.860 Thread 0x000001f4b1b78000 Exception <a 'java/lang/NoSuchMethodError'{0x0000000086ccecf8}: 'void java.lang.invoke.DirectMethodHandle$Holder.invokeStatic(java.lang.Object, java.lang.Object, java.lang.Object, java.lang.Object, int, java.lang.Object, java.lang.Object)'> (0x0000000086ccecf8) thrown at [./src/hotspot/share/interpreter/linkResolver.cpp, line 773]
Event: 11.892 Thread 0x000001f4af54d000 Exception <a 'java/lang/NoSuchMethodError'{0x00000000865cb958}: 'java.lang.Object java.lang.invoke.DirectMethodHandle$Holder.invokeSpecialIFC(java.lang.Object, java.lang.Object, java.lang.Object)'> (0x00000000865cb958) thrown at [./src/hotspot/share/interpreter/linkResolver.cpp, line 773]
Event: 11.892 Thread 0x000001f4b162d000 Exception <a 'java/lang/NoSuchMethodError'{0x00000000865959c0}: 'java.lang.Object java.lang.invoke.DirectMethodHandle$Holder.invokeSpecialIFC(java.lang.Object, java.lang.Object, java.lang.Object)'> (0x00000000865959c0) thrown at [./src/hotspot/share/interpreter/linkResolver.cpp, line 773]
Event: 11.892 Thread 0x000001f4b1625000 Exception <a 'java/lang/NoSuchMethodError'{0x000000008657d3c0}: 'java.lang.Object java.lang.invoke.DirectMethodHandle$Holder.invokeSpecialIFC(java.lang.Object, java.lang.Object, java.lang.Object)'> (0x000000008657d3c0) thrown at [./src/hotspot/share/interpreter/linkResolver.cpp, line 773]
Event: 11.892 Thread 0x000001f4af553000 Exception <a 'java/lang/NoSuchMethodError'{0x00000000865386e0}: 'java.lang.Object java.lang.invoke.DirectMethodHandle$Holder.invokeSpecialIFC(java.lang.Object, java.lang.Object, java.lang.Object)'> (0x00000000865386e0) thrown at [./src/hotspot/share/interpreter/linkResolver.cpp, line 773]
Event: 11.892 Thread 0x000001f4b0e4d000 Exception <a 'java/lang/NoSuchMethodError'{0x00000000865217c0}: 'java.lang.Object java.lang.invoke.DirectMethodHandle$Holder.invokeSpecialIFC(java.lang.Object, java.lang.Object, java.lang.Object)'> (0x00000000865217c0) thrown at [./src/hotspot/share/interpreter/linkResolver.cpp, line 773]
Event: 11.892 Thread 0x000001f4b0e48000 Exception <a 'java/lang/NoSuchMethodError'{0x000000008656e8b0}: 'java.lang.Object java.lang.invoke.DirectMethodHandle$Holder.invokeSpecialIFC(java.lang.Object, java.lang.Object, java.lang.Object)'> (0x000000008656e8b0) thrown at [./src/hotspot/share/interpreter/linkResolver.cpp, line 773]
Event: 11.892 Thread 0x000001f4b0e4c000 Exception <a 'java/lang/NoSuchMethodError'{0x00000000865a52f0}: 'java.lang.Object java.lang.invoke.DirectMethodHandle$Holder.invokeSpecialIFC(java.lang.Object, java.lang.Object, java.lang.Object)'> (0x00000000865a52f0) thrown at [./src/hotspot/share/interpreter/linkResolver.cpp, line 773]
Event: 11.892 Thread 0x000001f4b0897000 Exception <a 'java/lang/NoSuchMethodError'{0x00000000865b7c88}: 'java.lang.Object java.lang.invoke.DirectMethodHandle$Holder.invokeSpecialIFC(java.lang.Object, java.lang.Object, java.lang.Object)'> (0x00000000865b7c88) thrown at [./src/hotspot/share/interpreter/linkResolver.cpp, line 773]
Event: 12.189 Thread 0x000001f4b08a2000 Exception <a 'java/lang/NoSuchMethodError'{0x00000000896017f8}: 'void java.lang.invoke.DirectMethodHandle$Holder.invokeVirtual(java.lang.Object, java.lang.Object)'> (0x00000000896017f8) thrown at [./src/hotspot/share/interpreter/linkResolver.cpp, line 773]
Event: 12.364 Thread 0x000001f4b1b78000 Exception <a 'java/lang/NoSuchMethodError'{0x0000000087a84280}: <clinit>> (0x0000000087a84280) thrown at [./src/hotspot/share/prims/jni.cpp, line 1362]
Event: 12.425 Thread 0x000001f4b1b78000 Exception <a 'java/lang/NoSuchMethodError'{0x000000008737e960}: 'void java.lang.invoke.DirectMethodHandle$Holder.invokeStatic(java.lang.Object, java.lang.Object, java.lang.Object, java.lang.Object, java.lang.Object, java.lang.Object, java.lang.Object)'> (0x000000008737e960) thrown at [./src/hotspot/share/interpreter/linkResolver.cpp, line 773]
Event: 12.442 Thread 0x000001f4acdd6800 Exception <a 'java/lang/NoSuchMethodError'{0x0000000086e3d710}: <clinit>> (0x0000000086e3d710) thrown at [./src/hotspot/share/prims/jni.cpp, line 1362]
Event: 12.445 Thread 0x000001f4acdd6800 Exception <a 'java/lang/NoSuchMethodError'{0x0000000086ec8578}: <clinit>> (0x0000000086ec8578) thrown at [./src/hotspot/share/prims/jni.cpp, line 1362]
Event: 12.449 Thread 0x000001f4acdd6800 Exception <a 'java/lang/NoSuchMethodError'{0x0000000086d11808}: <clinit>> (0x0000000086d11808) thrown at [./src/hotspot/share/prims/jni.cpp, line 1362]

Events (20 events):
Event: 13.091 loading class com/android/manifmerger/PlaceholderHandler$KeyBasedValueResolver done
Event: 13.092 Executing VM operation: RevokeBias
Event: 13.092 Executing VM operation: RevokeBias done
Event: 13.092 loading class org/apache/xerces/dom/NodeListCache
Event: 13.092 loading class org/apache/xerces/dom/NodeListCache done
Event: 13.093 loading class com/android/manifmerger/XmlDocument
Event: 13.093 loading class com/android/manifmerger/XmlDocument done
Event: 13.096 loading class com/android/ide/common/xml/XmlFormatPreferences
Event: 13.096 loading class com/android/ide/common/xml/XmlFormatPreferences done
Event: 13.097 loading class com/android/ide/common/xml/XmlAttributeSortOrder
Event: 13.097 loading class com/android/ide/common/xml/XmlAttributeSortOrder done
Event: 13.097 loading class com/android/ide/common/xml/XmlAttributeSortOrder$1
Event: 13.097 loading class com/android/ide/common/xml/XmlAttributeSortOrder$1 done
Event: 13.098 loading class com/android/ide/common/xml/XmlAttributeSortOrder$2
Event: 13.098 loading class com/android/ide/common/xml/XmlAttributeSortOrder$2 done
Event: 13.098 loading class com/android/ide/common/xml/XmlFormatStyle
Event: 13.098 loading class com/android/ide/common/xml/XmlFormatStyle done
Event: 13.099 loading class com/android/ide/common/xml/XmlPrettyPrinter
Event: 13.099 loading class com/android/ide/common/xml/XmlPrettyPrinter done
Event: 13.100 Executing VM operation: G1CollectForAllocation


Dynamic libraries:
0x00007ff6800a0000 - 0x00007ff6800aa000 	D:\안드로이드 스튜디오\jre\bin\java.exe
0x00007ff8dab40000 - 0x00007ff8dad49000 	C:\WINDOWS\SYSTEM32\ntdll.dll
0x00007ff8d9390000 - 0x00007ff8d944d000 	C:\WINDOWS\System32\KERNEL32.DLL
0x00007ff8d8590000 - 0x00007ff8d8914000 	C:\WINDOWS\System32\KERNELBASE.dll
0x00007ff8d8300000 - 0x00007ff8d8411000 	C:\WINDOWS\System32\ucrtbase.dll
0x00007ff8d1cc0000 - 0x00007ff8d1cd9000 	D:\안드로이드 스튜디오\jre\bin\jli.dll
0x00007ff8c7b90000 - 0x00007ff8c7ba7000 	D:\안드로이드 스튜디오\jre\bin\VCRUNTIME140.dll
0x00007ff8d9770000 - 0x00007ff8d991d000 	C:\WINDOWS\System32\USER32.dll
0x00007ff8d8170000 - 0x00007ff8d8196000 	C:\WINDOWS\System32\win32u.dll
0x00007ff8d9bb0000 - 0x00007ff8d9bda000 	C:\WINDOWS\System32\GDI32.dll
0x00007ff8d8050000 - 0x00007ff8d816e000 	C:\WINDOWS\System32\gdi32full.dll
0x00007ff8c9390000 - 0x00007ff8c9635000 	C:\WINDOWS\WinSxS\amd64_microsoft.windows.common-controls_6595b64144ccf1df_6.0.22000.120_none_9d947278b86cc467\COMCTL32.dll
0x00007ff8d81a0000 - 0x00007ff8d823d000 	C:\WINDOWS\System32\msvcp_win.dll
0x00007ff8da950000 - 0x00007ff8da9f3000 	C:\WINDOWS\System32\msvcrt.dll
0x00007ff8d9500000 - 0x00007ff8d9531000 	C:\WINDOWS\System32\IMM32.DLL
0x00007ff8a7430000 - 0x00007ff8a74cd000 	D:\안드로이드 스튜디오\jre\bin\msvcp140.dll
0x00007ff8a37c0000 - 0x00007ff8a4295000 	D:\안드로이드 스튜디오\jre\bin\server\jvm.dll
0x00007ff8d8ef0000 - 0x00007ff8d8f9e000 	C:\WINDOWS\System32\ADVAPI32.dll
0x00007ff8daa00000 - 0x00007ff8daa9e000 	C:\WINDOWS\System32\sechost.dll
0x00007ff8da5d0000 - 0x00007ff8da6f1000 	C:\WINDOWS\System32\RPCRT4.dll
0x00007ff8d9920000 - 0x00007ff8d9928000 	C:\WINDOWS\System32\PSAPI.DLL
0x00007ff8d18a0000 - 0x00007ff8d18d3000 	C:\WINDOWS\SYSTEM32\WINMM.dll
0x00007ff8c7320000 - 0x00007ff8c7329000 	C:\WINDOWS\SYSTEM32\WSOCK32.dll
0x00007ff8cfbf0000 - 0x00007ff8cfbfa000 	C:\WINDOWS\SYSTEM32\VERSION.dll
0x00007ff8da8e0000 - 0x00007ff8da94f000 	C:\WINDOWS\System32\WS2_32.dll
0x00007ff8d7040000 - 0x00007ff8d7058000 	C:\WINDOWS\SYSTEM32\kernel.appcore.dll
0x00007ff8d3e50000 - 0x00007ff8d3e61000 	D:\안드로이드 스튜디오\jre\bin\verify.dll
0x00007ff8d5c00000 - 0x00007ff8d5e21000 	C:\WINDOWS\SYSTEM32\DBGHELP.DLL
0x00007ff8c2310000 - 0x00007ff8c2341000 	C:\WINDOWS\SYSTEM32\dbgcore.DLL
0x00007ff8d7fd0000 - 0x00007ff8d804f000 	C:\WINDOWS\System32\bcryptPrimitives.dll
0x00007ff8c5bf0000 - 0x00007ff8c5c19000 	D:\안드로이드 스튜디오\jre\bin\java.dll
0x00007ff8d3e40000 - 0x00007ff8d3e4b000 	D:\안드로이드 스튜디오\jre\bin\jimage.dll
0x00007ff8d3530000 - 0x00007ff8d3548000 	D:\안드로이드 스튜디오\jre\bin\zip.dll
0x00007ff8d9ce0000 - 0x00007ff8da4a5000 	C:\WINDOWS\System32\SHELL32.dll
0x00007ff8d60a0000 - 0x00007ff8d6902000 	C:\WINDOWS\SYSTEM32\windows.storage.dll
0x00007ff8d9010000 - 0x00007ff8d9386000 	C:\WINDOWS\System32\combase.dll
0x00007ff8d5f30000 - 0x00007ff8d6097000 	C:\WINDOWS\SYSTEM32\wintypes.dll
0x00007ff8d9ac0000 - 0x00007ff8d9baa000 	C:\WINDOWS\System32\SHCORE.dll
0x00007ff8daaa0000 - 0x00007ff8daafd000 	C:\WINDOWS\System32\shlwapi.dll
0x00007ff8d7f00000 - 0x00007ff8d7f25000 	C:\WINDOWS\SYSTEM32\profapi.dll
0x00007ff8c7b70000 - 0x00007ff8c7b8a000 	D:\안드로이드 스튜디오\jre\bin\net.dll
0x00007ff8d1370000 - 0x00007ff8d1484000 	C:\WINDOWS\SYSTEM32\WINHTTP.dll
0x00007ff8d7560000 - 0x00007ff8d75c7000 	C:\WINDOWS\system32\mswsock.dll
0x00007ff8c5bd0000 - 0x00007ff8c5be4000 	D:\안드로이드 스튜디오\jre\bin\nio.dll
0x00007ff8bdff0000 - 0x00007ff8be017000 	C:\Users\LG\.gradle\native\e1d6ef7f7dcc3fd88c89a11ec53ec762bb8ba0a96d01ffa2cd45eb1d1d8dd5c5\windows-amd64\native-platform.dll
0x00007ff8a2900000 - 0x00007ff8a2a44000 	C:\Users\LG\.gradle\native\5664cfc778a61ccfe75a443a1ab52a65af34e5dc3c78e0209fed803814484fcb\windows-amd64\native-platform-file-events.dll
0x00007ff8d3650000 - 0x00007ff8d365a000 	D:\안드로이드 스튜디오\jre\bin\management.dll
0x00007ff8d35d0000 - 0x00007ff8d35dd000 	D:\안드로이드 스튜디오\jre\bin\management_ext.dll
0x00007ff8d77e0000 - 0x00007ff8d77f8000 	C:\WINDOWS\SYSTEM32\CRYPTSP.dll
0x00007ff8d6fa0000 - 0x00007ff8d6fd5000 	C:\WINDOWS\system32\rsaenh.dll
0x00007ff8d7660000 - 0x00007ff8d768c000 	C:\WINDOWS\SYSTEM32\USERENV.dll
0x00007ff8d79a0000 - 0x00007ff8d79c7000 	C:\WINDOWS\SYSTEM32\bcrypt.dll
0x00007ff8d77d0000 - 0x00007ff8d77dc000 	C:\WINDOWS\SYSTEM32\CRYPTBASE.dll
0x00007ff8d6b60000 - 0x00007ff8d6b8d000 	C:\WINDOWS\SYSTEM32\IPHLPAPI.DLL
0x00007ff8d9930000 - 0x00007ff8d9939000 	C:\WINDOWS\System32\NSI.dll
0x00007ff8d0af0000 - 0x00007ff8d0b09000 	C:\WINDOWS\SYSTEM32\dhcpcsvc6.DLL
0x00007ff8d2ff0000 - 0x00007ff8d300e000 	C:\WINDOWS\SYSTEM32\dhcpcsvc.DLL
0x00007ff8d6b90000 - 0x00007ff8d6c77000 	C:\WINDOWS\SYSTEM32\DNSAPI.dll

dbghelp: loaded successfully - version: 4.0.5 - missing functions: none
symbol engine: initialized successfully - sym options: 0x614 - pdb path: .;D:\안드로이드 스튜디오\jre\bin;C:\WINDOWS\SYSTEM32;C:\WINDOWS\WinSxS\amd64_microsoft.windows.common-controls_6595b64144ccf1df_6.0.22000.120_none_9d947278b86cc467;D:\안드로이드 스튜?D:\안드로이?D:\안드?D:\안?D:\안;D:\?D:\안드로이드 스튜디오\jre\bin\server;C:\Users\LG\.gradle\native\e1d6ef7f7dcc3fd88c89a11ec53ec762bb8ba0a96d01f;D:\안드로이드 스튜디오\jre\bin\server;C:\Users\LG\.gradle\native\e1d6ef7f7dcc3fd88c89a11ec53ec762bb8ba0a96d01ffa2cd45eb1d1d8dd5c5\windows-amd64;C:\Users\LG\.gradle\native\5664cfc778a61ccfe75a443a1ab52a65af34;C:\Users\LG\.gradle\native\5664cfc778a61ccfe75a443a1ab52a65af34;C:\Users\LG\.gradle\native\5664cfc778a61ccfe75a443a1ab52a65af34;C:\Users\LG\.gradle\native\5664cfc778a61ccfe75a443a1ab52a65af34

VM Arguments:
jvm_args: --add-opens=java.base/java.util=ALL-UNNAMED --add-opens=java.base/java.lang=ALL-UNNAMED --add-opens=java.base/java.lang.invoke=ALL-UNNAMED --add-opens=java.base/java.util=ALL-UNNAMED --add-opens=java.prefs/java.util.prefs=ALL-UNNAMED --add-opens=java.prefs/java.util.prefs=ALL-UNNAMED --add-opens=java.base/java.nio.charset=ALL-UNNAMED --add-opens=java.base/java.net=ALL-UNNAMED --add-opens=java.base/java.util.concurrent.atomic=ALL-UNNAMED -Xmx2048m -Dfile.encoding=UTF-8 -Duser.country=KR -Duser.language=ko -Duser.variant 
java_command: org.gradle.launcher.daemon.bootstrap.GradleDaemon 7.2
java_class_path (initial): C:\Users\LG\.gradle\wrapper\dists\gradle-7.2-bin\2dnblmf4td7x66yl1d74lt32g\gradle-7.2\lib\gradle-launcher-7.2.jar
Launcher Type: SUN_STANDARD

[Global flags]
     intx CICompilerCount                          = 4                                         {product} {ergonomic}
     uint ConcGCThreads                            = 2                                         {product} {ergonomic}
     uint G1ConcRefinementThreads                  = 8                                         {product} {ergonomic}
   size_t G1HeapRegionSize                         = 1048576                                   {product} {ergonomic}
    uintx GCDrainStackTargetSize                   = 64                                        {product} {ergonomic}
   size_t InitialHeapSize                          = 134217728                                 {product} {ergonomic}
   size_t MarkStackSize                            = 4194304                                   {product} {ergonomic}
   size_t MaxHeapSize                              = 2147483648                                {product} {command line}
   size_t MaxNewSize                               = 1287651328                                {product} {ergonomic}
   size_t MinHeapDeltaBytes                        = 1048576                                   {product} {ergonomic}
    uintx NonNMethodCodeHeapSize                   = 5836300                                {pd product} {ergonomic}
    uintx NonProfiledCodeHeapSize                  = 122910970                              {pd product} {ergonomic}
    uintx ProfiledCodeHeapSize                     = 122910970                              {pd product} {ergonomic}
    uintx ReservedCodeCacheSize                    = 251658240                              {pd product} {ergonomic}
     bool SegmentedCodeCache                       = true                                      {product} {ergonomic}
     bool UseCompressedClassPointers               = true                                 {lp64_product} {ergonomic}
     bool UseCompressedOops                        = true                                 {lp64_product} {ergonomic}
     bool UseG1GC                                  = true                                      {product} {ergonomic}
     bool UseLargePagesIndividualAllocation        = false                                  {pd product} {ergonomic}

Logging:
Log output configuration:
 #0: stdout all=warning uptime,level,tags
 #1: stderr all=off uptime,level,tags

Environment Variables:
JAVA_HOME=D:\openjdk-11.0.0.1_windows-x64_bin\jdk-11.0.0.1
CLASSPATH=D:\openjdk-11.0.0.1_windows-x64_bin\jdk-11.0.0.1\lib
PATH=D:\openjdk-11.0.0.1_windows-x64_bin\jdk-11.0.0.1\bin;C:\Program Files\Common Files\Oracle\Java\javapath;C:\Program Files\Eclipse Adoptium\jdk-8.0.382.5-hotspot\bin;C:\oraclexe\app\oracle\product\10.2.0\server\bin;C:\Program Files (x86)\Common Files\Oracle\Java\javapath;C:\Program Files (x86)\Intel\iCLS Client\;C:\Program Files\Intel\iCLS Client\;C:\windows\system32;C:\windows;C:\windows\System32\Wbem;C:\windows\System32\WindowsPowerShell\v1.0\;C:\Program Files (x86)\Intel\Intel(R) Management Engine Components\DAL;C:\Program Files\Intel\Intel(R) Management Engine Components\DAL;C:\Program Files (x86)\Intel\Intel(R) Management Engine Components\IPT;C:\Program Files\Intel\Intel(R) Management Engine Components\IPT;C:\Program Files\Intel\WiFi\bin\;C:\Program Files\Common Files\Intel\WirelessCommon\;C:\Program Files (x86)\NVIDIA Corporation\PhysX\Common;C:\Program Files (x86)\Skype\Phone\;C:\WINDOWS\system32;C:\WINDOWS;C:\WINDOWS\System32\Wbem;C:\WINDOWS\System32\WindowsPowerShell\v1.0\;C:\WINDOWS\System32\OpenSSH\;C:\Program Files\nodejs\;D:\openssl-0.9.8e_X64\bin;C:\ProgramData\chocolatey\bin;C:\ProgramData\chocolatey\lib\maven\apache-maven-3.9.4\bin;C:\Program Files\Git\cmd;C:\Program Files\MariaDB 10.11\bin;D:\Scripts\;D:\;C:\Users\LG\AppData\Local\Microsoft\WindowsApps;C:\Users\LG\AppData\Local\afreeca;C:\altera\13.1\modelsim_ase\win32aloem;D:\PyCharm Community Edition 2022.1.3\bin;;C:\Users\LG\AppData\Local\Programs\Microsoft VS Code\bin;C:\Users\LG\AppData\Roaming\npm;C:\Program Files\Java\jdk-1.8\bin;D:\IntelliJ IDEA Community Edition 2023.1.3\bin;;;C:\Program Files (x86)\ESTsoft\ALSee\x64
USERNAME=LG
OS=Windows_NT
PROCESSOR_IDENTIFIER=Intel64 Family 6 Model 142 Stepping 10, GenuineIntel



---------------  S Y S T E M  ---------------

OS: Windows 10 , 64 bit Build 22000 (10.0.22000.2538)
OS uptime: 0 days 2:48 hours

CPU:total 8 (initial active 8) (4 cores per cpu, 2 threads per core) family 6 model 142 stepping 10 microcode 0xe0, cmov, cx8, fxsr, mmx, sse, sse2, sse3, ssse3, sse4.1, sse4.2, popcnt, avx, avx2, aes, clmul, erms, 3dnowpref, lzcnt, ht, tsc, tscinvbit, bmi1, bmi2, adx, fma

Memory: 4k page, system-wide physical 8101M (546M free)
TotalPageFile size 16293M (AvailPageFile size 29M)
current process WorkingSet (physical memory assigned to process): 441M, peak: 441M
current process commit charge ("private bytes"): 476M, peak: 507M

vm_info: OpenJDK 64-Bit Server VM (11.0.11+9-b60-7590822) for windows-amd64 JRE (11.0.11+9-b60-7590822), built on Jul 29 2021 21:43:44 by "builder" with MS VC++ 14.0 (VS2015)

END.
