#
# There is insufficient memory for the Java Runtime Environment to continue.
# Native memory allocation (malloc) failed to allocate 1477616 bytes for Chunk::new
# Possible reasons:
#   The system is out of physical RAM or swap space
#   The process is running with CompressedOops enabled, and the Java Heap may be blocking the growth of the native heap
# Possible solutions:
#   Reduce memory load on the system
#   Increase physical memory or swap space
#   Check if swap backing store is full
#   Decrease Java heap size (-Xmx/-Xms)
#   Decrease number of Java threads
#   Decrease Java thread stack sizes (-Xss)
#   Set larger code cache with -XX:ReservedCodeCacheSize=
#   JVM is running with Unscaled Compressed Oops mode in which the Java heap is
#     placed in the first 4GB address space. The Java Heap base address is the
#     maximum limit for the native heap growth. Please use -XX:HeapBaseMinAddress
#     to set the Java Heap base and to place the Java Heap above 4GB virtual address.
# This output file may be truncated or incomplete.
#
#  Out of Memory Error (./src/hotspot/share/memory/arena.cpp:197), pid=25336, tid=10892
#
# JRE version: OpenJDK Runtime Environment (11.0.11+9) (build 11.0.11+9-b60-7590822)
# Java VM: OpenJDK 64-Bit Server VM (11.0.11+9-b60-7590822, mixed mode, tiered, compressed oops, g1 gc, windows-amd64)
# No core dump will be written. Minidumps are not enabled by default on client versions of Windows
#

---------------  S U M M A R Y ------------

Command Line: --add-opens=java.base/java.util=ALL-UNNAMED --add-opens=java.base/java.lang=ALL-UNNAMED --add-opens=java.base/java.lang.invoke=ALL-UNNAMED --add-opens=java.base/java.util=ALL-UNNAMED --add-opens=java.prefs/java.util.prefs=ALL-UNNAMED --add-opens=java.prefs/java.util.prefs=ALL-UNNAMED --add-opens=java.base/java.nio.charset=ALL-UNNAMED --add-opens=java.base/java.net=ALL-UNNAMED --add-opens=java.base/java.util.concurrent.atomic=ALL-UNNAMED -Xmx2048m -Dfile.encoding=UTF-8 -Duser.country=KR -Duser.language=ko -Duser.variant org.gradle.launcher.daemon.bootstrap.GradleDaemon 7.2

Host: Intel(R) Core(TM) i5-8250U CPU @ 1.60GHz, 8 cores, 7G,  Windows 10 , 64 bit Build 22000 (10.0.22000.2538)
Time: Sat Nov 18 12:27:31 2023 대한민국 표준시 elapsed time: 4.518432 seconds (0d 0h 0m 4s)

---------------  T H R E A D  ---------------

Current thread (0x000001fc7b2e2800):  JavaThread "C2 CompilerThread0" daemon [_thread_in_native, id=10892, stack(0x0000009458300000,0x0000009458400000)]


Current CompileTask:
C2:   4518 1981   !   4       java.lang.ClassLoader::loadClass (122 bytes)

Stack: [0x0000009458300000,0x0000009458400000]
Native frames: (J=compiled Java code, j=interpreted, Vv=VM code, C=native code)
V  [jvm.dll+0x5f214a]
V  [jvm.dll+0x726fb5]
V  [jvm.dll+0x7285cd]
V  [jvm.dll+0x728c83]
V  [jvm.dll+0x243278]
V  [jvm.dll+0xbc53c]
V  [jvm.dll+0xbca3c]
V  [jvm.dll+0x353e3b]
V  [jvm.dll+0x321893]
V  [jvm.dll+0x320d8a]
V  [jvm.dll+0x1fc1e2]
V  [jvm.dll+0x1fb3d4]
V  [jvm.dll+0x183d6c]
V  [jvm.dll+0x209a57]
V  [jvm.dll+0x2082a1]
V  [jvm.dll+0x6ef58f]
V  [jvm.dll+0x6e80b5]
V  [jvm.dll+0x5f1036]
C  [ucrtbase.dll+0x26c0c]
C  [KERNEL32.DLL+0x153e0]
C  [ntdll.dll+0x485b]


---------------  P R O C E S S  ---------------

Threads class SMR info:
_java_thread_list=0x000001fc10ca1e50, length=24, elements={
0x000001fc6f5bf800, 0x000001fc7aa54000, 0x000001fc7aa5f000, 0x000001fc7b287800,
0x000001fc7b288800, 0x000001fc7b28b800, 0x000001fc7b2e2800, 0x000001fc7b2e5800,
0x000001fc7b2e6800, 0x000001fc7b45c000, 0x000001fc11434800, 0x000001fc7b552800,
0x000001fc11740000, 0x000001fc1172b000, 0x000001fc11629800, 0x000001fc0f8f6000,
0x000001fc0f645000, 0x000001fc117d3000, 0x000001fc10ce9800, 0x000001fc1135c800,
0x000001fc10aab000, 0x000001fc10aa7800, 0x000001fc10aa9800, 0x000001fc10aaa000
}

Java Threads: ( => current thread )
  0x000001fc6f5bf800 JavaThread "main" [_thread_blocked, id=20692, stack(0x0000009457700000,0x0000009457800000)]
  0x000001fc7aa54000 JavaThread "Reference Handler" daemon [_thread_blocked, id=35540, stack(0x0000009457e00000,0x0000009457f00000)]
  0x000001fc7aa5f000 JavaThread "Finalizer" daemon [_thread_blocked, id=13740, stack(0x0000009457f00000,0x0000009458000000)]
  0x000001fc7b287800 JavaThread "Signal Dispatcher" daemon [_thread_blocked, id=28580, stack(0x0000009458000000,0x0000009458100000)]
  0x000001fc7b288800 JavaThread "Attach Listener" daemon [_thread_blocked, id=4944, stack(0x0000009458100000,0x0000009458200000)]
  0x000001fc7b28b800 JavaThread "Service Thread" daemon [_thread_blocked, id=17040, stack(0x0000009458200000,0x0000009458300000)]
=>0x000001fc7b2e2800 JavaThread "C2 CompilerThread0" daemon [_thread_in_native, id=10892, stack(0x0000009458300000,0x0000009458400000)]
  0x000001fc7b2e5800 JavaThread "C1 CompilerThread0" daemon [_thread_blocked, id=33952, stack(0x0000009458400000,0x0000009458500000)]
  0x000001fc7b2e6800 JavaThread "Sweeper thread" daemon [_thread_blocked, id=33348, stack(0x0000009458500000,0x0000009458600000)]
  0x000001fc7b45c000 JavaThread "Common-Cleaner" daemon [_thread_blocked, id=33836, stack(0x0000009458600000,0x0000009458700000)]
  0x000001fc11434800 JavaThread "Daemon health stats" [_thread_blocked, id=19356, stack(0x0000009458b00000,0x0000009458c00000)]
  0x000001fc7b552800 JavaThread "Incoming local TCP Connector on port 5800" [_thread_in_native, id=6708, stack(0x0000009458800000,0x0000009458900000)]
  0x000001fc11740000 JavaThread "Daemon periodic checks" [_thread_blocked, id=34044, stack(0x0000009458c00000,0x0000009458d00000)]
  0x000001fc1172b000 JavaThread "Daemon" [_thread_blocked, id=31980, stack(0x0000009458d00000,0x0000009458e00000)]
  0x000001fc11629800 JavaThread "Handler for socket connection from /127.0.0.1:5800 to /127.0.0.1:5801" [_thread_in_native, id=33244, stack(0x0000009458e00000,0x0000009458f00000)]
  0x000001fc0f8f6000 JavaThread "Cancel handler" [_thread_blocked, id=10764, stack(0x0000009458f00000,0x0000009459000000)]
  0x000001fc0f645000 JavaThread "Daemon worker" [_thread_in_vm, id=35696, stack(0x0000009459000000,0x0000009459100000)]
  0x000001fc117d3000 JavaThread "C2 CompilerThread1" daemon [_thread_in_native, id=28964, stack(0x0000009459100000,0x0000009459200000)]
  0x000001fc10ce9800 JavaThread "Asynchronous log dispatcher for DefaultDaemonConnection: socket connection from /127.0.0.1:5800 to /127.0.0.1:5801" [_thread_blocked, id=34668, stack(0x0000009459200000,0x0000009459300000)]
  0x000001fc1135c800 JavaThread "Stdin handler" [_thread_blocked, id=10568, stack(0x0000009459300000,0x0000009459400000)]
  0x000001fc10aab000 JavaThread "Daemon client event forwarder" [_thread_blocked, id=2184, stack(0x0000009459400000,0x0000009459500000)]
  0x000001fc10aa7800 JavaThread "Cache worker for journal cache (C:\Users\LG\.gradle\caches\journal-1)" [_thread_blocked, id=22224, stack(0x0000009459a00000,0x0000009459b00000)]
  0x000001fc10aa9800 JavaThread "File lock request listener" [_thread_in_native, id=14276, stack(0x0000009459b00000,0x0000009459c00000)]
  0x000001fc10aaa000 JavaThread "Cache worker for file hash cache (C:\Users\LG\.gradle\caches\7.2\fileHashes)" [_thread_blocked, id=10796, stack(0x0000009459c00000,0x0000009459d00000)]

Other Threads:
  0x000001fc7b276800 VMThread "VM Thread" [stack: 0x0000009457d00000,0x0000009457e00000] [id=14444]
  0x000001fc7b45e800 WatcherThread [stack: 0x0000009458700000,0x0000009458800000] [id=33900]
  0x000001fc6f5db800 GCTaskThread "GC Thread#0" [stack: 0x0000009457800000,0x0000009457900000] [id=19264]
  0x000001fc0f375800 GCTaskThread "GC Thread#1" [stack: 0x0000009458900000,0x0000009458a00000] [id=20680]
  0x000001fc0f1ad800 GCTaskThread "GC Thread#2" [stack: 0x0000009458a00000,0x0000009458b00000] [id=18476]
  0x000001fc0f8f6800 GCTaskThread "GC Thread#3" [stack: 0x0000009459500000,0x0000009459600000] [id=7124]
  0x000001fc0f645800 GCTaskThread "GC Thread#4" [stack: 0x0000009459600000,0x0000009459700000] [id=33676]
  0x000001fc1135d800 GCTaskThread "GC Thread#5" [stack: 0x0000009459700000,0x0000009459800000] [id=23712]
  0x000001fc0fc94800 GCTaskThread "GC Thread#6" [stack: 0x0000009459800000,0x0000009459900000] [id=17148]
  0x000001fc0fc95000 GCTaskThread "GC Thread#7" [stack: 0x0000009459900000,0x0000009459a00000] [id=18060]
  0x000001fc6f60c000 ConcurrentGCThread "G1 Main Marker" [stack: 0x0000009457900000,0x0000009457a00000] [id=35180]
  0x000001fc6f60d800 ConcurrentGCThread "G1 Conc#0" [stack: 0x0000009457a00000,0x0000009457b00000] [id=20980]
  0x000001fc10891800 ConcurrentGCThread "G1 Conc#1" [stack: 0x0000009459d00000,0x0000009459e00000] [id=25116]
  0x000001fc7a8a6800 ConcurrentGCThread "G1 Refine#0" [stack: 0x0000009457b00000,0x0000009457c00000] [id=21704]
  0x000001fc7a8a7800 ConcurrentGCThread "G1 Young RemSet Sampling" [stack: 0x0000009457c00000,0x0000009457d00000] [id=32452]

Threads with active compile tasks:
C2 CompilerThread0   4669 1981   !   4       java.lang.ClassLoader::loadClass (122 bytes)
C2 CompilerThread1   4670 2049       4       java.net.URLClassLoader$1::run (5 bytes)

VM state:not at safepoint (normal execution)

VM Mutex/Monitor currently owned by a thread: None

Heap address: 0x0000000080000000, size: 2048 MB, Compressed Oops mode: 32-bit
Narrow klass base: 0x0000000000000000, Narrow klass shift: 3
Compressed class space size: 1073741824 Address: 0x0000000100000000

Heap:
 garbage-first heap   total 131072K, used 42476K [0x0000000080000000, 0x0000000100000000)
  region size 1024K, 28 young (28672K), 2 survivors (2048K)
 Metaspace       used 23059K, capacity 23635K, committed 23804K, reserved 1073152K
  class space    used 2946K, capacity 3143K, committed 3200K, reserved 1048576K
Heap Regions: E=young(eden), S=young(survivor), O=old, HS=humongous(starts), HC=humongous(continues), CS=collection set, F=free, A=archive, TAMS=top-at-mark-start (previous, next)
|   0|0x0000000080000000, 0x0000000080100000, 0x0000000080100000|100%| O|  |TAMS 0x0000000080100000, 0x0000000080000000| Untracked 
|   1|0x0000000080100000, 0x0000000080200000, 0x0000000080200000|100%| O|  |TAMS 0x0000000080200000, 0x0000000080100000| Untracked 
|   2|0x0000000080200000, 0x0000000080300000, 0x0000000080300000|100%| O|  |TAMS 0x0000000080300000, 0x0000000080200000| Untracked 
|   3|0x0000000080300000, 0x0000000080400000, 0x0000000080400000|100%|HS|  |TAMS 0x0000000080400000, 0x0000000080300000| Complete 
|   4|0x0000000080400000, 0x0000000080500000, 0x0000000080500000|100%|HC|  |TAMS 0x0000000080500000, 0x0000000080400000| Complete 
|   5|0x0000000080500000, 0x0000000080600000, 0x0000000080600000|100%|HC|  |TAMS 0x0000000080600000, 0x0000000080500000| Complete 
|   6|0x0000000080600000, 0x0000000080700000, 0x0000000080700000|100%| O|  |TAMS 0x0000000080700000, 0x0000000080600000| Untracked 
|   7|0x0000000080700000, 0x0000000080800000, 0x0000000080800000|100%| O|  |TAMS 0x0000000080800000, 0x0000000080700000| Untracked 
|   8|0x0000000080800000, 0x0000000080900000, 0x0000000080900000|100%| O|  |TAMS 0x0000000080900000, 0x0000000080800000| Untracked 
|   9|0x0000000080900000, 0x0000000080a00000, 0x0000000080a00000|100%| O|  |TAMS 0x0000000080a00000, 0x0000000080900000| Untracked 
|  10|0x0000000080a00000, 0x0000000080b00000, 0x0000000080b00000|100%| O|  |TAMS 0x0000000080b00000, 0x0000000080a00000| Untracked 
|  11|0x0000000080b00000, 0x0000000080c00000, 0x0000000080c00000|100%| O|  |TAMS 0x0000000080c00000, 0x0000000080b00000| Untracked 
|  12|0x0000000080c00000, 0x0000000080d00000, 0x0000000080d00000|100%| O|  |TAMS 0x0000000080d00000, 0x0000000080c00000| Untracked 
|  13|0x0000000080d00000, 0x0000000080e00000, 0x0000000080e00000|100%| O|  |TAMS 0x0000000080e00000, 0x0000000080d00000| Untracked 
|  14|0x0000000080e00000, 0x0000000080f00000, 0x0000000080f00000|100%| O|  |TAMS 0x0000000080f00000, 0x0000000080e00000| Untracked 
|  15|0x0000000080f00000, 0x0000000081000000, 0x0000000081000000|100%| O|  |TAMS 0x0000000081000000, 0x0000000080f00000| Untracked 
|  16|0x0000000081000000, 0x0000000081046c00, 0x0000000081100000| 27%| O|  |TAMS 0x0000000081046c00, 0x0000000081000000| Untracked 
|  17|0x0000000081100000, 0x0000000081100000, 0x0000000081200000|  0%| F|  |TAMS 0x0000000081100000, 0x0000000081100000| Untracked 
|  18|0x0000000081200000, 0x0000000081200000, 0x0000000081300000|  0%| F|  |TAMS 0x0000000081200000, 0x0000000081200000| Untracked 
|  19|0x0000000081300000, 0x0000000081300000, 0x0000000081400000|  0%| F|  |TAMS 0x0000000081300000, 0x0000000081300000| Untracked 
|  20|0x0000000081400000, 0x0000000081400000, 0x0000000081500000|  0%| F|  |TAMS 0x0000000081400000, 0x0000000081400000| Untracked 
|  21|0x0000000081500000, 0x0000000081500000, 0x0000000081600000|  0%| F|  |TAMS 0x0000000081500000, 0x0000000081500000| Untracked 
|  22|0x0000000081600000, 0x0000000081600000, 0x0000000081700000|  0%| F|  |TAMS 0x0000000081600000, 0x0000000081600000| Untracked 
|  23|0x0000000081700000, 0x0000000081700000, 0x0000000081800000|  0%| F|  |TAMS 0x0000000081700000, 0x0000000081700000| Untracked 
|  24|0x0000000081800000, 0x0000000081800000, 0x0000000081900000|  0%| F|  |TAMS 0x0000000081800000, 0x0000000081800000| Untracked 
|  25|0x0000000081900000, 0x0000000081900000, 0x0000000081a00000|  0%| F|  |TAMS 0x0000000081900000, 0x0000000081900000| Untracked 
|  26|0x0000000081a00000, 0x0000000081a00000, 0x0000000081b00000|  0%| F|  |TAMS 0x0000000081a00000, 0x0000000081a00000| Untracked 
|  27|0x0000000081b00000, 0x0000000081b00000, 0x0000000081c00000|  0%| F|  |TAMS 0x0000000081b00000, 0x0000000081b00000| Untracked 
|  28|0x0000000081c00000, 0x0000000081c00000, 0x0000000081d00000|  0%| F|  |TAMS 0x0000000081c00000, 0x0000000081c00000| Untracked 
|  29|0x0000000081d00000, 0x0000000081d00000, 0x0000000081e00000|  0%| F|  |TAMS 0x0000000081d00000, 0x0000000081d00000| Untracked 
|  30|0x0000000081e00000, 0x0000000081e00000, 0x0000000081f00000|  0%| F|  |TAMS 0x0000000081e00000, 0x0000000081e00000| Untracked 
|  31|0x0000000081f00000, 0x0000000081f00000, 0x0000000082000000|  0%| F|  |TAMS 0x0000000081f00000, 0x0000000081f00000| Untracked 
|  32|0x0000000082000000, 0x0000000082000000, 0x0000000082100000|  0%| F|  |TAMS 0x0000000082000000, 0x0000000082000000| Untracked 
|  33|0x0000000082100000, 0x0000000082100000, 0x0000000082200000|  0%| F|  |TAMS 0x0000000082100000, 0x0000000082100000| Untracked 
|  34|0x0000000082200000, 0x0000000082200000, 0x0000000082300000|  0%| F|  |TAMS 0x0000000082200000, 0x0000000082200000| Untracked 
|  35|0x0000000082300000, 0x0000000082300000, 0x0000000082400000|  0%| F|  |TAMS 0x0000000082300000, 0x0000000082300000| Untracked 
|  36|0x0000000082400000, 0x0000000082400000, 0x0000000082500000|  0%| F|  |TAMS 0x0000000082400000, 0x0000000082400000| Untracked 
|  37|0x0000000082500000, 0x0000000082500000, 0x0000000082600000|  0%| F|  |TAMS 0x0000000082500000, 0x0000000082500000| Untracked 
|  38|0x0000000082600000, 0x0000000082600000, 0x0000000082700000|  0%| F|  |TAMS 0x0000000082600000, 0x0000000082600000| Untracked 
|  39|0x0000000082700000, 0x0000000082700000, 0x0000000082800000|  0%| F|  |TAMS 0x0000000082700000, 0x0000000082700000| Untracked 
|  40|0x0000000082800000, 0x0000000082800000, 0x0000000082900000|  0%| F|  |TAMS 0x0000000082800000, 0x0000000082800000| Untracked 
|  41|0x0000000082900000, 0x0000000082900000, 0x0000000082a00000|  0%| F|  |TAMS 0x0000000082900000, 0x0000000082900000| Untracked 
|  42|0x0000000082a00000, 0x0000000082a00000, 0x0000000082b00000|  0%| F|  |TAMS 0x0000000082a00000, 0x0000000082a00000| Untracked 
|  43|0x0000000082b00000, 0x0000000082b00000, 0x0000000082c00000|  0%| F|  |TAMS 0x0000000082b00000, 0x0000000082b00000| Untracked 
|  44|0x0000000082c00000, 0x0000000082c00000, 0x0000000082d00000|  0%| F|  |TAMS 0x0000000082c00000, 0x0000000082c00000| Untracked 
|  45|0x0000000082d00000, 0x0000000082d00000, 0x0000000082e00000|  0%| F|  |TAMS 0x0000000082d00000, 0x0000000082d00000| Untracked 
|  46|0x0000000082e00000, 0x0000000082e00000, 0x0000000082f00000|  0%| F|  |TAMS 0x0000000082e00000, 0x0000000082e00000| Untracked 
|  47|0x0000000082f00000, 0x0000000082f00000, 0x0000000083000000|  0%| F|  |TAMS 0x0000000082f00000, 0x0000000082f00000| Untracked 
|  48|0x0000000083000000, 0x0000000083000000, 0x0000000083100000|  0%| F|  |TAMS 0x0000000083000000, 0x0000000083000000| Untracked 
|  49|0x0000000083100000, 0x0000000083100000, 0x0000000083200000|  0%| F|  |TAMS 0x0000000083100000, 0x0000000083100000| Untracked 
|  50|0x0000000083200000, 0x0000000083200000, 0x0000000083300000|  0%| F|  |TAMS 0x0000000083200000, 0x0000000083200000| Untracked 
|  51|0x0000000083300000, 0x0000000083300000, 0x0000000083400000|  0%| F|  |TAMS 0x0000000083300000, 0x0000000083300000| Untracked 
|  52|0x0000000083400000, 0x0000000083400000, 0x0000000083500000|  0%| F|  |TAMS 0x0000000083400000, 0x0000000083400000| Untracked 
|  53|0x0000000083500000, 0x0000000083500000, 0x0000000083600000|  0%| F|  |TAMS 0x0000000083500000, 0x0000000083500000| Untracked 
|  54|0x0000000083600000, 0x0000000083600000, 0x0000000083700000|  0%| F|  |TAMS 0x0000000083600000, 0x0000000083600000| Untracked 
|  55|0x0000000083700000, 0x0000000083700000, 0x0000000083800000|  0%| F|  |TAMS 0x0000000083700000, 0x0000000083700000| Untracked 
|  56|0x0000000083800000, 0x0000000083800000, 0x0000000083900000|  0%| F|  |TAMS 0x0000000083800000, 0x0000000083800000| Untracked 
|  57|0x0000000083900000, 0x0000000083900000, 0x0000000083a00000|  0%| F|  |TAMS 0x0000000083900000, 0x0000000083900000| Untracked 
|  58|0x0000000083a00000, 0x0000000083a00000, 0x0000000083b00000|  0%| F|  |TAMS 0x0000000083a00000, 0x0000000083a00000| Untracked 
|  59|0x0000000083b00000, 0x0000000083b00000, 0x0000000083c00000|  0%| F|  |TAMS 0x0000000083b00000, 0x0000000083b00000| Untracked 
|  60|0x0000000083c00000, 0x0000000083c00000, 0x0000000083d00000|  0%| F|  |TAMS 0x0000000083c00000, 0x0000000083c00000| Untracked 
|  61|0x0000000083d00000, 0x0000000083d00000, 0x0000000083e00000|  0%| F|  |TAMS 0x0000000083d00000, 0x0000000083d00000| Untracked 
|  62|0x0000000083e00000, 0x0000000083e00000, 0x0000000083f00000|  0%| F|  |TAMS 0x0000000083e00000, 0x0000000083e00000| Untracked 
|  63|0x0000000083f00000, 0x0000000083f00000, 0x0000000084000000|  0%| F|  |TAMS 0x0000000083f00000, 0x0000000083f00000| Untracked 
|  64|0x0000000084000000, 0x0000000084000000, 0x0000000084100000|  0%| F|  |TAMS 0x0000000084000000, 0x0000000084000000| Untracked 
|  65|0x0000000084100000, 0x0000000084100000, 0x0000000084200000|  0%| F|  |TAMS 0x0000000084100000, 0x0000000084100000| Untracked 
|  66|0x0000000084200000, 0x0000000084200000, 0x0000000084300000|  0%| F|  |TAMS 0x0000000084200000, 0x0000000084200000| Untracked 
|  67|0x0000000084300000, 0x0000000084300000, 0x0000000084400000|  0%| F|  |TAMS 0x0000000084300000, 0x0000000084300000| Untracked 
|  68|0x0000000084400000, 0x0000000084400000, 0x0000000084500000|  0%| F|  |TAMS 0x0000000084400000, 0x0000000084400000| Untracked 
|  69|0x0000000084500000, 0x0000000084500000, 0x0000000084600000|  0%| F|  |TAMS 0x0000000084500000, 0x0000000084500000| Untracked 
|  70|0x0000000084600000, 0x0000000084600000, 0x0000000084700000|  0%| F|  |TAMS 0x0000000084600000, 0x0000000084600000| Untracked 
|  71|0x0000000084700000, 0x0000000084700000, 0x0000000084800000|  0%| F|  |TAMS 0x0000000084700000, 0x0000000084700000| Untracked 
|  72|0x0000000084800000, 0x0000000084800000, 0x0000000084900000|  0%| F|  |TAMS 0x0000000084800000, 0x0000000084800000| Untracked 
|  73|0x0000000084900000, 0x0000000084900000, 0x0000000084a00000|  0%| F|  |TAMS 0x0000000084900000, 0x0000000084900000| Untracked 
|  74|0x0000000084a00000, 0x0000000084a00000, 0x0000000084b00000|  0%| F|  |TAMS 0x0000000084a00000, 0x0000000084a00000| Untracked 
|  75|0x0000000084b00000, 0x0000000084b00000, 0x0000000084c00000|  0%| F|  |TAMS 0x0000000084b00000, 0x0000000084b00000| Untracked 
|  76|0x0000000084c00000, 0x0000000084c00000, 0x0000000084d00000|  0%| F|  |TAMS 0x0000000084c00000, 0x0000000084c00000| Untracked 
|  77|0x0000000084d00000, 0x0000000084d00000, 0x0000000084e00000|  0%| F|  |TAMS 0x0000000084d00000, 0x0000000084d00000| Untracked 
|  78|0x0000000084e00000, 0x0000000084e00000, 0x0000000084f00000|  0%| F|  |TAMS 0x0000000084e00000, 0x0000000084e00000| Untracked 
|  79|0x0000000084f00000, 0x0000000084f00000, 0x0000000085000000|  0%| F|  |TAMS 0x0000000084f00000, 0x0000000084f00000| Untracked 
|  80|0x0000000085000000, 0x0000000085000000, 0x0000000085100000|  0%| F|  |TAMS 0x0000000085000000, 0x0000000085000000| Untracked 
|  81|0x0000000085100000, 0x0000000085100000, 0x0000000085200000|  0%| F|  |TAMS 0x0000000085100000, 0x0000000085100000| Untracked 
|  82|0x0000000085200000, 0x0000000085200000, 0x0000000085300000|  0%| F|  |TAMS 0x0000000085200000, 0x0000000085200000| Untracked 
|  83|0x0000000085300000, 0x0000000085300000, 0x0000000085400000|  0%| F|  |TAMS 0x0000000085300000, 0x0000000085300000| Untracked 
|  84|0x0000000085400000, 0x0000000085400000, 0x0000000085500000|  0%| F|  |TAMS 0x0000000085400000, 0x0000000085400000| Untracked 
|  85|0x0000000085500000, 0x0000000085500000, 0x0000000085600000|  0%| F|  |TAMS 0x0000000085500000, 0x0000000085500000| Untracked 
|  86|0x0000000085600000, 0x0000000085600000, 0x0000000085700000|  0%| F|  |TAMS 0x0000000085600000, 0x0000000085600000| Untracked 
|  87|0x0000000085700000, 0x0000000085700000, 0x0000000085800000|  0%| F|  |TAMS 0x0000000085700000, 0x0000000085700000| Untracked 
|  88|0x0000000085800000, 0x0000000085800000, 0x0000000085900000|  0%| F|  |TAMS 0x0000000085800000, 0x0000000085800000| Untracked 
|  89|0x0000000085900000, 0x0000000085900000, 0x0000000085a00000|  0%| F|  |TAMS 0x0000000085900000, 0x0000000085900000| Untracked 
|  90|0x0000000085a00000, 0x0000000085a00000, 0x0000000085b00000|  0%| F|  |TAMS 0x0000000085a00000, 0x0000000085a00000| Untracked 
|  91|0x0000000085b00000, 0x0000000085b00000, 0x0000000085c00000|  0%| F|  |TAMS 0x0000000085b00000, 0x0000000085b00000| Untracked 
|  92|0x0000000085c00000, 0x0000000085c00000, 0x0000000085d00000|  0%| F|  |TAMS 0x0000000085c00000, 0x0000000085c00000| Untracked 
|  93|0x0000000085d00000, 0x0000000085d00000, 0x0000000085e00000|  0%| F|  |TAMS 0x0000000085d00000, 0x0000000085d00000| Untracked 
|  94|0x0000000085e00000, 0x0000000085e00000, 0x0000000085f00000|  0%| F|  |TAMS 0x0000000085e00000, 0x0000000085e00000| Untracked 
|  95|0x0000000085f00000, 0x0000000085f00000, 0x0000000086000000|  0%| F|  |TAMS 0x0000000085f00000, 0x0000000085f00000| Untracked 
|  96|0x0000000086000000, 0x0000000086000000, 0x0000000086100000|  0%| F|  |TAMS 0x0000000086000000, 0x0000000086000000| Untracked 
|  97|0x0000000086100000, 0x0000000086100000, 0x0000000086200000|  0%| F|  |TAMS 0x0000000086100000, 0x0000000086100000| Untracked 
|  98|0x0000000086200000, 0x0000000086200000, 0x0000000086300000|  0%| F|  |TAMS 0x0000000086200000, 0x0000000086200000| Untracked 
|  99|0x0000000086300000, 0x0000000086300000, 0x0000000086400000|  0%| F|  |TAMS 0x0000000086300000, 0x0000000086300000| Untracked 
| 100|0x0000000086400000, 0x00000000864ba290, 0x0000000086500000| 72%| E|  |TAMS 0x0000000086400000, 0x0000000086400000| Complete 
| 101|0x0000000086500000, 0x0000000086534600, 0x0000000086600000| 20%| S|CS|TAMS 0x0000000086500000, 0x0000000086500000| Complete 
| 102|0x0000000086600000, 0x0000000086700000, 0x0000000086700000|100%| S|CS|TAMS 0x0000000086600000, 0x0000000086600000| Complete 
| 103|0x0000000086700000, 0x0000000086800000, 0x0000000086800000|100%| E|CS|TAMS 0x0000000086700000, 0x0000000086700000| Complete 
| 104|0x0000000086800000, 0x0000000086900000, 0x0000000086900000|100%| E|  |TAMS 0x0000000086800000, 0x0000000086800000| Complete 
| 105|0x0000000086900000, 0x0000000086a00000, 0x0000000086a00000|100%| E|CS|TAMS 0x0000000086900000, 0x0000000086900000| Complete 
| 106|0x0000000086a00000, 0x0000000086b00000, 0x0000000086b00000|100%| E|CS|TAMS 0x0000000086a00000, 0x0000000086a00000| Complete 
| 107|0x0000000086b00000, 0x0000000086c00000, 0x0000000086c00000|100%| E|CS|TAMS 0x0000000086b00000, 0x0000000086b00000| Complete 
| 108|0x0000000086c00000, 0x0000000086d00000, 0x0000000086d00000|100%| E|CS|TAMS 0x0000000086c00000, 0x0000000086c00000| Complete 
| 109|0x0000000086d00000, 0x0000000086e00000, 0x0000000086e00000|100%| E|CS|TAMS 0x0000000086d00000, 0x0000000086d00000| Complete 
| 110|0x0000000086e00000, 0x0000000086f00000, 0x0000000086f00000|100%| E|CS|TAMS 0x0000000086e00000, 0x0000000086e00000| Complete 
| 111|0x0000000086f00000, 0x0000000087000000, 0x0000000087000000|100%| E|CS|TAMS 0x0000000086f00000, 0x0000000086f00000| Complete 
| 112|0x0000000087000000, 0x0000000087100000, 0x0000000087100000|100%| E|CS|TAMS 0x0000000087000000, 0x0000000087000000| Complete 
| 113|0x0000000087100000, 0x0000000087200000, 0x0000000087200000|100%| E|CS|TAMS 0x0000000087100000, 0x0000000087100000| Complete 
| 114|0x0000000087200000, 0x0000000087300000, 0x0000000087300000|100%| E|CS|TAMS 0x0000000087200000, 0x0000000087200000| Complete 
| 115|0x0000000087300000, 0x0000000087400000, 0x0000000087400000|100%| E|CS|TAMS 0x0000000087300000, 0x0000000087300000| Complete 
| 116|0x0000000087400000, 0x0000000087500000, 0x0000000087500000|100%| E|CS|TAMS 0x0000000087400000, 0x0000000087400000| Complete 
| 117|0x0000000087500000, 0x0000000087600000, 0x0000000087600000|100%| E|CS|TAMS 0x0000000087500000, 0x0000000087500000| Complete 
| 118|0x0000000087600000, 0x0000000087700000, 0x0000000087700000|100%| E|CS|TAMS 0x0000000087600000, 0x0000000087600000| Complete 
| 119|0x0000000087700000, 0x0000000087800000, 0x0000000087800000|100%| E|CS|TAMS 0x0000000087700000, 0x0000000087700000| Complete 
| 120|0x0000000087800000, 0x0000000087900000, 0x0000000087900000|100%| E|CS|TAMS 0x0000000087800000, 0x0000000087800000| Complete 
| 121|0x0000000087900000, 0x0000000087a00000, 0x0000000087a00000|100%| E|CS|TAMS 0x0000000087900000, 0x0000000087900000| Complete 
| 122|0x0000000087a00000, 0x0000000087b00000, 0x0000000087b00000|100%| E|CS|TAMS 0x0000000087a00000, 0x0000000087a00000| Complete 
| 123|0x0000000087b00000, 0x0000000087c00000, 0x0000000087c00000|100%| E|CS|TAMS 0x0000000087b00000, 0x0000000087b00000| Complete 
| 124|0x0000000087c00000, 0x0000000087d00000, 0x0000000087d00000|100%| E|CS|TAMS 0x0000000087c00000, 0x0000000087c00000| Complete 
| 125|0x0000000087d00000, 0x0000000087e00000, 0x0000000087e00000|100%| E|CS|TAMS 0x0000000087d00000, 0x0000000087d00000| Complete 
| 126|0x0000000087e00000, 0x0000000087f00000, 0x0000000087f00000|100%| E|CS|TAMS 0x0000000087e00000, 0x0000000087e00000| Complete 
| 127|0x0000000087f00000, 0x0000000088000000, 0x0000000088000000|100%| E|CS|TAMS 0x0000000087f00000, 0x0000000087f00000| Complete 

Card table byte_map: [0x000001fc737f0000,0x000001fc73bf0000] _byte_map_base: 0x000001fc733f0000

Marking Bits (Prev, Next): (CMBitMap*) 0x000001fc6f603560, (CMBitMap*) 0x000001fc6f603528
 Prev Bits: [0x000001fc75ff0000, 0x000001fc77ff0000)
 Next Bits: [0x000001fc73ff0000, 0x000001fc75ff0000)

Polling page: 0x000001fc6d580000

Metaspace:

Usage:
  Non-class:     20.01 MB capacity,    19.64 MB ( 98%) used,   338.78 KB (  2%) free+waste,    40.06 KB ( <1%) overhead. 
      Class:      3.07 MB capacity,     2.88 MB ( 94%) used,   176.91 KB (  6%) free+waste,    20.00 KB ( <1%) overhead. 
       Both:     23.08 MB capacity,    22.52 MB ( 98%) used,   515.70 KB (  2%) free+waste,    60.06 KB ( <1%) overhead. 

Virtual space:
  Non-class space:       24.00 MB reserved,      20.12 MB ( 84%) committed 
      Class space:        1.00 GB reserved,       3.13 MB ( <1%) committed 
             Both:        1.02 GB reserved,      23.25 MB (  2%) committed 

Chunk freelists:
   Non-Class:  112.00 KB
       Class:  25.00 KB
        Both:  137.00 KB

MaxMetaspaceSize: 17179869184.00 GB
CompressedClassSpaceSize: 1.00 GB

CodeHeap 'non-profiled nmethods': size=120000Kb used=1013Kb max_used=1013Kb free=118986Kb
 bounds [0x000001fc07ad0000, 0x000001fc07d40000, 0x000001fc0f000000]
CodeHeap 'profiled nmethods': size=120000Kb used=4317Kb max_used=4317Kb free=115683Kb
 bounds [0x000001fc005a0000, 0x000001fc009e0000, 0x000001fc07ad0000]
CodeHeap 'non-nmethods': size=5760Kb used=1150Kb max_used=1167Kb free=4609Kb
 bounds [0x000001fc00000000, 0x000001fc00270000, 0x000001fc005a0000]
 total_blobs=2545 nmethods=2058 adapters=398
 compilation: enabled
              stopped_count=0, restarted_count=0
 full_count=0

Compilation events (20 events):
Event: 4.473 Thread 0x000001fc7b2e5800 nmethod 1998 0x000001fc07bc7390 code [0x000001fc07bc7540, 0x000001fc07bc75d8]
Event: 4.477 Thread 0x000001fc7b2e5800 2005       3       java.lang.StringBuilder::append (8 bytes)
Event: 4.477 Thread 0x000001fc7b2e5800 nmethod 2005 0x000001fc009b7910 code [0x000001fc009b7ac0, 0x000001fc009b7c08]
Event: 4.477 Thread 0x000001fc7b2e5800 2006       3       java.lang.AbstractStringBuilder::append (54 bytes)
Event: 4.477 Thread 0x000001fc7b2e5800 nmethod 2006 0x000001fc009b7c90 code [0x000001fc009b7ec0, 0x000001fc009b8788]
Event: 4.478 Thread 0x000001fc117d3000 nmethod 2004 0x000001fc07bc7690 code [0x000001fc07bc7840, 0x000001fc07bc7d18]
Event: 4.484 Thread 0x000001fc7b2e5800 2007       3       java.util.concurrent.locks.ReentrantLock$Sync::tryRelease (45 bytes)
Event: 4.485 Thread 0x000001fc7b2e5800 nmethod 2007 0x000001fc009b8910 code [0x000001fc009b8ae0, 0x000001fc009b8dc8]
Event: 4.485 Thread 0x000001fc7b2e5800 2008       3       java.util.concurrent.locks.ReentrantLock$Sync::nonfairTryAcquire (67 bytes)
Event: 4.485 Thread 0x000001fc7b2e5800 nmethod 2008 0x000001fc009b8e90 code [0x000001fc009b90e0, 0x000001fc009b99c8]
Event: 4.497 Thread 0x000001fc7b2e5800 2011       3       java.lang.reflect.ProxyGenerator$ConstantPool::getFieldRef (33 bytes)
Event: 4.498 Thread 0x000001fc7b2e5800 nmethod 2011 0x000001fc009b9d10 code [0x000001fc009b9fe0, 0x000001fc009bac48]
Event: 4.498 Thread 0x000001fc7b2e5800 2012       3       org.gradle.internal.service.DefaultServiceRegistry$OwnServices::getProviders (26 bytes)
Event: 4.498 Thread 0x000001fc7b2e5800 nmethod 2012 0x000001fc009bb190 code [0x000001fc009bb360, 0x000001fc009bb6c8]
Event: 4.498 Thread 0x000001fc7b2e5800 2013       3       java.util.Collections::emptySet (4 bytes)
Event: 4.498 Thread 0x000001fc7b2e5800 nmethod 2013 0x000001fc009bb810 code [0x000001fc009bb9c0, 0x000001fc009bbab8]
Event: 4.505 Thread 0x000001fc7b2e5800 2014       3       java.util.Collections$EmptySet::iterator (4 bytes)
Event: 4.505 Thread 0x000001fc7b2e5800 nmethod 2014 0x000001fc009bbb10 code [0x000001fc009bbcc0, 0x000001fc009bbe18]
Event: 4.506 Thread 0x000001fc7b2e5800 2015       3       java.lang.invoke.TypeConvertingMethodAdapter::cast (42 bytes)
Event: 4.506 Thread 0x000001fc7b2e5800 nmethod 2015 0x000001fc009bbf10 code [0x000001fc009bc120, 0x000001fc009bc588]

GC Heap History (6 events):
Event: 0.814 GC heap before
{Heap before GC invocations=0 (full 0):
 garbage-first heap   total 131072K, used 29696K [0x0000000080000000, 0x0000000100000000)
  region size 1024K, 24 young (24576K), 0 survivors (0K)
 Metaspace       used 10302K, capacity 10531K, committed 10752K, reserved 1058816K
  class space    used 1079K, capacity 1170K, committed 1280K, reserved 1048576K
}
Event: 0.820 GC heap after
{Heap after GC invocations=1 (full 0):
 garbage-first heap   total 131072K, used 9656K [0x0000000080000000, 0x0000000100000000)
  region size 1024K, 3 young (3072K), 3 survivors (3072K)
 Metaspace       used 10302K, capacity 10531K, committed 10752K, reserved 1058816K
  class space    used 1079K, capacity 1170K, committed 1280K, reserved 1048576K
}
Event: 4.061 GC heap before
{Heap before GC invocations=1 (full 0):
 garbage-first heap   total 131072K, used 84408K [0x0000000080000000, 0x0000000100000000)
  region size 1024K, 76 young (77824K), 3 survivors (3072K)
 Metaspace       used 17755K, capacity 18228K, committed 18432K, reserved 1064960K
  class space    used 2097K, capacity 2251K, committed 2304K, reserved 1048576K
}
Event: 4.068 GC heap after
{Heap after GC invocations=2 (full 0):
 garbage-first heap   total 131072K, used 16503K [0x0000000080000000, 0x0000000100000000)
  region size 1024K, 10 young (10240K), 10 survivors (10240K)
 Metaspace       used 17755K, capacity 18228K, committed 18432K, reserved 1064960K
  class space    used 2097K, capacity 2251K, committed 2304K, reserved 1048576K
}
Event: 4.402 GC heap before
{Heap before GC invocations=2 (full 0):
 garbage-first heap   total 131072K, used 41079K [0x0000000080000000, 0x0000000100000000)
  region size 1024K, 35 young (35840K), 10 survivors (10240K)
 Metaspace       used 20764K, capacity 21177K, committed 21296K, reserved 1069056K
  class space    used 2541K, capacity 2659K, committed 2688K, reserved 1048576K
}
Event: 4.408 GC heap after
{Heap after GC invocations=3 (full 0):
 garbage-first heap   total 131072K, used 17900K [0x0000000080000000, 0x0000000100000000)
  region size 1024K, 2 young (2048K), 2 survivors (2048K)
 Metaspace       used 20764K, capacity 21177K, committed 21296K, reserved 1069056K
  class space    used 2541K, capacity 2659K, committed 2688K, reserved 1048576K
}

Deoptimization events (20 events):
Event: 4.386 Thread 0x000001fc0f645000 Uncommon trap: trap_request=0xffffffc6 fr.pc=0x000001fc07b4ada4 relative=0x0000000000000084
Event: 4.386 Thread 0x000001fc0f645000 Uncommon trap: reason=bimorphic_or_optimized_type_check action=maybe_recompile pc=0x000001fc07b4ada4 method=java.util.AbstractList$Itr.hasNext()Z @ 8 c2
Event: 4.386 Thread 0x000001fc0f645000 DEOPT PACKING pc=0x000001fc07b4ada4 sp=0x00000094590fa7c0
Event: 4.386 Thread 0x000001fc0f645000 DEOPT UNPACKING pc=0x000001fc0002662f sp=0x00000094590fa758 mode 2
Event: 4.386 Thread 0x000001fc0f645000 Uncommon trap: trap_request=0xffffffc6 fr.pc=0x000001fc07b4bfd4 relative=0x0000000000000114
Event: 4.386 Thread 0x000001fc0f645000 Uncommon trap: reason=bimorphic_or_optimized_type_check action=maybe_recompile pc=0x000001fc07b4bfd4 method=java.util.AbstractList$Itr.next()Ljava/lang/Object; @ 14 c2
Event: 4.386 Thread 0x000001fc0f645000 DEOPT PACKING pc=0x000001fc07b4bfd4 sp=0x00000094590fa7b0
Event: 4.386 Thread 0x000001fc0f645000 DEOPT UNPACKING pc=0x000001fc0002662f sp=0x00000094590fa748 mode 2
Event: 4.386 Thread 0x000001fc0f645000 Uncommon trap: trap_request=0xffffff4d fr.pc=0x000001fc07b459e4 relative=0x0000000000000424
Event: 4.386 Thread 0x000001fc0f645000 Uncommon trap: reason=unstable_if action=reinterpret pc=0x000001fc07b459e4 method=java.lang.String.substring(I)Ljava/lang/String; @ 34 c2
Event: 4.386 Thread 0x000001fc0f645000 DEOPT PACKING pc=0x000001fc07b459e4 sp=0x00000094590fb110
Event: 4.386 Thread 0x000001fc0f645000 DEOPT UNPACKING pc=0x000001fc0002662f sp=0x00000094590fb0e8 mode 2
Event: 4.490 Thread 0x000001fc0f645000 Uncommon trap: trap_request=0xffffff4d fr.pc=0x000001fc07bb0c5c relative=0x000000000000031c
Event: 4.490 Thread 0x000001fc0f645000 Uncommon trap: reason=unstable_if action=reinterpret pc=0x000001fc07bb0c5c method=jdk.internal.org.objectweb.asm.Type.getArgumentsAndReturnSizes(Ljava/lang/String;)I @ 88 c2
Event: 4.490 Thread 0x000001fc0f645000 DEOPT PACKING pc=0x000001fc07bb0c5c sp=0x00000094590f9690
Event: 4.490 Thread 0x000001fc0f645000 DEOPT UNPACKING pc=0x000001fc0002662f sp=0x00000094590f9618 mode 2
Event: 4.497 Thread 0x000001fc0f645000 Uncommon trap: trap_request=0xffffffcc fr.pc=0x000001fc07bbd778 relative=0x00000000000002b8
Event: 4.497 Thread 0x000001fc0f645000 Uncommon trap: reason=intrinsic_or_type_checked_inlining action=make_not_entrant pc=0x000001fc07bbd778 method=java.util.Arrays.copyOf([Ljava/lang/Object;ILjava/lang/Class;)[Ljava/lang/Object; @ 35 c2
Event: 4.497 Thread 0x000001fc0f645000 DEOPT PACKING pc=0x000001fc07bbd778 sp=0x00000094590fb7d0
Event: 4.497 Thread 0x000001fc0f645000 DEOPT UNPACKING pc=0x000001fc0002662f sp=0x00000094590fb778 mode 2

Classes redefined (0 events):
No events

Internal exceptions (20 events):
Event: 0.529 Thread 0x000001fc6f5bf800 Exception <a 'java/lang/NoSuchMethodError'{0x0000000086d4b598}: 'java.lang.Object java.lang.invoke.Invokers$Holder.invoker(java.lang.Object, java.lang.Object, java.lang.Object)'> (0x0000000086d4b598) thrown at [./src/hotspot/share/interpreter/linkResolver.cpp, line 773]
Event: 0.532 Thread 0x000001fc6f5bf800 Exception <a 'java/lang/NoSuchMethodError'{0x0000000086d5c610}: 'void java.lang.invoke.DelegatingMethodHandle$Holder.delegate(java.lang.Object, java.lang.Object, int, java.lang.Object)'> (0x0000000086d5c610) thrown at [./src/hotspot/share/interpreter/linkResolver.cpp, line 773]
Event: 1.204 Thread 0x000001fc6f5bf800 Exception <a 'java/security/PrivilegedActionException'{0x0000000085ab3ae0}> (0x0000000085ab3ae0) thrown at [./src/hotspot/share/prims/jvm.cpp, line 1306]
Event: 1.204 Thread 0x000001fc6f5bf800 Exception <a 'java/security/PrivilegedActionException'{0x0000000085ab4058}> (0x0000000085ab4058) thrown at [./src/hotspot/share/prims/jvm.cpp, line 1306]
Event: 1.485 Thread 0x000001fc6f5bf800 Exception <a 'java/lang/NoSuchMethodError'{0x00000000849897f8}: 'java.lang.Object java.lang.invoke.DirectMethodHandle$Holder.invokeStaticInit(java.lang.Object, java.lang.Object, java.lang.Object)'> (0x00000000849897f8) thrown at [./src/hotspot/share/interpreter/linkResolver.cpp, line 773]
Event: 1.686 Thread 0x000001fc6f5bf800 Exception <a 'java/lang/NoSuchMethodError'{0x00000000843eb778}: 'java.lang.Object java.lang.invoke.DirectMethodHandle$Holder.invokeStaticInit(java.lang.Object, int, int, int, int)'> (0x00000000843eb778) thrown at [./src/hotspot/share/interpreter/linkResolver.cpp, line 773]
Event: 2.594 Thread 0x000001fc6f5bf800 Exception <a 'java/lang/NoSuchMethodError'{0x0000000084262808}: 'java.lang.Object java.lang.invoke.DirectMethodHandle$Holder.invokeStaticInit(java.lang.Object, java.lang.Object, int, int, int, int)'> (0x0000000084262808) thrown at [./src/hotspot/share/interpreter/linkResolver.cpp, line 773]
Event: 3.867 Thread 0x000001fc6f5bf800 Exception <a 'java/io/IOException'{0x00000000840cc2f8}> (0x00000000840cc2f8) thrown at [./src/hotspot/share/prims/jni.cpp, line 615]
Event: 3.972 Thread 0x000001fc0f645000 Exception <a 'java/lang/NoSuchMethodError'{0x0000000083aa3880}: 'void java.lang.invoke.DirectMethodHandle$Holder.invokeVirtual(java.lang.Object, java.lang.Object, java.lang.Object, java.lang.Object)'> (0x0000000083aa3880) thrown at [./src/hotspot/share/interpreter/linkResolver.cpp, line 773]
Event: 3.973 Thread 0x000001fc0f645000 Exception <a 'java/lang/NoSuchMethodError'{0x0000000083ab28e8}: 'void java.lang.invoke.DelegatingMethodHandle$Holder.reinvoke_L(java.lang.Object, java.lang.Object, java.lang.Object, java.lang.Object)'> (0x0000000083ab28e8) thrown at [./src/hotspot/share/interpreter/linkResolver.cpp, line 773]
Event: 3.978 Thread 0x000001fc0f645000 Exception <a 'java/lang/NoSuchMethodError'{0x0000000083ae36f8}: 'long java.lang.invoke.DirectMethodHandle$Holder.invokeInterface(java.lang.Object, java.lang.Object)'> (0x0000000083ae36f8) thrown at [./src/hotspot/share/interpreter/linkResolver.cpp, line 773]
Event: 3.980 Thread 0x000001fc0f645000 Exception <a 'java/lang/NoSuchMethodError'{0x0000000083907008}: 'void java.lang.invoke.DelegatingMethodHandle$Holder.reinvoke_L(java.lang.Object, java.lang.Object, java.lang.Object, java.lang.Object, java.lang.Object, java.lang.Object, java.lang.Object)'> (0x0000000083907008) thrown at [./src/hotspot/share/interpreter/linkResolver.cpp, line 773]
Event: 4.296 Thread 0x000001fc0f645000 Exception <a 'java/lang/NoSuchMethodError'{0x0000000086c417c8}: 'void java.lang.invoke.DirectMethodHandle$Holder.invokeStaticInit(java.lang.Object)'> (0x0000000086c417c8) thrown at [./src/hotspot/share/interpreter/linkResolver.cpp, line 773]
Event: 4.333 Thread 0x000001fc0f645000 Exception <a 'java/lang/NoSuchMethodError'{0x0000000086a6f0c0}: 'java.lang.Object java.lang.invoke.DirectMethodHandle$Holder.invokeStatic(java.lang.Object, java.lang.Object, java.lang.Object, int)'> (0x0000000086a6f0c0) thrown at [./src/hotspot/share/interpreter/linkResolver.cpp, line 773]
Event: 4.333 Thread 0x000001fc0f645000 Exception <a 'java/lang/NoSuchMethodError'{0x0000000086a73530}: 'java.lang.Object java.lang.invoke.DirectMethodHandle$Holder.invokeSpecial(java.lang.Object, java.lang.Object, java.lang.Object, java.lang.Object, int)'> (0x0000000086a73530) thrown at [./src/hotspot/share/interpreter/linkResolver.cpp, line 773]
Event: 4.333 Thread 0x000001fc0f645000 Exception <a 'java/lang/NoSuchMethodError'{0x0000000086a771c0}: 'java.lang.Object java.lang.invoke.Invokers$Holder.linkToTargetMethod(java.lang.Object, java.lang.Object, int, java.lang.Object)'> (0x0000000086a771c0) thrown at [./src/hotspot/share/interpreter/linkResolver.cpp, line 773]
Event: 4.435 Thread 0x000001fc0f645000 Exception <a 'java/lang/NoSuchMethodError'{0x0000000087ece480}: 'int java.lang.invoke.DirectMethodHandle$Holder.invokeSpecialIFC(java.lang.Object, java.lang.Object, java.lang.Object, java.lang.Object)'> (0x0000000087ece480) thrown at [./src/hotspot/share/interpreter/linkResolver.cpp, line 773]
Event: 4.436 Thread 0x000001fc0f645000 Exception <a 'java/lang/NoSuchMethodError'{0x0000000087edc438}: 'java.lang.Object java.lang.invoke.DirectMethodHandle$Holder.invokeInterface(java.lang.Object, java.lang.Object, java.lang.Object)'> (0x0000000087edc438) thrown at [./src/hotspot/share/interpreter/linkResolver.cpp, line 773]
Event: 4.436 Thread 0x000001fc0f645000 Exception <a 'java/lang/IncompatibleClassChangeError'{0x0000000087edf910}: Found class java.lang.Object, but interface was expected> (0x0000000087edf910) thrown at [./src/hotspot/share/interpreter/linkResolver.cpp, line 839]
Event: 4.463 Thread 0x000001fc0f645000 Exception <a 'java/lang/NoSuchMethodError'{0x0000000087ce1118}: 'void java.lang.invoke.DirectMethodHandle$Holder.invokeStatic(java.lang.Object, java.lang.Object, java.lang.Object, java.lang.Object, java.lang.Object)'> (0x0000000087ce1118) thrown at [./src/hotspot/share/interpreter/linkResolver.cpp, line 773]

Events (20 events):
Event: 4.513 loading class org/gradle/configuration/InitScriptProcessor
Event: 4.513 loading class org/gradle/configuration/InitScriptProcessor done
Event: 4.513 loading class org/gradle/initialization/IGradlePropertiesLoader
Event: 4.513 loading class org/gradle/initialization/IGradlePropertiesLoader done
Event: 4.513 loading class org/gradle/api/invocation/BuildInvocationDetails
Event: 4.513 loading class org/gradle/api/invocation/BuildInvocationDetails done
Event: 4.514 loading class org/gradle/api/internal/tasks/userinput/BuildScanUserInputHandler
Event: 4.514 loading class org/gradle/api/internal/tasks/userinput/BuildScanUserInputHandler done
Event: 4.514 loading class org/gradle/api/internal/component/ComponentTypeRegistry
Event: 4.514 loading class org/gradle/api/internal/component/ComponentTypeRegistry done
Event: 4.514 loading class org/gradle/internal/authentication/AuthenticationSchemeRegistry
Event: 4.514 loading class org/gradle/internal/authentication/AuthenticationSchemeRegistry done
Event: 4.514 loading class org/gradle/initialization/ProjectAccessHandler
Event: 4.514 loading class org/gradle/initialization/ProjectAccessHandler done
Event: 4.514 loading class org/gradle/internal/build/BuildIncluder
Event: 4.514 loading class org/gradle/internal/build/BuildIncluder done
Event: 4.514 loading class org/gradle/internal/operations/logging/BuildOperationLoggerFactory
Event: 4.514 loading class org/gradle/internal/operations/logging/BuildOperationLoggerFactory done
Event: 4.514 loading class org/gradle/configuration/CompileOperationFactory
Event: 4.514 loading class org/gradle/configuration/CompileOperationFactory done


Dynamic libraries:
0x00007ff698e10000 - 0x00007ff698e1a000 	D:\안드로이드 스튜디오\jre\bin\java.exe
0x00007fff8e180000 - 0x00007fff8e389000 	C:\WINDOWS\SYSTEM32\ntdll.dll
0x00007fff8d660000 - 0x00007fff8d71d000 	C:\WINDOWS\System32\KERNEL32.DLL
0x00007fff8b760000 - 0x00007fff8bae4000 	C:\WINDOWS\System32\KERNELBASE.dll
0x00007fff8b610000 - 0x00007fff8b721000 	C:\WINDOWS\System32\ucrtbase.dll
0x00007fff76a10000 - 0x00007fff76a27000 	D:\안드로이드 스튜디오\jre\bin\VCRUNTIME140.dll
0x00007fff6c270000 - 0x00007fff6c289000 	D:\안드로이드 스튜디오\jre\bin\jli.dll
0x00007fff8c840000 - 0x00007fff8c9ed000 	C:\WINDOWS\System32\USER32.dll
0x00007fff8b730000 - 0x00007fff8b756000 	C:\WINDOWS\System32\win32u.dll
0x00007fff8dca0000 - 0x00007fff8dcca000 	C:\WINDOWS\System32\GDI32.dll
0x00007fff8beb0000 - 0x00007fff8bfce000 	C:\WINDOWS\System32\gdi32full.dll
0x00007fff7cee0000 - 0x00007fff7d185000 	C:\WINDOWS\WinSxS\amd64_microsoft.windows.common-controls_6595b64144ccf1df_6.0.22000.120_none_9d947278b86cc467\COMCTL32.dll
0x00007fff8be10000 - 0x00007fff8bead000 	C:\WINDOWS\System32\msvcp_win.dll
0x00007fff8c090000 - 0x00007fff8c133000 	C:\WINDOWS\System32\msvcrt.dll
0x00007fff8c790000 - 0x00007fff8c7c1000 	C:\WINDOWS\System32\IMM32.DLL
0x00007fff591d0000 - 0x00007fff5926d000 	D:\안드로이드 스튜디오\jre\bin\msvcp140.dll
0x00007fff47010000 - 0x00007fff47ae5000 	D:\안드로이드 스튜디오\jre\bin\server\jvm.dll
0x00007fff8c360000 - 0x00007fff8c40e000 	C:\WINDOWS\System32\ADVAPI32.dll
0x00007fff8d220000 - 0x00007fff8d2be000 	C:\WINDOWS\System32\sechost.dll
0x00007fff8c140000 - 0x00007fff8c261000 	C:\WINDOWS\System32\RPCRT4.dll
0x00007fff8c000000 - 0x00007fff8c008000 	C:\WINDOWS\System32\PSAPI.DLL
0x00007fff7ac30000 - 0x00007fff7ac39000 	C:\WINDOWS\SYSTEM32\WSOCK32.dll
0x00007fff8c020000 - 0x00007fff8c08f000 	C:\WINDOWS\System32\WS2_32.dll
0x00007fff83da0000 - 0x00007fff83dd3000 	C:\WINDOWS\SYSTEM32\WINMM.dll
0x00007fff83bb0000 - 0x00007fff83bba000 	C:\WINDOWS\SYSTEM32\VERSION.dll
0x00007fff8a680000 - 0x00007fff8a698000 	C:\WINDOWS\SYSTEM32\kernel.appcore.dll
0x00007fff86c40000 - 0x00007fff86c51000 	D:\안드로이드 스튜디오\jre\bin\verify.dll
0x00007fff89240000 - 0x00007fff89461000 	C:\WINDOWS\SYSTEM32\DBGHELP.DLL
0x00007fff75c00000 - 0x00007fff75c31000 	C:\WINDOWS\SYSTEM32\dbgcore.DLL
0x00007fff8bd90000 - 0x00007fff8be0f000 	C:\WINDOWS\System32\bcryptPrimitives.dll
0x00007fff7a330000 - 0x00007fff7a359000 	D:\안드로이드 스튜디오\jre\bin\java.dll
0x00007fff86ce0000 - 0x00007fff86ceb000 	D:\안드로이드 스튜디오\jre\bin\jimage.dll
0x00007fff7d390000 - 0x00007fff7d3a8000 	D:\안드로이드 스튜디오\jre\bin\zip.dll
0x00007fff8ca50000 - 0x00007fff8d215000 	C:\WINDOWS\System32\SHELL32.dll
0x00007fff896e0000 - 0x00007fff89f42000 	C:\WINDOWS\SYSTEM32\windows.storage.dll
0x00007fff8c410000 - 0x00007fff8c786000 	C:\WINDOWS\System32\combase.dll
0x00007fff89570000 - 0x00007fff896d7000 	C:\WINDOWS\SYSTEM32\wintypes.dll
0x00007fff8c270000 - 0x00007fff8c35a000 	C:\WINDOWS\System32\SHCORE.dll
0x00007fff8c9f0000 - 0x00007fff8ca4d000 	C:\WINDOWS\System32\shlwapi.dll
0x00007fff8b540000 - 0x00007fff8b565000 	C:\WINDOWS\SYSTEM32\profapi.dll
0x00007fff77e10000 - 0x00007fff77e2a000 	D:\안드로이드 스튜디오\jre\bin\net.dll
0x00007fff83650000 - 0x00007fff83764000 	C:\WINDOWS\SYSTEM32\WINHTTP.dll
0x00007fff8aba0000 - 0x00007fff8ac07000 	C:\WINDOWS\system32\mswsock.dll
0x00007fff77150000 - 0x00007fff77164000 	D:\안드로이드 스튜디오\jre\bin\nio.dll
0x00007fff771c0000 - 0x00007fff771e7000 	C:\Users\LG\.gradle\native\e1d6ef7f7dcc3fd88c89a11ec53ec762bb8ba0a96d01ffa2cd45eb1d1d8dd5c5\windows-amd64\native-platform.dll
0x00007fff58bc0000 - 0x00007fff58d04000 	C:\Users\LG\.gradle\native\5664cfc778a61ccfe75a443a1ab52a65af34e5dc3c78e0209fed803814484fcb\windows-amd64\native-platform-file-events.dll
0x00007fff86cb0000 - 0x00007fff86cba000 	D:\안드로이드 스튜디오\jre\bin\management.dll
0x00007fff847c0000 - 0x00007fff847cd000 	D:\안드로이드 스튜디오\jre\bin\management_ext.dll
0x00007fff8ae20000 - 0x00007fff8ae38000 	C:\WINDOWS\SYSTEM32\CRYPTSP.dll
0x00007fff8a5e0000 - 0x00007fff8a615000 	C:\WINDOWS\system32\rsaenh.dll
0x00007fff8acc0000 - 0x00007fff8acec000 	C:\WINDOWS\SYSTEM32\USERENV.dll
0x00007fff8afe0000 - 0x00007fff8b007000 	C:\WINDOWS\SYSTEM32\bcrypt.dll
0x00007fff8ae10000 - 0x00007fff8ae1c000 	C:\WINDOWS\SYSTEM32\CRYPTBASE.dll
0x00007fff8a1a0000 - 0x00007fff8a1cd000 	C:\WINDOWS\SYSTEM32\IPHLPAPI.DLL
0x00007fff8dcd0000 - 0x00007fff8dcd9000 	C:\WINDOWS\System32\NSI.dll
0x00007fff83bc0000 - 0x00007fff83bd9000 	C:\WINDOWS\SYSTEM32\dhcpcsvc6.DLL
0x00007fff83de0000 - 0x00007fff83dfe000 	C:\WINDOWS\SYSTEM32\dhcpcsvc.DLL
0x00007fff8a210000 - 0x00007fff8a2f7000 	C:\WINDOWS\SYSTEM32\DNSAPI.dll

dbghelp: loaded successfully - version: 4.0.5 - missing functions: none
symbol engine: initialized successfully - sym options: 0x614 - pdb path: .;D:\안드로이드 스튜디오\jre\bin;C:\WINDOWS\SYSTEM32;C:\WINDOWS\WinSxS\amd64_microsoft.windows.common-controls_6595b64144ccf1df_6.0.22000.120_none_9d947278b86cc467;D:\안드로이드 스튜?D:\안드로이?D:\안드?D:\안?D:\안;D:\?D:\안드로이드 스튜디오\jre\bin\server;C:\Users\LG\.gradle\native\e1d6ef7f7dcc3fd88c89a11ec53ec762bb8ba0a96d01f;D:\안드로이드 스튜디오\jre\bin\server;C:\Users\LG\.gradle\native\e1d6ef7f7dcc3fd88c89a11ec53ec762bb8ba0a96d01ffa2cd45eb1d1d8dd5c5\windows-amd64;C:\Users\LG\.gradle\native\5664cfc778a61ccfe75a443a1ab52a65af34;C:\Users\LG\.gradle\native\5664cfc778a61ccfe75a443a1ab52a65af34;C:\Users\LG\.gradle\native\5664cfc778a61ccfe75a443a1ab52a65af34;C:\Users\LG\.gradle\native\5664cfc778a61ccfe75a443a1ab52a65af34

VM Arguments:
jvm_args: --add-opens=java.base/java.util=ALL-UNNAMED --add-opens=java.base/java.lang=ALL-UNNAMED --add-opens=java.base/java.lang.invoke=ALL-UNNAMED --add-opens=java.base/java.util=ALL-UNNAMED --add-opens=java.prefs/java.util.prefs=ALL-UNNAMED --add-opens=java.prefs/java.util.prefs=ALL-UNNAMED --add-opens=java.base/java.nio.charset=ALL-UNNAMED --add-opens=java.base/java.net=ALL-UNNAMED --add-opens=java.base/java.util.concurrent.atomic=ALL-UNNAMED -Xmx2048m -Dfile.encoding=UTF-8 -Duser.country=KR -Duser.language=ko -Duser.variant 
java_command: org.gradle.launcher.daemon.bootstrap.GradleDaemon 7.2
java_class_path (initial): C:\Users\LG\.gradle\wrapper\dists\gradle-7.2-bin\2dnblmf4td7x66yl1d74lt32g\gradle-7.2\lib\gradle-launcher-7.2.jar
Launcher Type: SUN_STANDARD

[Global flags]
     intx CICompilerCount                          = 4                                         {product} {ergonomic}
     uint ConcGCThreads                            = 2                                         {product} {ergonomic}
     uint G1ConcRefinementThreads                  = 8                                         {product} {ergonomic}
   size_t G1HeapRegionSize                         = 1048576                                   {product} {ergonomic}
    uintx GCDrainStackTargetSize                   = 64                                        {product} {ergonomic}
   size_t InitialHeapSize                          = 134217728                                 {product} {ergonomic}
   size_t MarkStackSize                            = 4194304                                   {product} {ergonomic}
   size_t MaxHeapSize                              = 2147483648                                {product} {command line}
   size_t MaxNewSize                               = 1287651328                                {product} {ergonomic}
   size_t MinHeapDeltaBytes                        = 1048576                                   {product} {ergonomic}
    uintx NonNMethodCodeHeapSize                   = 5836300                                {pd product} {ergonomic}
    uintx NonProfiledCodeHeapSize                  = 122910970                              {pd product} {ergonomic}
    uintx ProfiledCodeHeapSize                     = 122910970                              {pd product} {ergonomic}
    uintx ReservedCodeCacheSize                    = 251658240                              {pd product} {ergonomic}
     bool SegmentedCodeCache                       = true                                      {product} {ergonomic}
     bool UseCompressedClassPointers               = true                                 {lp64_product} {ergonomic}
     bool UseCompressedOops                        = true                                 {lp64_product} {ergonomic}
     bool UseG1GC                                  = true                                      {product} {ergonomic}
     bool UseLargePagesIndividualAllocation        = false                                  {pd product} {ergonomic}

Logging:
Log output configuration:
 #0: stdout all=warning uptime,level,tags
 #1: stderr all=off uptime,level,tags

Environment Variables:
JAVA_HOME=C:\jdk-11.0.2
CLASSPATH=C:\jdk-11.0.2\lib
PATH=C:\jdk-11.0.2\bin;C:\jdk-11.0.2;C:\Program Files\Eclipse Adoptium\jdk-8.0.382.5-hotspot\bin;C:\oraclexe\app\oracle\product\10.2.0\server\bin;C:\Program Files (x86)\Common Files\Oracle\Java\javapath;C:\Program Files (x86)\Intel\iCLS Client\;C:\Program Files\Intel\iCLS Client\;C:\windows\system32;C:\windows;C:\windows\System32\Wbem;C:\windows\System32\WindowsPowerShell\v1.0\;C:\Program Files (x86)\Intel\Intel(R) Management Engine Components\DAL;C:\Program Files\Intel\Intel(R) Management Engine Components\DAL;C:\Program Files (x86)\Intel\Intel(R) Management Engine Components\IPT;C:\Program Files\Intel\Intel(R) Management Engine Components\IPT;C:\Program Files\Intel\WiFi\bin\;C:\Program Files\Common Files\Intel\WirelessCommon\;C:\Program Files (x86)\NVIDIA Corporation\PhysX\Common;C:\Program Files (x86)\Skype\Phone\;C:\WINDOWS\system32;C:\WINDOWS;C:\WINDOWS\System32\Wbem;C:\WINDOWS\System32\WindowsPowerShell\v1.0\;C:\WINDOWS\System32\OpenSSH\;C:\Program Files\nodejs\;D:\openssl-0.9.8e_X64\bin;C:\ProgramData\chocolatey\bin;C:\ProgramData\chocolatey\lib\maven\apache-maven-3.9.4\bin;C:\Program Files\Git\cmd;C:\Program Files\MariaDB 10.11\bin;D:\Scripts\;D:\;C:\Users\LG\AppData\Local\Microsoft\WindowsApps;C:\Users\LG\AppData\Local\afreeca;C:\altera\13.1\modelsim_ase\win32aloem;D:\PyCharm Community Edition 2022.1.3\bin;;C:\Users\LG\AppData\Local\Programs\Microsoft VS Code\bin;C:\Users\LG\AppData\Roaming\npm;C:\Program Files\Java\jdk-1.8\bin;D:\IntelliJ IDEA Community Edition 2023.1.3\bin;;
USERNAME=LG
OS=Windows_NT
PROCESSOR_IDENTIFIER=Intel64 Family 6 Model 142 Stepping 10, GenuineIntel



---------------  S Y S T E M  ---------------

OS: Windows 10 , 64 bit Build 22000 (10.0.22000.2538)
OS uptime: 0 days 13:38 hours

CPU:total 8 (initial active 8) (4 cores per cpu, 2 threads per core) family 6 model 142 stepping 10 microcode 0xe0, cmov, cx8, fxsr, mmx, sse, sse2, sse3, ssse3, sse4.1, sse4.2, popcnt, avx, avx2, aes, clmul, erms, 3dnowpref, lzcnt, ht, tsc, tscinvbit, bmi1, bmi2, adx, fma

Memory: 4k page, system-wide physical 8101M (683M free)
TotalPageFile size 16293M (AvailPageFile size 2M)
current process WorkingSet (physical memory assigned to process): 211M, peak: 211M
current process commit charge ("private bytes"): 276M, peak: 277M

vm_info: OpenJDK 64-Bit Server VM (11.0.11+9-b60-7590822) for windows-amd64 JRE (11.0.11+9-b60-7590822), built on Jul 29 2021 21:43:44 by "builder" with MS VC++ 14.0 (VS2015)

END.
