#
# There is insufficient memory for the Java Runtime Environment to continue.
# Native memory allocation (mmap) failed to map 27262976 bytes for Failed to commit area from 0x0000000088000000 to 0x0000000089a00000 of length 27262976.
# Possible reasons:
#   The system is out of physical RAM or swap space
#   The process is running with CompressedOops enabled, and the Java Heap may be blocking the growth of the native heap
# Possible solutions:
#   Reduce memory load on the system
#   Increase physical memory or swap space
#   Check if swap backing store is full
#   Decrease Java heap size (-Xmx/-Xms)
#   Decrease number of Java threads
#   Decrease Java thread stack sizes (-Xss)
#   Set larger code cache with -XX:ReservedCodeCacheSize=
#   JVM is running with Unscaled Compressed Oops mode in which the Java heap is
#     placed in the first 4GB address space. The Java Heap base address is the
#     maximum limit for the native heap growth. Please use -XX:HeapBaseMinAddress
#     to set the Java Heap base and to place the Java Heap above 4GB virtual address.
# This output file may be truncated or incomplete.
#
#  Out of Memory Error (./src/hotspot/os/windows/os_windows.cpp:3301), pid=32024, tid=12472
#
# JRE version: OpenJDK Runtime Environment (11.0.11+9) (build 11.0.11+9-b60-7590822)
# Java VM: OpenJDK 64-Bit Server VM (11.0.11+9-b60-7590822, mixed mode, tiered, compressed oops, g1 gc, windows-amd64)
# No core dump will be written. Minidumps are not enabled by default on client versions of Windows
#

---------------  S U M M A R Y ------------

Command Line: --add-opens=java.base/java.util=ALL-UNNAMED --add-opens=java.base/java.lang=ALL-UNNAMED --add-opens=java.base/java.lang.invoke=ALL-UNNAMED --add-opens=java.base/java.util=ALL-UNNAMED --add-opens=java.prefs/java.util.prefs=ALL-UNNAMED --add-opens=java.prefs/java.util.prefs=ALL-UNNAMED --add-opens=java.base/java.nio.charset=ALL-UNNAMED --add-opens=java.base/java.net=ALL-UNNAMED --add-opens=java.base/java.util.concurrent.atomic=ALL-UNNAMED -Xmx2048m -Dfile.encoding=UTF-8 -Duser.country=KR -Duser.language=ko -Duser.variant org.gradle.launcher.daemon.bootstrap.GradleDaemon 7.2

Host: Intel(R) Core(TM) i5-8250U CPU @ 1.60GHz, 8 cores, 7G,  Windows 10 , 64 bit Build 22000 (10.0.22000.2538)
Time: Fri Nov  3 15:13:02 2023 대한민국 표준시 elapsed time: 19.427237 seconds (0d 0h 0m 19s)

---------------  T H R E A D  ---------------

Current thread (0x0000027cbc1c7800):  VMThread "VM Thread" [stack: 0x000000de60c00000,0x000000de60d00000] [id=12472]

Stack: [0x000000de60c00000,0x000000de60d00000]
[error occurred during error reporting (printing stack bounds), id 0xc0000005, EXCEPTION_ACCESS_VIOLATION (0xc0000005) at pc=0x0000027ca5820f2d]

Native frames: (J=compiled Java code, j=interpreted, Vv=VM code, C=native code)
V  [jvm.dll+0x5f214a]
V  [jvm.dll+0x726fb5]
V  [jvm.dll+0x7285cd]
V  [jvm.dll+0x728be5]
V  [jvm.dll+0x728b9b]
V  [jvm.dll+0x5f14e8]
V  [jvm.dll+0x5f1c78]
C  [ntdll.dll+0xa8cdf]
C  [ntdll.dll+0x35bea]
C  [ntdll.dll+0xa7cce]
C  0x0000027ca5820f2d

VM_Operation (0x000000de682fa390): G1CollectForAllocation, mode: safepoint, requested by thread 0x0000027cc46ee800


---------------  P R O C E S S  ---------------

Threads class SMR info:
_java_thread_list=0x0000027cc4b397e0, length=134, elements={
0x0000027ca1d22800, 0x0000027cbc1c9800, 0x0000027cbc1d4800, 0x0000027cbc1ec000,
0x0000027cbc1ef000, 0x0000027cbc1f0000, 0x0000027cbcaf5800, 0x0000027cbcaf7000,
0x0000027cbcaf8000, 0x0000027cbcc4e000, 0x0000027cc1dee800, 0x0000027cbcd5e000,
0x0000027cc2882000, 0x0000027cc2a44800, 0x0000027cc2995000, 0x0000027cc181d800,
0x0000027cc1d5c000, 0x0000027cc19aa800, 0x0000027cc1e05800, 0x0000027cc199b800,
0x0000027cc199d800, 0x0000027cc199b000, 0x0000027cc199c800, 0x0000027cc475e000,
0x0000027cc475a800, 0x0000027cc475f000, 0x0000027cc475b800, 0x0000027cc475f800,
0x0000027cc475a000, 0x0000027cc4760800, 0x0000027cc4761000, 0x0000027cc475c800,
0x0000027cc4763800, 0x0000027cc4764800, 0x0000027cc4765800, 0x0000027cc4767000,
0x0000027cc4766000, 0x0000027cc4767800, 0x0000027cc4768800, 0x0000027cc5cb5800,
0x0000027cc5cb8000, 0x0000027cc5cb3000, 0x0000027cc5cb2000, 0x0000027cc5cb4000,
0x0000027cc5cb9000, 0x0000027cc5cb6800, 0x0000027cc5cb7000, 0x0000027cc5cb4800,
0x0000027cc5cbc000, 0x0000027cc5cbd000, 0x0000027cc5cbe800, 0x0000027cc5cba800,
0x0000027cc5cbb000, 0x0000027cc5cbf800, 0x0000027cc5cbd800, 0x0000027cc5cb9800,
0x0000027cc5cc0000, 0x0000027cc5cc1000, 0x0000027cc8a8f800, 0x0000027cc8a8c000,
0x0000027cc8a8d800, 0x0000027cc8a8e800, 0x0000027cc8a8d000, 0x0000027cc8a89800,
0x0000027cc8a90000, 0x0000027cc8a8a800, 0x0000027cc8a8b800, 0x0000027cc2e18800,
0x0000027cc2e1a800, 0x0000027cc2e19800, 0x0000027cc2e21000, 0x0000027cc2e1e800,
0x0000027cc2e1d800, 0x0000027cc2e1c000, 0x0000027cc2e1c800, 0x0000027cc2e1f000,
0x0000027cc2e1b000, 0x0000027cc2e21800, 0x0000027cc2e25800, 0x0000027cc2e20000,
0x0000027cc2e26800, 0x0000027cc2e24000, 0x0000027cc2e23800, 0x0000027cc2e25000,
0x0000027cc2e27800, 0x0000027cc2e22800, 0x0000027cc435d800, 0x0000027cc435b000,
0x0000027cc4362000, 0x0000027cc435d000, 0x0000027cc435c000, 0x0000027cc4362800,
0x0000027cc4360000, 0x0000027cc4363800, 0x0000027cc4361000, 0x0000027cc435e800,
0x0000027cc4364000, 0x0000027cc4365000, 0x0000027cc435f800, 0x0000027cc4366000,
0x0000027cc4369000, 0x0000027cc436a000, 0x0000027cc4366800, 0x0000027cc4367800,
0x0000027cc4368800, 0x0000027cc46e8000, 0x0000027cc46ed800, 0x0000027cc46e8800,
0x0000027cc46ee800, 0x0000027cc46eb000, 0x0000027cc46ec000, 0x0000027cc46e9800,
0x0000027cc46f0000, 0x0000027cc46ef800, 0x0000027cc46ea800, 0x0000027cc46f1000,
0x0000027cc46f1800, 0x0000027cc46f2800, 0x0000027cc46ed000, 0x0000027cc46f3800,
0x0000027cc46f4000, 0x0000027cc46f6800, 0x0000027cc46f6000, 0x0000027cc897d000,
0x0000027cc8980800, 0x0000027cc897e000, 0x0000027cc897f000, 0x0000027cc897f800,
0x0000027cc897b800, 0x0000027cc897a800, 0x0000027cc8981000, 0x0000027cc8982000,
0x0000027cc897c800, 0x0000027cc8983800
}

Java Threads: ( => current thread )
  0x0000027ca1d22800 JavaThread "main" [_thread_blocked, id=33080, stack(0x000000de60600000,0x000000de60700000)]
  0x0000027cbc1c9800 JavaThread "Reference Handler" daemon [_thread_blocked, id=19436, stack(0x000000de60d00000,0x000000de60e00000)]
  0x0000027cbc1d4800 JavaThread "Finalizer" daemon [_thread_blocked, id=14960, stack(0x000000de60e00000,0x000000de60f00000)]
  0x0000027cbc1ec000 JavaThread "Signal Dispatcher" daemon [_thread_blocked, id=20348, stack(0x000000de60f00000,0x000000de61000000)]
  0x0000027cbc1ef000 JavaThread "Attach Listener" daemon [_thread_blocked, id=7700, stack(0x000000de61000000,0x000000de61100000)]
  0x0000027cbc1f0000 JavaThread "Service Thread" daemon [_thread_blocked, id=29260, stack(0x000000de61100000,0x000000de61200000)]
  0x0000027cbcaf5800 JavaThread "C2 CompilerThread0" daemon [_thread_blocked, id=1908, stack(0x000000de61200000,0x000000de61300000)]
  0x0000027cbcaf7000 JavaThread "C1 CompilerThread0" daemon [_thread_blocked, id=24728, stack(0x000000de61300000,0x000000de61400000)]
  0x0000027cbcaf8000 JavaThread "Sweeper thread" daemon [_thread_blocked, id=3260, stack(0x000000de61400000,0x000000de61500000)]
  0x0000027cbcc4e000 JavaThread "Common-Cleaner" daemon [_thread_blocked, id=9540, stack(0x000000de61500000,0x000000de61600000)]
  0x0000027cc1dee800 JavaThread "Daemon health stats" [_thread_blocked, id=30516, stack(0x000000de61b00000,0x000000de61c00000)]
  0x0000027cbcd5e000 JavaThread "Incoming local TCP Connector on port 3683" [_thread_in_native, id=32220, stack(0x000000de61700000,0x000000de61800000)]
  0x0000027cc2882000 JavaThread "Daemon periodic checks" [_thread_blocked, id=30576, stack(0x000000de61a00000,0x000000de61b00000)]
  0x0000027cc2a44800 JavaThread "Daemon" [_thread_blocked, id=9252, stack(0x000000de61c00000,0x000000de61d00000)]
  0x0000027cc2995000 JavaThread "Handler for socket connection from /127.0.0.1:3683 to /127.0.0.1:3684" [_thread_in_native, id=17336, stack(0x000000de61d00000,0x000000de61e00000)]
  0x0000027cc181d800 JavaThread "Cancel handler" [_thread_blocked, id=33300, stack(0x000000de61e00000,0x000000de61f00000)]
  0x0000027cc1d5c000 JavaThread "Daemon worker" [_thread_blocked, id=33288, stack(0x000000de61f00000,0x000000de62000000)]
  0x0000027cc19aa800 JavaThread "Asynchronous log dispatcher for DefaultDaemonConnection: socket connection from /127.0.0.1:3683 to /127.0.0.1:3684" [_thread_blocked, id=33304, stack(0x000000de62000000,0x000000de62100000)]
  0x0000027cc1e05800 JavaThread "Stdin handler" [_thread_blocked, id=8216, stack(0x000000de62100000,0x000000de62200000)]
  0x0000027cc199b800 JavaThread "Daemon client event forwarder" [_thread_blocked, id=29192, stack(0x000000de62200000,0x000000de62300000)]
  0x0000027cc199d800 JavaThread "Cache worker for journal cache (C:\Users\LG\.gradle\caches\journal-1)" [_thread_blocked, id=29660, stack(0x000000de62800000,0x000000de62900000)]
  0x0000027cc199b000 JavaThread "File lock request listener" [_thread_in_native, id=16184, stack(0x000000de62900000,0x000000de62a00000)]
  0x0000027cc199c800 JavaThread "Cache worker for file hash cache (C:\Users\LG\.gradle\caches\7.2\fileHashes)" [_thread_blocked, id=288, stack(0x000000de62a00000,0x000000de62b00000)]
  0x0000027cc475e000 JavaThread "Cache worker for file hash cache (D:\project\MyApplication_login_test\.gradle\7.2\fileHashes)" [_thread_blocked, id=33252, stack(0x000000de62d00000,0x000000de62e00000)]
  0x0000027cc475a800 JavaThread "File watcher server" daemon [_thread_blocked, id=30940, stack(0x000000de62e00000,0x000000de62f00000)]
  0x0000027cc475f000 JavaThread "File watcher consumer" daemon [_thread_blocked, id=32032, stack(0x000000de62f00000,0x000000de63000000)]
  0x0000027cc475b800 JavaThread "Cache worker for checksums cache (D:\project\MyApplication_login_test\.gradle\checksums)" [_thread_blocked, id=26848, stack(0x000000de63000000,0x000000de63100000)]
  0x0000027cc475f800 JavaThread "Cache worker for cache directory md-supplier (C:\Users\LG\.gradle\caches\7.2\md-supplier)" [_thread_blocked, id=26936, stack(0x000000de63100000,0x000000de63200000)]
  0x0000027cc475a000 JavaThread "Cache worker for cache directory md-rule (C:\Users\LG\.gradle\caches\7.2\md-rule)" [_thread_blocked, id=9308, stack(0x000000de63300000,0x000000de63400000)]
  0x0000027cc4760800 JavaThread "Cache worker for execution history cache (C:\Users\LG\.gradle\caches\7.2\executionHistory)" [_thread_blocked, id=24952, stack(0x000000de63400000,0x000000de63500000)]
  0x0000027cc4761000 JavaThread "jar transforms" [_thread_blocked, id=18272, stack(0x000000de63500000,0x000000de63600000)]
  0x0000027cc475c800 JavaThread "Cache worker for file content cache (C:\Users\LG\.gradle\caches\7.2\fileContent)" [_thread_blocked, id=21308, stack(0x000000de63600000,0x000000de63700000)]
  0x0000027cc4763800 JavaThread "jar transforms Thread 2" [_thread_blocked, id=26220, stack(0x000000de63700000,0x000000de63800000)]
  0x0000027cc4764800 JavaThread "Cache worker for dependencies-accessors (D:\project\MyApplication_login_test\.gradle\7.2\dependencies-accessors)" [_thread_blocked, id=33344, stack(0x000000de63800000,0x000000de63900000)]
  0x0000027cc4765800 JavaThread "jar transforms Thread 3" [_thread_blocked, id=33340, stack(0x000000de63900000,0x000000de63a00000)]
  0x0000027cc4767000 JavaThread "Cache worker for Build Output Cleanup Cache (D:\project\MyApplication_login_test\.gradle\buildOutputCleanup)" [_thread_blocked, id=33320, stack(0x000000de63a00000,0x000000de63b00000)]
  0x0000027cc4766000 JavaThread "Unconstrained build operations" [_thread_blocked, id=33324, stack(0x000000de63200000,0x000000de63300000)]
  0x0000027cc4767800 JavaThread "Unconstrained build operations Thread 2" [_thread_blocked, id=28864, stack(0x000000de63b00000,0x000000de63c00000)]
  0x0000027cc4768800 JavaThread "Unconstrained build operations Thread 3" [_thread_blocked, id=18868, stack(0x000000de63c00000,0x000000de63d00000)]
  0x0000027cc5cb5800 JavaThread "Unconstrained build operations Thread 4" [_thread_blocked, id=1920, stack(0x000000de63d00000,0x000000de63e00000)]
  0x0000027cc5cb8000 JavaThread "Unconstrained build operations Thread 5" [_thread_blocked, id=33008, stack(0x000000de63e00000,0x000000de63f00000)]
  0x0000027cc5cb3000 JavaThread "Unconstrained build operations Thread 6" [_thread_blocked, id=33012, stack(0x000000de63f00000,0x000000de64000000)]
  0x0000027cc5cb2000 JavaThread "Unconstrained build operations Thread 7" [_thread_blocked, id=33004, stack(0x000000de64000000,0x000000de64100000)]
  0x0000027cc5cb4000 JavaThread "Unconstrained build operations Thread 8" [_thread_blocked, id=33016, stack(0x000000de64100000,0x000000de64200000)]
  0x0000027cc5cb9000 JavaThread "Unconstrained build operations Thread 9" [_thread_blocked, id=31892, stack(0x000000de64200000,0x000000de64300000)]
  0x0000027cc5cb6800 JavaThread "Unconstrained build operations Thread 10" [_thread_blocked, id=33264, stack(0x000000de64300000,0x000000de64400000)]
  0x0000027cc5cb7000 JavaThread "Unconstrained build operations Thread 11" [_thread_blocked, id=22504, stack(0x000000de64400000,0x000000de64500000)]
  0x0000027cc5cb4800 JavaThread "Unconstrained build operations Thread 12" [_thread_blocked, id=14592, stack(0x000000de64500000,0x000000de64600000)]
  0x0000027cc5cbc000 JavaThread "Unconstrained build operations Thread 13" [_thread_blocked, id=20928, stack(0x000000de64600000,0x000000de64700000)]
  0x0000027cc5cbd000 JavaThread "Unconstrained build operations Thread 14" [_thread_blocked, id=33272, stack(0x000000de64700000,0x000000de64800000)]
  0x0000027cc5cbe800 JavaThread "Unconstrained build operations Thread 15" [_thread_blocked, id=33260, stack(0x000000de64800000,0x000000de64900000)]
  0x0000027cc5cba800 JavaThread "Unconstrained build operations Thread 16" [_thread_blocked, id=33276, stack(0x000000de64900000,0x000000de64a00000)]
  0x0000027cc5cbb000 JavaThread "Unconstrained build operations Thread 17" [_thread_blocked, id=32352, stack(0x000000de64a00000,0x000000de64b00000)]
  0x0000027cc5cbf800 JavaThread "Unconstrained build operations Thread 18" [_thread_blocked, id=15488, stack(0x000000de64b00000,0x000000de64c00000)]
  0x0000027cc5cbd800 JavaThread "Unconstrained build operations Thread 19" [_thread_blocked, id=33396, stack(0x000000de64c00000,0x000000de64d00000)]
  0x0000027cc5cb9800 JavaThread "Unconstrained build operations Thread 20" [_thread_blocked, id=33400, stack(0x000000de64d00000,0x000000de64e00000)]
  0x0000027cc5cc0000 JavaThread "Unconstrained build operations Thread 21" [_thread_blocked, id=32556, stack(0x000000de64e00000,0x000000de64f00000)]
  0x0000027cc5cc1000 JavaThread "Unconstrained build operations Thread 22" [_thread_blocked, id=32696, stack(0x000000de64f00000,0x000000de65000000)]
  0x0000027cc8a8f800 JavaThread "Unconstrained build operations Thread 23" [_thread_blocked, id=24432, stack(0x000000de65000000,0x000000de65100000)]
  0x0000027cc8a8c000 JavaThread "Unconstrained build operations Thread 24" [_thread_blocked, id=33428, stack(0x000000de65100000,0x000000de65200000)]
  0x0000027cc8a8d800 JavaThread "Unconstrained build operations Thread 25" [_thread_blocked, id=33404, stack(0x000000de65200000,0x000000de65300000)]
  0x0000027cc8a8e800 JavaThread "Unconstrained build operations Thread 26" [_thread_blocked, id=33000, stack(0x000000de65300000,0x000000de65400000)]
  0x0000027cc8a8d000 JavaThread "Unconstrained build operations Thread 27" [_thread_blocked, id=31840, stack(0x000000de65400000,0x000000de65500000)]
  0x0000027cc8a89800 JavaThread "Unconstrained build operations Thread 28" [_thread_blocked, id=33120, stack(0x000000de65500000,0x000000de65600000)]
  0x0000027cc8a90000 JavaThread "Unconstrained build operations Thread 29" [_thread_blocked, id=33460, stack(0x000000de65600000,0x000000de65700000)]
  0x0000027cc8a8a800 JavaThread "Unconstrained build operations Thread 30" [_thread_blocked, id=33464, stack(0x000000de65700000,0x000000de65800000)]
  0x0000027cc8a8b800 JavaThread "Unconstrained build operations Thread 31" [_thread_blocked, id=33528, stack(0x000000de65800000,0x000000de65900000)]
  0x0000027cc2e18800 JavaThread "Unconstrained build operations Thread 32" [_thread_blocked, id=33524, stack(0x000000de65900000,0x000000de65a00000)]
  0x0000027cc2e1a800 JavaThread "Unconstrained build operations Thread 33" [_thread_blocked, id=33548, stack(0x000000de65a00000,0x000000de65b00000)]
  0x0000027cc2e19800 JavaThread "Unconstrained build operations Thread 34" [_thread_blocked, id=33552, stack(0x000000de65b00000,0x000000de65c00000)]
  0x0000027cc2e21000 JavaThread "Unconstrained build operations Thread 35" [_thread_blocked, id=33576, stack(0x000000de65c00000,0x000000de65d00000)]
  0x0000027cc2e1e800 JavaThread "Unconstrained build operations Thread 36" [_thread_blocked, id=33028, stack(0x000000de65d00000,0x000000de65e00000)]
  0x0000027cc2e1d800 JavaThread "Unconstrained build operations Thread 37" [_thread_blocked, id=33024, stack(0x000000de65e00000,0x000000de65f00000)]
  0x0000027cc2e1c000 JavaThread "Unconstrained build operations Thread 38" [_thread_blocked, id=33408, stack(0x000000de65f00000,0x000000de66000000)]
  0x0000027cc2e1c800 JavaThread "Unconstrained build operations Thread 39" [_thread_blocked, id=33212, stack(0x000000de66000000,0x000000de66100000)]
  0x0000027cc2e1f000 JavaThread "Unconstrained build operations Thread 40" [_thread_blocked, id=33216, stack(0x000000de66100000,0x000000de66200000)]
  0x0000027cc2e1b000 JavaThread "Unconstrained build operations Thread 41" [_thread_blocked, id=25488, stack(0x000000de66200000,0x000000de66300000)]
  0x0000027cc2e21800 JavaThread "Unconstrained build operations Thread 42" [_thread_blocked, id=33348, stack(0x000000de66300000,0x000000de66400000)]
  0x0000027cc2e25800 JavaThread "Unconstrained build operations Thread 43" [_thread_blocked, id=15252, stack(0x000000de66400000,0x000000de66500000)]
  0x0000027cc2e20000 JavaThread "Unconstrained build operations Thread 44" [_thread_blocked, id=21404, stack(0x000000de66500000,0x000000de66600000)]
  0x0000027cc2e26800 JavaThread "Unconstrained build operations Thread 45" [_thread_blocked, id=27600, stack(0x000000de66600000,0x000000de66700000)]
  0x0000027cc2e24000 JavaThread "Unconstrained build operations Thread 46" [_thread_blocked, id=9664, stack(0x000000de66700000,0x000000de66800000)]
  0x0000027cc2e23800 JavaThread "Unconstrained build operations Thread 47" [_thread_blocked, id=32224, stack(0x000000de66800000,0x000000de66900000)]
  0x0000027cc2e25000 JavaThread "Unconstrained build operations Thread 48" [_thread_blocked, id=32360, stack(0x000000de66900000,0x000000de66a00000)]
  0x0000027cc2e27800 JavaThread "Unconstrained build operations Thread 49" [_thread_blocked, id=31364, stack(0x000000de66a00000,0x000000de66b00000)]
  0x0000027cc2e22800 JavaThread "Unconstrained build operations Thread 50" [_thread_blocked, id=14544, stack(0x000000de66b00000,0x000000de66c00000)]
  0x0000027cc435d800 JavaThread "Unconstrained build operations Thread 51" [_thread_blocked, id=14488, stack(0x000000de66c00000,0x000000de66d00000)]
  0x0000027cc435b000 JavaThread "Unconstrained build operations Thread 52" [_thread_blocked, id=5612, stack(0x000000de66d00000,0x000000de66e00000)]
  0x0000027cc4362000 JavaThread "Unconstrained build operations Thread 53" [_thread_blocked, id=32124, stack(0x000000de66e00000,0x000000de66f00000)]
  0x0000027cc435d000 JavaThread "Unconstrained build operations Thread 54" [_thread_blocked, id=22996, stack(0x000000de66f00000,0x000000de67000000)]
  0x0000027cc435c000 JavaThread "Unconstrained build operations Thread 55" [_thread_blocked, id=18648, stack(0x000000de67000000,0x000000de67100000)]
  0x0000027cc4362800 JavaThread "Unconstrained build operations Thread 56" [_thread_blocked, id=2828, stack(0x000000de67100000,0x000000de67200000)]
  0x0000027cc4360000 JavaThread "Unconstrained build operations Thread 57" [_thread_blocked, id=8024, stack(0x000000de67200000,0x000000de67300000)]
  0x0000027cc4363800 JavaThread "Unconstrained build operations Thread 58" [_thread_blocked, id=32304, stack(0x000000de67300000,0x000000de67400000)]
  0x0000027cc4361000 JavaThread "Unconstrained build operations Thread 59" [_thread_blocked, id=15512, stack(0x000000de67400000,0x000000de67500000)]
  0x0000027cc435e800 JavaThread "Unconstrained build operations Thread 60" [_thread_blocked, id=30088, stack(0x000000de67500000,0x000000de67600000)]
  0x0000027cc4364000 JavaThread "Unconstrained build operations Thread 61" [_thread_blocked, id=28412, stack(0x000000de67600000,0x000000de67700000)]
  0x0000027cc4365000 JavaThread "Unconstrained build operations Thread 62" [_thread_blocked, id=32004, stack(0x000000de67700000,0x000000de67800000)]
  0x0000027cc435f800 JavaThread "Unconstrained build operations Thread 63" [_thread_blocked, id=23912, stack(0x000000de67800000,0x000000de67900000)]
  0x0000027cc4366000 JavaThread "Unconstrained build operations Thread 64" [_thread_blocked, id=24088, stack(0x000000de67900000,0x000000de67a00000)]
  0x0000027cc4369000 JavaThread "Unconstrained build operations Thread 65" [_thread_blocked, id=32200, stack(0x000000de67a00000,0x000000de67b00000)]
  0x0000027cc436a000 JavaThread "Unconstrained build operations Thread 66" [_thread_blocked, id=31980, stack(0x000000de67b00000,0x000000de67c00000)]
  0x0000027cc4366800 JavaThread "Unconstrained build operations Thread 67" [_thread_blocked, id=7484, stack(0x000000de67c00000,0x000000de67d00000)]
  0x0000027cc4367800 JavaThread "Unconstrained build operations Thread 68" [_thread_blocked, id=1252, stack(0x000000de67d00000,0x000000de67e00000)]
  0x0000027cc4368800 JavaThread "Unconstrained build operations Thread 69" [_thread_blocked, id=8916, stack(0x000000de67e00000,0x000000de67f00000)]
  0x0000027cc46e8000 JavaThread "Unconstrained build operations Thread 70" [_thread_blocked, id=26208, stack(0x000000de67f00000,0x000000de68000000)]
  0x0000027cc46ed800 JavaThread "Unconstrained build operations Thread 71" [_thread_blocked, id=17024, stack(0x000000de68000000,0x000000de68100000)]
  0x0000027cc46e8800 JavaThread "Unconstrained build operations Thread 72" [_thread_blocked, id=28984, stack(0x000000de68100000,0x000000de68200000)]
  0x0000027cc46ee800 JavaThread "Unconstrained build operations Thread 73" [_thread_blocked, id=17964, stack(0x000000de68200000,0x000000de68300000)]
  0x0000027cc46eb000 JavaThread "Unconstrained build operations Thread 74" [_thread_blocked, id=31200, stack(0x000000de68300000,0x000000de68400000)]
  0x0000027cc46ec000 JavaThread "Unconstrained build operations Thread 75" [_thread_blocked, id=14296, stack(0x000000de68400000,0x000000de68500000)]
  0x0000027cc46e9800 JavaThread "Unconstrained build operations Thread 76" [_thread_blocked, id=32288, stack(0x000000de68500000,0x000000de68600000)]
  0x0000027cc46f0000 JavaThread "Unconstrained build operations Thread 77" [_thread_blocked, id=29052, stack(0x000000de68600000,0x000000de68700000)]
  0x0000027cc46ef800 JavaThread "Unconstrained build operations Thread 78" [_thread_blocked, id=16076, stack(0x000000de68700000,0x000000de68800000)]
  0x0000027cc46ea800 JavaThread "Unconstrained build operations Thread 79" [_thread_blocked, id=18852, stack(0x000000de68800000,0x000000de68900000)]
  0x0000027cc46f1000 JavaThread "Unconstrained build operations Thread 80" [_thread_blocked, id=27816, stack(0x000000de68900000,0x000000de68a00000)]
  0x0000027cc46f1800 JavaThread "jar transforms Thread 4" [_thread_blocked, id=7668, stack(0x000000de68a00000,0x000000de68b00000)]
  0x0000027cc46f2800 JavaThread "jar transforms Thread 5" [_thread_blocked, id=30048, stack(0x000000de68b00000,0x000000de68c00000)]
  0x0000027cc46ed000 JavaThread "jar transforms Thread 6" [_thread_blocked, id=16344, stack(0x000000de68c00000,0x000000de68d00000)]
  0x0000027cc46f3800 JavaThread "jar transforms Thread 7" [_thread_blocked, id=3640, stack(0x000000de68d00000,0x000000de68e00000)]
  0x0000027cc46f4000 JavaThread "jar transforms Thread 8" [_thread_blocked, id=25756, stack(0x000000de68e00000,0x000000de68f00000)]
  0x0000027cc46f6800 JavaThread "Memory manager" [_thread_blocked, id=20532, stack(0x000000de68f00000,0x000000de69000000)]
  0x0000027cc46f6000 JavaThread "build event listener" [_thread_blocked, id=20320, stack(0x000000de69000000,0x000000de69100000)]
  0x0000027cc897d000 JavaThread "Execution worker for ':'" [_thread_blocked, id=31440, stack(0x000000de69100000,0x000000de69200000)]
  0x0000027cc8980800 JavaThread "Execution worker for ':' Thread 2" [_thread_blocked, id=5528, stack(0x000000de69200000,0x000000de69300000)]
  0x0000027cc897e000 JavaThread "Execution worker for ':' Thread 3" [_thread_blocked, id=7688, stack(0x000000de69300000,0x000000de69400000)]
  0x0000027cc897f000 JavaThread "Execution worker for ':' Thread 4" [_thread_blocked, id=28808, stack(0x000000de69400000,0x000000de69500000)]
  0x0000027cc897f800 JavaThread "Execution worker for ':' Thread 5" [_thread_blocked, id=27752, stack(0x000000de69500000,0x000000de69600000)]
  0x0000027cc897b800 JavaThread "Execution worker for ':' Thread 6" [_thread_blocked, id=31872, stack(0x000000de69600000,0x000000de69700000)]
  0x0000027cc897a800 JavaThread "Execution worker for ':' Thread 7" [_thread_blocked, id=27064, stack(0x000000de69700000,0x000000de69800000)]
  0x0000027cc8981000 JavaThread "Cache worker for execution history cache (D:\project\MyApplication_login_test\.gradle\7.2\executionHistory)" [_thread_blocked, id=30804, stack(0x000000de69800000,0x000000de69900000)]
  0x0000027cc8982000 JavaThread "WorkerExecutor Queue" [_thread_blocked, id=32588, stack(0x000000de62c00000,0x000000de62d00000)]
  0x0000027cc897c800 JavaThread "WorkerExecutor Queue Thread 2" [_thread_blocked, id=32516, stack(0x000000de69900000,0x000000de69a00000)]
  0x0000027cc8983800 JavaThread "WorkerExecutor Queue Thread 3" [_thread_blocked, id=31100, stack(0x000000de69a00000,0x000000de69b00000)]

Other Threads:
=>0x0000027cbc1c7800 VMThread "VM Thread" [stack: 0x000000de60c00000,0x000000de60d00000] [id=12472]
  0x0000027cbcc80800 WatcherThread [stack: 0x000000de61600000,0x000000de61700000] [id=9240]
  0x0000027ca1d3c800 GCTaskThread "GC Thread#0" [stack: 0x000000de60700000,0x000000de60800000] [id=27336]
  0x0000027cc122e800 GCTaskThread "GC Thread#1" [stack: 0x000000de61800000,0x000000de61900000] [id=16140]
  0x0000027cbd26b000 GCTaskThread "GC Thread#2" [stack: 0x000000de61900000,0x000000de61a00000] [id=22448]
  0x0000027cc18bc000 GCTaskThread "GC Thread#3" [stack: 0x000000de62300000,0x000000de62400000] [id=31224]
  0x0000027cc1913000 GCTaskThread "GC Thread#4" [stack: 0x000000de62400000,0x000000de62500000] [id=5604]
  0x0000027cc1d8c800 GCTaskThread "GC Thread#5" [stack: 0x000000de62500000,0x000000de62600000] [id=32248]
  0x0000027cc33e9800 GCTaskThread "GC Thread#6" [stack: 0x000000de62600000,0x000000de62700000] [id=32420]
  0x0000027cc19e3800 GCTaskThread "GC Thread#7" [stack: 0x000000de62700000,0x000000de62800000] [id=33352]
  0x0000027ca1d6d000 ConcurrentGCThread "G1 Main Marker" [stack: 0x000000de60800000,0x000000de60900000] [id=22776]
  0x0000027ca1d6e800 ConcurrentGCThread "G1 Conc#0" [stack: 0x000000de60900000,0x000000de60a00000] [id=4920]
  0x0000027cc1de5000 ConcurrentGCThread "G1 Conc#1" [stack: 0x000000de62b00000,0x000000de62c00000] [id=11580]
  0x0000027ca1dfd800 ConcurrentGCThread "G1 Refine#0" [stack: 0x000000de60a00000,0x000000de60b00000] [id=33228]
  0x0000027ca1dfe800 ConcurrentGCThread "G1 Young RemSet Sampling" [stack: 0x000000de60b00000,0x000000de60c00000] [id=33136]

Threads with active compile tasks:
C2 CompilerThread0  19471 10163   !   4       sun.nio.cs.US_ASCII$Decoder::decodeArrayLoop (297 bytes)

VM state:at safepoint (normal execution)

VM Mutex/Monitor currently owned by a thread:  ([mutex/lock_event])
[0x0000027ca1d1d180] Threads_lock - owner thread: 0x0000027cbc1c7800
[0x0000027ca1d1d570] Heap_lock - owner thread: 0x0000027cc46ee800

Heap address: 0x0000000080000000, size: 2048 MB, Compressed Oops mode: 32-bit
Narrow klass base: 0x0000000000000000, Narrow klass shift: 3
Compressed class space size: 1073741824 Address: 0x0000000100000000

Heap:
 garbage-first heap   total 157696K, used 78145K [0x0000000080000000, 0x0000000100000000)
  region size 1024K, 6 young (6144K), 6 survivors (6144K)
 Metaspace       used 87696K, capacity 89676K, committed 90192K, reserved 1126400K
  class space    used 11387K, capacity 12158K, committed 12416K, reserved 1048576K
Heap Regions: E=young(eden), S=young(survivor), O=old, HS=humongous(starts), HC=humongous(continues), CS=collection set, F=free, A=archive, TAMS=top-at-mark-start (previous, next)
|   0|0x0000000080000000, 0x0000000080100000, 0x0000000080100000|100%| O|  |TAMS 0x0000000080100000, 0x0000000080000000| Untracked 
|   1|0x0000000080100000, 0x0000000080200000, 0x0000000080200000|100%| O|  |TAMS 0x0000000080200000, 0x0000000080100000| Untracked 
|   2|0x0000000080200000, 0x0000000080300000, 0x0000000080300000|100%| O|  |TAMS 0x0000000080300000, 0x0000000080200000| Untracked 
|   3|0x0000000080300000, 0x0000000080400000, 0x0000000080400000|100%|HS|  |TAMS 0x0000000080400000, 0x0000000080300000| Complete 
|   4|0x0000000080400000, 0x0000000080500000, 0x0000000080500000|100%|HC|  |TAMS 0x0000000080500000, 0x0000000080400000| Complete 
|   5|0x0000000080500000, 0x0000000080600000, 0x0000000080600000|100%|HC|  |TAMS 0x0000000080600000, 0x0000000080500000| Complete 
|   6|0x0000000080600000, 0x0000000080700000, 0x0000000080700000|100%| O|  |TAMS 0x0000000080700000, 0x0000000080600000| Untracked 
|   7|0x0000000080700000, 0x0000000080800000, 0x0000000080800000|100%| O|  |TAMS 0x0000000080800000, 0x0000000080700000| Untracked 
|   8|0x0000000080800000, 0x0000000080900000, 0x0000000080900000|100%| O|  |TAMS 0x0000000080900000, 0x0000000080800000| Untracked 
|   9|0x0000000080900000, 0x0000000080a00000, 0x0000000080a00000|100%| O|  |TAMS 0x0000000080a00000, 0x0000000080900000| Untracked 
|  10|0x0000000080a00000, 0x0000000080b00000, 0x0000000080b00000|100%| O|  |TAMS 0x0000000080b00000, 0x0000000080a00000| Untracked 
|  11|0x0000000080b00000, 0x0000000080c00000, 0x0000000080c00000|100%| O|  |TAMS 0x0000000080c00000, 0x0000000080b00000| Untracked 
|  12|0x0000000080c00000, 0x0000000080d00000, 0x0000000080d00000|100%| O|  |TAMS 0x0000000080d00000, 0x0000000080c00000| Untracked 
|  13|0x0000000080d00000, 0x0000000080e00000, 0x0000000080e00000|100%| O|  |TAMS 0x0000000080e00000, 0x0000000080d00000| Untracked 
|  14|0x0000000080e00000, 0x0000000080f00000, 0x0000000080f00000|100%| O|  |TAMS 0x0000000080f00000, 0x0000000080e00000| Untracked 
|  15|0x0000000080f00000, 0x0000000081000000, 0x0000000081000000|100%| O|  |TAMS 0x0000000081000000, 0x0000000080f00000| Untracked 
|  16|0x0000000081000000, 0x0000000081100000, 0x0000000081100000|100%|HS|  |TAMS 0x0000000081100000, 0x0000000081000000| Complete 
|  17|0x0000000081100000, 0x0000000081200000, 0x0000000081200000|100%| O|  |TAMS 0x0000000081200000, 0x0000000081100000| Untracked 
|  18|0x0000000081200000, 0x0000000081300000, 0x0000000081300000|100%| O|  |TAMS 0x0000000081300000, 0x0000000081200000| Untracked 
|  19|0x0000000081300000, 0x0000000081400000, 0x0000000081400000|100%| O|  |TAMS 0x0000000081400000, 0x0000000081300000| Untracked 
|  20|0x0000000081400000, 0x0000000081500000, 0x0000000081500000|100%| O|  |TAMS 0x0000000081500000, 0x0000000081400000| Untracked 
|  21|0x0000000081500000, 0x0000000081600000, 0x0000000081600000|100%| O|  |TAMS 0x0000000081600000, 0x0000000081500000| Untracked 
|  22|0x0000000081600000, 0x0000000081700000, 0x0000000081700000|100%| O|  |TAMS 0x0000000081700000, 0x0000000081600000| Untracked 
|  23|0x0000000081700000, 0x0000000081800000, 0x0000000081800000|100%| O|  |TAMS 0x0000000081800000, 0x0000000081700000| Untracked 
|  24|0x0000000081800000, 0x0000000081900000, 0x0000000081900000|100%| O|  |TAMS 0x0000000081900000, 0x0000000081800000| Untracked 
|  25|0x0000000081900000, 0x0000000081a00000, 0x0000000081a00000|100%| O|  |TAMS 0x0000000081a00000, 0x0000000081900000| Untracked 
|  26|0x0000000081a00000, 0x0000000081b00000, 0x0000000081b00000|100%| O|  |TAMS 0x0000000081b00000, 0x0000000081a00000| Untracked 
|  27|0x0000000081b00000, 0x0000000081c00000, 0x0000000081c00000|100%| O|  |TAMS 0x0000000081c00000, 0x0000000081b00000| Untracked 
|  28|0x0000000081c00000, 0x0000000081d00000, 0x0000000081d00000|100%|HS|  |TAMS 0x0000000081d00000, 0x0000000081c00000| Complete 
|  29|0x0000000081d00000, 0x0000000081e00000, 0x0000000081e00000|100%|HS|  |TAMS 0x0000000081e00000, 0x0000000081d00000| Complete 
|  30|0x0000000081e00000, 0x0000000081f00000, 0x0000000081f00000|100%|HS|  |TAMS 0x0000000081f00000, 0x0000000081e00000| Complete 
|  31|0x0000000081f00000, 0x0000000082000000, 0x0000000082000000|100%|HC|  |TAMS 0x0000000082000000, 0x0000000081f00000| Complete 
|  32|0x0000000082000000, 0x0000000082100000, 0x0000000082100000|100%| O|  |TAMS 0x0000000082100000, 0x0000000082000000| Untracked 
|  33|0x0000000082100000, 0x0000000082200000, 0x0000000082200000|100%| O|  |TAMS 0x0000000082200000, 0x0000000082100000| Untracked 
|  34|0x0000000082200000, 0x0000000082300000, 0x0000000082300000|100%| O|  |TAMS 0x0000000082300000, 0x0000000082200000| Untracked 
|  35|0x0000000082300000, 0x0000000082400000, 0x0000000082400000|100%| O|  |TAMS 0x0000000082400000, 0x0000000082300000| Untracked 
|  36|0x0000000082400000, 0x0000000082500000, 0x0000000082500000|100%| O|  |TAMS 0x0000000082500000, 0x0000000082400000| Untracked 
|  37|0x0000000082500000, 0x0000000082600000, 0x0000000082600000|100%| O|  |TAMS 0x0000000082600000, 0x0000000082500000| Untracked 
|  38|0x0000000082600000, 0x0000000082700000, 0x0000000082700000|100%| O|  |TAMS 0x0000000082700000, 0x0000000082600000| Untracked 
|  39|0x0000000082700000, 0x0000000082800000, 0x0000000082800000|100%| O|  |TAMS 0x0000000082800000, 0x0000000082700000| Untracked 
|  40|0x0000000082800000, 0x0000000082900000, 0x0000000082900000|100%| O|  |TAMS 0x0000000082900000, 0x0000000082800000| Untracked 
|  41|0x0000000082900000, 0x0000000082a00000, 0x0000000082a00000|100%| O|  |TAMS 0x0000000082a00000, 0x0000000082900000| Untracked 
|  42|0x0000000082a00000, 0x0000000082b00000, 0x0000000082b00000|100%| O|  |TAMS 0x0000000082b00000, 0x0000000082a00000| Untracked 
|  43|0x0000000082b00000, 0x0000000082c00000, 0x0000000082c00000|100%| O|  |TAMS 0x0000000082c00000, 0x0000000082b00000| Untracked 
|  44|0x0000000082c00000, 0x0000000082d00000, 0x0000000082d00000|100%| O|  |TAMS 0x0000000082d00000, 0x0000000082c00000| Untracked 
|  45|0x0000000082d00000, 0x0000000082e00000, 0x0000000082e00000|100%| O|  |TAMS 0x0000000082e00000, 0x0000000082d00000| Untracked 
|  46|0x0000000082e00000, 0x0000000082f00000, 0x0000000082f00000|100%| O|  |TAMS 0x0000000082f00000, 0x0000000082e00000| Untracked 
|  47|0x0000000082f00000, 0x0000000083000000, 0x0000000083000000|100%| O|  |TAMS 0x0000000083000000, 0x0000000082f00000| Untracked 
|  48|0x0000000083000000, 0x0000000083100000, 0x0000000083100000|100%| O|  |TAMS 0x0000000083100000, 0x0000000083000000| Untracked 
|  49|0x0000000083100000, 0x0000000083200000, 0x0000000083200000|100%| O|  |TAMS 0x0000000083200000, 0x0000000083100000| Untracked 
|  50|0x0000000083200000, 0x0000000083300000, 0x0000000083300000|100%| O|  |TAMS 0x0000000083300000, 0x0000000083200000| Untracked 
|  51|0x0000000083300000, 0x0000000083400000, 0x0000000083400000|100%| O|  |TAMS 0x0000000083400000, 0x0000000083300000| Untracked 
|  52|0x0000000083400000, 0x0000000083500000, 0x0000000083500000|100%| O|  |TAMS 0x0000000083500000, 0x0000000083400000| Untracked 
|  53|0x0000000083500000, 0x0000000083600000, 0x0000000083600000|100%| O|  |TAMS 0x0000000083600000, 0x0000000083500000| Untracked 
|  54|0x0000000083600000, 0x0000000083700000, 0x0000000083700000|100%| O|  |TAMS 0x0000000083700000, 0x0000000083600000| Untracked 
|  55|0x0000000083700000, 0x0000000083800000, 0x0000000083800000|100%| O|  |TAMS 0x0000000083800000, 0x0000000083700000| Untracked 
|  56|0x0000000083800000, 0x0000000083900000, 0x0000000083900000|100%| O|  |TAMS 0x0000000083900000, 0x0000000083800000| Untracked 
|  57|0x0000000083900000, 0x0000000083a00000, 0x0000000083a00000|100%| O|  |TAMS 0x0000000083a00000, 0x0000000083900000| Untracked 
|  58|0x0000000083a00000, 0x0000000083b00000, 0x0000000083b00000|100%| O|  |TAMS 0x0000000083b00000, 0x0000000083a00000| Untracked 
|  59|0x0000000083b00000, 0x0000000083c00000, 0x0000000083c00000|100%| O|  |TAMS 0x0000000083c00000, 0x0000000083b00000| Untracked 
|  60|0x0000000083c00000, 0x0000000083d00000, 0x0000000083d00000|100%| O|  |TAMS 0x0000000083d00000, 0x0000000083c00000| Untracked 
|  61|0x0000000083d00000, 0x0000000083e00000, 0x0000000083e00000|100%| O|  |TAMS 0x0000000083e00000, 0x0000000083d00000| Untracked 
|  62|0x0000000083e00000, 0x0000000083f00000, 0x0000000083f00000|100%| O|  |TAMS 0x0000000083f00000, 0x0000000083e00000| Untracked 
|  63|0x0000000083f00000, 0x0000000084000000, 0x0000000084000000|100%| O|  |TAMS 0x0000000084000000, 0x0000000083f00000| Untracked 
|  64|0x0000000084000000, 0x0000000084100000, 0x0000000084100000|100%| O|  |TAMS 0x0000000084100000, 0x0000000084000000| Untracked 
|  65|0x0000000084100000, 0x0000000084200000, 0x0000000084200000|100%| O|  |TAMS 0x0000000084200000, 0x0000000084100000| Untracked 
|  66|0x0000000084200000, 0x0000000084300000, 0x0000000084300000|100%| O|  |TAMS 0x00000000842c5a00, 0x0000000084200000| Untracked 
|  67|0x0000000084300000, 0x0000000084400000, 0x0000000084400000|100%| O|  |TAMS 0x0000000084300000, 0x0000000084300000| Untracked 
|  68|0x0000000084400000, 0x0000000084500000, 0x0000000084500000|100%| O|  |TAMS 0x0000000084400000, 0x0000000084400000| Untracked 
|  69|0x0000000084500000, 0x0000000084600000, 0x0000000084600000|100%| O|  |TAMS 0x0000000084500000, 0x0000000084500000| Untracked 
|  70|0x0000000084600000, 0x0000000084650600, 0x0000000084700000| 31%| O|  |TAMS 0x0000000084600000, 0x0000000084600000| Untracked 
|  71|0x0000000084700000, 0x0000000084700000, 0x0000000084800000|  0%| F|  |TAMS 0x0000000084700000, 0x0000000084700000| Untracked 
|  72|0x0000000084800000, 0x0000000084800000, 0x0000000084900000|  0%| F|  |TAMS 0x0000000084800000, 0x0000000084800000| Untracked 
|  73|0x0000000084900000, 0x0000000084900000, 0x0000000084a00000|  0%| F|  |TAMS 0x0000000084900000, 0x0000000084900000| Untracked 
|  74|0x0000000084a00000, 0x0000000084a00000, 0x0000000084b00000|  0%| F|  |TAMS 0x0000000084a00000, 0x0000000084a00000| Untracked 
|  75|0x0000000084b00000, 0x0000000084b00000, 0x0000000084c00000|  0%| F|  |TAMS 0x0000000084b00000, 0x0000000084b00000| Untracked 
|  76|0x0000000084c00000, 0x0000000084c00000, 0x0000000084d00000|  0%| F|  |TAMS 0x0000000084c00000, 0x0000000084c00000| Untracked 
|  77|0x0000000084d00000, 0x0000000084d00000, 0x0000000084e00000|  0%| F|  |TAMS 0x0000000084d00000, 0x0000000084d00000| Untracked 
|  78|0x0000000084e00000, 0x0000000084e00000, 0x0000000084f00000|  0%| F|  |TAMS 0x0000000084e00000, 0x0000000084e00000| Untracked 
|  79|0x0000000084f00000, 0x0000000084f00000, 0x0000000085000000|  0%| F|  |TAMS 0x0000000084f00000, 0x0000000084f00000| Untracked 
|  80|0x0000000085000000, 0x0000000085000000, 0x0000000085100000|  0%| F|  |TAMS 0x0000000085000000, 0x0000000085000000| Untracked 
|  81|0x0000000085100000, 0x0000000085200000, 0x0000000085200000|100%| S|CS|TAMS 0x0000000085100000, 0x0000000085100000| Complete 
|  82|0x0000000085200000, 0x0000000085300000, 0x0000000085300000|100%| S|CS|TAMS 0x0000000085200000, 0x0000000085200000| Complete 
|  83|0x0000000085300000, 0x0000000085400000, 0x0000000085400000|100%| S|CS|TAMS 0x0000000085300000, 0x0000000085300000| Complete 
|  84|0x0000000085400000, 0x0000000085500000, 0x0000000085500000|100%| S|CS|TAMS 0x0000000085400000, 0x0000000085400000| Complete 
|  85|0x0000000085500000, 0x0000000085500000, 0x0000000085600000|  0%| F|  |TAMS 0x0000000085500000, 0x0000000085500000| Untracked 
|  86|0x0000000085600000, 0x0000000085600000, 0x0000000085700000|  0%| F|  |TAMS 0x0000000085600000, 0x0000000085600000| Untracked 
|  87|0x0000000085700000, 0x0000000085700000, 0x0000000085800000|  0%| F|  |TAMS 0x0000000085700000, 0x0000000085700000| Untracked 
|  88|0x0000000085800000, 0x0000000085800000, 0x0000000085900000|  0%| F|  |TAMS 0x0000000085800000, 0x0000000085800000| Untracked 
|  89|0x0000000085900000, 0x0000000085900000, 0x0000000085a00000|  0%| F|  |TAMS 0x0000000085900000, 0x0000000085900000| Untracked 
|  90|0x0000000085a00000, 0x0000000085a00000, 0x0000000085b00000|  0%| F|  |TAMS 0x0000000085a00000, 0x0000000085a00000| Untracked 
|  91|0x0000000085b00000, 0x0000000085c00000, 0x0000000085c00000|100%| S|CS|TAMS 0x0000000085b00000, 0x0000000085b00000| Complete 
|  92|0x0000000085c00000, 0x0000000085d00000, 0x0000000085d00000|100%| S|CS|TAMS 0x0000000085c00000, 0x0000000085c00000| Complete 
|  93|0x0000000085d00000, 0x0000000085d00000, 0x0000000085e00000|  0%| F|  |TAMS 0x0000000085d00000, 0x0000000085d00000| Untracked 
|  94|0x0000000085e00000, 0x0000000085e00000, 0x0000000085f00000|  0%| F|  |TAMS 0x0000000085e00000, 0x0000000085e00000| Untracked 
|  95|0x0000000085f00000, 0x0000000085f00000, 0x0000000086000000|  0%| F|  |TAMS 0x0000000085f00000, 0x0000000085f00000| Untracked 
|  96|0x0000000086000000, 0x0000000086000000, 0x0000000086100000|  0%| F|  |TAMS 0x0000000086000000, 0x0000000086000000| Untracked 
|  97|0x0000000086100000, 0x0000000086100000, 0x0000000086200000|  0%| F|  |TAMS 0x0000000086100000, 0x0000000086100000| Untracked 
|  98|0x0000000086200000, 0x0000000086200000, 0x0000000086300000|  0%| F|  |TAMS 0x0000000086200000, 0x0000000086200000| Untracked 
|  99|0x0000000086300000, 0x0000000086300000, 0x0000000086400000|  0%| F|  |TAMS 0x0000000086300000, 0x0000000086300000| Untracked 
| 100|0x0000000086400000, 0x0000000086400000, 0x0000000086500000|  0%| F|  |TAMS 0x0000000086400000, 0x0000000086400000| Untracked 
| 101|0x0000000086500000, 0x0000000086500000, 0x0000000086600000|  0%| F|  |TAMS 0x0000000086500000, 0x0000000086500000| Untracked 
| 102|0x0000000086600000, 0x0000000086600000, 0x0000000086700000|  0%| F|  |TAMS 0x0000000086600000, 0x0000000086600000| Untracked 
| 103|0x0000000086700000, 0x0000000086700000, 0x0000000086800000|  0%| F|  |TAMS 0x0000000086700000, 0x0000000086700000| Untracked 
| 104|0x0000000086800000, 0x0000000086800000, 0x0000000086900000|  0%| F|  |TAMS 0x0000000086800000, 0x0000000086800000| Untracked 
| 105|0x0000000086900000, 0x0000000086900000, 0x0000000086a00000|  0%| F|  |TAMS 0x0000000086900000, 0x0000000086900000| Untracked 
| 106|0x0000000086a00000, 0x0000000086a00000, 0x0000000086b00000|  0%| F|  |TAMS 0x0000000086a00000, 0x0000000086a00000| Untracked 
| 107|0x0000000086b00000, 0x0000000086b00000, 0x0000000086c00000|  0%| F|  |TAMS 0x0000000086b00000, 0x0000000086b00000| Untracked 
| 108|0x0000000086c00000, 0x0000000086c00000, 0x0000000086d00000|  0%| F|  |TAMS 0x0000000086c00000, 0x0000000086c00000| Untracked 
| 109|0x0000000086d00000, 0x0000000086d00000, 0x0000000086e00000|  0%| F|  |TAMS 0x0000000086d00000, 0x0000000086d00000| Untracked 
| 110|0x0000000086e00000, 0x0000000086e00000, 0x0000000086f00000|  0%| F|  |TAMS 0x0000000086e00000, 0x0000000086e00000| Untracked 
| 111|0x0000000086f00000, 0x0000000086f00000, 0x0000000087000000|  0%| F|  |TAMS 0x0000000086f00000, 0x0000000086f00000| Untracked 
| 112|0x0000000087000000, 0x0000000087000000, 0x0000000087100000|  0%| F|  |TAMS 0x0000000087000000, 0x0000000087000000| Untracked 
| 113|0x0000000087100000, 0x0000000087100000, 0x0000000087200000|  0%| F|  |TAMS 0x0000000087100000, 0x0000000087100000| Untracked 
| 114|0x0000000087200000, 0x0000000087200000, 0x0000000087300000|  0%| F|  |TAMS 0x0000000087200000, 0x0000000087200000| Untracked 
| 115|0x0000000087300000, 0x0000000087300000, 0x0000000087400000|  0%| F|  |TAMS 0x0000000087300000, 0x0000000087300000| Untracked 
| 116|0x0000000087400000, 0x0000000087400000, 0x0000000087500000|  0%| F|  |TAMS 0x0000000087400000, 0x0000000087400000| Untracked 
| 117|0x0000000087500000, 0x0000000087500000, 0x0000000087600000|  0%| F|  |TAMS 0x0000000087500000, 0x0000000087500000| Untracked 
| 118|0x0000000087600000, 0x0000000087600000, 0x0000000087700000|  0%| F|  |TAMS 0x0000000087600000, 0x0000000087600000| Untracked 
| 119|0x0000000087700000, 0x0000000087700000, 0x0000000087800000|  0%| F|  |TAMS 0x0000000087700000, 0x0000000087700000| Untracked 
| 120|0x0000000087800000, 0x0000000087800000, 0x0000000087900000|  0%| F|  |TAMS 0x0000000087800000, 0x0000000087800000| Untracked 
| 121|0x0000000087900000, 0x0000000087900000, 0x0000000087a00000|  0%| F|  |TAMS 0x0000000087900000, 0x0000000087900000| Untracked 
| 122|0x0000000087a00000, 0x0000000087a00000, 0x0000000087b00000|  0%| F|  |TAMS 0x0000000087a00000, 0x0000000087a00000| Untracked 
| 123|0x0000000087b00000, 0x0000000087b00000, 0x0000000087c00000|  0%| F|  |TAMS 0x0000000087b00000, 0x0000000087b00000| Untracked 
| 124|0x0000000087c00000, 0x0000000087c00000, 0x0000000087d00000|  0%| F|  |TAMS 0x0000000087c00000, 0x0000000087c00000| Untracked 
| 125|0x0000000087d00000, 0x0000000087d00000, 0x0000000087e00000|  0%| F|  |TAMS 0x0000000087d00000, 0x0000000087d00000| Untracked 
| 126|0x0000000087e00000, 0x0000000087e00000, 0x0000000087f00000|  0%| F|  |TAMS 0x0000000087e00000, 0x0000000087e00000| Untracked 
| 127|0x0000000087f00000, 0x0000000087f00000, 0x0000000088000000|  0%| F|  |TAMS 0x0000000087f00000, 0x0000000087f00000| Untracked 

Card table byte_map: [0x0000027cb4f60000,0x0000027cb5360000] _byte_map_base: 0x0000027cb4b60000

Marking Bits (Prev, Next): (CMBitMap*) 0x0000027ca1d646a0, (CMBitMap*) 0x0000027ca1d64668
 Prev Bits: [0x0000027cb7760000, 0x0000027cb9760000)
 Next Bits: [0x0000027cb5760000, 0x0000027cb7760000)

Polling page: 0x0000027ca1500000

Metaspace:

Usage:
  Non-class:     75.70 MB capacity,    74.52 MB ( 98%) used,   962.02 KB (  1%) free+waste,   246.44 KB ( <1%) overhead. 
      Class:     11.87 MB capacity,    11.12 MB ( 94%) used,   659.67 KB (  5%) free+waste,   110.94 KB ( <1%) overhead. 
       Both:     87.57 MB capacity,    85.64 MB ( 98%) used,     1.58 MB (  2%) free+waste,   357.38 KB ( <1%) overhead. 

Virtual space:
  Non-class space:       76.00 MB reserved,      75.95 MB (>99%) committed 
      Class space:        1.00 GB reserved,      12.13 MB (  1%) committed 
             Both:        1.07 GB reserved,      88.08 MB (  8%) committed 

Chunk freelists:
   Non-Class:  258.00 KB
       Class:  162.00 KB
        Both:  420.00 KB

MaxMetaspaceSize: 17179869184.00 GB
CompressedClassSpaceSize: 1.00 GB

CodeHeap 'non-profiled nmethods': size=120000Kb used=5243Kb max_used=5243Kb free=114756Kb
 bounds [0x0000027cad2f0000, 0x0000027cad810000, 0x0000027cb4820000]
CodeHeap 'profiled nmethods': size=120000Kb used=21408Kb max_used=21408Kb free=98591Kb
 bounds [0x0000027ca5dc0000, 0x0000027ca72b0000, 0x0000027cad2f0000]
CodeHeap 'non-nmethods': size=5760Kb used=2292Kb max_used=2334Kb free=3467Kb
 bounds [0x0000027ca5820000, 0x0000027ca5a90000, 0x0000027ca5dc0000]
 total_blobs=10967 nmethods=10073 adapters=805
 compilation: enabled
              stopped_count=0, restarted_count=0
 full_count=0

Compilation events (20 events):
Event: 19.363 Thread 0x0000027cbcaf7000 10203   !   2       java.util.zip.InflaterInputStream::read (138 bytes)
Event: 19.364 Thread 0x0000027cbcaf7000 nmethod 10203 0x0000027ca72a5210 code [0x0000027ca72a5480, 0x0000027ca72a5e58]
Event: 19.366 Thread 0x0000027cbcaf7000 10205       1       sun.security.provider.DigestBase::engineGetDigestLength (5 bytes)
Event: 19.366 Thread 0x0000027cbcaf7000 nmethod 10205 0x0000027cad80cc10 code [0x0000027cad80cdc0, 0x0000027cad80ce78]
Event: 19.376 Thread 0x0000027cbcaf5800 nmethod 10150 0x0000027cad80cf10 code [0x0000027cad80d120, 0x0000027cad80e060]
Event: 19.376 Thread 0x0000027cbcaf5800 10163   !   4       sun.nio.cs.US_ASCII$Decoder::decodeArrayLoop (297 bytes)
Event: 19.379 Thread 0x0000027cbcaf7000 10206       2       java.io.BufferedInputStream::getInIfOpen (21 bytes)
Event: 19.380 Thread 0x0000027cbcaf7000 nmethod 10206 0x0000027ca72a6390 code [0x0000027ca72a6540, 0x0000027ca72a66e8]
Event: 19.380 Thread 0x0000027cbcaf7000 10207       2       java.util.zip.ZipFile$ZipFileInflaterInputStream::available (44 bytes)
Event: 19.381 Thread 0x0000027cbcaf7000 nmethod 10207 0x0000027ca72a6790 code [0x0000027ca72a6960, 0x0000027ca72a6cc8]
Event: 19.381 Thread 0x0000027cbcaf7000 10209       2       java.io.BufferedInputStream::read1 (108 bytes)
Event: 19.382 Thread 0x0000027cbcaf7000 nmethod 10209 0x0000027ca72a6e90 code [0x0000027ca72a70a0, 0x0000027ca72a7598]
Event: 19.382 Thread 0x0000027cbcaf7000 10208   !   2       java.util.zip.Inflater::getBytesWritten (23 bytes)
Event: 19.382 Thread 0x0000027cbcaf7000 nmethod 10208 0x0000027ca72a7810 code [0x0000027ca72a79c0, 0x0000027ca72a7c88]
Event: 19.389 Thread 0x0000027cbcaf7000 10210       1       com.android.builder.dexing.NoCacheJarClassFileEntry::getInput (5 bytes)
Event: 19.390 Thread 0x0000027cbcaf7000 nmethod 10210 0x0000027cad80e990 code [0x0000027cad80eb40, 0x0000027cad80ebf8]
Event: 19.390 Thread 0x0000027cbcaf7000 10211       1       com.android.builder.dexing.JarClassFileInput::getPath (5 bytes)
Event: 19.390 Thread 0x0000027cbcaf7000 nmethod 10211 0x0000027cad80ec90 code [0x0000027cad80ee40, 0x0000027cad80eef8]
Event: 19.390 Thread 0x0000027cbcaf7000 10212       2       com.android.tools.r8.origin.Origin::<init> (31 bytes)
Event: 19.390 Thread 0x0000027cbcaf7000 nmethod 10212 0x0000027ca72a7d90 code [0x0000027ca72a7f40, 0x0000027ca72a8078]

GC Heap History (20 events):
Event: 11.710 GC heap after
{Heap after GC invocations=12 (full 0):
 garbage-first heap   total 131072K, used 45914K [0x0000000080000000, 0x0000000100000000)
  region size 1024K, 5 young (5120K), 5 survivors (5120K)
 Metaspace       used 58800K, capacity 60209K, committed 60240K, reserved 1101824K
  class space    used 7477K, capacity 8062K, committed 8064K, reserved 1048576K
}
Event: 12.651 GC heap before
{Heap before GC invocations=13 (full 0):
 garbage-first heap   total 131072K, used 99162K [0x0000000080000000, 0x0000000100000000)
  region size 1024K, 57 young (58368K), 5 survivors (5120K)
 Metaspace       used 63847K, capacity 65293K, committed 65488K, reserved 1105920K
  class space    used 8084K, capacity 8640K, committed 8704K, reserved 1048576K
}
Event: 12.663 GC heap after
{Heap after GC invocations=14 (full 0):
 garbage-first heap   total 131072K, used 50575K [0x0000000080000000, 0x0000000100000000)
  region size 1024K, 6 young (6144K), 6 survivors (6144K)
 Metaspace       used 63847K, capacity 65293K, committed 65488K, reserved 1105920K
  class space    used 8084K, capacity 8640K, committed 8704K, reserved 1048576K
}
Event: 13.347 GC heap before
{Heap before GC invocations=14 (full 0):
 garbage-first heap   total 131072K, used 100751K [0x0000000080000000, 0x0000000100000000)
  region size 1024K, 55 young (56320K), 6 survivors (6144K)
 Metaspace       used 65820K, capacity 67310K, committed 67536K, reserved 1107968K
  class space    used 8363K, capacity 8943K, committed 8960K, reserved 1048576K
}
Event: 13.355 GC heap after
{Heap after GC invocations=15 (full 0):
 garbage-first heap   total 131072K, used 54086K [0x0000000080000000, 0x0000000100000000)
  region size 1024K, 4 young (4096K), 4 survivors (4096K)
 Metaspace       used 65820K, capacity 67310K, committed 67536K, reserved 1107968K
  class space    used 8363K, capacity 8943K, committed 8960K, reserved 1048576K
}
Event: 14.188 GC heap before
{Heap before GC invocations=15 (full 0):
 garbage-first heap   total 131072K, used 103238K [0x0000000080000000, 0x0000000100000000)
  region size 1024K, 52 young (53248K), 4 survivors (4096K)
 Metaspace       used 71102K, capacity 72728K, committed 72784K, reserved 1112064K
  class space    used 9237K, capacity 9842K, committed 9856K, reserved 1048576K
}
Event: 14.199 GC heap after
{Heap after GC invocations=16 (full 0):
 garbage-first heap   total 131072K, used 57606K [0x0000000080000000, 0x0000000100000000)
  region size 1024K, 4 young (4096K), 4 survivors (4096K)
 Metaspace       used 71102K, capacity 72728K, committed 72784K, reserved 1112064K
  class space    used 9237K, capacity 9842K, committed 9856K, reserved 1048576K
}
Event: 15.332 GC heap before
{Heap before GC invocations=16 (full 0):
 garbage-first heap   total 131072K, used 104710K [0x0000000080000000, 0x0000000100000000)
  region size 1024K, 50 young (51200K), 4 survivors (4096K)
 Metaspace       used 76435K, capacity 78205K, committed 78544K, reserved 1118208K
  class space    used 9990K, capacity 10644K, committed 10752K, reserved 1048576K
}
Event: 15.339 GC heap after
{Heap after GC invocations=17 (full 0):
 garbage-first heap   total 131072K, used 59883K [0x0000000080000000, 0x0000000100000000)
  region size 1024K, 6 young (6144K), 6 survivors (6144K)
 Metaspace       used 76435K, capacity 78205K, committed 78544K, reserved 1118208K
  class space    used 9990K, capacity 10644K, committed 10752K, reserved 1048576K
}
Event: 16.722 GC heap before
{Heap before GC invocations=17 (full 0):
 garbage-first heap   total 131072K, used 105963K [0x0000000080000000, 0x0000000100000000)
  region size 1024K, 51 young (52224K), 6 survivors (6144K)
 Metaspace       used 79924K, capacity 81873K, committed 82128K, reserved 1120256K
  class space    used 10498K, capacity 11248K, committed 11264K, reserved 1048576K
}
Event: 16.732 GC heap after
{Heap after GC invocations=18 (full 0):
 garbage-first heap   total 131072K, used 63292K [0x0000000080000000, 0x0000000100000000)
  region size 1024K, 6 young (6144K), 6 survivors (6144K)
 Metaspace       used 79924K, capacity 81873K, committed 82128K, reserved 1120256K
  class space    used 10498K, capacity 11248K, committed 11264K, reserved 1048576K
}
Event: 17.397 GC heap before
{Heap before GC invocations=18 (full 0):
 garbage-first heap   total 131072K, used 106300K [0x0000000080000000, 0x0000000100000000)
  region size 1024K, 49 young (50176K), 6 survivors (6144K)
 Metaspace       used 81503K, capacity 83616K, committed 83664K, reserved 1122304K
  class space    used 10678K, capacity 11483K, committed 11520K, reserved 1048576K
}
Event: 17.408 GC heap after
{Heap after GC invocations=19 (full 0):
 garbage-first heap   total 131072K, used 66100K [0x0000000080000000, 0x0000000100000000)
  region size 1024K, 7 young (7168K), 7 survivors (7168K)
 Metaspace       used 81503K, capacity 83616K, committed 83664K, reserved 1122304K
  class space    used 10678K, capacity 11483K, committed 11520K, reserved 1048576K
}
Event: 18.090 GC heap before
{Heap before GC invocations=19 (full 0):
 garbage-first heap   total 131072K, used 106036K [0x0000000080000000, 0x0000000100000000)
  region size 1024K, 47 young (48128K), 7 survivors (7168K)
 Metaspace       used 83170K, capacity 85389K, committed 85456K, reserved 1122304K
  class space    used 10896K, capacity 11740K, committed 11776K, reserved 1048576K
}
Event: 18.103 GC heap after
{Heap after GC invocations=20 (full 0):
 garbage-first heap   total 131072K, used 68385K [0x0000000080000000, 0x0000000100000000)
  region size 1024K, 5 young (5120K), 5 survivors (5120K)
 Metaspace       used 83170K, capacity 85389K, committed 85456K, reserved 1122304K
  class space    used 10896K, capacity 11740K, committed 11776K, reserved 1048576K
}
Event: 18.650 GC heap before
{Heap before GC invocations=21 (full 0):
 garbage-first heap   total 131072K, used 109345K [0x0000000080000000, 0x0000000100000000)
  region size 1024K, 45 young (46080K), 5 survivors (5120K)
 Metaspace       used 85718K, capacity 87931K, committed 88016K, reserved 1126400K
  class space    used 11199K, capacity 12029K, committed 12032K, reserved 1048576K
}
Event: 18.660 GC heap after
{Heap after GC invocations=22 (full 0):
 garbage-first heap   total 131072K, used 71238K [0x0000000080000000, 0x0000000100000000)
  region size 1024K, 5 young (5120K), 5 survivors (5120K)
 Metaspace       used 85718K, capacity 87931K, committed 88016K, reserved 1126400K
  class space    used 11199K, capacity 12029K, committed 12032K, reserved 1048576K
}
Event: 19.093 GC heap before
{Heap before GC invocations=22 (full 0):
 garbage-first heap   total 131072K, used 108102K [0x0000000080000000, 0x0000000100000000)
  region size 1024K, 42 young (43008K), 5 survivors (5120K)
 Metaspace       used 86906K, capacity 89117K, committed 89168K, reserved 1126400K
  class space    used 11328K, capacity 12150K, committed 12160K, reserved 1048576K
}
Event: 19.102 GC heap after
{Heap after GC invocations=23 (full 0):
 garbage-first heap   total 131072K, used 73954K [0x0000000080000000, 0x0000000100000000)
  region size 1024K, 6 young (6144K), 6 survivors (6144K)
 Metaspace       used 86906K, capacity 89117K, committed 89168K, reserved 1126400K
  class space    used 11328K, capacity 12150K, committed 12160K, reserved 1048576K
}
Event: 19.392 GC heap before
{Heap before GC invocations=24 (full 0):
 garbage-first heap   total 131072K, used 108770K [0x0000000080000000, 0x0000000100000000)
  region size 1024K, 41 young (41984K), 6 survivors (6144K)
 Metaspace       used 87696K, capacity 89676K, committed 90192K, reserved 1126400K
  class space    used 11387K, capacity 12158K, committed 12416K, reserved 1048576K
}

Deoptimization events (20 events):
Event: 19.350 Thread 0x0000027cc8982000 Uncommon trap: trap_request=0xffffff6e fr.pc=0x0000027cad3e0b5c relative=0x000000000000113c
Event: 19.350 Thread 0x0000027cc8982000 Uncommon trap: reason=speculate_class_check action=maybe_recompile pc=0x0000027cad3e0b5c method=java.util.zip.InflaterInputStream.read([BII)I @ 100 c2
Event: 19.350 Thread 0x0000027cc8982000 DEOPT PACKING pc=0x0000027cad3e0b5c sp=0x000000de62cfd170
Event: 19.350 Thread 0x0000027cc8982000 DEOPT UNPACKING pc=0x0000027ca584662f sp=0x000000de62cfd1d0 mode 2
Event: 19.363 Thread 0x0000027cc8982000 DEOPT PACKING pc=0x0000027ca724fbbe sp=0x000000de62cfcc90
Event: 19.363 Thread 0x0000027cc8982000 DEOPT UNPACKING pc=0x0000027ca5846dde sp=0x000000de62cfc228 mode 0
Event: 19.364 Thread 0x0000027cc2e1a800 Uncommon trap: trap_request=0xffffff4d fr.pc=0x0000027cad7f2c8c relative=0x000000000000014c
Event: 19.364 Thread 0x0000027cc2e1a800 Uncommon trap: reason=unstable_if action=reinterpret pc=0x0000027cad7f2c8c method=java.io.BufferedInputStream.read1([BII)I @ 60 c2
Event: 19.364 Thread 0x0000027cc2e1a800 DEOPT PACKING pc=0x0000027cad7f2c8c sp=0x000000de65afaec0
Event: 19.364 Thread 0x0000027cc2e1a800 DEOPT UNPACKING pc=0x0000027ca584662f sp=0x000000de65afae60 mode 2
Event: 19.364 Thread 0x0000027cc46ee800 Uncommon trap: trap_request=0xffffff4d fr.pc=0x0000027cad7f2c8c relative=0x000000000000014c
Event: 19.364 Thread 0x0000027cc46ee800 Uncommon trap: reason=unstable_if action=reinterpret pc=0x0000027cad7f2c8c method=java.io.BufferedInputStream.read1([BII)I @ 60 c2
Event: 19.364 Thread 0x0000027cc46ee800 DEOPT PACKING pc=0x0000027cad7f2c8c sp=0x000000de682fa6d0
Event: 19.364 Thread 0x0000027cc46ee800 DEOPT UNPACKING pc=0x0000027ca584662f sp=0x000000de682fa670 mode 2
Event: 19.376 Thread 0x0000027cc8982000 DEOPT PACKING pc=0x0000027ca724fbbe sp=0x000000de62cfcc90
Event: 19.376 Thread 0x0000027cc8982000 DEOPT UNPACKING pc=0x0000027ca5846dde sp=0x000000de62cfc228 mode 0
Event: 19.380 Thread 0x0000027cc8982000 DEOPT PACKING pc=0x0000027ca724fbbe sp=0x000000de62cfcff0
Event: 19.380 Thread 0x0000027cc8982000 DEOPT UNPACKING pc=0x0000027ca5846dde sp=0x000000de62cfc588 mode 0
Event: 19.388 Thread 0x0000027cc8982000 DEOPT PACKING pc=0x0000027ca724fbbe sp=0x000000de62cfcc90
Event: 19.388 Thread 0x0000027cc8982000 DEOPT UNPACKING pc=0x0000027ca5846dde sp=0x000000de62cfc228 mode 0

Classes redefined (0 events):
No events

Internal exceptions (20 events):
Event: 16.701 Thread 0x0000027cc897f000 Exception <a 'java/lang/NoSuchMethodError'{0x00000000857f8ee8}: 'void java.lang.invoke.DirectMethodHandle$Holder.invokeStatic(java.lang.Object, java.lang.Object, java.lang.Object, java.lang.Object, int, java.lang.Object, java.lang.Object)'> (0x00000000857f8ee8) thrown at [./src/hotspot/share/interpreter/linkResolver.cpp, line 773]
Event: 16.745 Thread 0x0000027cc5cb7000 Exception <a 'java/lang/NoSuchMethodError'{0x0000000087d49d30}: 'java.lang.Object java.lang.invoke.DirectMethodHandle$Holder.invokeSpecialIFC(java.lang.Object, java.lang.Object, java.lang.Object)'> (0x0000000087d49d30) thrown at [./src/hotspot/share/interpreter/linkResolver.cpp, line 773]
Event: 16.745 Thread 0x0000027cc5cb6800 Exception <a 'java/lang/NoSuchMethodError'{0x0000000087d4d3a0}: 'java.lang.Object java.lang.invoke.DirectMethodHandle$Holder.invokeSpecialIFC(java.lang.Object, java.lang.Object, java.lang.Object)'> (0x0000000087d4d3a0) thrown at [./src/hotspot/share/interpreter/linkResolver.cpp, line 773]
Event: 16.745 Thread 0x0000027cc5cb4800 Exception <a 'java/lang/NoSuchMethodError'{0x0000000087d68078}: 'java.lang.Object java.lang.invoke.DirectMethodHandle$Holder.invokeSpecialIFC(java.lang.Object, java.lang.Object, java.lang.Object)'> (0x0000000087d68078) thrown at [./src/hotspot/share/interpreter/linkResolver.cpp, line 773]
Event: 16.745 Thread 0x0000027cc5cb4000 Exception <a 'java/lang/NoSuchMethodError'{0x0000000087d2cf88}: 'java.lang.Object java.lang.invoke.DirectMethodHandle$Holder.invokeSpecialIFC(java.lang.Object, java.lang.Object, java.lang.Object)'> (0x0000000087d2cf88) thrown at [./src/hotspot/share/interpreter/linkResolver.cpp, line 773]
Event: 16.745 Thread 0x0000027cc46e9800 Exception <a 'java/lang/NoSuchMethodError'{0x0000000087d5fe58}: 'java.lang.Object java.lang.invoke.DirectMethodHandle$Holder.invokeSpecialIFC(java.lang.Object, java.lang.Object, java.lang.Object)'> (0x0000000087d5fe58) thrown at [./src/hotspot/share/interpreter/linkResolver.cpp, line 773]
Event: 16.745 Thread 0x0000027cc897f000 Exception <a 'java/lang/NoSuchMethodError'{0x0000000087e974f0}: 'java.lang.Object java.lang.invoke.DirectMethodHandle$Holder.invokeSpecialIFC(java.lang.Object, java.lang.Object, java.lang.Object)'> (0x0000000087e974f0) thrown at [./src/hotspot/share/interpreter/linkResolver.cpp, line 773]
Event: 16.745 Thread 0x0000027cc5cb5800 Exception <a 'java/lang/NoSuchMethodError'{0x0000000087d575c0}: 'java.lang.Object java.lang.invoke.DirectMethodHandle$Holder.invokeSpecialIFC(java.lang.Object, java.lang.Object, java.lang.Object)'> (0x0000000087d575c0) thrown at [./src/hotspot/share/interpreter/linkResolver.cpp, line 773]
Event: 16.745 Thread 0x0000027cc46f1000 Exception <a 'java/lang/NoSuchMethodError'{0x0000000087d3f818}: 'java.lang.Object java.lang.invoke.DirectMethodHandle$Holder.invokeSpecialIFC(java.lang.Object, java.lang.Object, java.lang.Object)'> (0x0000000087d3f818) thrown at [./src/hotspot/share/interpreter/linkResolver.cpp, line 773]
Event: 17.335 Thread 0x0000027cc897f000 Exception <a 'java/lang/NoSuchMethodError'{0x000000008599e0e0}: 'void java.lang.invoke.DirectMethodHandle$Holder.invokeVirtual(java.lang.Object, java.lang.Object)'> (0x000000008599e0e0) thrown at [./src/hotspot/share/interpreter/linkResolver.cpp, line 773]
Event: 17.379 Thread 0x0000027cc897f000 Exception <a 'java/lang/NoSuchMethodError'{0x00000000856d2f18}: <clinit>> (0x00000000856d2f18) thrown at [./src/hotspot/share/prims/jni.cpp, line 1362]
Event: 17.448 Thread 0x0000027cc897f000 Exception <a 'java/lang/NoSuchMethodError'{0x0000000087d347e0}: 'void java.lang.invoke.DirectMethodHandle$Holder.invokeStatic(java.lang.Object, java.lang.Object, java.lang.Object, java.lang.Object, java.lang.Object, java.lang.Object, java.lang.Object)'> (0x0000000087d347e0) thrown at [./src/hotspot/share/interpreter/linkResolver.cpp, line 773]
Event: 17.466 Thread 0x0000027cc199b800 Exception <a 'java/lang/NoSuchMethodError'{0x0000000087b45358}: <clinit>> (0x0000000087b45358) thrown at [./src/hotspot/share/prims/jni.cpp, line 1362]
Event: 17.472 Thread 0x0000027cc199b800 Exception <a 'java/lang/NoSuchMethodError'{0x0000000087b73b00}: <clinit>> (0x0000000087b73b00) thrown at [./src/hotspot/share/prims/jni.cpp, line 1362]
Event: 17.474 Thread 0x0000027cc199b800 Exception <a 'java/lang/NoSuchMethodError'{0x0000000087bbf718}: <clinit>> (0x0000000087bbf718) thrown at [./src/hotspot/share/prims/jni.cpp, line 1362]
Event: 18.885 Thread 0x0000027cc897f000 Exception <a 'java/lang/NoSuchMethodError'{0x00000000870d3218}: 'int java.lang.invoke.DirectMethodHandle$Holder.invokeSpecial(java.lang.Object, java.lang.Object, java.lang.Object, java.lang.Object, java.lang.Object)'> (0x00000000870d3218) thrown at [./src/hotspot/share/interpreter/linkResolver.cpp, line 773]
Event: 18.904 Thread 0x0000027cc897f000 Exception <a 'sun/nio/fs/WindowsException'{0x0000000086fb6990}> (0x0000000086fb6990) thrown at [./src/hotspot/share/prims/jni.cpp, line 615]
Event: 18.905 Thread 0x0000027cc897f000 Exception <a 'sun/nio/fs/WindowsException'{0x0000000086fb7800}> (0x0000000086fb7800) thrown at [./src/hotspot/share/prims/jni.cpp, line 615]
Event: 18.920 Thread 0x0000027cc8982000 Exception <a 'sun/nio/fs/WindowsException'{0x0000000086eaf0f8}> (0x0000000086eaf0f8) thrown at [./src/hotspot/share/prims/jni.cpp, line 615]
Event: 18.920 Thread 0x0000027cc8982000 Exception <a 'sun/nio/fs/WindowsException'{0x0000000086eaf3a8}> (0x0000000086eaf3a8) thrown at [./src/hotspot/share/prims/jni.cpp, line 615]

Events (20 events):
Event: 19.387 loading class com/android/tools/r8/ClassFileResourceProvider done
Event: 19.387 loading class com/android/tools/r8/BaseCommand$Builder
Event: 19.387 loading class com/android/tools/r8/BaseCommand$Builder done
Event: 19.387 loading class com/android/tools/r8/utils/z
Event: 19.387 loading class com/android/tools/r8/utils/z done
Event: 19.388 loading class com/android/tools/r8/ClassFileResourceProvider
Event: 19.388 loading class com/android/tools/r8/ClassFileResourceProvider done
Event: 19.388 loading class com/android/tools/r8/BaseCommand$Builder
Event: 19.388 loading class com/android/tools/r8/BaseCommand$Builder done
Event: 19.389 loading class com/android/tools/r8/internal/wC0
Event: 19.389 loading class com/android/tools/r8/internal/wC0 done
Event: 19.390 loading class com/android/tools/r8/internal/wC0
Event: 19.390 loading class com/android/tools/r8/internal/wC0 done
Event: 19.390 loading class com/android/tools/r8/BaseCommand$Builder
Event: 19.390 loading class com/android/tools/r8/BaseCommand$Builder done
Event: 19.390 loading class com/android/tools/r8/internal/pO0$a
Event: 19.390 loading class com/android/tools/r8/internal/pO0$a done
Event: 19.391 loading class com/android/tools/r8/internal/pO0
Event: 19.391 loading class com/android/tools/r8/internal/pO0 done
Event: 19.392 Executing VM operation: G1CollectForAllocation


Dynamic libraries:
0x00007ff6800a0000 - 0x00007ff6800aa000 	D:\안드로이드 스튜디오\jre\bin\java.exe
0x00007ff8dab40000 - 0x00007ff8dad49000 	C:\WINDOWS\SYSTEM32\ntdll.dll
0x00007ff8d9390000 - 0x00007ff8d944d000 	C:\WINDOWS\System32\KERNEL32.DLL
0x00007ff8d8590000 - 0x00007ff8d8914000 	C:\WINDOWS\System32\KERNELBASE.dll
0x00007ff8d8300000 - 0x00007ff8d8411000 	C:\WINDOWS\System32\ucrtbase.dll
0x00007ff8bdfd0000 - 0x00007ff8bdfe9000 	D:\안드로이드 스튜디오\jre\bin\jli.dll
0x00007ff8ba980000 - 0x00007ff8ba997000 	D:\안드로이드 스튜디오\jre\bin\VCRUNTIME140.dll
0x00007ff8d9770000 - 0x00007ff8d991d000 	C:\WINDOWS\System32\USER32.dll
0x00007ff8d8170000 - 0x00007ff8d8196000 	C:\WINDOWS\System32\win32u.dll
0x00007ff8d9bb0000 - 0x00007ff8d9bda000 	C:\WINDOWS\System32\GDI32.dll
0x00007ff8c9390000 - 0x00007ff8c9635000 	C:\WINDOWS\WinSxS\amd64_microsoft.windows.common-controls_6595b64144ccf1df_6.0.22000.120_none_9d947278b86cc467\COMCTL32.dll
0x00007ff8d8050000 - 0x00007ff8d816e000 	C:\WINDOWS\System32\gdi32full.dll
0x00007ff8da950000 - 0x00007ff8da9f3000 	C:\WINDOWS\System32\msvcrt.dll
0x00007ff8d81a0000 - 0x00007ff8d823d000 	C:\WINDOWS\System32\msvcp_win.dll
0x00007ff8d9500000 - 0x00007ff8d9531000 	C:\WINDOWS\System32\IMM32.DLL
0x00007ff8a7430000 - 0x00007ff8a74cd000 	D:\안드로이드 스튜디오\jre\bin\msvcp140.dll
0x00007ff8a37c0000 - 0x00007ff8a4295000 	D:\안드로이드 스튜디오\jre\bin\server\jvm.dll
0x00007ff8d8ef0000 - 0x00007ff8d8f9e000 	C:\WINDOWS\System32\ADVAPI32.dll
0x00007ff8daa00000 - 0x00007ff8daa9e000 	C:\WINDOWS\System32\sechost.dll
0x00007ff8da5d0000 - 0x00007ff8da6f1000 	C:\WINDOWS\System32\RPCRT4.dll
0x00007ff8d9920000 - 0x00007ff8d9928000 	C:\WINDOWS\System32\PSAPI.DLL
0x00007ff8c7320000 - 0x00007ff8c7329000 	C:\WINDOWS\SYSTEM32\WSOCK32.dll
0x00007ff8d18a0000 - 0x00007ff8d18d3000 	C:\WINDOWS\SYSTEM32\WINMM.dll
0x00007ff8da8e0000 - 0x00007ff8da94f000 	C:\WINDOWS\System32\WS2_32.dll
0x00007ff8cfbf0000 - 0x00007ff8cfbfa000 	C:\WINDOWS\SYSTEM32\VERSION.dll
0x00007ff8d7040000 - 0x00007ff8d7058000 	C:\WINDOWS\SYSTEM32\kernel.appcore.dll
0x00007ff8d3e50000 - 0x00007ff8d3e61000 	D:\안드로이드 스튜디오\jre\bin\verify.dll
0x00007ff8d5c00000 - 0x00007ff8d5e21000 	C:\WINDOWS\SYSTEM32\DBGHELP.DLL
0x00007ff8c2310000 - 0x00007ff8c2341000 	C:\WINDOWS\SYSTEM32\dbgcore.DLL
0x00007ff8d7fd0000 - 0x00007ff8d804f000 	C:\WINDOWS\System32\bcryptPrimitives.dll
0x00007ff8d3530000 - 0x00007ff8d3559000 	D:\안드로이드 스튜디오\jre\bin\java.dll
0x00007ff8d3e40000 - 0x00007ff8d3e4b000 	D:\안드로이드 스튜디오\jre\bin\jimage.dll
0x00007ff8d1cc0000 - 0x00007ff8d1cd8000 	D:\안드로이드 스튜디오\jre\bin\zip.dll
0x00007ff8d9ce0000 - 0x00007ff8da4a5000 	C:\WINDOWS\System32\SHELL32.dll
0x00007ff8d60a0000 - 0x00007ff8d6902000 	C:\WINDOWS\SYSTEM32\windows.storage.dll
0x00007ff8d9010000 - 0x00007ff8d9386000 	C:\WINDOWS\System32\combase.dll
0x00007ff8d5f30000 - 0x00007ff8d6097000 	C:\WINDOWS\SYSTEM32\wintypes.dll
0x00007ff8d9ac0000 - 0x00007ff8d9baa000 	C:\WINDOWS\System32\SHCORE.dll
0x00007ff8daaa0000 - 0x00007ff8daafd000 	C:\WINDOWS\System32\shlwapi.dll
0x00007ff8d7f00000 - 0x00007ff8d7f25000 	C:\WINDOWS\SYSTEM32\profapi.dll
0x00007ff8c7b90000 - 0x00007ff8c7baa000 	D:\안드로이드 스튜디오\jre\bin\net.dll
0x00007ff8d1370000 - 0x00007ff8d1484000 	C:\WINDOWS\SYSTEM32\WINHTTP.dll
0x00007ff8d7560000 - 0x00007ff8d75c7000 	C:\WINDOWS\system32\mswsock.dll
0x00007ff8c7b70000 - 0x00007ff8c7b84000 	D:\안드로이드 스튜디오\jre\bin\nio.dll
0x00007ff8baa20000 - 0x00007ff8baa47000 	C:\Users\LG\.gradle\native\e1d6ef7f7dcc3fd88c89a11ec53ec762bb8ba0a96d01ffa2cd45eb1d1d8dd5c5\windows-amd64\native-platform.dll
0x00007ff8a3670000 - 0x00007ff8a37b4000 	C:\Users\LG\.gradle\native\5664cfc778a61ccfe75a443a1ab52a65af34e5dc3c78e0209fed803814484fcb\windows-amd64\native-platform-file-events.dll
0x00007ff8d3650000 - 0x00007ff8d365a000 	D:\안드로이드 스튜디오\jre\bin\management.dll
0x00007ff8d3620000 - 0x00007ff8d362d000 	D:\안드로이드 스튜디오\jre\bin\management_ext.dll
0x00007ff8d77e0000 - 0x00007ff8d77f8000 	C:\WINDOWS\SYSTEM32\CRYPTSP.dll
0x00007ff8d6fa0000 - 0x00007ff8d6fd5000 	C:\WINDOWS\system32\rsaenh.dll
0x00007ff8d7660000 - 0x00007ff8d768c000 	C:\WINDOWS\SYSTEM32\USERENV.dll
0x00007ff8d79a0000 - 0x00007ff8d79c7000 	C:\WINDOWS\SYSTEM32\bcrypt.dll
0x00007ff8d77d0000 - 0x00007ff8d77dc000 	C:\WINDOWS\SYSTEM32\CRYPTBASE.dll
0x00007ff8d6b60000 - 0x00007ff8d6b8d000 	C:\WINDOWS\SYSTEM32\IPHLPAPI.DLL
0x00007ff8d9930000 - 0x00007ff8d9939000 	C:\WINDOWS\System32\NSI.dll
0x00007ff8d0af0000 - 0x00007ff8d0b09000 	C:\WINDOWS\SYSTEM32\dhcpcsvc6.DLL
0x00007ff8d2ff0000 - 0x00007ff8d300e000 	C:\WINDOWS\SYSTEM32\dhcpcsvc.DLL
0x00007ff8d6b90000 - 0x00007ff8d6c77000 	C:\WINDOWS\SYSTEM32\DNSAPI.dll

dbghelp: loaded successfully - version: 4.0.5 - missing functions: none
symbol engine: initialized successfully - sym options: 0x614 - pdb path: .;D:\안드로이드 스튜디오\jre\bin;C:\WINDOWS\SYSTEM32;C:\WINDOWS\WinSxS\amd64_microsoft.windows.common-controls_6595b64144ccf1df_6.0.22000.120_none_9d947278b86cc467;D:\안드로이드 스튜?D:\안드로이?D:\안드?D:\안?D:\안;D:\?D:\안드로이드 스튜디오\jre\bin\server;C:\Users\LG\.gradle\native\e1d6ef7f7dcc3fd88c89a11ec53ec762bb8ba0a96d01f;D:\안드로이드 스튜디오\jre\bin\server;C:\Users\LG\.gradle\native\e1d6ef7f7dcc3fd88c89a11ec53ec762bb8ba0a96d01ffa2cd45eb1d1d8dd5c5\windows-amd64;C:\Users\LG\.gradle\native\5664cfc778a61ccfe75a443a1ab52a65af34;C:\Users\LG\.gradle\native\5664cfc778a61ccfe75a443a1ab52a65af34;C:\Users\LG\.gradle\native\5664cfc778a61ccfe75a443a1ab52a65af34;C:\Users\LG\.gradle\native\5664cfc778a61ccfe75a443a1ab52a65af34

VM Arguments:
jvm_args: --add-opens=java.base/java.util=ALL-UNNAMED --add-opens=java.base/java.lang=ALL-UNNAMED --add-opens=java.base/java.lang.invoke=ALL-UNNAMED --add-opens=java.base/java.util=ALL-UNNAMED --add-opens=java.prefs/java.util.prefs=ALL-UNNAMED --add-opens=java.prefs/java.util.prefs=ALL-UNNAMED --add-opens=java.base/java.nio.charset=ALL-UNNAMED --add-opens=java.base/java.net=ALL-UNNAMED --add-opens=java.base/java.util.concurrent.atomic=ALL-UNNAMED -Xmx2048m -Dfile.encoding=UTF-8 -Duser.country=KR -Duser.language=ko -Duser.variant 
java_command: org.gradle.launcher.daemon.bootstrap.GradleDaemon 7.2
java_class_path (initial): C:\Users\LG\.gradle\wrapper\dists\gradle-7.2-bin\2dnblmf4td7x66yl1d74lt32g\gradle-7.2\lib\gradle-launcher-7.2.jar
Launcher Type: SUN_STANDARD

[Global flags]
     intx CICompilerCount                          = 4                                         {product} {ergonomic}
     uint ConcGCThreads                            = 2                                         {product} {ergonomic}
     uint G1ConcRefinementThreads                  = 8                                         {product} {ergonomic}
   size_t G1HeapRegionSize                         = 1048576                                   {product} {ergonomic}
    uintx GCDrainStackTargetSize                   = 64                                        {product} {ergonomic}
   size_t InitialHeapSize                          = 134217728                                 {product} {ergonomic}
   size_t MarkStackSize                            = 4194304                                   {product} {ergonomic}
   size_t MaxHeapSize                              = 2147483648                                {product} {command line}
   size_t MaxNewSize                               = 1287651328                                {product} {ergonomic}
   size_t MinHeapDeltaBytes                        = 1048576                                   {product} {ergonomic}
    uintx NonNMethodCodeHeapSize                   = 5836300                                {pd product} {ergonomic}
    uintx NonProfiledCodeHeapSize                  = 122910970                              {pd product} {ergonomic}
    uintx ProfiledCodeHeapSize                     = 122910970                              {pd product} {ergonomic}
    uintx ReservedCodeCacheSize                    = 251658240                              {pd product} {ergonomic}
     bool SegmentedCodeCache                       = true                                      {product} {ergonomic}
     bool UseCompressedClassPointers               = true                                 {lp64_product} {ergonomic}
     bool UseCompressedOops                        = true                                 {lp64_product} {ergonomic}
     bool UseG1GC                                  = true                                      {product} {ergonomic}
     bool UseLargePagesIndividualAllocation        = false                                  {pd product} {ergonomic}

Logging:
Log output configuration:
 #0: stdout all=warning uptime,level,tags
 #1: stderr all=off uptime,level,tags

Environment Variables:
JAVA_HOME=D:\openjdk-11.0.0.1_windows-x64_bin\jdk-11.0.0.1
CLASSPATH=D:\openjdk-11.0.0.1_windows-x64_bin\jdk-11.0.0.1\lib
PATH=D:\openjdk-11.0.0.1_windows-x64_bin\jdk-11.0.0.1\bin;C:\Program Files\Common Files\Oracle\Java\javapath;C:\Program Files\Eclipse Adoptium\jdk-8.0.382.5-hotspot\bin;C:\oraclexe\app\oracle\product\10.2.0\server\bin;C:\Program Files (x86)\Common Files\Oracle\Java\javapath;C:\Program Files (x86)\Intel\iCLS Client\;C:\Program Files\Intel\iCLS Client\;C:\windows\system32;C:\windows;C:\windows\System32\Wbem;C:\windows\System32\WindowsPowerShell\v1.0\;C:\Program Files (x86)\Intel\Intel(R) Management Engine Components\DAL;C:\Program Files\Intel\Intel(R) Management Engine Components\DAL;C:\Program Files (x86)\Intel\Intel(R) Management Engine Components\IPT;C:\Program Files\Intel\Intel(R) Management Engine Components\IPT;C:\Program Files\Intel\WiFi\bin\;C:\Program Files\Common Files\Intel\WirelessCommon\;C:\Program Files (x86)\NVIDIA Corporation\PhysX\Common;C:\Program Files (x86)\Skype\Phone\;C:\WINDOWS\system32;C:\WINDOWS;C:\WINDOWS\System32\Wbem;C:\WINDOWS\System32\WindowsPowerShell\v1.0\;C:\WINDOWS\System32\OpenSSH\;C:\Program Files\nodejs\;D:\openssl-0.9.8e_X64\bin;C:\ProgramData\chocolatey\bin;C:\ProgramData\chocolatey\lib\maven\apache-maven-3.9.4\bin;C:\Program Files\Git\cmd;C:\Program Files\MariaDB 10.11\bin;D:\Scripts\;D:\;C:\Users\LG\AppData\Local\Microsoft\WindowsApps;C:\Users\LG\AppData\Local\afreeca;C:\altera\13.1\modelsim_ase\win32aloem;D:\PyCharm Community Edition 2022.1.3\bin;;C:\Users\LG\AppData\Local\Programs\Microsoft VS Code\bin;C:\Users\LG\AppData\Roaming\npm;C:\Program Files\Java\jdk-1.8\bin;D:\IntelliJ IDEA Community Edition 2023.1.3\bin;;;C:\Program Files (x86)\ESTsoft\ALSee\x64
USERNAME=LG
OS=Windows_NT
PROCESSOR_IDENTIFIER=Intel64 Family 6 Model 142 Stepping 10, GenuineIntel



---------------  S Y S T E M  ---------------

OS: Windows 10 , 64 bit Build 22000 (10.0.22000.2538)
OS uptime: 0 days 2:50 hours

CPU:total 8 (initial active 8) (4 cores per cpu, 2 threads per core) family 6 model 142 stepping 10 microcode 0xe0, cmov, cx8, fxsr, mmx, sse, sse2, sse3, ssse3, sse4.1, sse4.2, popcnt, avx, avx2, aes, clmul, erms, 3dnowpref, lzcnt, ht, tsc, tscinvbit, bmi1, bmi2, adx, fma

Memory: 4k page, system-wide physical 8101M (364M free)
TotalPageFile size 16293M (AvailPageFile size 25M)
current process WorkingSet (physical memory assigned to process): 392M, peak: 392M
current process commit charge ("private bytes"): 427M, peak: 453M

vm_info: OpenJDK 64-Bit Server VM (11.0.11+9-b60-7590822) for windows-amd64 JRE (11.0.11+9-b60-7590822), built on Jul 29 2021 21:43:44 by "builder" with MS VC++ 14.0 (VS2015)

END.
