#
# There is insufficient memory for the Java Runtime Environment to continue.
# Native memory allocation (malloc) failed to allocate 985696 bytes for Chunk::new
# Possible reasons:
#   The system is out of physical RAM or swap space
#   The process is running with CompressedOops enabled, and the Java Heap may be blocking the growth of the native heap
# Possible solutions:
#   Reduce memory load on the system
#   Increase physical memory or swap space
#   Check if swap backing store is full
#   Decrease Java heap size (-Xmx/-Xms)
#   Decrease number of Java threads
#   Decrease Java thread stack sizes (-Xss)
#   Set larger code cache with -XX:ReservedCodeCacheSize=
#   JVM is running with Unscaled Compressed Oops mode in which the Java heap is
#     placed in the first 4GB address space. The Java Heap base address is the
#     maximum limit for the native heap growth. Please use -XX:HeapBaseMinAddress
#     to set the Java Heap base and to place the Java Heap above 4GB virtual address.
# This output file may be truncated or incomplete.
#
#  Out of Memory Error (./src/hotspot/share/memory/arena.cpp:197), pid=15692, tid=47048
#
# JRE version: OpenJDK Runtime Environment (11.0.11+9) (build 11.0.11+9-b60-7590822)
# Java VM: OpenJDK 64-Bit Server VM (11.0.11+9-b60-7590822, mixed mode, tiered, compressed oops, g1 gc, windows-amd64)
# No core dump will be written. Minidumps are not enabled by default on client versions of Windows
#

---------------  S U M M A R Y ------------

Command Line: --add-opens=java.base/java.util=ALL-UNNAMED --add-opens=java.base/java.lang=ALL-UNNAMED --add-opens=java.base/java.lang.invoke=ALL-UNNAMED --add-opens=java.base/java.util=ALL-UNNAMED --add-opens=java.prefs/java.util.prefs=ALL-UNNAMED --add-opens=java.prefs/java.util.prefs=ALL-UNNAMED --add-opens=java.base/java.nio.charset=ALL-UNNAMED --add-opens=java.base/java.net=ALL-UNNAMED --add-opens=java.base/java.util.concurrent.atomic=ALL-UNNAMED -Xmx2048m -Dfile.encoding=UTF-8 -Duser.country=KR -Duser.language=ko -Duser.variant org.gradle.launcher.daemon.bootstrap.GradleDaemon 7.2

Host: Intel(R) Core(TM) i5-8250U CPU @ 1.60GHz, 8 cores, 7G,  Windows 10 , 64 bit Build 22000 (10.0.22000.2538)
Time: Thu Nov 16 18:46:17 2023 대한민국 표준시 elapsed time: 7.591993 seconds (0d 0h 0m 7s)

---------------  T H R E A D  ---------------

Current thread (0x000001869bc2c800):  JavaThread "C2 CompilerThread0" daemon [_thread_in_native, id=47048, stack(0x0000002267500000,0x0000002267600000)]


Current CompileTask:
C2:   7592 2245   !   4       java.net.URLClassLoader$1::run (63 bytes)

Stack: [0x0000002267500000,0x0000002267600000]
Native frames: (J=compiled Java code, j=interpreted, Vv=VM code, C=native code)
V  [jvm.dll+0x5f214a]
V  [jvm.dll+0x726fb5]
V  [jvm.dll+0x7285cd]
V  [jvm.dll+0x728c83]
V  [jvm.dll+0x243278]
V  [jvm.dll+0xbc53c]
V  [jvm.dll+0xbca3c]
V  [jvm.dll+0x2b5c34]
V  [jvm.dll+0x508488]
V  [jvm.dll+0x203d53]
V  [jvm.dll+0x1fdbac]
V  [jvm.dll+0x1fb35f]
V  [jvm.dll+0x183d6c]
V  [jvm.dll+0x209a57]
V  [jvm.dll+0x2082a1]
V  [jvm.dll+0x6ef58f]
V  [jvm.dll+0x6e80b5]
V  [jvm.dll+0x5f1036]
C  [ucrtbase.dll+0x26c0c]
C  [KERNEL32.DLL+0x153e0]
C  [ntdll.dll+0x485b]


---------------  P R O C E S S  ---------------

Threads class SMR info:
_java_thread_list=0x000001869caac5e0, length=27, elements={
0x00000186ffb55000, 0x000001869bc04000, 0x000001869bc07000, 0x000001869c536000,
0x000001869bc21800, 0x000001869bc27000, 0x000001869bc2c800, 0x000001869bc31000,
0x000001869bc32800, 0x000001869c69d800, 0x00000186a2338800, 0x00000186a190f800,
0x00000186a295d000, 0x00000186a2370000, 0x00000186a1646800, 0x00000186a1711800,
0x00000186a1416800, 0x00000186a1a0c000, 0x00000186a1a0c800, 0x00000186a0e2f800,
0x00000186a0e36000, 0x00000186a0e31000, 0x00000186a0e30000, 0x00000186a3930000,
0x00000186a0e35000, 0x00000186a0e31800, 0x00000186a0e32800
}

Java Threads: ( => current thread )
  0x00000186ffb55000 JavaThread "main" [_thread_blocked, id=41656, stack(0x0000002266900000,0x0000002266a00000)]
  0x000001869bc04000 JavaThread "Reference Handler" daemon [_thread_blocked, id=46104, stack(0x0000002267000000,0x0000002267100000)]
  0x000001869bc07000 JavaThread "Finalizer" daemon [_thread_blocked, id=41068, stack(0x0000002267100000,0x0000002267200000)]
  0x000001869c536000 JavaThread "Signal Dispatcher" daemon [_thread_blocked, id=43844, stack(0x0000002267200000,0x0000002267300000)]
  0x000001869bc21800 JavaThread "Attach Listener" daemon [_thread_blocked, id=42656, stack(0x0000002267300000,0x0000002267400000)]
  0x000001869bc27000 JavaThread "Service Thread" daemon [_thread_blocked, id=11820, stack(0x0000002267400000,0x0000002267500000)]
=>0x000001869bc2c800 JavaThread "C2 CompilerThread0" daemon [_thread_in_native, id=47048, stack(0x0000002267500000,0x0000002267600000)]
  0x000001869bc31000 JavaThread "C1 CompilerThread0" daemon [_thread_blocked, id=44240, stack(0x0000002267600000,0x0000002267700000)]
  0x000001869bc32800 JavaThread "Sweeper thread" daemon [_thread_blocked, id=48912, stack(0x0000002267700000,0x0000002267800000)]
  0x000001869c69d800 JavaThread "Common-Cleaner" daemon [_thread_blocked, id=43044, stack(0x0000002267800000,0x0000002267900000)]
  0x00000186a2338800 JavaThread "Daemon health stats" [_thread_blocked, id=32108, stack(0x0000002267e00000,0x0000002267f00000)]
  0x00000186a190f800 JavaThread "Incoming local TCP Connector on port 12274" [_thread_in_native, id=15048, stack(0x0000002267a00000,0x0000002267b00000)]
  0x00000186a295d000 JavaThread "Daemon periodic checks" [_thread_blocked, id=44112, stack(0x0000002267d00000,0x0000002267e00000)]
  0x00000186a2370000 JavaThread "Daemon" [_thread_blocked, id=15536, stack(0x0000002267f00000,0x0000002268000000)]
  0x00000186a1646800 JavaThread "Handler for socket connection from /127.0.0.1:12274 to /127.0.0.1:12275" [_thread_in_native, id=47488, stack(0x0000002268000000,0x0000002268100000)]
  0x00000186a1711800 JavaThread "Cancel handler" [_thread_blocked, id=42476, stack(0x0000002268100000,0x0000002268200000)]
  0x00000186a1416800 JavaThread "Daemon worker" [_thread_in_vm, id=18652, stack(0x0000002268200000,0x0000002268300000)]
  0x00000186a1a0c000 JavaThread "Asynchronous log dispatcher for DefaultDaemonConnection: socket connection from /127.0.0.1:12274 to /127.0.0.1:12275" [_thread_blocked, id=41424, stack(0x0000002268300000,0x0000002268400000)]
  0x00000186a1a0c800 JavaThread "Stdin handler" [_thread_blocked, id=42444, stack(0x0000002268400000,0x0000002268500000)]
  0x00000186a0e2f800 JavaThread "Daemon client event forwarder" [_thread_blocked, id=44728, stack(0x0000002268500000,0x0000002268600000)]
  0x00000186a0e36000 JavaThread "Cache worker for journal cache (C:\Users\LG\.gradle\caches\journal-1)" [_thread_blocked, id=37300, stack(0x0000002268b00000,0x0000002268c00000)]
  0x00000186a0e31000 JavaThread "File lock request listener" [_thread_in_native, id=38936, stack(0x0000002268c00000,0x0000002268d00000)]
  0x00000186a0e30000 JavaThread "Cache worker for file hash cache (C:\Users\LG\.gradle\caches\7.2\fileHashes)" [_thread_blocked, id=40276, stack(0x0000002268d00000,0x0000002268e00000)]
  0x00000186a3930000 JavaThread "C2 CompilerThread1" daemon [_thread_in_native, id=40972, stack(0x0000002268f00000,0x0000002269000000)]
  0x00000186a0e35000 JavaThread "Cache worker for file hash cache (D:\project\MyApplication_login_test\.gradle\7.2\fileHashes)" [_thread_blocked, id=46864, stack(0x0000002269000000,0x0000002269100000)]
  0x00000186a0e31800 JavaThread "File watcher server" daemon [_thread_in_native, id=43476, stack(0x0000002269100000,0x0000002269200000)]
  0x00000186a0e32800 JavaThread "File watcher consumer" daemon [_thread_blocked, id=39104, stack(0x0000002269200000,0x0000002269300000)]

Other Threads:
  0x000001869bc02000 VMThread "VM Thread" [stack: 0x0000002266f00000,0x0000002267000000] [id=43940]
  0x000001869c6c1000 WatcherThread [stack: 0x0000002267900000,0x0000002267a00000] [id=10480]
  0x00000186ffb6b800 GCTaskThread "GC Thread#0" [stack: 0x0000002266a00000,0x0000002266b00000] [id=41296]
  0x000001869ce2f800 GCTaskThread "GC Thread#1" [stack: 0x0000002267b00000,0x0000002267c00000] [id=42624]
  0x000001869ca90800 GCTaskThread "GC Thread#2" [stack: 0x0000002267c00000,0x0000002267d00000] [id=42184]
  0x00000186a1647000 GCTaskThread "GC Thread#3" [stack: 0x0000002268600000,0x0000002268700000] [id=39172]
  0x00000186a1417000 GCTaskThread "GC Thread#4" [stack: 0x0000002268700000,0x0000002268800000] [id=44732]
  0x00000186a395d000 GCTaskThread "GC Thread#5" [stack: 0x0000002268800000,0x0000002268900000] [id=42448]
  0x00000186a2261000 GCTaskThread "GC Thread#6" [stack: 0x0000002268900000,0x0000002268a00000] [id=41652]
  0x00000186a295b000 GCTaskThread "GC Thread#7" [stack: 0x0000002268a00000,0x0000002268b00000] [id=47752]
  0x00000186ffb9c000 ConcurrentGCThread "G1 Main Marker" [stack: 0x0000002266b00000,0x0000002266c00000] [id=41692]
  0x00000186ffb9d800 ConcurrentGCThread "G1 Conc#0" [stack: 0x0000002266c00000,0x0000002266d00000] [id=48524]
  0x00000186a116c800 ConcurrentGCThread "G1 Conc#1" [stack: 0x0000002268e00000,0x0000002268f00000] [id=44468]
  0x000001869ba50800 ConcurrentGCThread "G1 Refine#0" [stack: 0x0000002266d00000,0x0000002266e00000] [id=41180]
  0x000001869ba51800 ConcurrentGCThread "G1 Young RemSet Sampling" [stack: 0x0000002266e00000,0x0000002266f00000] [id=41664]

Threads with active compile tasks:
C2 CompilerThread0   7678 2245   !   4       java.net.URLClassLoader$1::run (63 bytes)
C2 CompilerThread1   7678 2244       4       java.net.URLClassLoader$1::run (5 bytes)

VM state:not at safepoint (normal execution)

VM Mutex/Monitor currently owned by a thread: None

Heap address: 0x0000000080000000, size: 2048 MB, Compressed Oops mode: 32-bit
Narrow klass base: 0x0000000000000000, Narrow klass shift: 3
Compressed class space size: 1073741824 Address: 0x0000000100000000

Heap:
 garbage-first heap   total 131072K, used 19610K [0x0000000080000000, 0x0000000100000000)
  region size 1024K, 4 young (4096K), 3 survivors (3072K)
 Metaspace       used 26462K, capacity 27102K, committed 27260K, reserved 1073152K
  class space    used 3462K, capacity 3683K, committed 3788K, reserved 1048576K
Heap Regions: E=young(eden), S=young(survivor), O=old, HS=humongous(starts), HC=humongous(continues), CS=collection set, F=free, A=archive, TAMS=top-at-mark-start (previous, next)
|   0|0x0000000080000000, 0x0000000080100000, 0x0000000080100000|100%| O|  |TAMS 0x0000000080100000, 0x0000000080000000| Untracked 
|   1|0x0000000080100000, 0x0000000080200000, 0x0000000080200000|100%| O|  |TAMS 0x0000000080200000, 0x0000000080100000| Untracked 
|   2|0x0000000080200000, 0x0000000080300000, 0x0000000080300000|100%| O|  |TAMS 0x0000000080300000, 0x0000000080200000| Untracked 
|   3|0x0000000080300000, 0x0000000080400000, 0x0000000080400000|100%|HS|  |TAMS 0x0000000080400000, 0x0000000080300000| Complete 
|   4|0x0000000080400000, 0x0000000080500000, 0x0000000080500000|100%|HC|  |TAMS 0x0000000080500000, 0x0000000080400000| Complete 
|   5|0x0000000080500000, 0x0000000080600000, 0x0000000080600000|100%|HC|  |TAMS 0x0000000080600000, 0x0000000080500000| Complete 
|   6|0x0000000080600000, 0x0000000080700000, 0x0000000080700000|100%| O|  |TAMS 0x0000000080700000, 0x0000000080600000| Untracked 
|   7|0x0000000080700000, 0x0000000080800000, 0x0000000080800000|100%| O|  |TAMS 0x0000000080800000, 0x0000000080700000| Untracked 
|   8|0x0000000080800000, 0x0000000080900000, 0x0000000080900000|100%| O|  |TAMS 0x0000000080900000, 0x0000000080800000| Untracked 
|   9|0x0000000080900000, 0x0000000080a00000, 0x0000000080a00000|100%| O|  |TAMS 0x0000000080a00000, 0x0000000080900000| Untracked 
|  10|0x0000000080a00000, 0x0000000080b00000, 0x0000000080b00000|100%| O|  |TAMS 0x0000000080b00000, 0x0000000080a00000| Untracked 
|  11|0x0000000080b00000, 0x0000000080c00000, 0x0000000080c00000|100%| O|  |TAMS 0x0000000080c00000, 0x0000000080b00000| Untracked 
|  12|0x0000000080c00000, 0x0000000080d00000, 0x0000000080d00000|100%| O|  |TAMS 0x0000000080d00000, 0x0000000080c00000| Untracked 
|  13|0x0000000080d00000, 0x0000000080e00000, 0x0000000080e00000|100%| O|  |TAMS 0x0000000080e00000, 0x0000000080d00000| Untracked 
|  14|0x0000000080e00000, 0x0000000080f00000, 0x0000000080f00000|100%| O|  |TAMS 0x0000000080f00000, 0x0000000080e00000| Untracked 
|  15|0x0000000080f00000, 0x0000000081000000, 0x0000000081000000|100%| O|  |TAMS 0x0000000081000000, 0x0000000080f00000| Untracked 
|  16|0x0000000081000000, 0x0000000081033000, 0x0000000081100000| 19%| O|  |TAMS 0x0000000081033000, 0x0000000081000000| Untracked 
|  17|0x0000000081100000, 0x0000000081100000, 0x0000000081200000|  0%| F|  |TAMS 0x0000000081100000, 0x0000000081100000| Untracked 
|  18|0x0000000081200000, 0x0000000081200000, 0x0000000081300000|  0%| F|  |TAMS 0x0000000081200000, 0x0000000081200000| Untracked 
|  19|0x0000000081300000, 0x0000000081300000, 0x0000000081400000|  0%| F|  |TAMS 0x0000000081300000, 0x0000000081300000| Untracked 
|  20|0x0000000081400000, 0x0000000081400000, 0x0000000081500000|  0%| F|  |TAMS 0x0000000081400000, 0x0000000081400000| Untracked 
|  21|0x0000000081500000, 0x0000000081500000, 0x0000000081600000|  0%| F|  |TAMS 0x0000000081500000, 0x0000000081500000| Untracked 
|  22|0x0000000081600000, 0x0000000081600000, 0x0000000081700000|  0%| F|  |TAMS 0x0000000081600000, 0x0000000081600000| Untracked 
|  23|0x0000000081700000, 0x0000000081700000, 0x0000000081800000|  0%| F|  |TAMS 0x0000000081700000, 0x0000000081700000| Untracked 
|  24|0x0000000081800000, 0x0000000081800000, 0x0000000081900000|  0%| F|  |TAMS 0x0000000081800000, 0x0000000081800000| Untracked 
|  25|0x0000000081900000, 0x0000000081900000, 0x0000000081a00000|  0%| F|  |TAMS 0x0000000081900000, 0x0000000081900000| Untracked 
|  26|0x0000000081a00000, 0x0000000081a00000, 0x0000000081b00000|  0%| F|  |TAMS 0x0000000081a00000, 0x0000000081a00000| Untracked 
|  27|0x0000000081b00000, 0x0000000081b00000, 0x0000000081c00000|  0%| F|  |TAMS 0x0000000081b00000, 0x0000000081b00000| Untracked 
|  28|0x0000000081c00000, 0x0000000081c00000, 0x0000000081d00000|  0%| F|  |TAMS 0x0000000081c00000, 0x0000000081c00000| Untracked 
|  29|0x0000000081d00000, 0x0000000081d00000, 0x0000000081e00000|  0%| F|  |TAMS 0x0000000081d00000, 0x0000000081d00000| Untracked 
|  30|0x0000000081e00000, 0x0000000081e00000, 0x0000000081f00000|  0%| F|  |TAMS 0x0000000081e00000, 0x0000000081e00000| Untracked 
|  31|0x0000000081f00000, 0x0000000081f00000, 0x0000000082000000|  0%| F|  |TAMS 0x0000000081f00000, 0x0000000081f00000| Untracked 
|  32|0x0000000082000000, 0x0000000082000000, 0x0000000082100000|  0%| F|  |TAMS 0x0000000082000000, 0x0000000082000000| Untracked 
|  33|0x0000000082100000, 0x0000000082100000, 0x0000000082200000|  0%| F|  |TAMS 0x0000000082100000, 0x0000000082100000| Untracked 
|  34|0x0000000082200000, 0x0000000082200000, 0x0000000082300000|  0%| F|  |TAMS 0x0000000082200000, 0x0000000082200000| Untracked 
|  35|0x0000000082300000, 0x0000000082300000, 0x0000000082400000|  0%| F|  |TAMS 0x0000000082300000, 0x0000000082300000| Untracked 
|  36|0x0000000082400000, 0x0000000082400000, 0x0000000082500000|  0%| F|  |TAMS 0x0000000082400000, 0x0000000082400000| Untracked 
|  37|0x0000000082500000, 0x0000000082500000, 0x0000000082600000|  0%| F|  |TAMS 0x0000000082500000, 0x0000000082500000| Untracked 
|  38|0x0000000082600000, 0x0000000082600000, 0x0000000082700000|  0%| F|  |TAMS 0x0000000082600000, 0x0000000082600000| Untracked 
|  39|0x0000000082700000, 0x0000000082700000, 0x0000000082800000|  0%| F|  |TAMS 0x0000000082700000, 0x0000000082700000| Untracked 
|  40|0x0000000082800000, 0x0000000082800000, 0x0000000082900000|  0%| F|  |TAMS 0x0000000082800000, 0x0000000082800000| Untracked 
|  41|0x0000000082900000, 0x0000000082900000, 0x0000000082a00000|  0%| F|  |TAMS 0x0000000082900000, 0x0000000082900000| Untracked 
|  42|0x0000000082a00000, 0x0000000082a00000, 0x0000000082b00000|  0%| F|  |TAMS 0x0000000082a00000, 0x0000000082a00000| Untracked 
|  43|0x0000000082b00000, 0x0000000082b00000, 0x0000000082c00000|  0%| F|  |TAMS 0x0000000082b00000, 0x0000000082b00000| Untracked 
|  44|0x0000000082c00000, 0x0000000082c00000, 0x0000000082d00000|  0%| F|  |TAMS 0x0000000082c00000, 0x0000000082c00000| Untracked 
|  45|0x0000000082d00000, 0x0000000082d00000, 0x0000000082e00000|  0%| F|  |TAMS 0x0000000082d00000, 0x0000000082d00000| Untracked 
|  46|0x0000000082e00000, 0x0000000082e00000, 0x0000000082f00000|  0%| F|  |TAMS 0x0000000082e00000, 0x0000000082e00000| Untracked 
|  47|0x0000000082f00000, 0x0000000082f00000, 0x0000000083000000|  0%| F|  |TAMS 0x0000000082f00000, 0x0000000082f00000| Untracked 
|  48|0x0000000083000000, 0x0000000083000000, 0x0000000083100000|  0%| F|  |TAMS 0x0000000083000000, 0x0000000083000000| Untracked 
|  49|0x0000000083100000, 0x0000000083100000, 0x0000000083200000|  0%| F|  |TAMS 0x0000000083100000, 0x0000000083100000| Untracked 
|  50|0x0000000083200000, 0x0000000083200000, 0x0000000083300000|  0%| F|  |TAMS 0x0000000083200000, 0x0000000083200000| Untracked 
|  51|0x0000000083300000, 0x0000000083300000, 0x0000000083400000|  0%| F|  |TAMS 0x0000000083300000, 0x0000000083300000| Untracked 
|  52|0x0000000083400000, 0x0000000083400000, 0x0000000083500000|  0%| F|  |TAMS 0x0000000083400000, 0x0000000083400000| Untracked 
|  53|0x0000000083500000, 0x0000000083500000, 0x0000000083600000|  0%| F|  |TAMS 0x0000000083500000, 0x0000000083500000| Untracked 
|  54|0x0000000083600000, 0x0000000083600000, 0x0000000083700000|  0%| F|  |TAMS 0x0000000083600000, 0x0000000083600000| Untracked 
|  55|0x0000000083700000, 0x0000000083700000, 0x0000000083800000|  0%| F|  |TAMS 0x0000000083700000, 0x0000000083700000| Untracked 
|  56|0x0000000083800000, 0x0000000083800000, 0x0000000083900000|  0%| F|  |TAMS 0x0000000083800000, 0x0000000083800000| Untracked 
|  57|0x0000000083900000, 0x0000000083900000, 0x0000000083a00000|  0%| F|  |TAMS 0x0000000083900000, 0x0000000083900000| Untracked 
|  58|0x0000000083a00000, 0x0000000083a00000, 0x0000000083b00000|  0%| F|  |TAMS 0x0000000083a00000, 0x0000000083a00000| Untracked 
|  59|0x0000000083b00000, 0x0000000083b00000, 0x0000000083c00000|  0%| F|  |TAMS 0x0000000083b00000, 0x0000000083b00000| Untracked 
|  60|0x0000000083c00000, 0x0000000083c00000, 0x0000000083d00000|  0%| F|  |TAMS 0x0000000083c00000, 0x0000000083c00000| Untracked 
|  61|0x0000000083d00000, 0x0000000083d00000, 0x0000000083e00000|  0%| F|  |TAMS 0x0000000083d00000, 0x0000000083d00000| Untracked 
|  62|0x0000000083e00000, 0x0000000083e00000, 0x0000000083f00000|  0%| F|  |TAMS 0x0000000083e00000, 0x0000000083e00000| Untracked 
|  63|0x0000000083f00000, 0x0000000083f00000, 0x0000000084000000|  0%| F|  |TAMS 0x0000000083f00000, 0x0000000083f00000| Untracked 
|  64|0x0000000084000000, 0x0000000084000000, 0x0000000084100000|  0%| F|  |TAMS 0x0000000084000000, 0x0000000084000000| Untracked 
|  65|0x0000000084100000, 0x0000000084100000, 0x0000000084200000|  0%| F|  |TAMS 0x0000000084100000, 0x0000000084100000| Untracked 
|  66|0x0000000084200000, 0x00000000842f3a50, 0x0000000084300000| 95%| S|CS|TAMS 0x0000000084200000, 0x0000000084200000| Complete 
|  67|0x0000000084300000, 0x0000000084400000, 0x0000000084400000|100%| S|CS|TAMS 0x0000000084300000, 0x0000000084300000| Complete 
|  68|0x0000000084400000, 0x0000000084500000, 0x0000000084500000|100%| S|CS|TAMS 0x0000000084400000, 0x0000000084400000| Complete 
|  69|0x0000000084500000, 0x0000000084500000, 0x0000000084600000|  0%| F|  |TAMS 0x0000000084500000, 0x0000000084500000| Untracked 
|  70|0x0000000084600000, 0x0000000084600000, 0x0000000084700000|  0%| F|  |TAMS 0x0000000084600000, 0x0000000084600000| Untracked 
|  71|0x0000000084700000, 0x0000000084700000, 0x0000000084800000|  0%| F|  |TAMS 0x0000000084700000, 0x0000000084700000| Untracked 
|  72|0x0000000084800000, 0x0000000084800000, 0x0000000084900000|  0%| F|  |TAMS 0x0000000084800000, 0x0000000084800000| Untracked 
|  73|0x0000000084900000, 0x0000000084900000, 0x0000000084a00000|  0%| F|  |TAMS 0x0000000084900000, 0x0000000084900000| Untracked 
|  74|0x0000000084a00000, 0x0000000084a00000, 0x0000000084b00000|  0%| F|  |TAMS 0x0000000084a00000, 0x0000000084a00000| Untracked 
|  75|0x0000000084b00000, 0x0000000084b00000, 0x0000000084c00000|  0%| F|  |TAMS 0x0000000084b00000, 0x0000000084b00000| Untracked 
|  76|0x0000000084c00000, 0x0000000084c00000, 0x0000000084d00000|  0%| F|  |TAMS 0x0000000084c00000, 0x0000000084c00000| Untracked 
|  77|0x0000000084d00000, 0x0000000084d00000, 0x0000000084e00000|  0%| F|  |TAMS 0x0000000084d00000, 0x0000000084d00000| Untracked 
|  78|0x0000000084e00000, 0x0000000084e00000, 0x0000000084f00000|  0%| F|  |TAMS 0x0000000084e00000, 0x0000000084e00000| Untracked 
|  79|0x0000000084f00000, 0x0000000084f00000, 0x0000000085000000|  0%| F|  |TAMS 0x0000000084f00000, 0x0000000084f00000| Untracked 
|  80|0x0000000085000000, 0x0000000085000000, 0x0000000085100000|  0%| F|  |TAMS 0x0000000085000000, 0x0000000085000000| Untracked 
|  81|0x0000000085100000, 0x0000000085100000, 0x0000000085200000|  0%| F|  |TAMS 0x0000000085100000, 0x0000000085100000| Untracked 
|  82|0x0000000085200000, 0x0000000085200000, 0x0000000085300000|  0%| F|  |TAMS 0x0000000085200000, 0x0000000085200000| Untracked 
|  83|0x0000000085300000, 0x0000000085300000, 0x0000000085400000|  0%| F|  |TAMS 0x0000000085300000, 0x0000000085300000| Untracked 
|  84|0x0000000085400000, 0x0000000085400000, 0x0000000085500000|  0%| F|  |TAMS 0x0000000085400000, 0x0000000085400000| Untracked 
|  85|0x0000000085500000, 0x0000000085500000, 0x0000000085600000|  0%| F|  |TAMS 0x0000000085500000, 0x0000000085500000| Untracked 
|  86|0x0000000085600000, 0x0000000085600000, 0x0000000085700000|  0%| F|  |TAMS 0x0000000085600000, 0x0000000085600000| Untracked 
|  87|0x0000000085700000, 0x0000000085700000, 0x0000000085800000|  0%| F|  |TAMS 0x0000000085700000, 0x0000000085700000| Untracked 
|  88|0x0000000085800000, 0x0000000085800000, 0x0000000085900000|  0%| F|  |TAMS 0x0000000085800000, 0x0000000085800000| Untracked 
|  89|0x0000000085900000, 0x0000000085900000, 0x0000000085a00000|  0%| F|  |TAMS 0x0000000085900000, 0x0000000085900000| Untracked 
|  90|0x0000000085a00000, 0x0000000085a00000, 0x0000000085b00000|  0%| F|  |TAMS 0x0000000085a00000, 0x0000000085a00000| Untracked 
|  91|0x0000000085b00000, 0x0000000085b00000, 0x0000000085c00000|  0%| F|  |TAMS 0x0000000085b00000, 0x0000000085b00000| Untracked 
|  92|0x0000000085c00000, 0x0000000085c00000, 0x0000000085d00000|  0%| F|  |TAMS 0x0000000085c00000, 0x0000000085c00000| Untracked 
|  93|0x0000000085d00000, 0x0000000085d00000, 0x0000000085e00000|  0%| F|  |TAMS 0x0000000085d00000, 0x0000000085d00000| Untracked 
|  94|0x0000000085e00000, 0x0000000085e00000, 0x0000000085f00000|  0%| F|  |TAMS 0x0000000085e00000, 0x0000000085e00000| Untracked 
|  95|0x0000000085f00000, 0x0000000085f00000, 0x0000000086000000|  0%| F|  |TAMS 0x0000000085f00000, 0x0000000085f00000| Untracked 
|  96|0x0000000086000000, 0x0000000086000000, 0x0000000086100000|  0%| F|  |TAMS 0x0000000086000000, 0x0000000086000000| Untracked 
|  97|0x0000000086100000, 0x0000000086100000, 0x0000000086200000|  0%| F|  |TAMS 0x0000000086100000, 0x0000000086100000| Untracked 
|  98|0x0000000086200000, 0x0000000086200000, 0x0000000086300000|  0%| F|  |TAMS 0x0000000086200000, 0x0000000086200000| Untracked 
|  99|0x0000000086300000, 0x0000000086300000, 0x0000000086400000|  0%| F|  |TAMS 0x0000000086300000, 0x0000000086300000| Untracked 
| 100|0x0000000086400000, 0x0000000086400000, 0x0000000086500000|  0%| F|  |TAMS 0x0000000086400000, 0x0000000086400000| Untracked 
| 101|0x0000000086500000, 0x0000000086500000, 0x0000000086600000|  0%| F|  |TAMS 0x0000000086500000, 0x0000000086500000| Untracked 
| 102|0x0000000086600000, 0x0000000086600000, 0x0000000086700000|  0%| F|  |TAMS 0x0000000086600000, 0x0000000086600000| Untracked 
| 103|0x0000000086700000, 0x0000000086700000, 0x0000000086800000|  0%| F|  |TAMS 0x0000000086700000, 0x0000000086700000| Untracked 
| 104|0x0000000086800000, 0x0000000086800000, 0x0000000086900000|  0%| F|  |TAMS 0x0000000086800000, 0x0000000086800000| Untracked 
| 105|0x0000000086900000, 0x0000000086900000, 0x0000000086a00000|  0%| F|  |TAMS 0x0000000086900000, 0x0000000086900000| Untracked 
| 106|0x0000000086a00000, 0x0000000086a00000, 0x0000000086b00000|  0%| F|  |TAMS 0x0000000086a00000, 0x0000000086a00000| Untracked 
| 107|0x0000000086b00000, 0x0000000086b00000, 0x0000000086c00000|  0%| F|  |TAMS 0x0000000086b00000, 0x0000000086b00000| Untracked 
| 108|0x0000000086c00000, 0x0000000086c00000, 0x0000000086d00000|  0%| F|  |TAMS 0x0000000086c00000, 0x0000000086c00000| Untracked 
| 109|0x0000000086d00000, 0x0000000086d00000, 0x0000000086e00000|  0%| F|  |TAMS 0x0000000086d00000, 0x0000000086d00000| Untracked 
| 110|0x0000000086e00000, 0x0000000086e00000, 0x0000000086f00000|  0%| F|  |TAMS 0x0000000086e00000, 0x0000000086e00000| Untracked 
| 111|0x0000000086f00000, 0x0000000086f00000, 0x0000000087000000|  0%| F|  |TAMS 0x0000000086f00000, 0x0000000086f00000| Untracked 
| 112|0x0000000087000000, 0x0000000087000000, 0x0000000087100000|  0%| F|  |TAMS 0x0000000087000000, 0x0000000087000000| Untracked 
| 113|0x0000000087100000, 0x0000000087100000, 0x0000000087200000|  0%| F|  |TAMS 0x0000000087100000, 0x0000000087100000| Untracked 
| 114|0x0000000087200000, 0x0000000087200000, 0x0000000087300000|  0%| F|  |TAMS 0x0000000087200000, 0x0000000087200000| Untracked 
| 115|0x0000000087300000, 0x0000000087300000, 0x0000000087400000|  0%| F|  |TAMS 0x0000000087300000, 0x0000000087300000| Untracked 
| 116|0x0000000087400000, 0x0000000087400000, 0x0000000087500000|  0%| F|  |TAMS 0x0000000087400000, 0x0000000087400000| Untracked 
| 117|0x0000000087500000, 0x0000000087500000, 0x0000000087600000|  0%| F|  |TAMS 0x0000000087500000, 0x0000000087500000| Untracked 
| 118|0x0000000087600000, 0x0000000087600000, 0x0000000087700000|  0%| F|  |TAMS 0x0000000087600000, 0x0000000087600000| Untracked 
| 119|0x0000000087700000, 0x0000000087700000, 0x0000000087800000|  0%| F|  |TAMS 0x0000000087700000, 0x0000000087700000| Untracked 
| 120|0x0000000087800000, 0x0000000087800000, 0x0000000087900000|  0%| F|  |TAMS 0x0000000087800000, 0x0000000087800000| Untracked 
| 121|0x0000000087900000, 0x0000000087900000, 0x0000000087a00000|  0%| F|  |TAMS 0x0000000087900000, 0x0000000087900000| Untracked 
| 122|0x0000000087a00000, 0x0000000087a00000, 0x0000000087b00000|  0%| F|  |TAMS 0x0000000087a00000, 0x0000000087a00000| Untracked 
| 123|0x0000000087b00000, 0x0000000087b00000, 0x0000000087c00000|  0%| F|  |TAMS 0x0000000087b00000, 0x0000000087b00000| Untracked 
| 124|0x0000000087c00000, 0x0000000087c00000, 0x0000000087d00000|  0%| F|  |TAMS 0x0000000087c00000, 0x0000000087c00000| Untracked 
| 125|0x0000000087d00000, 0x0000000087d00000, 0x0000000087e00000|  0%| F|  |TAMS 0x0000000087d00000, 0x0000000087d00000| Untracked 
| 126|0x0000000087e00000, 0x0000000087e00800, 0x0000000087f00000|  0%| E|  |TAMS 0x0000000087e00000, 0x0000000087e00000| Complete 
| 127|0x0000000087f00000, 0x0000000088000000, 0x0000000088000000|100%| E|CS|TAMS 0x0000000087f00000, 0x0000000087f00000| Complete 

Card table byte_map: [0x00000186949b0000,0x0000018694db0000] _byte_map_base: 0x00000186945b0000

Marking Bits (Prev, Next): (CMBitMap*) 0x00000186ffb936a0, (CMBitMap*) 0x00000186ffb93668
 Prev Bits: [0x00000186971b0000, 0x00000186991b0000)
 Next Bits: [0x00000186951b0000, 0x00000186971b0000)

Polling page: 0x00000186ffc30000

Metaspace:

Usage:
  Non-class:     22.93 MB capacity,    22.49 MB ( 98%) used,   404.34 KB (  2%) free+waste,    49.44 KB ( <1%) overhead. 
      Class:      3.60 MB capacity,     3.39 MB ( 94%) used,   189.38 KB (  5%) free+waste,    24.69 KB ( <1%) overhead. 
       Both:     26.53 MB capacity,    25.88 MB ( 98%) used,   593.72 KB (  2%) free+waste,    74.13 KB ( <1%) overhead. 

Virtual space:
  Non-class space:       24.00 MB reserved,      23.17 MB ( 97%) committed 
      Class space:        1.00 GB reserved,       3.70 MB ( <1%) committed 
             Both:        1.02 GB reserved,      26.87 MB (  3%) committed 

Chunk freelists:
   Non-Class:  53.00 KB
       Class:  29.00 KB
        Both:  82.00 KB

MaxMetaspaceSize: 17179869184.00 GB
CompressedClassSpaceSize: 1.00 GB

CodeHeap 'non-profiled nmethods': size=120000Kb used=1188Kb max_used=1188Kb free=118811Kb
 bounds [0x000001868c900000, 0x000001868cb70000, 0x0000018693e30000]
CodeHeap 'profiled nmethods': size=120000Kb used=4880Kb max_used=4880Kb free=115119Kb
 bounds [0x00000186853d0000, 0x00000186858a0000, 0x000001868c900000]
CodeHeap 'non-nmethods': size=5760Kb used=1163Kb max_used=1194Kb free=4596Kb
 bounds [0x0000018684e30000, 0x00000186850a0000, 0x00000186853d0000]
 total_blobs=2806 nmethods=2300 adapters=417
 compilation: enabled
              stopped_count=0, restarted_count=0
 full_count=0

Compilation events (20 events):
Event: 7.521 Thread 0x000001869bc31000 2277       3       java.util.Collections$UnmodifiableList::get (11 bytes)
Event: 7.522 Thread 0x000001869bc31000 nmethod 2277 0x000001868586ea90 code [0x000001868586ec40, 0x000001868586ee08]
Event: 7.522 Thread 0x000001869bc31000 2279       3       org.gradle.api.internal.file.pattern.PatternMatcherFactory::compile (117 bytes)
Event: 7.523 Thread 0x000001869bc31000 nmethod 2279 0x000001868586ef10 code [0x000001868586f1c0, 0x000001868586fe58]
Event: 7.523 Thread 0x000001869bc31000 2278       1       org.gradle.api.internal.file.pattern.EndOfPathMatcher::getMaxSegments (2 bytes)
Event: 7.523 Thread 0x000001869bc31000 nmethod 2278 0x000001868ca28910 code [0x000001868ca28ac0, 0x000001868ca28b78]
Event: 7.535 Thread 0x000001869bc31000 2280   !   3       java.util.concurrent.ConcurrentHashMap::putVal (432 bytes)
Event: 7.538 Thread 0x000001869bc31000 nmethod 2280 0x0000018685870210 code [0x00000186858705a0, 0x00000186858726d8]
Event: 7.545 Thread 0x000001869bc31000 2281       3       java.util.concurrent.locks.LockSupport::setBlocker (12 bytes)
Event: 7.546 Thread 0x000001869bc31000 nmethod 2281 0x0000018685873190 code [0x0000018685873340, 0x0000018685873478]
Event: 7.550 Thread 0x000001869bc31000 2282       3       java.lang.invoke.MemberName::<init> (131 bytes)
Event: 7.552 Thread 0x000001869bc31000 nmethod 2282 0x0000018685873510 code [0x0000018685873860, 0x0000018685874c58]
Event: 7.552 Thread 0x000001869bc31000 2283       3       jdk.internal.org.objectweb.asm.ClassWriter::<init> (117 bytes)
Event: 7.553 Thread 0x000001869bc31000 nmethod 2283 0x0000018685875210 code [0x00000186858754a0, 0x00000186858760c8]
Event: 7.553 Thread 0x000001869bc31000 2284       3       jdk.internal.org.objectweb.asm.ClassVisitor::<init> (7 bytes)
Event: 7.553 Thread 0x000001869bc31000 nmethod 2284 0x0000018685876390 code [0x0000018685876560, 0x0000018685876888]
Event: 7.553 Thread 0x000001869bc31000 2285       3       java.lang.invoke.MemberName::hashCode (43 bytes)
Event: 7.554 Thread 0x000001869bc31000 nmethod 2285 0x0000018685876990 code [0x0000018685876c00, 0x00000186858778a8]
Event: 7.554 Thread 0x000001869bc31000 2286       3       java.lang.invoke.DirectMethodHandle$Holder::invokeStatic (15 bytes)
Event: 7.554 Thread 0x000001869bc31000 nmethod 2286 0x0000018685877c10 code [0x0000018685877de0, 0x0000018685878318]

GC Heap History (6 events):
Event: 1.230 GC heap before
{Heap before GC invocations=0 (full 0):
 garbage-first heap   total 131072K, used 29696K [0x0000000080000000, 0x0000000100000000)
  region size 1024K, 24 young (24576K), 0 survivors (0K)
 Metaspace       used 10296K, capacity 10531K, committed 10752K, reserved 1058816K
  class space    used 1079K, capacity 1170K, committed 1280K, reserved 1048576K
}
Event: 1.236 GC heap after
{Heap after GC invocations=1 (full 0):
 garbage-first heap   total 131072K, used 9579K [0x0000000080000000, 0x0000000100000000)
  region size 1024K, 3 young (3072K), 3 survivors (3072K)
 Metaspace       used 10296K, capacity 10531K, committed 10752K, reserved 1058816K
  class space    used 1079K, capacity 1170K, committed 1280K, reserved 1048576K
}
Event: 5.938 GC heap before
{Heap before GC invocations=1 (full 0):
 garbage-first heap   total 131072K, used 84331K [0x0000000080000000, 0x0000000100000000)
  region size 1024K, 76 young (77824K), 3 survivors (3072K)
 Metaspace       used 17780K, capacity 18292K, committed 18432K, reserved 1064960K
  class space    used 2098K, capacity 2251K, committed 2304K, reserved 1048576K
}
Event: 5.945 GC heap after
{Heap after GC invocations=2 (full 0):
 garbage-first heap   total 131072K, used 16272K [0x0000000080000000, 0x0000000100000000)
  region size 1024K, 10 young (10240K), 10 survivors (10240K)
 Metaspace       used 17780K, capacity 18292K, committed 18432K, reserved 1064960K
  class space    used 2098K, capacity 2251K, committed 2304K, reserved 1048576K
}
Event: 6.639 GC heap before
{Heap before GC invocations=2 (full 0):
 garbage-first heap   total 131072K, used 40848K [0x0000000080000000, 0x0000000100000000)
  region size 1024K, 35 young (35840K), 10 survivors (10240K)
 Metaspace       used 20739K, capacity 21177K, committed 21296K, reserved 1069056K
  class space    used 2535K, capacity 2659K, committed 2688K, reserved 1048576K
}
Event: 6.647 GC heap after
{Heap after GC invocations=3 (full 0):
 garbage-first heap   total 131072K, used 17813K [0x0000000080000000, 0x0000000100000000)
  region size 1024K, 2 young (2048K), 2 survivors (2048K)
 Metaspace       used 20739K, capacity 21177K, committed 21296K, reserved 1069056K
  class space    used 2535K, capacity 2659K, committed 2688K, reserved 1048576K
}

Deoptimization events (20 events):
Event: 6.780 Thread 0x00000186a1416800 Uncommon trap: trap_request=0xffffff4d fr.pc=0x000001868ca02d60 relative=0x0000000000000320
Event: 6.780 Thread 0x00000186a1416800 Uncommon trap: reason=unstable_if action=reinterpret pc=0x000001868ca02d60 method=jdk.internal.org.objectweb.asm.Type.getArgumentsAndReturnSizes(Ljava/lang/String;)I @ 88 c2
Event: 6.780 Thread 0x00000186a1416800 DEOPT PACKING pc=0x000001868ca02d60 sp=0x00000022682f9210
Event: 6.780 Thread 0x00000186a1416800 DEOPT UNPACKING pc=0x0000018684e5662f sp=0x00000022682f9198 mode 2
Event: 6.791 Thread 0x00000186a1416800 Uncommon trap: trap_request=0xffffffcc fr.pc=0x000001868c9faa78 relative=0x00000000000002b8
Event: 6.791 Thread 0x00000186a1416800 Uncommon trap: reason=intrinsic_or_type_checked_inlining action=make_not_entrant pc=0x000001868c9faa78 method=java.util.Arrays.copyOf([Ljava/lang/Object;ILjava/lang/Class;)[Ljava/lang/Object; @ 35 c2
Event: 6.791 Thread 0x00000186a1416800 DEOPT PACKING pc=0x000001868c9faa78 sp=0x00000022682fb360
Event: 6.791 Thread 0x00000186a1416800 DEOPT UNPACKING pc=0x0000018684e5662f sp=0x00000022682fb2f0 mode 2
Event: 7.131 Thread 0x00000186a1416800 Uncommon trap: trap_request=0xffffff4d fr.pc=0x000001868c9fc97c relative=0x000000000000023c
Event: 7.131 Thread 0x00000186a1416800 Uncommon trap: reason=unstable_if action=reinterpret pc=0x000001868c9fc97c method=java.util.concurrent.ConcurrentHashMap.get(Ljava/lang/Object;)Ljava/lang/Object; @ 76 c2
Event: 7.131 Thread 0x00000186a1416800 DEOPT PACKING pc=0x000001868c9fc97c sp=0x00000022682f92b0
Event: 7.131 Thread 0x00000186a1416800 DEOPT UNPACKING pc=0x0000018684e5662f sp=0x00000022682f9218 mode 2
Event: 7.516 Thread 0x00000186a1416800 Uncommon trap: trap_request=0xffffff7e fr.pc=0x000001868ca20398 relative=0x0000000000000358
Event: 7.516 Thread 0x00000186a1416800 Uncommon trap: reason=predicate action=maybe_recompile pc=0x000001868ca20398 method=com.google.common.base.CharMatcher.indexIn(Ljava/lang/CharSequence;I)I @ 19 c2
Event: 7.516 Thread 0x00000186a1416800 DEOPT PACKING pc=0x000001868ca20398 sp=0x00000022682fafc0
Event: 7.516 Thread 0x00000186a1416800 DEOPT UNPACKING pc=0x0000018684e5662f sp=0x00000022682faf40 mode 2
Event: 7.534 Thread 0x00000186a1416800 Uncommon trap: trap_request=0xffffff4d fr.pc=0x000001868c9b9c58 relative=0x0000000000001518
Event: 7.534 Thread 0x00000186a1416800 Uncommon trap: reason=unstable_if action=reinterpret pc=0x000001868c9b9c58 method=java.util.concurrent.ConcurrentHashMap.putVal(Ljava/lang/Object;Ljava/lang/Object;Z)Ljava/lang/Object; @ 231 c2
Event: 7.534 Thread 0x00000186a1416800 DEOPT PACKING pc=0x000001868c9b9c58 sp=0x00000022682fc080
Event: 7.534 Thread 0x00000186a1416800 DEOPT UNPACKING pc=0x0000018684e5662f sp=0x00000022682fc000 mode 2

Classes redefined (0 events):
No events

Internal exceptions (20 events):
Event: 5.822 Thread 0x00000186a1416800 Exception <a 'java/lang/NoSuchMethodError'{0x0000000083ab2f10}: 'void java.lang.invoke.DelegatingMethodHandle$Holder.reinvoke_L(java.lang.Object, java.lang.Object, java.lang.Object, java.lang.Object)'> (0x0000000083ab2f10) thrown at [./src/hotspot/share/interpreter/linkResolver.cpp, line 773]
Event: 5.827 Thread 0x00000186a1416800 Exception <a 'java/lang/NoSuchMethodError'{0x0000000083ae3d20}: 'long java.lang.invoke.DirectMethodHandle$Holder.invokeInterface(java.lang.Object, java.lang.Object)'> (0x0000000083ae3d20) thrown at [./src/hotspot/share/interpreter/linkResolver.cpp, line 773]
Event: 5.830 Thread 0x00000186a1416800 Exception <a 'java/lang/NoSuchMethodError'{0x0000000083907658}: 'void java.lang.invoke.DelegatingMethodHandle$Holder.reinvoke_L(java.lang.Object, java.lang.Object, java.lang.Object, java.lang.Object, java.lang.Object, java.lang.Object, java.lang.Object)'> (0x0000000083907658) thrown at [./src/hotspot/share/interpreter/linkResolver.cpp, line 773]
Event: 6.327 Thread 0x00000186a1416800 Exception <a 'java/lang/NoSuchMethodError'{0x0000000086df5590}: 'void java.lang.invoke.DirectMethodHandle$Holder.invokeStaticInit(java.lang.Object)'> (0x0000000086df5590) thrown at [./src/hotspot/share/interpreter/linkResolver.cpp, line 773]
Event: 6.402 Thread 0x00000186a1416800 Exception <a 'java/lang/NoSuchMethodError'{0x0000000086a3f658}: 'java.lang.Object java.lang.invoke.DirectMethodHandle$Holder.invokeStatic(java.lang.Object, java.lang.Object, java.lang.Object, int)'> (0x0000000086a3f658) thrown at [./src/hotspot/share/interpreter/linkResolver.cpp, line 773]
Event: 6.402 Thread 0x00000186a1416800 Exception <a 'java/lang/NoSuchMethodError'{0x0000000086a43ac8}: 'java.lang.Object java.lang.invoke.DirectMethodHandle$Holder.invokeSpecial(java.lang.Object, java.lang.Object, java.lang.Object, java.lang.Object, int)'> (0x0000000086a43ac8) thrown at [./src/hotspot/share/interpreter/linkResolver.cpp, line 773]
Event: 6.402 Thread 0x00000186a1416800 Exception <a 'java/lang/NoSuchMethodError'{0x0000000086a47758}: 'java.lang.Object java.lang.invoke.Invokers$Holder.linkToTargetMethod(java.lang.Object, java.lang.Object, int, java.lang.Object)'> (0x0000000086a47758) thrown at [./src/hotspot/share/interpreter/linkResolver.cpp, line 773]
Event: 6.703 Thread 0x00000186a1416800 Exception <a 'java/lang/NoSuchMethodError'{0x0000000087d73410}: 'int java.lang.invoke.DirectMethodHandle$Holder.invokeSpecialIFC(java.lang.Object, java.lang.Object, java.lang.Object, java.lang.Object)'> (0x0000000087d73410) thrown at [./src/hotspot/share/interpreter/linkResolver.cpp, line 773]
Event: 6.706 Thread 0x00000186a1416800 Exception <a 'java/lang/NoSuchMethodError'{0x0000000087d813f8}: 'java.lang.Object java.lang.invoke.DirectMethodHandle$Holder.invokeInterface(java.lang.Object, java.lang.Object, java.lang.Object)'> (0x0000000087d813f8) thrown at [./src/hotspot/share/interpreter/linkResolver.cpp, line 773]
Event: 6.706 Thread 0x00000186a1416800 Exception <a 'java/lang/IncompatibleClassChangeError'{0x0000000087d848d0}: Found class java.lang.Object, but interface was expected> (0x0000000087d848d0) thrown at [./src/hotspot/share/interpreter/linkResolver.cpp, line 839]
Event: 6.744 Thread 0x00000186a1416800 Exception <a 'java/lang/NoSuchMethodError'{0x0000000087b85fd0}: 'void java.lang.invoke.DirectMethodHandle$Holder.invokeStatic(java.lang.Object, java.lang.Object, java.lang.Object, java.lang.Object, java.lang.Object)'> (0x0000000087b85fd0) thrown at [./src/hotspot/share/interpreter/linkResolver.cpp, line 773]
Event: 6.866 Thread 0x00000186a1416800 Exception <a 'java/lang/NoSuchMethodError'{0x0000000087466bb8}: 'java.lang.Object java.lang.invoke.DirectMethodHandle$Holder.invokeSpecial(java.lang.Object, java.lang.Object, java.lang.Object, java.lang.Object, java.lang.Object, java.lang.Object, java.lang.Object, java.lang.Object, java.lang.Object)'> (0x0000000087466bb8) thrown at [./src/hotspot/share/interpreter/linkResolver.cpp, line 773]
Event: 6.982 Thread 0x00000186a1416800 Exception <a 'java/lang/NoSuchMethodError'{0x0000000086a74128}: 'java.lang.Object java.lang.invoke.DirectMethodHandle$Holder.invokeVirtual(java.lang.Object, java.lang.Object, java.lang.Object, java.lang.Object)'> (0x0000000086a74128) thrown at [./src/hotspot/share/interpreter/linkResolver.cpp, line 773]
Event: 7.160 Thread 0x00000186a1416800 Exception <a 'java/lang/NoSuchMethodError'{0x000000008611ae00}: 'void java.lang.invoke.DirectMethodHandle$Holder.invokeSpecial(java.lang.Object, java.lang.Object, java.lang.Object, java.lang.Object, java.lang.Object, java.lang.Object)'> (0x000000008611ae00) thrown at [./src/hotspot/share/interpreter/linkResolver.cpp, line 773]
Event: 7.173 Thread 0x00000186a1416800 Exception <a 'java/lang/NoSuchMethodError'{0x0000000086189fe0}: 'void java.lang.invoke.DirectMethodHandle$Holder.invokeSpecial(java.lang.Object, java.lang.Object, java.lang.Object, java.lang.Object, java.lang.Object, java.lang.Object, java.lang.Object)'> (0x0000000086189fe0) thrown at [./src/hotspot/share/interpreter/linkResolver.cpp, line 773]
Event: 7.174 Thread 0x00000186a1416800 Exception <a 'java/lang/NoSuchMethodError'{0x00000000861924d0}: 'java.lang.Object java.lang.invoke.Invokers$Holder.linkToTargetMethod(java.lang.Object, java.lang.Object, java.lang.Object, java.lang.Object, java.lang.Object, java.lang.Object)'> (0x00000000861924d0) thrown at [./src/hotspot/share/interpreter/linkResolver.cpp, line 773]
Event: 7.287 Thread 0x00000186a1416800 Exception <a 'java/lang/NoSuchMethodError'{0x00000000858f3f28}: 'int java.lang.invoke.DirectMethodHandle$Holder.invokeStaticInit(java.lang.Object, java.lang.Object, java.lang.Object)'> (0x00000000858f3f28) thrown at [./src/hotspot/share/interpreter/linkResolver.cpp, line 773]
Event: 7.415 Thread 0x00000186a1416800 Exception <a 'java/lang/NoSuchMethodError'{0x000000008525ad40}: 'void java.lang.invoke.DirectMethodHandle$Holder.invokeStaticInit(java.lang.Object, java.lang.Object)'> (0x000000008525ad40) thrown at [./src/hotspot/share/interpreter/linkResolver.cpp, line 773]
Event: 7.551 Thread 0x00000186a1416800 Exception <a 'java/lang/NoSuchMethodError'{0x0000000084dc6bb8}: 'void java.lang.invoke.DirectMethodHandle$Holder.invokeStatic(java.lang.Object, java.lang.Object, java.lang.Object, java.lang.Object)'> (0x0000000084dc6bb8) thrown at [./src/hotspot/share/interpreter/linkResolver.cpp, line 773]
Event: 7.555 Thread 0x00000186a1416800 Exception <a 'java/lang/NoSuchMethodError'{0x0000000084dda608}: 'int java.lang.invoke.DirectMethodHandle$Holder.invokeInterface(java.lang.Object, java.lang.Object)'> (0x0000000084dda608) thrown at [./src/hotspot/share/interpreter/linkResolver.cpp, line 773]

Events (20 events):
Event: 7.553 loading class org/gradle/internal/snapshot/SnapshotHierarchy done
Event: 7.553 loading class org/gradle/internal/watch/vfs/impl/WatchingVirtualFileSystem
Event: 7.553 loading class org/gradle/internal/watch/vfs/impl/WatchingVirtualFileSystem done
Event: 7.554 loading class org/gradle/internal/snapshot/FileSystemLocationSnapshot
Event: 7.554 loading class org/gradle/internal/snapshot/FileSystemLocationSnapshot done
Event: 7.554 loading class org/gradle/internal/snapshot/FileSystemLocationSnapshot
Event: 7.554 loading class org/gradle/internal/snapshot/FileSystemLocationSnapshot done
Event: 7.554 loading class org/gradle/internal/watch/registry/impl/WatchableHierarchies
Event: 7.554 loading class org/gradle/internal/watch/registry/impl/WatchableHierarchies done
Event: 7.554 loading class java/util/ArrayDeque$DeqSpliterator
Event: 7.554 loading class java/util/ArrayDeque$DeqSpliterator done
Event: 7.555 loading class org/gradle/internal/watch/registry/impl/WatchableHierarchies
Event: 7.555 loading class org/gradle/internal/watch/registry/impl/WatchableHierarchies done
Event: 7.555 loading class org/gradle/internal/watch/registry/impl/WatchedHierarchies
Event: 7.555 loading class org/gradle/internal/watch/registry/impl/WatchedHierarchies done
Event: 7.556 Executing VM operation: RevokeBias
Event: 7.556 Executing VM operation: RevokeBias done
Event: 7.556 loading class java/util/function/ToIntFunction
Event: 7.556 loading class java/util/function/ToIntFunction done
Event: 7.557 loading class java/util/stream/SortedOps


Dynamic libraries:
0x00007ff6f0250000 - 0x00007ff6f025a000 	D:\안드로이드 스튜디오\jre\bin\java.exe
0x00007ff893180000 - 0x00007ff893389000 	C:\WINDOWS\SYSTEM32\ntdll.dll
0x00007ff891c70000 - 0x00007ff891d2d000 	C:\WINDOWS\System32\KERNEL32.DLL
0x00007ff890750000 - 0x00007ff890ad4000 	C:\WINDOWS\System32\KERNELBASE.dll
0x00007ff890ba0000 - 0x00007ff890cb1000 	C:\WINDOWS\System32\ucrtbase.dll
0x00007ff868450000 - 0x00007ff868469000 	D:\안드로이드 스튜디오\jre\bin\jli.dll
0x00007ff867f20000 - 0x00007ff867f37000 	D:\안드로이드 스튜디오\jre\bin\VCRUNTIME140.dll
0x00007ff892c50000 - 0x00007ff892dfd000 	C:\WINDOWS\System32\USER32.dll
0x00007ff8906b0000 - 0x00007ff8906d6000 	C:\WINDOWS\System32\win32u.dll
0x00007ff8916e0000 - 0x00007ff89170a000 	C:\WINDOWS\System32\GDI32.dll
0x00007ff890d40000 - 0x00007ff890e5e000 	C:\WINDOWS\System32\gdi32full.dll
0x00007ff881cb0000 - 0x00007ff881f55000 	C:\WINDOWS\WinSxS\amd64_microsoft.windows.common-controls_6595b64144ccf1df_6.0.22000.120_none_9d947278b86cc467\COMCTL32.dll
0x00007ff890610000 - 0x00007ff8906ad000 	C:\WINDOWS\System32\msvcp_win.dll
0x00007ff891630000 - 0x00007ff8916d3000 	C:\WINDOWS\System32\msvcrt.dll
0x00007ff892ee0000 - 0x00007ff892f11000 	C:\WINDOWS\System32\IMM32.DLL
0x00007ff84c420000 - 0x00007ff84c4bd000 	D:\안드로이드 스튜디오\jre\bin\msvcp140.dll
0x00007ff84ef50000 - 0x00007ff84fa25000 	D:\안드로이드 스튜디오\jre\bin\server\jvm.dll
0x00007ff892e00000 - 0x00007ff892eae000 	C:\WINDOWS\System32\ADVAPI32.dll
0x00007ff891e80000 - 0x00007ff891f1e000 	C:\WINDOWS\System32\sechost.dll
0x00007ff892710000 - 0x00007ff892831000 	C:\WINDOWS\System32\RPCRT4.dll
0x00007ff893110000 - 0x00007ff893118000 	C:\WINDOWS\System32\PSAPI.DLL
0x00007ff87ef10000 - 0x00007ff87ef19000 	C:\WINDOWS\SYSTEM32\WSOCK32.dll
0x00007ff885dd0000 - 0x00007ff885dda000 	C:\WINDOWS\SYSTEM32\VERSION.dll
0x00007ff891050000 - 0x00007ff8910bf000 	C:\WINDOWS\System32\WS2_32.dll
0x00007ff888f30000 - 0x00007ff888f63000 	C:\WINDOWS\SYSTEM32\WINMM.dll
0x00007ff88f680000 - 0x00007ff88f698000 	C:\WINDOWS\SYSTEM32\kernel.appcore.dll
0x00007ff88bc70000 - 0x00007ff88bc81000 	D:\안드로이드 스튜디오\jre\bin\verify.dll
0x00007ff88e240000 - 0x00007ff88e461000 	C:\WINDOWS\SYSTEM32\DBGHELP.DLL
0x00007ff87adc0000 - 0x00007ff87adf1000 	C:\WINDOWS\SYSTEM32\dbgcore.DLL
0x00007ff890cc0000 - 0x00007ff890d3f000 	C:\WINDOWS\System32\bcryptPrimitives.dll
0x00007ff88a760000 - 0x00007ff88a789000 	D:\안드로이드 스튜디오\jre\bin\java.dll
0x00007ff88a680000 - 0x00007ff88a68b000 	D:\안드로이드 스튜디오\jre\bin\jimage.dll
0x00007ff88a660000 - 0x00007ff88a678000 	D:\안드로이드 스튜디오\jre\bin\zip.dll
0x00007ff891f20000 - 0x00007ff8926e5000 	C:\WINDOWS\System32\SHELL32.dll
0x00007ff88e6e0000 - 0x00007ff88ef42000 	C:\WINDOWS\SYSTEM32\windows.storage.dll
0x00007ff8928d0000 - 0x00007ff892c46000 	C:\WINDOWS\System32\combase.dll
0x00007ff88e470000 - 0x00007ff88e5d7000 	C:\WINDOWS\SYSTEM32\wintypes.dll
0x00007ff8910c0000 - 0x00007ff8911aa000 	C:\WINDOWS\System32\SHCORE.dll
0x00007ff892f90000 - 0x00007ff892fed000 	C:\WINDOWS\System32\shlwapi.dll
0x00007ff890540000 - 0x00007ff890565000 	C:\WINDOWS\SYSTEM32\profapi.dll
0x00007ff88a5c0000 - 0x00007ff88a5da000 	D:\안드로이드 스튜디오\jre\bin\net.dll
0x00007ff888a10000 - 0x00007ff888b24000 	C:\WINDOWS\SYSTEM32\WINHTTP.dll
0x00007ff88fba0000 - 0x00007ff88fc07000 	C:\WINDOWS\system32\mswsock.dll
0x00007ff889380000 - 0x00007ff889394000 	D:\안드로이드 스튜디오\jre\bin\nio.dll
0x00007ff85c8b0000 - 0x00007ff85c8d7000 	C:\Users\LG\.gradle\native\e1d6ef7f7dcc3fd88c89a11ec53ec762bb8ba0a96d01ffa2cd45eb1d1d8dd5c5\windows-amd64\native-platform.dll
0x00007ff84c280000 - 0x00007ff84c3c4000 	C:\Users\LG\.gradle\native\5664cfc778a61ccfe75a443a1ab52a65af34e5dc3c78e0209fed803814484fcb\windows-amd64\native-platform-file-events.dll
0x00007ff888f20000 - 0x00007ff888f2a000 	D:\안드로이드 스튜디오\jre\bin\management.dll
0x00007ff888f10000 - 0x00007ff888f1d000 	D:\안드로이드 스튜디오\jre\bin\management_ext.dll
0x00007ff88fe20000 - 0x00007ff88fe38000 	C:\WINDOWS\SYSTEM32\CRYPTSP.dll
0x00007ff88f5e0000 - 0x00007ff88f615000 	C:\WINDOWS\system32\rsaenh.dll
0x00007ff88fcc0000 - 0x00007ff88fcec000 	C:\WINDOWS\SYSTEM32\USERENV.dll
0x00007ff88ffe0000 - 0x00007ff890007000 	C:\WINDOWS\SYSTEM32\bcrypt.dll
0x00007ff88fe10000 - 0x00007ff88fe1c000 	C:\WINDOWS\SYSTEM32\CRYPTBASE.dll
0x00007ff88f1a0000 - 0x00007ff88f1cd000 	C:\WINDOWS\SYSTEM32\IPHLPAPI.DLL
0x00007ff892700000 - 0x00007ff892709000 	C:\WINDOWS\System32\NSI.dll
0x00007ff888e30000 - 0x00007ff888e49000 	C:\WINDOWS\SYSTEM32\dhcpcsvc6.DLL
0x00007ff889360000 - 0x00007ff88937e000 	C:\WINDOWS\SYSTEM32\dhcpcsvc.DLL
0x00007ff88f1d0000 - 0x00007ff88f2b7000 	C:\WINDOWS\SYSTEM32\DNSAPI.dll

dbghelp: loaded successfully - version: 4.0.5 - missing functions: none
symbol engine: initialized successfully - sym options: 0x614 - pdb path: .;D:\안드로이드 스튜디오\jre\bin;C:\WINDOWS\SYSTEM32;C:\WINDOWS\WinSxS\amd64_microsoft.windows.common-controls_6595b64144ccf1df_6.0.22000.120_none_9d947278b86cc467;D:\안드로이드 스튜?D:\안드로이?D:\안드?D:\안?D:\안;D:\?D:\안드로이드 스튜디오\jre\bin\server;C:\Users\LG\.gradle\native\e1d6ef7f7dcc3fd88c89a11ec53ec762bb8ba0a96d01f;D:\안드로이드 스튜디오\jre\bin\server;C:\Users\LG\.gradle\native\e1d6ef7f7dcc3fd88c89a11ec53ec762bb8ba0a96d01ffa2cd45eb1d1d8dd5c5\windows-amd64;C:\Users\LG\.gradle\native\5664cfc778a61ccfe75a443a1ab52a65af34;C:\Users\LG\.gradle\native\5664cfc778a61ccfe75a443a1ab52a65af34;C:\Users\LG\.gradle\native\5664cfc778a61ccfe75a443a1ab52a65af34;C:\Users\LG\.gradle\native\5664cfc778a61ccfe75a443a1ab52a65af34

VM Arguments:
jvm_args: --add-opens=java.base/java.util=ALL-UNNAMED --add-opens=java.base/java.lang=ALL-UNNAMED --add-opens=java.base/java.lang.invoke=ALL-UNNAMED --add-opens=java.base/java.util=ALL-UNNAMED --add-opens=java.prefs/java.util.prefs=ALL-UNNAMED --add-opens=java.prefs/java.util.prefs=ALL-UNNAMED --add-opens=java.base/java.nio.charset=ALL-UNNAMED --add-opens=java.base/java.net=ALL-UNNAMED --add-opens=java.base/java.util.concurrent.atomic=ALL-UNNAMED -Xmx2048m -Dfile.encoding=UTF-8 -Duser.country=KR -Duser.language=ko -Duser.variant 
java_command: org.gradle.launcher.daemon.bootstrap.GradleDaemon 7.2
java_class_path (initial): C:\Users\LG\.gradle\wrapper\dists\gradle-7.2-bin\2dnblmf4td7x66yl1d74lt32g\gradle-7.2\lib\gradle-launcher-7.2.jar
Launcher Type: SUN_STANDARD

[Global flags]
     intx CICompilerCount                          = 4                                         {product} {ergonomic}
     uint ConcGCThreads                            = 2                                         {product} {ergonomic}
     uint G1ConcRefinementThreads                  = 8                                         {product} {ergonomic}
   size_t G1HeapRegionSize                         = 1048576                                   {product} {ergonomic}
    uintx GCDrainStackTargetSize                   = 64                                        {product} {ergonomic}
   size_t InitialHeapSize                          = 134217728                                 {product} {ergonomic}
   size_t MarkStackSize                            = 4194304                                   {product} {ergonomic}
   size_t MaxHeapSize                              = 2147483648                                {product} {command line}
   size_t MaxNewSize                               = 1287651328                                {product} {ergonomic}
   size_t MinHeapDeltaBytes                        = 1048576                                   {product} {ergonomic}
    uintx NonNMethodCodeHeapSize                   = 5836300                                {pd product} {ergonomic}
    uintx NonProfiledCodeHeapSize                  = 122910970                              {pd product} {ergonomic}
    uintx ProfiledCodeHeapSize                     = 122910970                              {pd product} {ergonomic}
    uintx ReservedCodeCacheSize                    = 251658240                              {pd product} {ergonomic}
     bool SegmentedCodeCache                       = true                                      {product} {ergonomic}
     bool UseCompressedClassPointers               = true                                 {lp64_product} {ergonomic}
     bool UseCompressedOops                        = true                                 {lp64_product} {ergonomic}
     bool UseG1GC                                  = true                                      {product} {ergonomic}
     bool UseLargePagesIndividualAllocation        = false                                  {pd product} {ergonomic}

Logging:
Log output configuration:
 #0: stdout all=warning uptime,level,tags
 #1: stderr all=off uptime,level,tags

Environment Variables:
JAVA_HOME=C:\jdk-11.0.2
CLASSPATH=C:\jdk-11.0.2\lib
PATH=C:\jdk-11.0.2\bin;C:\jdk-11.0.2;C:\Program Files\Eclipse Adoptium\jdk-8.0.382.5-hotspot\bin;C:\oraclexe\app\oracle\product\10.2.0\server\bin;C:\Program Files (x86)\Common Files\Oracle\Java\javapath;C:\Program Files (x86)\Intel\iCLS Client\;C:\Program Files\Intel\iCLS Client\;C:\windows\system32;C:\windows;C:\windows\System32\Wbem;C:\windows\System32\WindowsPowerShell\v1.0\;C:\Program Files (x86)\Intel\Intel(R) Management Engine Components\DAL;C:\Program Files\Intel\Intel(R) Management Engine Components\DAL;C:\Program Files (x86)\Intel\Intel(R) Management Engine Components\IPT;C:\Program Files\Intel\Intel(R) Management Engine Components\IPT;C:\Program Files\Intel\WiFi\bin\;C:\Program Files\Common Files\Intel\WirelessCommon\;C:\Program Files (x86)\NVIDIA Corporation\PhysX\Common;C:\Program Files (x86)\Skype\Phone\;C:\WINDOWS\system32;C:\WINDOWS;C:\WINDOWS\System32\Wbem;C:\WINDOWS\System32\WindowsPowerShell\v1.0\;C:\WINDOWS\System32\OpenSSH\;C:\Program Files\nodejs\;D:\openssl-0.9.8e_X64\bin;C:\ProgramData\chocolatey\bin;C:\ProgramData\chocolatey\lib\maven\apache-maven-3.9.4\bin;C:\Program Files\Git\cmd;C:\Program Files\MariaDB 10.11\bin;D:\Scripts\;D:\;C:\Users\LG\AppData\Local\Microsoft\WindowsApps;C:\Users\LG\AppData\Local\afreeca;C:\altera\13.1\modelsim_ase\win32aloem;D:\PyCharm Community Edition 2022.1.3\bin;;C:\Users\LG\AppData\Local\Programs\Microsoft VS Code\bin;C:\Users\LG\AppData\Roaming\npm;C:\Program Files\Java\jdk-1.8\bin;D:\IntelliJ IDEA Community Edition 2023.1.3\bin;;
USERNAME=LG
OS=Windows_NT
PROCESSOR_IDENTIFIER=Intel64 Family 6 Model 142 Stepping 10, GenuineIntel



---------------  S Y S T E M  ---------------

OS: Windows 10 , 64 bit Build 22000 (10.0.22000.2538)
OS uptime: 1 days 0:07 hours

CPU:total 8 (initial active 8) (4 cores per cpu, 2 threads per core) family 6 model 142 stepping 10 microcode 0xe0, cmov, cx8, fxsr, mmx, sse, sse2, sse3, ssse3, sse4.1, sse4.2, popcnt, avx, avx2, aes, clmul, erms, 3dnowpref, lzcnt, ht, tsc, tscinvbit, bmi1, bmi2, adx, fma

Memory: 4k page, system-wide physical 8101M (792M free)
TotalPageFile size 16293M (AvailPageFile size 3M)
current process WorkingSet (physical memory assigned to process): 216M, peak: 216M
current process commit charge ("private bytes"): 280M, peak: 280M

vm_info: OpenJDK 64-Bit Server VM (11.0.11+9-b60-7590822) for windows-amd64 JRE (11.0.11+9-b60-7590822), built on Jul 29 2021 21:43:44 by "builder" with MS VC++ 14.0 (VS2015)

END.
