#
# There is insufficient memory for the Java Runtime Environment to continue.
# Native memory allocation (mmap) failed to map 222298112 bytes for Failed to commit area from 0x0000000090b00000 to 0x000000009df00000 of length 222298112.
# Possible reasons:
#   The system is out of physical RAM or swap space
#   The process is running with CompressedOops enabled, and the Java Heap may be blocking the growth of the native heap
# Possible solutions:
#   Reduce memory load on the system
#   Increase physical memory or swap space
#   Check if swap backing store is full
#   Decrease Java heap size (-Xmx/-Xms)
#   Decrease number of Java threads
#   Decrease Java thread stack sizes (-Xss)
#   Set larger code cache with -XX:ReservedCodeCacheSize=
#   JVM is running with Unscaled Compressed Oops mode in which the Java heap is
#     placed in the first 4GB address space. The Java Heap base address is the
#     maximum limit for the native heap growth. Please use -XX:HeapBaseMinAddress
#     to set the Java Heap base and to place the Java Heap above 4GB virtual address.
# This output file may be truncated or incomplete.
#
#  Out of Memory Error (./src/hotspot/os/windows/os_windows.cpp:3301), pid=19996, tid=31904
#
# JRE version: OpenJDK Runtime Environment (11.0.11+9) (build 11.0.11+9-b60-7590822)
# Java VM: OpenJDK 64-Bit Server VM (11.0.11+9-b60-7590822, mixed mode, tiered, compressed oops, g1 gc, windows-amd64)
# No core dump will be written. Minidumps are not enabled by default on client versions of Windows
#

---------------  S U M M A R Y ------------

Command Line: --add-opens=java.base/java.util=ALL-UNNAMED --add-opens=java.base/java.lang=ALL-UNNAMED --add-opens=java.base/java.lang.invoke=ALL-UNNAMED --add-opens=java.base/java.util=ALL-UNNAMED --add-opens=java.prefs/java.util.prefs=ALL-UNNAMED --add-opens=java.prefs/java.util.prefs=ALL-UNNAMED --add-opens=java.base/java.nio.charset=ALL-UNNAMED --add-opens=java.base/java.net=ALL-UNNAMED --add-opens=java.base/java.util.concurrent.atomic=ALL-UNNAMED -Xmx2048m -Dfile.encoding=UTF-8 -Duser.country=KR -Duser.language=ko -Duser.variant org.gradle.launcher.daemon.bootstrap.GradleDaemon 7.2

Host: Intel(R) Core(TM) i5-8250U CPU @ 1.60GHz, 8 cores, 7G,  Windows 10 , 64 bit Build 22000 (10.0.22000.2538)
Time: Fri Nov  3 15:06:08 2023 대한민국 표준시 elapsed time: 21.879937 seconds (0d 0h 0m 21s)

---------------  T H R E A D  ---------------

Current thread (0x00000265c04ee800):  VMThread "VM Thread" [stack: 0x000000cd6b600000,0x000000cd6b700000] [id=31904]

Stack: [0x000000cd6b600000,0x000000cd6b700000]
[error occurred during error reporting (printing stack bounds), id 0xc0000005, EXCEPTION_ACCESS_VIOLATION (0xc0000005) at pc=0x00000265a9b60f2d]

Native frames: (J=compiled Java code, j=interpreted, Vv=VM code, C=native code)
V  [jvm.dll+0x5f214a]
V  [jvm.dll+0x726fb5]
V  [jvm.dll+0x7285cd]
V  [jvm.dll+0x728be5]
V  [jvm.dll+0x728b9b]
V  [jvm.dll+0x5f14e8]
V  [jvm.dll+0x5f1c78]
C  [ntdll.dll+0xa8cdf]
C  [ntdll.dll+0x35bea]
C  [ntdll.dll+0xa7cce]
C  0x00000265a9b60f2d

VM_Operation (0x000000cd725f8c80): G1CollectForAllocation, mode: safepoint, requested by thread 0x00000265ca604000


---------------  P R O C E S S  ---------------

Threads class SMR info:
_java_thread_list=0x00000265d2151ac0, length=135, elements={
0x00000265a6060800, 0x00000265c0d11800, 0x00000265c0d1a000, 0x00000265c0d69800,
0x00000265c0d6a800, 0x00000265c0d6b800, 0x00000265c0d70800, 0x00000265c0d75000,
0x00000265c0d76000, 0x00000265c0ee3000, 0x00000265c76cf000, 0x00000265c6006000,
0x00000265c1205000, 0x00000265c5eca800, 0x00000265c70f5800, 0x00000265c637b000,
0x00000265c613f000, 0x00000265c6a9c000, 0x00000265c6a51000, 0x00000265c68bf800,
0x00000265c68bb800, 0x00000265c68c0000, 0x00000265c68be800, 0x00000265c68ba800,
0x00000265c68bc000, 0x00000265c68bd000, 0x00000265c68bd800, 0x00000265c68c1000,
0x00000265c7fcb800, 0x00000265c7fcc800, 0x00000265c7fc7800, 0x00000265c7fc9000,
0x00000265c7fcd000, 0x00000265c7fce000, 0x00000265c7fcf800, 0x00000265c7fcf000,
0x00000265c7fd0800, 0x00000265c7fca800, 0x00000265c7fd1000, 0x00000265c7fd3000,
0x00000265c7fd4800, 0x00000265c7fd3800, 0x00000265c7fd5800, 0x00000265c7fd2000,
0x00000265c874c800, 0x00000265c8749000, 0x00000265c874b800, 0x00000265c874a000,
0x00000265c874d800, 0x00000265c8747800, 0x00000265c874e000, 0x00000265c8748800,
0x00000265c874f000, 0x00000265c8750000, 0x00000265c8750800, 0x00000265c874b000,
0x00000265c8754800, 0x00000265c8755800, 0x00000265c8752000, 0x00000265c8754000,
0x00000265c8753000, 0x00000265c8751800, 0x00000265c8756800, 0x00000265c85db000,
0x00000265c85da800, 0x00000265c85df000, 0x00000265c85e1800, 0x00000265c85de800,
0x00000265c85e0000, 0x00000265c85dc000, 0x00000265c85e1000, 0x00000265c85e2800,
0x00000265c85dc800, 0x00000265c85e3800, 0x00000265c85dd800, 0x00000265c85e9000,
0x00000265c85e5000, 0x00000265c85e8000, 0x00000265c85e4000, 0x00000265c85e5800,
0x00000265c85e6800, 0x00000265c85e7800, 0x00000265c85ff800, 0x00000265c8602000,
0x00000265c8601800, 0x00000265c8600800, 0x00000265c8603000, 0x00000265c85fd000,
0x00000265c85ff000, 0x00000265c8603800, 0x00000265c85fe000, 0x00000265c8605800,
0x00000265c8608000, 0x00000265c860a800, 0x00000265c8604800, 0x00000265c8608800,
0x00000265c8609800, 0x00000265c860b000, 0x00000265c860c000, 0x00000265c8606000,
0x00000265c8607000, 0x00000265ca604000, 0x00000265ca601800, 0x00000265ca605000,
0x00000265ca602800, 0x00000265ca5ff000, 0x00000265ca603800, 0x00000265ca605800,
0x00000265ca600000, 0x00000265ca606800, 0x00000265ca601000, 0x00000265ca609000,
0x00000265ca60b800, 0x00000265ca607800, 0x00000265ca60d000, 0x00000265ca608000,
0x00000265ca60c800, 0x00000265ca60e000, 0x00000265ca60a000, 0x00000265ca60a800,
0x00000265ca642800, 0x00000265ca644000, 0x00000265ca640000, 0x00000265ca643800,
0x00000265ca63e800, 0x00000265ca645800, 0x00000265ca646800, 0x00000265ca645000,
0x00000265ca641000, 0x00000265ca64a800, 0x00000265ca64d000, 0x00000265ca63f000,
0x00000265ca648000, 0x00000265ca647800, 0x00000265ca649000
}

Java Threads: ( => current thread )
  0x00000265a6060800 JavaThread "main" [_thread_blocked, id=15028, stack(0x000000cd6b000000,0x000000cd6b100000)]
  0x00000265c0d11800 JavaThread "Reference Handler" daemon [_thread_blocked, id=32144, stack(0x000000cd6b700000,0x000000cd6b800000)]
  0x00000265c0d1a000 JavaThread "Finalizer" daemon [_thread_blocked, id=31124, stack(0x000000cd6b800000,0x000000cd6b900000)]
  0x00000265c0d69800 JavaThread "Signal Dispatcher" daemon [_thread_blocked, id=8144, stack(0x000000cd6b900000,0x000000cd6ba00000)]
  0x00000265c0d6a800 JavaThread "Attach Listener" daemon [_thread_blocked, id=17404, stack(0x000000cd6ba00000,0x000000cd6bb00000)]
  0x00000265c0d6b800 JavaThread "Service Thread" daemon [_thread_blocked, id=31888, stack(0x000000cd6bb00000,0x000000cd6bc00000)]
  0x00000265c0d70800 JavaThread "C2 CompilerThread0" daemon [_thread_in_native, id=20620, stack(0x000000cd6bc00000,0x000000cd6bd00000)]
  0x00000265c0d75000 JavaThread "C1 CompilerThread0" daemon [_thread_blocked, id=7604, stack(0x000000cd6bd00000,0x000000cd6be00000)]
  0x00000265c0d76000 JavaThread "Sweeper thread" daemon [_thread_blocked, id=32092, stack(0x000000cd6be00000,0x000000cd6bf00000)]
  0x00000265c0ee3000 JavaThread "Common-Cleaner" daemon [_thread_blocked, id=16136, stack(0x000000cd6bf00000,0x000000cd6c000000)]
  0x00000265c76cf000 JavaThread "Daemon health stats" [_thread_blocked, id=20544, stack(0x000000cd6c500000,0x000000cd6c600000)]
  0x00000265c6006000 JavaThread "Incoming local TCP Connector on port 3444" [_thread_in_native, id=17368, stack(0x000000cd6c100000,0x000000cd6c200000)]
  0x00000265c1205000 JavaThread "Daemon periodic checks" [_thread_blocked, id=32128, stack(0x000000cd6c400000,0x000000cd6c500000)]
  0x00000265c5eca800 JavaThread "Daemon" [_thread_blocked, id=31116, stack(0x000000cd6c600000,0x000000cd6c700000)]
  0x00000265c70f5800 JavaThread "Handler for socket connection from /127.0.0.1:3444 to /127.0.0.1:3445" [_thread_in_native, id=15312, stack(0x000000cd6c700000,0x000000cd6c800000)]
  0x00000265c637b000 JavaThread "Cancel handler" [_thread_blocked, id=22360, stack(0x000000cd6c800000,0x000000cd6c900000)]
  0x00000265c613f000 JavaThread "Daemon worker" [_thread_in_native, id=22476, stack(0x000000cd6c900000,0x000000cd6ca00000)]
  0x00000265c6a9c000 JavaThread "Asynchronous log dispatcher for DefaultDaemonConnection: socket connection from /127.0.0.1:3444 to /127.0.0.1:3445" [_thread_blocked, id=32148, stack(0x000000cd6ca00000,0x000000cd6cb00000)]
  0x00000265c6a51000 JavaThread "Stdin handler" [_thread_blocked, id=25280, stack(0x000000cd6cb00000,0x000000cd6cc00000)]
  0x00000265c68bf800 JavaThread "Daemon client event forwarder" [_thread_blocked, id=30792, stack(0x000000cd6cc00000,0x000000cd6cd00000)]
  0x00000265c68bb800 JavaThread "Cache worker for journal cache (C:\Users\LG\.gradle\caches\journal-1)" [_thread_blocked, id=32312, stack(0x000000cd6d300000,0x000000cd6d400000)]
  0x00000265c68c0000 JavaThread "File lock request listener" [_thread_in_native, id=32120, stack(0x000000cd6d400000,0x000000cd6d500000)]
  0x00000265c68be800 JavaThread "Cache worker for file hash cache (C:\Users\LG\.gradle\caches\7.2\fileHashes)" [_thread_blocked, id=14592, stack(0x000000cd6d500000,0x000000cd6d600000)]
  0x00000265c68ba800 JavaThread "Cache worker for file hash cache (D:\project\MyApplication_login_test\.gradle\7.2\fileHashes)" [_thread_blocked, id=27908, stack(0x000000cd6d700000,0x000000cd6d800000)]
  0x00000265c68bc000 JavaThread "File watcher server" daemon [_thread_blocked, id=32172, stack(0x000000cd6d800000,0x000000cd6d900000)]
  0x00000265c68bd000 JavaThread "File watcher consumer" daemon [_thread_blocked, id=32308, stack(0x000000cd6d900000,0x000000cd6da00000)]
  0x00000265c68bd800 JavaThread "Cache worker for checksums cache (D:\project\MyApplication_login_test\.gradle\checksums)" [_thread_blocked, id=32156, stack(0x000000cd6da00000,0x000000cd6db00000)]
  0x00000265c68c1000 JavaThread "Cache worker for cache directory md-supplier (C:\Users\LG\.gradle\caches\7.2\md-supplier)" [_thread_blocked, id=29484, stack(0x000000cd6db00000,0x000000cd6dc00000)]
  0x00000265c7fcb800 JavaThread "Cache worker for cache directory md-rule (C:\Users\LG\.gradle\caches\7.2\md-rule)" [_thread_blocked, id=32256, stack(0x000000cd6dc00000,0x000000cd6dd00000)]
  0x00000265c7fcc800 JavaThread "Cache worker for execution history cache (C:\Users\LG\.gradle\caches\7.2\executionHistory)" [_thread_blocked, id=30832, stack(0x000000cd6dd00000,0x000000cd6de00000)]
  0x00000265c7fc7800 JavaThread "jar transforms" [_thread_blocked, id=32096, stack(0x000000cd6df00000,0x000000cd6e000000)]
  0x00000265c7fc9000 JavaThread "Cache worker for file content cache (C:\Users\LG\.gradle\caches\7.2\fileContent)" [_thread_blocked, id=32104, stack(0x000000cd6e000000,0x000000cd6e100000)]
  0x00000265c7fcd000 JavaThread "jar transforms Thread 2" [_thread_blocked, id=31688, stack(0x000000cd6e100000,0x000000cd6e200000)]
  0x00000265c7fce000 JavaThread "Cache worker for dependencies-accessors (D:\project\MyApplication_login_test\.gradle\7.2\dependencies-accessors)" [_thread_blocked, id=32136, stack(0x000000cd6e200000,0x000000cd6e300000)]
  0x00000265c7fcf800 JavaThread "jar transforms Thread 3" [_thread_blocked, id=25548, stack(0x000000cd6e300000,0x000000cd6e400000)]
  0x00000265c7fcf000 JavaThread "Cache worker for Build Output Cleanup Cache (D:\project\MyApplication_login_test\.gradle\buildOutputCleanup)" [_thread_blocked, id=32580, stack(0x000000cd6cd00000,0x000000cd6ce00000)]
  0x00000265c7fd0800 JavaThread "Unconstrained build operations" [_thread_blocked, id=9192, stack(0x000000cd6e400000,0x000000cd6e500000)]
  0x00000265c7fca800 JavaThread "Unconstrained build operations Thread 2" [_thread_blocked, id=20208, stack(0x000000cd6e500000,0x000000cd6e600000)]
  0x00000265c7fd1000 JavaThread "Unconstrained build operations Thread 3" [_thread_blocked, id=5380, stack(0x000000cd6e600000,0x000000cd6e700000)]
  0x00000265c7fd3000 JavaThread "Unconstrained build operations Thread 4" [_thread_blocked, id=32356, stack(0x000000cd6e700000,0x000000cd6e800000)]
  0x00000265c7fd4800 JavaThread "Unconstrained build operations Thread 5" [_thread_blocked, id=18848, stack(0x000000cd6e800000,0x000000cd6e900000)]
  0x00000265c7fd3800 JavaThread "Unconstrained build operations Thread 6" [_thread_blocked, id=32372, stack(0x000000cd6e900000,0x000000cd6ea00000)]
  0x00000265c7fd5800 JavaThread "Unconstrained build operations Thread 7" [_thread_blocked, id=32416, stack(0x000000cd6ea00000,0x000000cd6eb00000)]
  0x00000265c7fd2000 JavaThread "Unconstrained build operations Thread 8" [_thread_blocked, id=936, stack(0x000000cd6eb00000,0x000000cd6ec00000)]
  0x00000265c874c800 JavaThread "Unconstrained build operations Thread 9" [_thread_blocked, id=1372, stack(0x000000cd6ec00000,0x000000cd6ed00000)]
  0x00000265c8749000 JavaThread "Unconstrained build operations Thread 10" [_thread_blocked, id=25208, stack(0x000000cd6ed00000,0x000000cd6ee00000)]
  0x00000265c874b800 JavaThread "Unconstrained build operations Thread 11" [_thread_blocked, id=13840, stack(0x000000cd6ee00000,0x000000cd6ef00000)]
  0x00000265c874a000 JavaThread "Unconstrained build operations Thread 12" [_thread_blocked, id=32700, stack(0x000000cd6ef00000,0x000000cd6f000000)]
  0x00000265c874d800 JavaThread "Unconstrained build operations Thread 13" [_thread_blocked, id=12008, stack(0x000000cd6f000000,0x000000cd6f100000)]
  0x00000265c8747800 JavaThread "Unconstrained build operations Thread 14" [_thread_blocked, id=30028, stack(0x000000cd6f100000,0x000000cd6f200000)]
  0x00000265c874e000 JavaThread "Unconstrained build operations Thread 15" [_thread_blocked, id=29028, stack(0x000000cd6f200000,0x000000cd6f300000)]
  0x00000265c8748800 JavaThread "Unconstrained build operations Thread 16" [_thread_blocked, id=18780, stack(0x000000cd6f300000,0x000000cd6f400000)]
  0x00000265c874f000 JavaThread "Unconstrained build operations Thread 17" [_thread_blocked, id=18828, stack(0x000000cd6f400000,0x000000cd6f500000)]
  0x00000265c8750000 JavaThread "Unconstrained build operations Thread 18" [_thread_blocked, id=32476, stack(0x000000cd6f500000,0x000000cd6f600000)]
  0x00000265c8750800 JavaThread "Unconstrained build operations Thread 19" [_thread_blocked, id=31820, stack(0x000000cd6f600000,0x000000cd6f700000)]
  0x00000265c874b000 JavaThread "Unconstrained build operations Thread 20" [_thread_blocked, id=31832, stack(0x000000cd6f700000,0x000000cd6f800000)]
  0x00000265c8754800 JavaThread "Unconstrained build operations Thread 21" [_thread_blocked, id=28680, stack(0x000000cd6f800000,0x000000cd6f900000)]
  0x00000265c8755800 JavaThread "Unconstrained build operations Thread 22" [_thread_blocked, id=32284, stack(0x000000cd6f900000,0x000000cd6fa00000)]
  0x00000265c8752000 JavaThread "Unconstrained build operations Thread 23" [_thread_blocked, id=22896, stack(0x000000cd6fa00000,0x000000cd6fb00000)]
  0x00000265c8754000 JavaThread "Unconstrained build operations Thread 24" [_thread_blocked, id=31032, stack(0x000000cd6fb00000,0x000000cd6fc00000)]
  0x00000265c8753000 JavaThread "Unconstrained build operations Thread 25" [_thread_blocked, id=31512, stack(0x000000cd6fc00000,0x000000cd6fd00000)]
  0x00000265c8751800 JavaThread "Unconstrained build operations Thread 26" [_thread_blocked, id=32688, stack(0x000000cd6fd00000,0x000000cd6fe00000)]
  0x00000265c8756800 JavaThread "Unconstrained build operations Thread 27" [_thread_blocked, id=7036, stack(0x000000cd6fe00000,0x000000cd6ff00000)]
  0x00000265c85db000 JavaThread "Unconstrained build operations Thread 28" [_thread_blocked, id=28496, stack(0x000000cd6ff00000,0x000000cd70000000)]
  0x00000265c85da800 JavaThread "Unconstrained build operations Thread 29" [_thread_blocked, id=32568, stack(0x000000cd70000000,0x000000cd70100000)]
  0x00000265c85df000 JavaThread "Unconstrained build operations Thread 30" [_thread_blocked, id=32000, stack(0x000000cd70100000,0x000000cd70200000)]
  0x00000265c85e1800 JavaThread "Unconstrained build operations Thread 31" [_thread_blocked, id=32460, stack(0x000000cd70200000,0x000000cd70300000)]
  0x00000265c85de800 JavaThread "Unconstrained build operations Thread 32" [_thread_blocked, id=19984, stack(0x000000cd70300000,0x000000cd70400000)]
  0x00000265c85e0000 JavaThread "Unconstrained build operations Thread 33" [_thread_blocked, id=16180, stack(0x000000cd70400000,0x000000cd70500000)]
  0x00000265c85dc000 JavaThread "Unconstrained build operations Thread 34" [_thread_blocked, id=18764, stack(0x000000cd70500000,0x000000cd70600000)]
  0x00000265c85e1000 JavaThread "Unconstrained build operations Thread 35" [_thread_blocked, id=25920, stack(0x000000cd70600000,0x000000cd70700000)]
  0x00000265c85e2800 JavaThread "Unconstrained build operations Thread 36" [_thread_blocked, id=30032, stack(0x000000cd70700000,0x000000cd70800000)]
  0x00000265c85dc800 JavaThread "Unconstrained build operations Thread 37" [_thread_blocked, id=32540, stack(0x000000cd70800000,0x000000cd70900000)]
  0x00000265c85e3800 JavaThread "Unconstrained build operations Thread 38" [_thread_blocked, id=3132, stack(0x000000cd70900000,0x000000cd70a00000)]
  0x00000265c85dd800 JavaThread "Unconstrained build operations Thread 39" [_thread_blocked, id=10692, stack(0x000000cd70a00000,0x000000cd70b00000)]
  0x00000265c85e9000 JavaThread "Unconstrained build operations Thread 40" [_thread_blocked, id=18812, stack(0x000000cd70b00000,0x000000cd70c00000)]
  0x00000265c85e5000 JavaThread "Unconstrained build operations Thread 41" [_thread_blocked, id=1872, stack(0x000000cd70c00000,0x000000cd70d00000)]
  0x00000265c85e8000 JavaThread "Unconstrained build operations Thread 42" [_thread_blocked, id=30072, stack(0x000000cd70d00000,0x000000cd70e00000)]
  0x00000265c85e4000 JavaThread "Unconstrained build operations Thread 43" [_thread_blocked, id=31760, stack(0x000000cd70e00000,0x000000cd70f00000)]
  0x00000265c85e5800 JavaThread "Unconstrained build operations Thread 44" [_thread_blocked, id=32076, stack(0x000000cd70f00000,0x000000cd71000000)]
  0x00000265c85e6800 JavaThread "Unconstrained build operations Thread 45" [_thread_blocked, id=31540, stack(0x000000cd71000000,0x000000cd71100000)]
  0x00000265c85e7800 JavaThread "Unconstrained build operations Thread 46" [_thread_blocked, id=18836, stack(0x000000cd71100000,0x000000cd71200000)]
  0x00000265c85ff800 JavaThread "Unconstrained build operations Thread 47" [_thread_blocked, id=18864, stack(0x000000cd71200000,0x000000cd71300000)]
  0x00000265c8602000 JavaThread "Unconstrained build operations Thread 48" [_thread_blocked, id=32228, stack(0x000000cd71300000,0x000000cd71400000)]
  0x00000265c8601800 JavaThread "Unconstrained build operations Thread 49" [_thread_blocked, id=12412, stack(0x000000cd71400000,0x000000cd71500000)]
  0x00000265c8600800 JavaThread "Unconstrained build operations Thread 50" [_thread_blocked, id=32552, stack(0x000000cd71500000,0x000000cd71600000)]
  0x00000265c8603000 JavaThread "Unconstrained build operations Thread 51" [_thread_blocked, id=1280, stack(0x000000cd71600000,0x000000cd71700000)]
  0x00000265c85fd000 JavaThread "Unconstrained build operations Thread 52" [_thread_blocked, id=27072, stack(0x000000cd71700000,0x000000cd71800000)]
  0x00000265c85ff000 JavaThread "Unconstrained build operations Thread 53" [_thread_blocked, id=16164, stack(0x000000cd71800000,0x000000cd71900000)]
  0x00000265c8603800 JavaThread "Unconstrained build operations Thread 54" [_thread_blocked, id=28480, stack(0x000000cd71900000,0x000000cd71a00000)]
  0x00000265c85fe000 JavaThread "Unconstrained build operations Thread 55" [_thread_blocked, id=31680, stack(0x000000cd71a00000,0x000000cd71b00000)]
  0x00000265c8605800 JavaThread "Unconstrained build operations Thread 56" [_thread_blocked, id=13460, stack(0x000000cd71b00000,0x000000cd71c00000)]
  0x00000265c8608000 JavaThread "Unconstrained build operations Thread 57" [_thread_blocked, id=28484, stack(0x000000cd71c00000,0x000000cd71d00000)]
  0x00000265c860a800 JavaThread "Unconstrained build operations Thread 58" [_thread_blocked, id=26940, stack(0x000000cd71d00000,0x000000cd71e00000)]
  0x00000265c8604800 JavaThread "Unconstrained build operations Thread 59" [_thread_blocked, id=32680, stack(0x000000cd71e00000,0x000000cd71f00000)]
  0x00000265c8608800 JavaThread "Unconstrained build operations Thread 60" [_thread_blocked, id=28488, stack(0x000000cd71f00000,0x000000cd72000000)]
  0x00000265c8609800 JavaThread "Unconstrained build operations Thread 61" [_thread_blocked, id=31860, stack(0x000000cd72000000,0x000000cd72100000)]
  0x00000265c860b000 JavaThread "Unconstrained build operations Thread 62" [_thread_blocked, id=4640, stack(0x000000cd72100000,0x000000cd72200000)]
  0x00000265c860c000 JavaThread "Unconstrained build operations Thread 63" [_thread_blocked, id=8616, stack(0x000000cd72200000,0x000000cd72300000)]
  0x00000265c8606000 JavaThread "Unconstrained build operations Thread 64" [_thread_blocked, id=32412, stack(0x000000cd72300000,0x000000cd72400000)]
  0x00000265c8607000 JavaThread "Unconstrained build operations Thread 65" [_thread_blocked, id=29828, stack(0x000000cd72400000,0x000000cd72500000)]
  0x00000265ca604000 JavaThread "Unconstrained build operations Thread 66" [_thread_blocked, id=1156, stack(0x000000cd72500000,0x000000cd72600000)]
  0x00000265ca601800 JavaThread "Unconstrained build operations Thread 67" [_thread_blocked, id=32492, stack(0x000000cd72600000,0x000000cd72700000)]
  0x00000265ca605000 JavaThread "Unconstrained build operations Thread 68" [_thread_blocked, id=1824, stack(0x000000cd72700000,0x000000cd72800000)]
  0x00000265ca602800 JavaThread "Unconstrained build operations Thread 69" [_thread_blocked, id=32724, stack(0x000000cd72800000,0x000000cd72900000)]
  0x00000265ca5ff000 JavaThread "Unconstrained build operations Thread 70" [_thread_blocked, id=18872, stack(0x000000cd72900000,0x000000cd72a00000)]
  0x00000265ca603800 JavaThread "Unconstrained build operations Thread 71" [_thread_blocked, id=5564, stack(0x000000cd72a00000,0x000000cd72b00000)]
  0x00000265ca605800 JavaThread "Unconstrained build operations Thread 72" [_thread_blocked, id=31244, stack(0x000000cd72b00000,0x000000cd72c00000)]
  0x00000265ca600000 JavaThread "Unconstrained build operations Thread 73" [_thread_blocked, id=28516, stack(0x000000cd72c00000,0x000000cd72d00000)]
  0x00000265ca606800 JavaThread "Unconstrained build operations Thread 74" [_thread_blocked, id=28492, stack(0x000000cd72d00000,0x000000cd72e00000)]
  0x00000265ca601000 JavaThread "Unconstrained build operations Thread 75" [_thread_blocked, id=29248, stack(0x000000cd72e00000,0x000000cd72f00000)]
  0x00000265ca609000 JavaThread "Unconstrained build operations Thread 76" [_thread_blocked, id=16680, stack(0x000000cd72f00000,0x000000cd73000000)]
  0x00000265ca60b800 JavaThread "Unconstrained build operations Thread 77" [_thread_blocked, id=27968, stack(0x000000cd73000000,0x000000cd73100000)]
  0x00000265ca607800 JavaThread "Unconstrained build operations Thread 78" [_thread_blocked, id=20028, stack(0x000000cd73100000,0x000000cd73200000)]
  0x00000265ca60d000 JavaThread "Unconstrained build operations Thread 79" [_thread_blocked, id=8960, stack(0x000000cd73200000,0x000000cd73300000)]
  0x00000265ca608000 JavaThread "Unconstrained build operations Thread 80" [_thread_blocked, id=29740, stack(0x000000cd73300000,0x000000cd73400000)]
  0x00000265ca60c800 JavaThread "jar transforms Thread 4" [_thread_blocked, id=29208, stack(0x000000cd73400000,0x000000cd73500000)]
  0x00000265ca60e000 JavaThread "jar transforms Thread 5" [_thread_blocked, id=32588, stack(0x000000cd73500000,0x000000cd73600000)]
  0x00000265ca60a000 JavaThread "jar transforms Thread 6" [_thread_blocked, id=15052, stack(0x000000cd73600000,0x000000cd73700000)]
  0x00000265ca60a800 JavaThread "jar transforms Thread 7" [_thread_blocked, id=28092, stack(0x000000cd73700000,0x000000cd73800000)]
  0x00000265ca642800 JavaThread "jar transforms Thread 8" [_thread_blocked, id=32036, stack(0x000000cd73800000,0x000000cd73900000)]
  0x00000265ca644000 JavaThread "Memory manager" [_thread_blocked, id=24724, stack(0x000000cd73a00000,0x000000cd73b00000)]
  0x00000265ca640000 JavaThread "build event listener" [_thread_blocked, id=32384, stack(0x000000cd73b00000,0x000000cd73c00000)]
  0x00000265ca643800 JavaThread "Execution worker for ':'" [_thread_blocked, id=29012, stack(0x000000cd73c00000,0x000000cd73d00000)]
  0x00000265ca63e800 JavaThread "Execution worker for ':' Thread 2" [_thread_blocked, id=29104, stack(0x000000cd73d00000,0x000000cd73e00000)]
  0x00000265ca645800 JavaThread "Execution worker for ':' Thread 3" [_thread_blocked, id=31884, stack(0x000000cd73e00000,0x000000cd73f00000)]
  0x00000265ca646800 JavaThread "Execution worker for ':' Thread 4" [_thread_blocked, id=31008, stack(0x000000cd73f00000,0x000000cd74000000)]
  0x00000265ca645000 JavaThread "Execution worker for ':' Thread 5" [_thread_blocked, id=29388, stack(0x000000cd74000000,0x000000cd74100000)]
  0x00000265ca641000 JavaThread "Execution worker for ':' Thread 6" [_thread_blocked, id=7536, stack(0x000000cd74100000,0x000000cd74200000)]
  0x00000265ca64a800 JavaThread "Execution worker for ':' Thread 7" [_thread_blocked, id=32320, stack(0x000000cd74200000,0x000000cd74300000)]
  0x00000265ca64d000 JavaThread "Cache worker for execution history cache (D:\project\MyApplication_login_test\.gradle\7.2\executionHistory)" [_thread_blocked, id=22564, stack(0x000000cd74300000,0x000000cd74400000)]
  0x00000265ca63f000 JavaThread "C2 CompilerThread1" daemon [_thread_in_native, id=22340, stack(0x000000cd6de00000,0x000000cd6df00000)]
  0x00000265ca648000 JavaThread "WorkerExecutor Queue" [_thread_blocked, id=28404, stack(0x000000cd74400000,0x000000cd74500000)]
  0x00000265ca647800 JavaThread "C2 CompilerThread2" daemon [_thread_in_native, id=31496, stack(0x000000cd73900000,0x000000cd73a00000)]
  0x00000265ca649000 JavaThread "WorkerExecutor Queue Thread 3" [_thread_blocked, id=19068, stack(0x000000cd74600000,0x000000cd74700000)]

Other Threads:
=>0x00000265c04ee800 VMThread "VM Thread" [stack: 0x000000cd6b600000,0x000000cd6b700000] [id=31904]
  0x00000265c0f06800 WatcherThread [stack: 0x000000cd6c000000,0x000000cd6c100000] [id=32116]
  0x00000265a607a000 GCTaskThread "GC Thread#0" [stack: 0x000000cd6b100000,0x000000cd6b200000] [id=32188]
  0x00000265c1970000 GCTaskThread "GC Thread#1" [stack: 0x000000cd6c200000,0x000000cd6c300000] [id=32300]
  0x00000265c5e8b800 GCTaskThread "GC Thread#2" [stack: 0x000000cd6c300000,0x000000cd6c400000] [id=8100]
  0x00000265c715b000 GCTaskThread "GC Thread#3" [stack: 0x000000cd6ce00000,0x000000cd6cf00000] [id=31348]
  0x00000265c6b57000 GCTaskThread "GC Thread#4" [stack: 0x000000cd6cf00000,0x000000cd6d000000] [id=1456]
  0x00000265c5ef1800 GCTaskThread "GC Thread#5" [stack: 0x000000cd6d000000,0x000000cd6d100000] [id=19376]
  0x00000265c6d0e800 GCTaskThread "GC Thread#6" [stack: 0x000000cd6d100000,0x000000cd6d200000] [id=25976]
  0x00000265c6d0f000 GCTaskThread "GC Thread#7" [stack: 0x000000cd6d200000,0x000000cd6d300000] [id=21288]
  0x00000265a60e4800 ConcurrentGCThread "G1 Main Marker" [stack: 0x000000cd6b200000,0x000000cd6b300000] [id=32164]
  0x00000265a60e5800 ConcurrentGCThread "G1 Conc#0" [stack: 0x000000cd6b300000,0x000000cd6b400000] [id=32100]
  0x00000265c6ea0000 ConcurrentGCThread "G1 Conc#1" [stack: 0x000000cd6d600000,0x000000cd6d700000] [id=32112]
  0x00000265a613e000 ConcurrentGCThread "G1 Refine#0" [stack: 0x000000cd6b400000,0x000000cd6b500000] [id=15724]
  0x00000265c033c800 ConcurrentGCThread "G1 Young RemSet Sampling" [stack: 0x000000cd6b500000,0x000000cd6b600000] [id=22024]

Threads with active compile tasks:
C2 CompilerThread0  21923 14504       4       com.android.tools.r8.internal.TR0::a (1133 bytes)
C2 CompilerThread1  21923 14483       4       com.android.tools.r8.internal.mH0::a (6068 bytes)
C2 CompilerThread2  21924 14487 %     4       com.android.tools.r8.internal.mH0::a @ 3921 (4225 bytes)

VM state:at safepoint (normal execution)

VM Mutex/Monitor currently owned by a thread:  ([mutex/lock_event])
[0x00000265a605c5c0] Threads_lock - owner thread: 0x00000265c04ee800
[0x00000265a605d7c0] Heap_lock - owner thread: 0x00000265ca604000

Heap address: 0x0000000080000000, size: 2048 MB, Compressed Oops mode: 32-bit
Narrow klass base: 0x0000000000000000, Narrow klass shift: 3
Compressed class space size: 1073741824 Address: 0x0000000100000000

Heap:
 garbage-first heap   total 490496K, used 153185K [0x0000000080000000, 0x0000000100000000)
  region size 1024K, 10 young (10240K), 10 survivors (10240K)
 Metaspace       used 101378K, capacity 104134K, committed 104360K, reserved 1138688K
  class space    used 13259K, capacity 14332K, committed 14464K, reserved 1048576K
Heap Regions: E=young(eden), S=young(survivor), O=old, HS=humongous(starts), HC=humongous(continues), CS=collection set, F=free, A=archive, TAMS=top-at-mark-start (previous, next)
|   0|0x0000000080000000, 0x0000000080100000, 0x0000000080100000|100%| O|  |TAMS 0x0000000080100000, 0x0000000080000000| Complete 
|   1|0x0000000080100000, 0x0000000080200000, 0x0000000080200000|100%| O|  |TAMS 0x0000000080200000, 0x0000000080100000| Untracked 
|   2|0x0000000080200000, 0x0000000080300000, 0x0000000080300000|100%| O|  |TAMS 0x0000000080300000, 0x0000000080200000| Untracked 
|   3|0x0000000080300000, 0x0000000080400000, 0x0000000080400000|100%|HS|  |TAMS 0x0000000080400000, 0x0000000080300000| Complete 
|   4|0x0000000080400000, 0x0000000080500000, 0x0000000080500000|100%|HC|  |TAMS 0x0000000080500000, 0x0000000080400000| Complete 
|   5|0x0000000080500000, 0x0000000080600000, 0x0000000080600000|100%|HC|  |TAMS 0x0000000080600000, 0x0000000080500000| Complete 
|   6|0x0000000080600000, 0x0000000080700000, 0x0000000080700000|100%| O|  |TAMS 0x0000000080700000, 0x0000000080600000| Untracked 
|   7|0x0000000080700000, 0x0000000080800000, 0x0000000080800000|100%| O|  |TAMS 0x0000000080800000, 0x0000000080700000| Complete 
|   8|0x0000000080800000, 0x0000000080900000, 0x0000000080900000|100%| O|  |TAMS 0x0000000080900000, 0x0000000080800000| Complete 
|   9|0x0000000080900000, 0x0000000080a00000, 0x0000000080a00000|100%| O|  |TAMS 0x0000000080a00000, 0x0000000080900000| Untracked 
|  10|0x0000000080a00000, 0x0000000080b00000, 0x0000000080b00000|100%| O|  |TAMS 0x0000000080b00000, 0x0000000080a00000| Untracked 
|  11|0x0000000080b00000, 0x0000000080c00000, 0x0000000080c00000|100%| O|  |TAMS 0x0000000080c00000, 0x0000000080b00000| Untracked 
|  12|0x0000000080c00000, 0x0000000080d00000, 0x0000000080d00000|100%| O|  |TAMS 0x0000000080d00000, 0x0000000080c00000| Complete 
|  13|0x0000000080d00000, 0x0000000080e00000, 0x0000000080e00000|100%| O|  |TAMS 0x0000000080e00000, 0x0000000080d00000| Untracked 
|  14|0x0000000080e00000, 0x0000000080f00000, 0x0000000080f00000|100%| O|  |TAMS 0x0000000080f00000, 0x0000000080e00000| Complete 
|  15|0x0000000080f00000, 0x0000000081000000, 0x0000000081000000|100%| O|  |TAMS 0x0000000081000000, 0x0000000080f00000| Untracked 
|  16|0x0000000081000000, 0x0000000081100000, 0x0000000081100000|100%| O|  |TAMS 0x0000000081100000, 0x0000000081000000| Untracked 
|  17|0x0000000081100000, 0x0000000081200000, 0x0000000081200000|100%|HS|  |TAMS 0x0000000081200000, 0x0000000081100000| Complete 
|  18|0x0000000081200000, 0x0000000081300000, 0x0000000081300000|100%| O|  |TAMS 0x0000000081300000, 0x0000000081200000| Untracked 
|  19|0x0000000081300000, 0x0000000081400000, 0x0000000081400000|100%| O|  |TAMS 0x0000000081400000, 0x0000000081300000| Untracked 
|  20|0x0000000081400000, 0x0000000081500000, 0x0000000081500000|100%| O|  |TAMS 0x0000000081500000, 0x0000000081400000| Untracked 
|  21|0x0000000081500000, 0x0000000081600000, 0x0000000081600000|100%| O|  |TAMS 0x0000000081600000, 0x0000000081500000| Untracked 
|  22|0x0000000081600000, 0x0000000081700000, 0x0000000081700000|100%| O|  |TAMS 0x0000000081700000, 0x0000000081600000| Untracked 
|  23|0x0000000081700000, 0x0000000081800000, 0x0000000081800000|100%| O|  |TAMS 0x0000000081800000, 0x0000000081700000| Untracked 
|  24|0x0000000081800000, 0x0000000081900000, 0x0000000081900000|100%| O|  |TAMS 0x0000000081900000, 0x0000000081800000| Untracked 
|  25|0x0000000081900000, 0x0000000081a00000, 0x0000000081a00000|100%| O|  |TAMS 0x0000000081a00000, 0x0000000081900000| Untracked 
|  26|0x0000000081a00000, 0x0000000081b00000, 0x0000000081b00000|100%| O|  |TAMS 0x0000000081b00000, 0x0000000081a00000| Untracked 
|  27|0x0000000081b00000, 0x0000000081c00000, 0x0000000081c00000|100%| O|  |TAMS 0x0000000081c00000, 0x0000000081b00000| Untracked 
|  28|0x0000000081c00000, 0x0000000081d00000, 0x0000000081d00000|100%| O|  |TAMS 0x0000000081d00000, 0x0000000081c00000| Complete 
|  29|0x0000000081d00000, 0x0000000081e00000, 0x0000000081e00000|100%|HS|  |TAMS 0x0000000081e00000, 0x0000000081d00000| Complete 
|  30|0x0000000081e00000, 0x0000000081f00000, 0x0000000081f00000|100%|HS|  |TAMS 0x0000000081f00000, 0x0000000081e00000| Complete 
|  31|0x0000000081f00000, 0x0000000082000000, 0x0000000082000000|100%|HS|  |TAMS 0x0000000082000000, 0x0000000081f00000| Complete 
|  32|0x0000000082000000, 0x0000000082100000, 0x0000000082100000|100%|HC|  |TAMS 0x0000000082100000, 0x0000000082000000| Complete 
|  33|0x0000000082100000, 0x0000000082200000, 0x0000000082200000|100%| O|  |TAMS 0x0000000082200000, 0x0000000082100000| Untracked 
|  34|0x0000000082200000, 0x0000000082300000, 0x0000000082300000|100%| O|  |TAMS 0x0000000082300000, 0x0000000082200000| Untracked 
|  35|0x0000000082300000, 0x0000000082400000, 0x0000000082400000|100%| O|  |TAMS 0x0000000082400000, 0x0000000082300000| Complete 
|  36|0x0000000082400000, 0x0000000082500000, 0x0000000082500000|100%| O|  |TAMS 0x0000000082500000, 0x0000000082400000| Complete 
|  37|0x0000000082500000, 0x0000000082600000, 0x0000000082600000|100%| O|  |TAMS 0x0000000082600000, 0x0000000082500000| Untracked 
|  38|0x0000000082600000, 0x0000000082700000, 0x0000000082700000|100%| O|  |TAMS 0x0000000082700000, 0x0000000082600000| Untracked 
|  39|0x0000000082700000, 0x0000000082800000, 0x0000000082800000|100%| O|  |TAMS 0x0000000082800000, 0x0000000082700000| Untracked 
|  40|0x0000000082800000, 0x0000000082900000, 0x0000000082900000|100%| O|  |TAMS 0x0000000082900000, 0x0000000082800000| Untracked 
|  41|0x0000000082900000, 0x0000000082a00000, 0x0000000082a00000|100%| O|  |TAMS 0x0000000082a00000, 0x0000000082900000| Untracked 
|  42|0x0000000082a00000, 0x0000000082b00000, 0x0000000082b00000|100%| O|  |TAMS 0x0000000082b00000, 0x0000000082a00000| Untracked 
|  43|0x0000000082b00000, 0x0000000082c00000, 0x0000000082c00000|100%| O|  |TAMS 0x0000000082c00000, 0x0000000082b00000| Complete 
|  44|0x0000000082c00000, 0x0000000082d00000, 0x0000000082d00000|100%| O|  |TAMS 0x0000000082d00000, 0x0000000082c00000| Untracked 
|  45|0x0000000082d00000, 0x0000000082e00000, 0x0000000082e00000|100%| O|  |TAMS 0x0000000082e00000, 0x0000000082d00000| Untracked 
|  46|0x0000000082e00000, 0x0000000082f00000, 0x0000000082f00000|100%| O|  |TAMS 0x0000000082f00000, 0x0000000082e00000| Untracked 
|  47|0x0000000082f00000, 0x0000000083000000, 0x0000000083000000|100%| O|  |TAMS 0x0000000083000000, 0x0000000082f00000| Untracked 
|  48|0x0000000083000000, 0x0000000083100000, 0x0000000083100000|100%| O|  |TAMS 0x0000000083100000, 0x0000000083000000| Untracked 
|  49|0x0000000083100000, 0x0000000083200000, 0x0000000083200000|100%| O|  |TAMS 0x0000000083200000, 0x0000000083100000| Untracked 
|  50|0x0000000083200000, 0x0000000083300000, 0x0000000083300000|100%| O|  |TAMS 0x0000000083300000, 0x0000000083200000| Untracked 
|  51|0x0000000083300000, 0x0000000083400000, 0x0000000083400000|100%| O|  |TAMS 0x0000000083400000, 0x0000000083300000| Untracked 
|  52|0x0000000083400000, 0x0000000083500000, 0x0000000083500000|100%| O|  |TAMS 0x0000000083500000, 0x0000000083400000| Untracked 
|  53|0x0000000083500000, 0x0000000083600000, 0x0000000083600000|100%| O|  |TAMS 0x0000000083600000, 0x0000000083500000| Untracked 
|  54|0x0000000083600000, 0x0000000083700000, 0x0000000083700000|100%| O|  |TAMS 0x0000000083700000, 0x0000000083600000| Complete 
|  55|0x0000000083700000, 0x0000000083800000, 0x0000000083800000|100%| O|  |TAMS 0x0000000083800000, 0x0000000083700000| Untracked 
|  56|0x0000000083800000, 0x0000000083900000, 0x0000000083900000|100%| O|  |TAMS 0x0000000083900000, 0x0000000083800000| Untracked 
|  57|0x0000000083900000, 0x0000000083a00000, 0x0000000083a00000|100%| O|  |TAMS 0x0000000083a00000, 0x0000000083900000| Complete 
|  58|0x0000000083a00000, 0x0000000083b00000, 0x0000000083b00000|100%| O|  |TAMS 0x0000000083b00000, 0x0000000083a00000| Untracked 
|  59|0x0000000083b00000, 0x0000000083c00000, 0x0000000083c00000|100%| O|  |TAMS 0x0000000083c00000, 0x0000000083b00000| Untracked 
|  60|0x0000000083c00000, 0x0000000083d00000, 0x0000000083d00000|100%| O|  |TAMS 0x0000000083d00000, 0x0000000083c00000| Untracked 
|  61|0x0000000083d00000, 0x0000000083e00000, 0x0000000083e00000|100%| O|  |TAMS 0x0000000083e00000, 0x0000000083d00000| Untracked 
|  62|0x0000000083e00000, 0x0000000083f00000, 0x0000000083f00000|100%| O|  |TAMS 0x0000000083f00000, 0x0000000083e00000| Untracked 
|  63|0x0000000083f00000, 0x0000000084000000, 0x0000000084000000|100%| O|  |TAMS 0x0000000084000000, 0x0000000083f00000| Complete 
|  64|0x0000000084000000, 0x0000000084100000, 0x0000000084100000|100%| O|  |TAMS 0x0000000084100000, 0x0000000084000000| Untracked 
|  65|0x0000000084100000, 0x0000000084200000, 0x0000000084200000|100%| O|  |TAMS 0x0000000084200000, 0x0000000084100000| Untracked 
|  66|0x0000000084200000, 0x0000000084300000, 0x0000000084300000|100%| O|  |TAMS 0x0000000084300000, 0x0000000084200000| Untracked 
|  67|0x0000000084300000, 0x0000000084400000, 0x0000000084400000|100%| O|  |TAMS 0x0000000084400000, 0x0000000084300000| Untracked 
|  68|0x0000000084400000, 0x0000000084500000, 0x0000000084500000|100%| O|  |TAMS 0x0000000084500000, 0x0000000084400000| Untracked 
|  69|0x0000000084500000, 0x0000000084600000, 0x0000000084600000|100%| O|  |TAMS 0x0000000084600000, 0x0000000084500000| Complete 
|  70|0x0000000084600000, 0x0000000084700000, 0x0000000084700000|100%| O|  |TAMS 0x0000000084700000, 0x0000000084600000| Complete 
|  71|0x0000000084700000, 0x0000000084800000, 0x0000000084800000|100%| O|  |TAMS 0x0000000084800000, 0x0000000084700000| Untracked 
|  72|0x0000000084800000, 0x0000000084900000, 0x0000000084900000|100%| O|  |TAMS 0x0000000084900000, 0x0000000084800000| Untracked 
|  73|0x0000000084900000, 0x0000000084a00000, 0x0000000084a00000|100%| O|  |TAMS 0x0000000084a00000, 0x0000000084900000| Untracked 
|  74|0x0000000084a00000, 0x0000000084b00000, 0x0000000084b00000|100%| O|  |TAMS 0x0000000084b00000, 0x0000000084a00000| Untracked 
|  75|0x0000000084b00000, 0x0000000084c00000, 0x0000000084c00000|100%| O|  |TAMS 0x0000000084c00000, 0x0000000084b00000| Complete 
|  76|0x0000000084c00000, 0x0000000084d00000, 0x0000000084d00000|100%| O|  |TAMS 0x0000000084d00000, 0x0000000084c00000| Complete 
|  77|0x0000000084d00000, 0x0000000084e00000, 0x0000000084e00000|100%| O|  |TAMS 0x0000000084e00000, 0x0000000084d00000| Complete 
|  78|0x0000000084e00000, 0x0000000084f00000, 0x0000000084f00000|100%| O|  |TAMS 0x0000000084f00000, 0x0000000084e00000| Complete 
|  79|0x0000000084f00000, 0x0000000085000000, 0x0000000085000000|100%| O|  |TAMS 0x0000000085000000, 0x0000000084f00000| Complete 
|  80|0x0000000085000000, 0x0000000085100000, 0x0000000085100000|100%| O|  |TAMS 0x0000000085100000, 0x0000000085000000| Complete 
|  81|0x0000000085100000, 0x0000000085200000, 0x0000000085200000|100%| O|  |TAMS 0x0000000085200000, 0x0000000085100000| Complete 
|  82|0x0000000085200000, 0x0000000085300000, 0x0000000085300000|100%| O|  |TAMS 0x0000000085300000, 0x0000000085200000| Untracked 
|  83|0x0000000085300000, 0x0000000085400000, 0x0000000085400000|100%|HS|  |TAMS 0x0000000085400000, 0x0000000085300000| Complete 
|  84|0x0000000085400000, 0x0000000085500000, 0x0000000085500000|100%| O|  |TAMS 0x0000000085500000, 0x0000000085400000| Complete 
|  85|0x0000000085500000, 0x0000000085600000, 0x0000000085600000|100%| O|  |TAMS 0x0000000085600000, 0x0000000085500000| Complete 
|  86|0x0000000085600000, 0x0000000085700000, 0x0000000085700000|100%| O|  |TAMS 0x0000000085700000, 0x0000000085600000| Complete 
|  87|0x0000000085700000, 0x0000000085800000, 0x0000000085800000|100%| O|  |TAMS 0x0000000085800000, 0x0000000085700000| Complete 
|  88|0x0000000085800000, 0x0000000085900000, 0x0000000085900000|100%| O|  |TAMS 0x0000000085900000, 0x0000000085800000| Complete 
|  89|0x0000000085900000, 0x0000000085a00000, 0x0000000085a00000|100%| O|  |TAMS 0x0000000085a00000, 0x0000000085900000| Complete 
|  90|0x0000000085a00000, 0x0000000085b00000, 0x0000000085b00000|100%| O|  |TAMS 0x0000000085b00000, 0x0000000085a00000| Complete 
|  91|0x0000000085b00000, 0x0000000085c00000, 0x0000000085c00000|100%| O|  |TAMS 0x0000000085c00000, 0x0000000085b00000| Complete 
|  92|0x0000000085c00000, 0x0000000085d00000, 0x0000000085d00000|100%| O|  |TAMS 0x0000000085d00000, 0x0000000085c00000| Complete 
|  93|0x0000000085d00000, 0x0000000085e00000, 0x0000000085e00000|100%| O|  |TAMS 0x0000000085e00000, 0x0000000085d00000| Complete 
|  94|0x0000000085e00000, 0x0000000085f00000, 0x0000000085f00000|100%| O|  |TAMS 0x0000000085f00000, 0x0000000085e00000| Complete 
|  95|0x0000000085f00000, 0x0000000086000000, 0x0000000086000000|100%| O|  |TAMS 0x0000000086000000, 0x0000000085f00000| Complete 
|  96|0x0000000086000000, 0x0000000086100000, 0x0000000086100000|100%| O|  |TAMS 0x0000000086100000, 0x0000000086000000| Complete 
|  97|0x0000000086100000, 0x0000000086200000, 0x0000000086200000|100%| O|  |TAMS 0x0000000086200000, 0x0000000086100000| Untracked 
|  98|0x0000000086200000, 0x0000000086300000, 0x0000000086300000|100%| O|  |TAMS 0x0000000086300000, 0x0000000086200000| Complete 
|  99|0x0000000086300000, 0x0000000086400000, 0x0000000086400000|100%| O|  |TAMS 0x0000000086400000, 0x0000000086300000| Complete 
| 100|0x0000000086400000, 0x0000000086500000, 0x0000000086500000|100%| O|  |TAMS 0x0000000086500000, 0x0000000086400000| Complete 
| 101|0x0000000086500000, 0x0000000086600000, 0x0000000086600000|100%| O|  |TAMS 0x0000000086600000, 0x0000000086500000| Complete 
| 102|0x0000000086600000, 0x0000000086700000, 0x0000000086700000|100%| O|  |TAMS 0x0000000086700000, 0x0000000086600000| Complete 
| 103|0x0000000086700000, 0x0000000086800000, 0x0000000086800000|100%| O|  |TAMS 0x0000000086800000, 0x0000000086700000| Untracked 
| 104|0x0000000086800000, 0x0000000086900000, 0x0000000086900000|100%| O|  |TAMS 0x0000000086900000, 0x0000000086800000| Untracked 
| 105|0x0000000086900000, 0x0000000086a00000, 0x0000000086a00000|100%| O|  |TAMS 0x0000000086a00000, 0x0000000086900000| Untracked 
| 106|0x0000000086a00000, 0x0000000086b00000, 0x0000000086b00000|100%| O|  |TAMS 0x0000000086b00000, 0x0000000086a00000| Complete 
| 107|0x0000000086b00000, 0x0000000086c00000, 0x0000000086c00000|100%| O|  |TAMS 0x0000000086c00000, 0x0000000086b00000| Complete 
| 108|0x0000000086c00000, 0x0000000086d00000, 0x0000000086d00000|100%| O|  |TAMS 0x0000000086d00000, 0x0000000086c00000| Untracked 
| 109|0x0000000086d00000, 0x0000000086e00000, 0x0000000086e00000|100%| O|  |TAMS 0x0000000086e00000, 0x0000000086d00000| Untracked 
| 110|0x0000000086e00000, 0x0000000086f00000, 0x0000000086f00000|100%| O|  |TAMS 0x0000000086f00000, 0x0000000086e00000| Untracked 
| 111|0x0000000086f00000, 0x0000000087000000, 0x0000000087000000|100%| O|  |TAMS 0x0000000087000000, 0x0000000086f00000| Complete 
| 112|0x0000000087000000, 0x0000000087100000, 0x0000000087100000|100%| O|  |TAMS 0x0000000087100000, 0x0000000087000000| Untracked 
| 113|0x0000000087100000, 0x0000000087200000, 0x0000000087200000|100%| O|  |TAMS 0x0000000087200000, 0x0000000087100000| Untracked 
| 114|0x0000000087200000, 0x0000000087300000, 0x0000000087300000|100%| O|  |TAMS 0x0000000087300000, 0x0000000087200000| Untracked 
| 115|0x0000000087300000, 0x0000000087400000, 0x0000000087400000|100%| O|  |TAMS 0x0000000087400000, 0x0000000087300000| Complete 
| 116|0x0000000087400000, 0x0000000087500000, 0x0000000087500000|100%| O|  |TAMS 0x0000000087500000, 0x0000000087400000| Complete 
| 117|0x0000000087500000, 0x0000000087600000, 0x0000000087600000|100%| O|  |TAMS 0x0000000087600000, 0x0000000087500000| Untracked 
| 118|0x0000000087600000, 0x0000000087700000, 0x0000000087700000|100%| O|  |TAMS 0x0000000087700000, 0x0000000087600000| Untracked 
| 119|0x0000000087700000, 0x0000000087800000, 0x0000000087800000|100%| O|  |TAMS 0x0000000087800000, 0x0000000087700000| Untracked 
| 120|0x0000000087800000, 0x0000000087900000, 0x0000000087900000|100%| O|  |TAMS 0x0000000087900000, 0x0000000087800000| Untracked 
| 121|0x0000000087900000, 0x0000000087a00000, 0x0000000087a00000|100%| O|  |TAMS 0x0000000087a00000, 0x0000000087900000| Complete 
| 122|0x0000000087a00000, 0x0000000087b00000, 0x0000000087b00000|100%| O|  |TAMS 0x0000000087b00000, 0x0000000087a00000| Untracked 
| 123|0x0000000087b00000, 0x0000000087c00000, 0x0000000087c00000|100%| O|  |TAMS 0x0000000087c00000, 0x0000000087b00000| Untracked 
| 124|0x0000000087c00000, 0x0000000087d00000, 0x0000000087d00000|100%| O|  |TAMS 0x0000000087d00000, 0x0000000087c00000| Untracked 
| 125|0x0000000087d00000, 0x0000000087e00000, 0x0000000087e00000|100%| O|  |TAMS 0x0000000087e00000, 0x0000000087d00000| Untracked 
| 126|0x0000000087e00000, 0x0000000087f00000, 0x0000000087f00000|100%| O|  |TAMS 0x0000000087f00000, 0x0000000087e00000| Untracked 
| 127|0x0000000087f00000, 0x0000000088000000, 0x0000000088000000|100%| O|  |TAMS 0x0000000088000000, 0x0000000087f00000| Untracked 
| 128|0x0000000088000000, 0x0000000088100000, 0x0000000088100000|100%| O|  |TAMS 0x0000000088100000, 0x0000000088000000| Untracked 
| 129|0x0000000088100000, 0x0000000088200000, 0x0000000088200000|100%| O|  |TAMS 0x0000000088200000, 0x0000000088100000| Untracked 
| 130|0x0000000088200000, 0x0000000088300000, 0x0000000088300000|100%| O|  |TAMS 0x0000000088300000, 0x0000000088200000| Complete 
| 131|0x0000000088300000, 0x0000000088400000, 0x0000000088400000|100%| O|  |TAMS 0x0000000088354600, 0x0000000088300000| Untracked 
| 132|0x0000000088400000, 0x0000000088500000, 0x0000000088500000|100%| O|  |TAMS 0x0000000088400000, 0x0000000088400000| Untracked 
| 133|0x0000000088500000, 0x0000000088600000, 0x0000000088600000|100%| O|  |TAMS 0x0000000088500000, 0x0000000088500000| Untracked 
| 134|0x0000000088600000, 0x0000000088700000, 0x0000000088700000|100%| O|  |TAMS 0x0000000088600000, 0x0000000088600000| Untracked 
| 135|0x0000000088700000, 0x0000000088800000, 0x0000000088800000|100%| O|  |TAMS 0x0000000088700000, 0x0000000088700000| Untracked 
| 136|0x0000000088800000, 0x0000000088900000, 0x0000000088900000|100%| O|  |TAMS 0x0000000088800000, 0x0000000088800000| Untracked 
| 137|0x0000000088900000, 0x0000000088a00000, 0x0000000088a00000|100%| O|  |TAMS 0x0000000088900000, 0x0000000088900000| Untracked 
| 138|0x0000000088a00000, 0x0000000088b00000, 0x0000000088b00000|100%| O|  |TAMS 0x0000000088a00000, 0x0000000088a00000| Untracked 
| 139|0x0000000088b00000, 0x0000000088b98400, 0x0000000088c00000| 59%| O|  |TAMS 0x0000000088b00000, 0x0000000088b00000| Untracked 
| 140|0x0000000088c00000, 0x0000000088c00000, 0x0000000088d00000|  0%| F|  |TAMS 0x0000000088c00000, 0x0000000088c00000| Untracked 
| 141|0x0000000088d00000, 0x0000000088d00000, 0x0000000088e00000|  0%| F|  |TAMS 0x0000000088d00000, 0x0000000088d00000| Untracked 
| 142|0x0000000088e00000, 0x0000000088e00000, 0x0000000088f00000|  0%| F|  |TAMS 0x0000000088e00000, 0x0000000088e00000| Untracked 
| 143|0x0000000088f00000, 0x0000000088f00000, 0x0000000089000000|  0%| F|  |TAMS 0x0000000088f00000, 0x0000000088f00000| Untracked 
| 144|0x0000000089000000, 0x0000000089000000, 0x0000000089100000|  0%| F|  |TAMS 0x0000000089000000, 0x0000000089000000| Untracked 
| 145|0x0000000089100000, 0x0000000089100000, 0x0000000089200000|  0%| F|  |TAMS 0x0000000089100000, 0x0000000089100000| Untracked 
| 146|0x0000000089200000, 0x0000000089200000, 0x0000000089300000|  0%| F|  |TAMS 0x0000000089200000, 0x0000000089200000| Untracked 
| 147|0x0000000089300000, 0x0000000089300000, 0x0000000089400000|  0%| F|  |TAMS 0x0000000089300000, 0x0000000089300000| Untracked 
| 148|0x0000000089400000, 0x0000000089400000, 0x0000000089500000|  0%| F|  |TAMS 0x0000000089400000, 0x0000000089400000| Untracked 
| 149|0x0000000089500000, 0x0000000089500000, 0x0000000089600000|  0%| F|  |TAMS 0x0000000089500000, 0x0000000089500000| Untracked 
| 150|0x0000000089600000, 0x0000000089600000, 0x0000000089700000|  0%| F|  |TAMS 0x0000000089600000, 0x0000000089600000| Untracked 
| 151|0x0000000089700000, 0x0000000089700000, 0x0000000089800000|  0%| F|  |TAMS 0x0000000089700000, 0x0000000089700000| Untracked 
| 152|0x0000000089800000, 0x0000000089800000, 0x0000000089900000|  0%| F|  |TAMS 0x0000000089800000, 0x0000000089800000| Untracked 
| 153|0x0000000089900000, 0x0000000089900000, 0x0000000089a00000|  0%| F|  |TAMS 0x0000000089900000, 0x0000000089900000| Untracked 
| 154|0x0000000089a00000, 0x0000000089a00000, 0x0000000089b00000|  0%| F|  |TAMS 0x0000000089a00000, 0x0000000089a00000| Untracked 
| 155|0x0000000089b00000, 0x0000000089b00000, 0x0000000089c00000|  0%| F|  |TAMS 0x0000000089b00000, 0x0000000089b00000| Untracked 
| 156|0x0000000089c00000, 0x0000000089c00000, 0x0000000089d00000|  0%| F|  |TAMS 0x0000000089c00000, 0x0000000089c00000| Untracked 
| 157|0x0000000089d00000, 0x0000000089d00000, 0x0000000089e00000|  0%| F|  |TAMS 0x0000000089d00000, 0x0000000089d00000| Untracked 
| 158|0x0000000089e00000, 0x0000000089e00000, 0x0000000089f00000|  0%| F|  |TAMS 0x0000000089e00000, 0x0000000089e00000| Untracked 
| 159|0x0000000089f00000, 0x0000000089f00000, 0x000000008a000000|  0%| F|  |TAMS 0x0000000089f00000, 0x0000000089f00000| Untracked 
| 160|0x000000008a000000, 0x000000008a000000, 0x000000008a100000|  0%| F|  |TAMS 0x000000008a000000, 0x000000008a000000| Untracked 
| 161|0x000000008a100000, 0x000000008a100000, 0x000000008a200000|  0%| F|  |TAMS 0x000000008a100000, 0x000000008a100000| Untracked 
| 162|0x000000008a200000, 0x000000008a200000, 0x000000008a300000|  0%| F|  |TAMS 0x000000008a200000, 0x000000008a200000| Untracked 
| 163|0x000000008a300000, 0x000000008a300000, 0x000000008a400000|  0%| F|  |TAMS 0x000000008a300000, 0x000000008a300000| Untracked 
| 164|0x000000008a400000, 0x000000008a400000, 0x000000008a500000|  0%| F|  |TAMS 0x000000008a400000, 0x000000008a400000| Untracked 
| 165|0x000000008a500000, 0x000000008a500000, 0x000000008a600000|  0%| F|  |TAMS 0x000000008a500000, 0x000000008a500000| Untracked 
| 166|0x000000008a600000, 0x000000008a600000, 0x000000008a700000|  0%| F|  |TAMS 0x000000008a600000, 0x000000008a600000| Untracked 
| 167|0x000000008a700000, 0x000000008a700000, 0x000000008a800000|  0%| F|  |TAMS 0x000000008a700000, 0x000000008a700000| Untracked 
| 168|0x000000008a800000, 0x000000008a800000, 0x000000008a900000|  0%| F|  |TAMS 0x000000008a800000, 0x000000008a800000| Untracked 
| 169|0x000000008a900000, 0x000000008a900000, 0x000000008aa00000|  0%| F|  |TAMS 0x000000008a900000, 0x000000008a900000| Untracked 
| 170|0x000000008aa00000, 0x000000008aa00000, 0x000000008ab00000|  0%| F|  |TAMS 0x000000008aa00000, 0x000000008aa00000| Untracked 
| 171|0x000000008ab00000, 0x000000008ab00000, 0x000000008ac00000|  0%| F|  |TAMS 0x000000008ab00000, 0x000000008ab00000| Untracked 
| 172|0x000000008ac00000, 0x000000008ac00000, 0x000000008ad00000|  0%| F|  |TAMS 0x000000008ac00000, 0x000000008ac00000| Untracked 
| 173|0x000000008ad00000, 0x000000008ad00000, 0x000000008ae00000|  0%| F|  |TAMS 0x000000008ad00000, 0x000000008ad00000| Untracked 
| 174|0x000000008ae00000, 0x000000008ae00000, 0x000000008af00000|  0%| F|  |TAMS 0x000000008ae00000, 0x000000008ae00000| Untracked 
| 175|0x000000008af00000, 0x000000008af00000, 0x000000008b000000|  0%| F|  |TAMS 0x000000008af00000, 0x000000008af00000| Untracked 
| 176|0x000000008b000000, 0x000000008b000000, 0x000000008b100000|  0%| F|  |TAMS 0x000000008b000000, 0x000000008b000000| Untracked 
| 177|0x000000008b100000, 0x000000008b100000, 0x000000008b200000|  0%| F|  |TAMS 0x000000008b100000, 0x000000008b100000| Untracked 
| 178|0x000000008b200000, 0x000000008b200000, 0x000000008b300000|  0%| F|  |TAMS 0x000000008b200000, 0x000000008b200000| Untracked 
| 179|0x000000008b300000, 0x000000008b300000, 0x000000008b400000|  0%| F|  |TAMS 0x000000008b300000, 0x000000008b300000| Untracked 
| 180|0x000000008b400000, 0x000000008b400000, 0x000000008b500000|  0%| F|  |TAMS 0x000000008b400000, 0x000000008b400000| Untracked 
| 181|0x000000008b500000, 0x000000008b500000, 0x000000008b600000|  0%| F|  |TAMS 0x000000008b500000, 0x000000008b500000| Untracked 
| 182|0x000000008b600000, 0x000000008b600000, 0x000000008b700000|  0%| F|  |TAMS 0x000000008b600000, 0x000000008b600000| Untracked 
| 183|0x000000008b700000, 0x000000008b700000, 0x000000008b800000|  0%| F|  |TAMS 0x000000008b700000, 0x000000008b700000| Untracked 
| 184|0x000000008b800000, 0x000000008b900000, 0x000000008b900000|100%| S|CS|TAMS 0x000000008b800000, 0x000000008b800000| Complete 
| 185|0x000000008b900000, 0x000000008ba00000, 0x000000008ba00000|100%| S|CS|TAMS 0x000000008b900000, 0x000000008b900000| Complete 
| 186|0x000000008ba00000, 0x000000008bb00000, 0x000000008bb00000|100%| S|CS|TAMS 0x000000008ba00000, 0x000000008ba00000| Complete 
| 187|0x000000008bb00000, 0x000000008bc00000, 0x000000008bc00000|100%| S|CS|TAMS 0x000000008bb00000, 0x000000008bb00000| Complete 
| 188|0x000000008bc00000, 0x000000008bc00000, 0x000000008bd00000|  0%| F|  |TAMS 0x000000008bc00000, 0x000000008bc00000| Untracked 
| 189|0x000000008bd00000, 0x000000008bd00000, 0x000000008be00000|  0%| F|  |TAMS 0x000000008bd00000, 0x000000008bd00000| Untracked 
| 190|0x000000008be00000, 0x000000008be00000, 0x000000008bf00000|  0%| F|  |TAMS 0x000000008be00000, 0x000000008be00000| Untracked 
| 191|0x000000008bf00000, 0x000000008bf00000, 0x000000008c000000|  0%| F|  |TAMS 0x000000008bf00000, 0x000000008bf00000| Untracked 
| 192|0x000000008c000000, 0x000000008c000000, 0x000000008c100000|  0%| F|  |TAMS 0x000000008c000000, 0x000000008c000000| Untracked 
| 193|0x000000008c100000, 0x000000008c100000, 0x000000008c200000|  0%| F|  |TAMS 0x000000008c100000, 0x000000008c100000| Untracked 
| 194|0x000000008c200000, 0x000000008c300000, 0x000000008c300000|100%| S|CS|TAMS 0x000000008c200000, 0x000000008c200000| Complete 
| 195|0x000000008c300000, 0x000000008c400000, 0x000000008c400000|100%| S|CS|TAMS 0x000000008c300000, 0x000000008c300000| Complete 
| 196|0x000000008c400000, 0x000000008c500000, 0x000000008c500000|100%| S|CS|TAMS 0x000000008c400000, 0x000000008c400000| Complete 
| 197|0x000000008c500000, 0x000000008c600000, 0x000000008c600000|100%| S|CS|TAMS 0x000000008c500000, 0x000000008c500000| Complete 
| 198|0x000000008c600000, 0x000000008c700000, 0x000000008c700000|100%| S|CS|TAMS 0x000000008c600000, 0x000000008c600000| Complete 
| 199|0x000000008c700000, 0x000000008c800000, 0x000000008c800000|100%| S|CS|TAMS 0x000000008c700000, 0x000000008c700000| Complete 
| 200|0x000000008c800000, 0x000000008c800000, 0x000000008c900000|  0%| F|  |TAMS 0x000000008c800000, 0x000000008c800000| Untracked 
| 201|0x000000008c900000, 0x000000008c900000, 0x000000008ca00000|  0%| F|  |TAMS 0x000000008c900000, 0x000000008c900000| Untracked 
| 202|0x000000008ca00000, 0x000000008ca00000, 0x000000008cb00000|  0%| F|  |TAMS 0x000000008ca00000, 0x000000008ca00000| Untracked 
| 203|0x000000008cb00000, 0x000000008cb00000, 0x000000008cc00000|  0%| F|  |TAMS 0x000000008cb00000, 0x000000008cb00000| Untracked 
| 204|0x000000008cc00000, 0x000000008cc00000, 0x000000008cd00000|  0%| F|  |TAMS 0x000000008cc00000, 0x000000008cc00000| Untracked 
| 205|0x000000008cd00000, 0x000000008cd00000, 0x000000008ce00000|  0%| F|  |TAMS 0x000000008cd00000, 0x000000008cd00000| Untracked 
| 206|0x000000008ce00000, 0x000000008ce00000, 0x000000008cf00000|  0%| F|  |TAMS 0x000000008ce00000, 0x000000008ce00000| Untracked 
| 207|0x000000008cf00000, 0x000000008cf00000, 0x000000008d000000|  0%| F|  |TAMS 0x000000008cf00000, 0x000000008cf00000| Untracked 
| 208|0x000000008d000000, 0x000000008d000000, 0x000000008d100000|  0%| F|  |TAMS 0x000000008d000000, 0x000000008d000000| Untracked 
| 209|0x000000008d100000, 0x000000008d100000, 0x000000008d200000|  0%| F|  |TAMS 0x000000008d100000, 0x000000008d100000| Untracked 
| 210|0x000000008d200000, 0x000000008d200000, 0x000000008d300000|  0%| F|  |TAMS 0x000000008d200000, 0x000000008d200000| Untracked 
| 211|0x000000008d300000, 0x000000008d300000, 0x000000008d400000|  0%| F|  |TAMS 0x000000008d300000, 0x000000008d300000| Untracked 
| 212|0x000000008d400000, 0x000000008d400000, 0x000000008d500000|  0%| F|  |TAMS 0x000000008d400000, 0x000000008d400000| Untracked 
| 213|0x000000008d500000, 0x000000008d500000, 0x000000008d600000|  0%| F|  |TAMS 0x000000008d500000, 0x000000008d500000| Untracked 
| 214|0x000000008d600000, 0x000000008d600000, 0x000000008d700000|  0%| F|  |TAMS 0x000000008d600000, 0x000000008d600000| Untracked 
| 215|0x000000008d700000, 0x000000008d700000, 0x000000008d800000|  0%| F|  |TAMS 0x000000008d700000, 0x000000008d700000| Untracked 
| 216|0x000000008d800000, 0x000000008d800000, 0x000000008d900000|  0%| F|  |TAMS 0x000000008d800000, 0x000000008d800000| Untracked 
| 217|0x000000008d900000, 0x000000008d900000, 0x000000008da00000|  0%| F|  |TAMS 0x000000008d900000, 0x000000008d900000| Untracked 
| 218|0x000000008da00000, 0x000000008da00000, 0x000000008db00000|  0%| F|  |TAMS 0x000000008da00000, 0x000000008da00000| Untracked 
| 219|0x000000008db00000, 0x000000008db00000, 0x000000008dc00000|  0%| F|  |TAMS 0x000000008db00000, 0x000000008db00000| Untracked 
| 220|0x000000008dc00000, 0x000000008dc00000, 0x000000008dd00000|  0%| F|  |TAMS 0x000000008dc00000, 0x000000008dc00000| Untracked 
| 221|0x000000008dd00000, 0x000000008dd00000, 0x000000008de00000|  0%| F|  |TAMS 0x000000008dd00000, 0x000000008dd00000| Untracked 
| 222|0x000000008de00000, 0x000000008de00000, 0x000000008df00000|  0%| F|  |TAMS 0x000000008de00000, 0x000000008de00000| Untracked 
| 223|0x000000008df00000, 0x000000008df00000, 0x000000008e000000|  0%| F|  |TAMS 0x000000008df00000, 0x000000008df00000| Untracked 
| 224|0x000000008e000000, 0x000000008e000000, 0x000000008e100000|  0%| F|  |TAMS 0x000000008e000000, 0x000000008e000000| Untracked 
| 225|0x000000008e100000, 0x000000008e100000, 0x000000008e200000|  0%| F|  |TAMS 0x000000008e100000, 0x000000008e100000| Untracked 
| 226|0x000000008e200000, 0x000000008e200000, 0x000000008e300000|  0%| F|  |TAMS 0x000000008e200000, 0x000000008e200000| Untracked 
| 227|0x000000008e300000, 0x000000008e300000, 0x000000008e400000|  0%| F|  |TAMS 0x000000008e300000, 0x000000008e300000| Untracked 
| 228|0x000000008e400000, 0x000000008e400000, 0x000000008e500000|  0%| F|  |TAMS 0x000000008e400000, 0x000000008e400000| Untracked 
| 229|0x000000008e500000, 0x000000008e500000, 0x000000008e600000|  0%| F|  |TAMS 0x000000008e500000, 0x000000008e500000| Untracked 
| 230|0x000000008e600000, 0x000000008e600000, 0x000000008e700000|  0%| F|  |TAMS 0x000000008e600000, 0x000000008e600000| Untracked 
| 231|0x000000008e700000, 0x000000008e700000, 0x000000008e800000|  0%| F|  |TAMS 0x000000008e700000, 0x000000008e700000| Untracked 
| 232|0x000000008e800000, 0x000000008e800000, 0x000000008e900000|  0%| F|  |TAMS 0x000000008e800000, 0x000000008e800000| Untracked 
| 233|0x000000008e900000, 0x000000008e900000, 0x000000008ea00000|  0%| F|  |TAMS 0x000000008e900000, 0x000000008e900000| Untracked 
| 234|0x000000008ea00000, 0x000000008ea00000, 0x000000008eb00000|  0%| F|  |TAMS 0x000000008ea00000, 0x000000008ea00000| Untracked 
| 235|0x000000008eb00000, 0x000000008eb00000, 0x000000008ec00000|  0%| F|  |TAMS 0x000000008eb00000, 0x000000008eb00000| Untracked 
| 236|0x000000008ec00000, 0x000000008ec00000, 0x000000008ed00000|  0%| F|  |TAMS 0x000000008ec00000, 0x000000008ec00000| Untracked 
| 237|0x000000008ed00000, 0x000000008ed00000, 0x000000008ee00000|  0%| F|  |TAMS 0x000000008ed00000, 0x000000008ed00000| Untracked 
| 238|0x000000008ee00000, 0x000000008ee00000, 0x000000008ef00000|  0%| F|  |TAMS 0x000000008ee00000, 0x000000008ee00000| Untracked 
| 239|0x000000008ef00000, 0x000000008ef00000, 0x000000008f000000|  0%| F|  |TAMS 0x000000008ef00000, 0x000000008ef00000| Untracked 
| 240|0x000000008f000000, 0x000000008f000000, 0x000000008f100000|  0%| F|  |TAMS 0x000000008f000000, 0x000000008f000000| Untracked 
| 241|0x000000008f100000, 0x000000008f100000, 0x000000008f200000|  0%| F|  |TAMS 0x000000008f100000, 0x000000008f100000| Untracked 
| 242|0x000000008f200000, 0x000000008f200000, 0x000000008f300000|  0%| F|  |TAMS 0x000000008f200000, 0x000000008f200000| Untracked 
| 243|0x000000008f300000, 0x000000008f300000, 0x000000008f400000|  0%| F|  |TAMS 0x000000008f300000, 0x000000008f300000| Untracked 
| 244|0x000000008f400000, 0x000000008f400000, 0x000000008f500000|  0%| F|  |TAMS 0x000000008f400000, 0x000000008f400000| Untracked 
| 245|0x000000008f500000, 0x000000008f500000, 0x000000008f600000|  0%| F|  |TAMS 0x000000008f500000, 0x000000008f500000| Untracked 
| 246|0x000000008f600000, 0x000000008f600000, 0x000000008f700000|  0%| F|  |TAMS 0x000000008f600000, 0x000000008f600000| Untracked 
| 247|0x000000008f700000, 0x000000008f700000, 0x000000008f800000|  0%| F|  |TAMS 0x000000008f700000, 0x000000008f700000| Untracked 
| 248|0x000000008f800000, 0x000000008f800000, 0x000000008f900000|  0%| F|  |TAMS 0x000000008f800000, 0x000000008f800000| Untracked 
| 249|0x000000008f900000, 0x000000008f900000, 0x000000008fa00000|  0%| F|  |TAMS 0x000000008f900000, 0x000000008f900000| Untracked 
| 250|0x000000008fa00000, 0x000000008fa00000, 0x000000008fb00000|  0%| F|  |TAMS 0x000000008fa00000, 0x000000008fa00000| Untracked 
| 251|0x000000008fb00000, 0x000000008fb00000, 0x000000008fc00000|  0%| F|  |TAMS 0x000000008fb00000, 0x000000008fb00000| Untracked 
| 252|0x000000008fc00000, 0x000000008fc00000, 0x000000008fd00000|  0%| F|  |TAMS 0x000000008fc00000, 0x000000008fc00000| Untracked 
| 253|0x000000008fd00000, 0x000000008fd00000, 0x000000008fe00000|  0%| F|  |TAMS 0x000000008fd00000, 0x000000008fd00000| Untracked 
| 254|0x000000008fe00000, 0x000000008fe00000, 0x000000008ff00000|  0%| F|  |TAMS 0x000000008fe00000, 0x000000008fe00000| Untracked 
| 255|0x000000008ff00000, 0x000000008ff00000, 0x0000000090000000|  0%| F|  |TAMS 0x000000008ff00000, 0x000000008ff00000| Untracked 
| 256|0x0000000090000000, 0x0000000090000000, 0x0000000090100000|  0%| F|  |TAMS 0x0000000090000000, 0x0000000090000000| Untracked 
| 257|0x0000000090100000, 0x0000000090100000, 0x0000000090200000|  0%| F|  |TAMS 0x0000000090100000, 0x0000000090100000| Untracked 
| 258|0x0000000090200000, 0x0000000090200000, 0x0000000090300000|  0%| F|  |TAMS 0x0000000090200000, 0x0000000090200000| Untracked 
| 259|0x0000000090300000, 0x0000000090300000, 0x0000000090400000|  0%| F|  |TAMS 0x0000000090300000, 0x0000000090300000| Untracked 
| 260|0x0000000090400000, 0x0000000090400000, 0x0000000090500000|  0%| F|  |TAMS 0x0000000090400000, 0x0000000090400000| Untracked 
| 261|0x0000000090500000, 0x0000000090500000, 0x0000000090600000|  0%| F|  |TAMS 0x0000000090500000, 0x0000000090500000| Untracked 
| 262|0x0000000090600000, 0x0000000090600000, 0x0000000090700000|  0%| F|  |TAMS 0x0000000090600000, 0x0000000090600000| Untracked 
| 263|0x0000000090700000, 0x0000000090700000, 0x0000000090800000|  0%| F|  |TAMS 0x0000000090700000, 0x0000000090700000| Untracked 
| 264|0x0000000090800000, 0x0000000090800000, 0x0000000090900000|  0%| F|  |TAMS 0x0000000090800000, 0x0000000090800000| Untracked 
| 265|0x0000000090900000, 0x0000000090900000, 0x0000000090a00000|  0%| F|  |TAMS 0x0000000090900000, 0x0000000090900000| Untracked 
| 266|0x0000000090a00000, 0x0000000090a00000, 0x0000000090b00000|  0%| F|  |TAMS 0x0000000090a00000, 0x0000000090a00000| Untracked 

Card table byte_map: [0x00000265b9290000,0x00000265b9690000] _byte_map_base: 0x00000265b8e90000

Marking Bits (Prev, Next): (CMBitMap*) 0x00000265a60a1dc8, (CMBitMap*) 0x00000265a60a1e00
 Prev Bits: [0x00000265b9a90000, 0x00000265bba90000)
 Next Bits: [0x00000265bba90000, 0x00000265bda90000)

Polling page: 0x00000265a3ff0000

Metaspace:

Usage:
  Non-class:     87.70 MB capacity,    86.05 MB ( 98%) used,     1.31 MB (  1%) free+waste,   342.38 KB ( <1%) overhead. 
      Class:     14.00 MB capacity,    12.95 MB ( 93%) used,   916.79 KB (  6%) free+waste,   155.75 KB (  1%) overhead. 
       Both:    101.69 MB capacity,    99.00 MB ( 97%) used,     2.20 MB (  2%) free+waste,   498.13 KB ( <1%) overhead. 

Virtual space:
  Non-class space:       88.00 MB reserved,      87.79 MB (>99%) committed 
      Class space:        1.00 GB reserved,      14.13 MB (  1%) committed 
             Both:        1.09 GB reserved,     101.91 MB (  9%) committed 

Chunk freelists:
   Non-Class:  30.00 KB
       Class:  16.00 KB
        Both:  46.00 KB

MaxMetaspaceSize: 17179869184.00 GB
CompressedClassSpaceSize: 1.00 GB

CodeHeap 'non-profiled nmethods': size=120000Kb used=8251Kb max_used=8251Kb free=111748Kb
 bounds [0x00000265b1630000, 0x00000265b1e40000, 0x00000265b8b60000]
CodeHeap 'profiled nmethods': size=120000Kb used=33983Kb max_used=33983Kb free=86016Kb
 bounds [0x00000265aa100000, 0x00000265ac230000, 0x00000265b1630000]
CodeHeap 'non-nmethods': size=5760Kb used=2312Kb max_used=2404Kb free=3447Kb
 bounds [0x00000265a9b60000, 0x00000265a9dd0000, 0x00000265aa100000]
 total_blobs=15189 nmethods=14267 adapters=832
 compilation: enabled
              stopped_count=0, restarted_count=0
 full_count=0

Compilation events (20 events):
Event: 21.817 Thread 0x00000265c0d75000 14566       2       com.android.tools.r8.internal.zo1::<init> (8 bytes)
Event: 21.818 Thread 0x00000265c0d75000 nmethod 14566 0x00000265ac22be90 code [0x00000265ac22c040, 0x00000265ac22c1c8]
Event: 21.818 Thread 0x00000265c0d75000 14567       2       com.android.tools.r8.internal.zo1::a (15 bytes)
Event: 21.818 Thread 0x00000265c0d75000 nmethod 14567 0x00000265ac22c310 code [0x00000265ac22c4c0, 0x00000265ac22c5e8]
Event: 21.818 Thread 0x00000265c0d75000 14565       2       com.android.tools.r8.graph.H::b (9 bytes)
Event: 21.818 Thread 0x00000265c0d75000 nmethod 14565 0x00000265ac22c710 code [0x00000265ac22c8c0, 0x00000265ac22c9e8]
Event: 21.820 Thread 0x00000265c0d75000 14568       1       com.android.tools.r8.internal.x81::d2 (3 bytes)
Event: 21.821 Thread 0x00000265c0d75000 nmethod 14568 0x00000265b1e3e890 code [0x00000265b1e3ea40, 0x00000265b1e3eaf8]
Event: 21.821 Thread 0x00000265c0d75000 14569       1       com.android.tools.r8.internal.x81::c2 (3 bytes)
Event: 21.821 Thread 0x00000265c0d75000 nmethod 14569 0x00000265b1e3eb90 code [0x00000265b1e3ed40, 0x00000265b1e3edf8]
Event: 21.822 Thread 0x00000265c0d75000 14570       2       com.android.tools.r8.internal.zH0::<init> (95 bytes)
Event: 21.823 Thread 0x00000265c0d75000 nmethod 14570 0x00000265ac22cb10 code [0x00000265ac22ccc0, 0x00000265ac22cf78]
Event: 21.824 Thread 0x00000265c0d75000 14571       2       com.android.tools.r8.internal.Lz0::a (326 bytes)
Event: 21.827 Thread 0x00000265c0d75000 nmethod 14571 0x00000265ac22d010 code [0x00000265ac22d360, 0x00000265ac22e1f8]
Event: 21.827 Thread 0x00000265c0d75000 14573       2       com.android.tools.r8.internal.DB0::c2 (5 bytes)
Event: 21.827 Thread 0x00000265c0d75000 nmethod 14573 0x00000265ac22eb90 code [0x00000265ac22ed40, 0x00000265ac22ee68]
Event: 21.827 Thread 0x00000265c0d75000 14574       2       com.android.tools.r8.internal.TR0::b (37 bytes)
Event: 21.827 Thread 0x00000265c0d75000 nmethod 14574 0x00000265ac22ef10 code [0x00000265ac22f100, 0x00000265ac22f3a8]
Event: 21.827 Thread 0x00000265c0d75000 14572       2       java.util.stream.SortedOps$RefSortingSink::accept (10 bytes)
Event: 21.828 Thread 0x00000265c0d75000 nmethod 14572 0x00000265ac22f610 code [0x00000265ac22f7e0, 0x00000265ac22fad8]

GC Heap History (20 events):
Event: 18.192 GC heap after
{Heap after GC invocations=33 (full 0):
 garbage-first heap   total 189440K, used 108522K [0x0000000080000000, 0x0000000100000000)
  region size 1024K, 5 young (5120K), 5 survivors (5120K)
 Metaspace       used 97065K, capacity 99556K, committed 99752K, reserved 1134592K
  class space    used 12834K, capacity 13827K, committed 13952K, reserved 1048576K
}
Event: 18.564 GC heap before
{Heap before GC invocations=34 (full 0):
 garbage-first heap   total 189440K, used 152554K [0x0000000080000000, 0x0000000100000000)
  region size 1024K, 46 young (47104K), 5 survivors (5120K)
 Metaspace       used 97855K, capacity 100363K, committed 100776K, reserved 1136640K
  class space    used 12864K, capacity 13833K, committed 13952K, reserved 1048576K
}
Event: 18.576 GC heap after
{Heap after GC invocations=35 (full 0):
 garbage-first heap   total 189440K, used 114903K [0x0000000080000000, 0x0000000100000000)
  region size 1024K, 5 young (5120K), 5 survivors (5120K)
 Metaspace       used 97855K, capacity 100363K, committed 100776K, reserved 1136640K
  class space    used 12864K, capacity 13833K, committed 13952K, reserved 1048576K
}
Event: 18.791 GC heap before
{Heap before GC invocations=35 (full 0):
 garbage-first heap   total 189440K, used 152791K [0x0000000080000000, 0x0000000100000000)
  region size 1024K, 43 young (44032K), 5 survivors (5120K)
 Metaspace       used 99154K, capacity 101831K, committed 102056K, reserved 1136640K
  class space    used 13053K, capacity 14083K, committed 14208K, reserved 1048576K
}
Event: 18.802 GC heap after
{Heap after GC invocations=36 (full 0):
 garbage-first heap   total 227328K, used 115599K [0x0000000080000000, 0x0000000100000000)
  region size 1024K, 3 young (3072K), 3 survivors (3072K)
 Metaspace       used 99154K, capacity 101831K, committed 102056K, reserved 1136640K
  class space    used 13053K, capacity 14083K, committed 14208K, reserved 1048576K
}
Event: 19.331 GC heap before
{Heap before GC invocations=37 (full 0):
 garbage-first heap   total 227328K, used 170895K [0x0000000080000000, 0x0000000100000000)
  region size 1024K, 58 young (59392K), 3 survivors (3072K)
 Metaspace       used 100522K, capacity 103349K, committed 103464K, reserved 1138688K
  class space    used 13226K, capacity 14323K, committed 14336K, reserved 1048576K
}
Event: 19.342 GC heap after
{Heap after GC invocations=38 (full 0):
 garbage-first heap   total 227328K, used 119163K [0x0000000080000000, 0x0000000100000000)
  region size 1024K, 7 young (7168K), 7 survivors (7168K)
 Metaspace       used 100522K, capacity 103349K, committed 103464K, reserved 1138688K
  class space    used 13226K, capacity 14323K, committed 14336K, reserved 1048576K
}
Event: 19.365 GC heap before
{Heap before GC invocations=38 (full 0):
 garbage-first heap   total 227328K, used 123259K [0x0000000080000000, 0x0000000100000000)
  region size 1024K, 11 young (11264K), 7 survivors (7168K)
 Metaspace       used 100523K, capacity 103349K, committed 103464K, reserved 1138688K
  class space    used 13226K, capacity 14323K, committed 14336K, reserved 1048576K
}
Event: 19.375 GC heap after
{Heap after GC invocations=39 (full 0):
 garbage-first heap   total 227328K, used 117942K [0x0000000080000000, 0x0000000100000000)
  region size 1024K, 1 young (1024K), 1 survivors (1024K)
 Metaspace       used 100523K, capacity 103349K, committed 103464K, reserved 1138688K
  class space    used 13226K, capacity 14323K, committed 14336K, reserved 1048576K
}
Event: 19.781 GC heap before
{Heap before GC invocations=39 (full 0):
 garbage-first heap   total 227328K, used 175286K [0x0000000080000000, 0x0000000100000000)
  region size 1024K, 57 young (58368K), 1 survivors (1024K)
 Metaspace       used 100705K, capacity 103554K, committed 103848K, reserved 1138688K
  class space    used 13255K, capacity 14348K, committed 14464K, reserved 1048576K
}
Event: 19.792 GC heap after
{Heap after GC invocations=40 (full 0):
 garbage-first heap   total 227328K, used 118599K [0x0000000080000000, 0x0000000100000000)
  region size 1024K, 2 young (2048K), 2 survivors (2048K)
 Metaspace       used 100705K, capacity 103554K, committed 103848K, reserved 1138688K
  class space    used 13255K, capacity 14348K, committed 14464K, reserved 1048576K
}
Event: 20.235 GC heap before
{Heap before GC invocations=41 (full 0):
 garbage-first heap   total 227328K, used 179015K [0x0000000080000000, 0x0000000100000000)
  region size 1024K, 60 young (61440K), 2 survivors (2048K)
 Metaspace       used 100850K, capacity 103616K, committed 103848K, reserved 1138688K
  class space    used 13253K, capacity 14323K, committed 14464K, reserved 1048576K
}
Event: 20.243 GC heap after
{Heap after GC invocations=42 (full 0):
 garbage-first heap   total 273408K, used 125522K [0x0000000080000000, 0x0000000100000000)
  region size 1024K, 8 young (8192K), 8 survivors (8192K)
 Metaspace       used 100850K, capacity 103616K, committed 103848K, reserved 1138688K
  class space    used 13253K, capacity 14323K, committed 14464K, reserved 1048576K
}
Event: 20.276 GC heap before
{Heap before GC invocations=42 (full 0):
 garbage-first heap   total 273408K, used 130642K [0x0000000080000000, 0x0000000100000000)
  region size 1024K, 13 young (13312K), 8 survivors (8192K)
 Metaspace       used 100860K, capacity 103628K, committed 103848K, reserved 1138688K
  class space    used 13255K, capacity 14327K, committed 14464K, reserved 1048576K
}
Event: 20.283 GC heap after
{Heap after GC invocations=43 (full 0):
 garbage-first heap   total 273408K, used 122004K [0x0000000080000000, 0x0000000100000000)
  region size 1024K, 1 young (1024K), 1 survivors (1024K)
 Metaspace       used 100860K, capacity 103628K, committed 103848K, reserved 1138688K
  class space    used 13255K, capacity 14327K, committed 14464K, reserved 1048576K
}
Event: 20.753 GC heap before
{Heap before GC invocations=43 (full 0):
 garbage-first heap   total 273408K, used 200852K [0x0000000080000000, 0x0000000100000000)
  region size 1024K, 79 young (80896K), 1 survivors (1024K)
 Metaspace       used 101073K, capacity 103860K, committed 104104K, reserved 1138688K
  class space    used 13258K, capacity 14332K, committed 14464K, reserved 1048576K
}
Event: 20.766 GC heap after
{Heap after GC invocations=44 (full 0):
 garbage-first heap   total 273408K, used 133945K [0x0000000080000000, 0x0000000100000000)
  region size 1024K, 10 young (10240K), 10 survivors (10240K)
 Metaspace       used 101073K, capacity 103860K, committed 104104K, reserved 1138688K
  class space    used 13258K, capacity 14332K, committed 14464K, reserved 1048576K
}
Event: 21.066 GC heap before
{Heap before GC invocations=44 (full 0):
 garbage-first heap   total 273408K, used 207673K [0x0000000080000000, 0x0000000100000000)
  region size 1024K, 83 young (84992K), 10 survivors (10240K)
 Metaspace       used 101267K, capacity 104065K, committed 104360K, reserved 1138688K
  class space    used 13258K, capacity 14332K, committed 14464K, reserved 1048576K
}
Event: 21.142 GC heap after
{Heap after GC invocations=45 (full 0):
 garbage-first heap   total 273408K, used 145745K [0x0000000080000000, 0x0000000100000000)
  region size 1024K, 11 young (11264K), 11 survivors (11264K)
 Metaspace       used 101267K, capacity 104065K, committed 104360K, reserved 1138688K
  class space    used 13258K, capacity 14332K, committed 14464K, reserved 1048576K
}
Event: 21.853 GC heap before
{Heap before GC invocations=46 (full 0):
 garbage-first heap   total 273408K, used 214353K [0x0000000080000000, 0x0000000100000000)
  region size 1024K, 78 young (79872K), 11 survivors (11264K)
 Metaspace       used 101378K, capacity 104134K, committed 104360K, reserved 1138688K
  class space    used 13259K, capacity 14332K, committed 14464K, reserved 1048576K
}

Deoptimization events (20 events):
Event: 21.364 Thread 0x00000265ca604000 DEOPT PACKING pc=0x00000265ab9fbd7e sp=0x000000cd725f91c0
Event: 21.364 Thread 0x00000265ca604000 DEOPT UNPACKING pc=0x00000265a9b86dde sp=0x000000cd725f8950 mode 0
Event: 21.406 Thread 0x00000265ca604000 DEOPT PACKING pc=0x00000265ab9fd112 sp=0x000000cd725f91a0
Event: 21.406 Thread 0x00000265ca604000 DEOPT UNPACKING pc=0x00000265a9b86dde sp=0x000000cd725f8928 mode 0
Event: 21.426 Thread 0x00000265ca604000 DEOPT PACKING pc=0x00000265ab9fbd7e sp=0x000000cd725f91c0
Event: 21.426 Thread 0x00000265ca604000 DEOPT UNPACKING pc=0x00000265a9b86dde sp=0x000000cd725f8950 mode 0
Event: 21.639 Thread 0x00000265ca604000 DEOPT PACKING pc=0x00000265ab9fbd7e sp=0x000000cd725f91c0
Event: 21.639 Thread 0x00000265ca604000 DEOPT UNPACKING pc=0x00000265a9b86dde sp=0x000000cd725f8950 mode 0
Event: 21.648 Thread 0x00000265ca604000 DEOPT PACKING pc=0x00000265ab9fd112 sp=0x000000cd725f91c0
Event: 21.648 Thread 0x00000265ca604000 DEOPT UNPACKING pc=0x00000265a9b86dde sp=0x000000cd725f8948 mode 0
Event: 21.667 Thread 0x00000265ca604000 DEOPT PACKING pc=0x00000265ab9fbd7e sp=0x000000cd725f91c0
Event: 21.667 Thread 0x00000265ca604000 DEOPT UNPACKING pc=0x00000265a9b86dde sp=0x000000cd725f8950 mode 0
Event: 21.697 Thread 0x00000265ca604000 DEOPT PACKING pc=0x00000265ab9fbd7e sp=0x000000cd725f91c0
Event: 21.697 Thread 0x00000265ca604000 DEOPT UNPACKING pc=0x00000265a9b86dde sp=0x000000cd725f8950 mode 0
Event: 21.730 Thread 0x00000265ca604000 DEOPT PACKING pc=0x00000265ab9fbd7e sp=0x000000cd725f91a0
Event: 21.730 Thread 0x00000265ca604000 DEOPT UNPACKING pc=0x00000265a9b86dde sp=0x000000cd725f8930 mode 0
Event: 21.753 Thread 0x00000265ca604000 DEOPT PACKING pc=0x00000265ab9fd112 sp=0x000000cd725f91a0
Event: 21.753 Thread 0x00000265ca604000 DEOPT UNPACKING pc=0x00000265a9b86dde sp=0x000000cd725f8928 mode 0
Event: 21.849 Thread 0x00000265ca604000 DEOPT PACKING pc=0x00000265ab9fd112 sp=0x000000cd725f91c0
Event: 21.849 Thread 0x00000265ca604000 DEOPT UNPACKING pc=0x00000265a9b86dde sp=0x000000cd725f8948 mode 0

Classes redefined (0 events):
No events

Internal exceptions (20 events):
Event: 18.314 Thread 0x00000265c860b000 Exception <a 'java/lang/NoSuchMethodError'{0x000000008a941520}: 'void java.lang.invoke.DirectMethodHandle$Holder.invokeSpecialIFC(java.lang.Object, java.lang.Object, java.lang.Object, java.lang.Object)'> (0x000000008a941520) thrown at [./src/hotspot/share/interpreter/linkResolver.cpp, line 773]
Event: 18.684 Thread 0x00000265c7fd2000 Exception <a 'java/lang/NoSuchMethodError'{0x000000008a7dc5e8}: 'java.lang.Object java.lang.invoke.Invokers$Holder.linkToTargetMethod(java.lang.Object, int, java.lang.Object, java.lang.Object, java.lang.Object, java.lang.Object)'> (0x000000008a7dc5e8) thrown at [./src/hotspot/share/interpreter/linkResolver.cpp, line 773]
Event: 18.687 Thread 0x00000265c7fd2000 Exception <a 'java/lang/NoSuchMethodError'{0x000000008a61ea80}: 'java.lang.Object java.lang.invoke.Invokers$Holder.linkToTargetMethod(java.lang.Object, java.lang.Object, java.lang.Object, int, java.lang.Object, java.lang.Object, java.lang.Object)'> (0x000000008a61ea80) thrown at [./src/hotspot/share/interpreter/linkResolver.cpp, line 773]
Event: 18.690 Thread 0x00000265c7fd2000 Exception <a 'java/lang/NoSuchMethodError'{0x000000008a66b048}: 'void java.lang.invoke.DirectMethodHandle$Holder.invokeStatic(java.lang.Object, java.lang.Object, java.lang.Object, java.lang.Object, java.lang.Object, java.lang.Object, java.lang.Object, java.lang.Object)'> (0x000000008a66b048) thrown at [./src/hotspot/share/interpreter/linkResolver.cpp, line 773]
Event: 18.972 Thread 0x00000265c85dd800 Exception <a 'java/lang/IncompatibleClassChangeError'{0x000000008c9368c0}: Found class java.lang.Object, but interface was expected> (0x000000008c9368c0) thrown at [./src/hotspot/share/interpreter/linkResolver.cpp, line 839]
Event: 19.179 Thread 0x00000265c7fd2000 Exception <a 'java/lang/NoSuchMethodError'{0x000000008b8a5548}: 'void java.lang.invoke.DirectMethodHandle$Holder.invokeVirtual(java.lang.Object, java.lang.Object, int)'> (0x000000008b8a5548) thrown at [./src/hotspot/share/interpreter/linkResolver.cpp, line 773]
Event: 19.222 Thread 0x00000265c8605800 Exception <a 'sun/nio/fs/WindowsException'{0x000000008b51ef58}> (0x000000008b51ef58) thrown at [./src/hotspot/share/prims/jni.cpp, line 615]
Event: 19.223 Thread 0x00000265c7fd2000 Exception <a 'sun/nio/fs/WindowsException'{0x000000008b506c60}> (0x000000008b506c60) thrown at [./src/hotspot/share/prims/jni.cpp, line 615]
Event: 19.226 Thread 0x00000265c85dd800 Exception <a 'sun/nio/fs/WindowsException'{0x000000008b762428}> (0x000000008b762428) thrown at [./src/hotspot/share/prims/jni.cpp, line 615]
Event: 19.237 Thread 0x00000265ca60d000 Exception <a 'sun/nio/fs/WindowsException'{0x000000008b55ff70}> (0x000000008b55ff70) thrown at [./src/hotspot/share/prims/jni.cpp, line 615]
Event: 19.266 Thread 0x00000265c85de800 Exception <a 'sun/nio/fs/WindowsException'{0x000000008b1880f0}> (0x000000008b1880f0) thrown at [./src/hotspot/share/prims/jni.cpp, line 615]
Event: 19.571 Thread 0x00000265c860b000 Exception <a 'sun/nio/fs/WindowsException'{0x000000008c3998d8}> (0x000000008c3998d8) thrown at [./src/hotspot/share/prims/jni.cpp, line 615]
Event: 19.668 Thread 0x00000265c85de800 Exception <a 'sun/nio/fs/WindowsException'{0x000000008b516b30}> (0x000000008b516b30) thrown at [./src/hotspot/share/prims/jni.cpp, line 615]
Event: 19.668 Thread 0x00000265ca603800 Exception <a 'sun/nio/fs/WindowsException'{0x000000008b5a70a8}> (0x000000008b5a70a8) thrown at [./src/hotspot/share/prims/jni.cpp, line 615]
Event: 20.229 Thread 0x00000265ca604000 Exception <a 'sun/nio/fs/WindowsException'{0x000000008a25ba88}> (0x000000008a25ba88) thrown at [./src/hotspot/share/prims/jni.cpp, line 615]
Event: 20.418 Thread 0x00000265ca603800 Exception <a 'sun/nio/fs/WindowsException'{0x000000008f254360}> (0x000000008f254360) thrown at [./src/hotspot/share/prims/jni.cpp, line 615]
Event: 20.426 Thread 0x00000265c85e4000 Exception <a 'sun/nio/fs/WindowsException'{0x000000008f2ab0c0}> (0x000000008f2ab0c0) thrown at [./src/hotspot/share/prims/jni.cpp, line 615]
Event: 20.739 Thread 0x00000265c85e3800 Exception <a 'sun/nio/fs/WindowsException'{0x000000008c080bb0}> (0x000000008c080bb0) thrown at [./src/hotspot/share/prims/jni.cpp, line 615]
Event: 20.982 Thread 0x00000265c85e3800 Exception <a 'sun/nio/fs/WindowsException'{0x000000008da8f5e0}> (0x000000008da8f5e0) thrown at [./src/hotspot/share/prims/jni.cpp, line 615]
Event: 21.000 Thread 0x00000265ca606800 Exception <a 'sun/nio/fs/WindowsException'{0x000000008d4cd310}> (0x000000008d4cd310) thrown at [./src/hotspot/share/prims/jni.cpp, line 615]

Events (20 events):
Event: 20.541 Executing VM operation: ICBufferFull done
Event: 20.752 Executing VM operation: G1CollectForAllocation
Event: 20.767 Executing VM operation: G1CollectForAllocation done
Event: 20.837 loading class com/android/tools/r8/internal/UE0
Event: 20.837 loading class com/android/tools/r8/internal/UE0 done
Event: 20.901 Thread 0x00000265c0d76000 flushing nmethod 0x00000265b1641a90
Event: 20.906 Thread 0x00000265c0d76000 flushing nmethod 0x00000265aa100990
Event: 20.906 Thread 0x00000265c0d76000 flushing nmethod 0x00000265aa100e10
Event: 20.907 Thread 0x00000265c0d76000 flushing nmethod 0x00000265aa180a90
Event: 20.952 Executing VM operation: ICBufferFull
Event: 20.953 Executing VM operation: ICBufferFull done
Event: 21.063 Executing VM operation: G1CollectForAllocation
Event: 21.142 Executing VM operation: G1CollectForAllocation done
Event: 21.338 loading class com/android/tools/r8/graph/Z0
Event: 21.338 loading class com/android/tools/r8/graph/Z0 done
Event: 21.379 Executing VM operation: CGC_Operation
Event: 21.403 Executing VM operation: CGC_Operation done
Event: 21.535 Executing VM operation: CGC_Operation
Event: 21.564 Executing VM operation: CGC_Operation done
Event: 21.852 Executing VM operation: G1CollectForAllocation


Dynamic libraries:
0x00007ff6800a0000 - 0x00007ff6800aa000 	D:\안드로이드 스튜디오\jre\bin\java.exe
0x00007ff8dab40000 - 0x00007ff8dad49000 	C:\WINDOWS\SYSTEM32\ntdll.dll
0x00007ff8d9390000 - 0x00007ff8d944d000 	C:\WINDOWS\System32\KERNEL32.DLL
0x00007ff8d8590000 - 0x00007ff8d8914000 	C:\WINDOWS\System32\KERNELBASE.dll
0x00007ff8d8300000 - 0x00007ff8d8411000 	C:\WINDOWS\System32\ucrtbase.dll
0x00007ff8d1d00000 - 0x00007ff8d1d17000 	D:\안드로이드 스튜디오\jre\bin\VCRUNTIME140.dll
0x00007ff8d1ce0000 - 0x00007ff8d1cf9000 	D:\안드로이드 스튜디오\jre\bin\jli.dll
0x00007ff8d9770000 - 0x00007ff8d991d000 	C:\WINDOWS\System32\USER32.dll
0x00007ff8d8170000 - 0x00007ff8d8196000 	C:\WINDOWS\System32\win32u.dll
0x00007ff8d9bb0000 - 0x00007ff8d9bda000 	C:\WINDOWS\System32\GDI32.dll
0x00007ff8d8050000 - 0x00007ff8d816e000 	C:\WINDOWS\System32\gdi32full.dll
0x00007ff8d81a0000 - 0x00007ff8d823d000 	C:\WINDOWS\System32\msvcp_win.dll
0x00007ff8c9390000 - 0x00007ff8c9635000 	C:\WINDOWS\WinSxS\amd64_microsoft.windows.common-controls_6595b64144ccf1df_6.0.22000.120_none_9d947278b86cc467\COMCTL32.dll
0x00007ff8da950000 - 0x00007ff8da9f3000 	C:\WINDOWS\System32\msvcrt.dll
0x00007ff8d9500000 - 0x00007ff8d9531000 	C:\WINDOWS\System32\IMM32.DLL
0x00007ff8ba810000 - 0x00007ff8ba8ad000 	D:\안드로이드 스튜디오\jre\bin\msvcp140.dll
0x00007ff8a37c0000 - 0x00007ff8a4295000 	D:\안드로이드 스튜디오\jre\bin\server\jvm.dll
0x00007ff8d8ef0000 - 0x00007ff8d8f9e000 	C:\WINDOWS\System32\ADVAPI32.dll
0x00007ff8daa00000 - 0x00007ff8daa9e000 	C:\WINDOWS\System32\sechost.dll
0x00007ff8da5d0000 - 0x00007ff8da6f1000 	C:\WINDOWS\System32\RPCRT4.dll
0x00007ff8d9920000 - 0x00007ff8d9928000 	C:\WINDOWS\System32\PSAPI.DLL
0x00007ff8c7320000 - 0x00007ff8c7329000 	C:\WINDOWS\SYSTEM32\WSOCK32.dll
0x00007ff8d18a0000 - 0x00007ff8d18d3000 	C:\WINDOWS\SYSTEM32\WINMM.dll
0x00007ff8da8e0000 - 0x00007ff8da94f000 	C:\WINDOWS\System32\WS2_32.dll
0x00007ff8cfbf0000 - 0x00007ff8cfbfa000 	C:\WINDOWS\SYSTEM32\VERSION.dll
0x00007ff8d7040000 - 0x00007ff8d7058000 	C:\WINDOWS\SYSTEM32\kernel.appcore.dll
0x00007ff8d3e50000 - 0x00007ff8d3e61000 	D:\안드로이드 스튜디오\jre\bin\verify.dll
0x00007ff8d5c00000 - 0x00007ff8d5e21000 	C:\WINDOWS\SYSTEM32\DBGHELP.DLL
0x00007ff8c2310000 - 0x00007ff8c2341000 	C:\WINDOWS\SYSTEM32\dbgcore.DLL
0x00007ff8d7fd0000 - 0x00007ff8d804f000 	C:\WINDOWS\System32\bcryptPrimitives.dll
0x00007ff8c5bf0000 - 0x00007ff8c5c19000 	D:\안드로이드 스튜디오\jre\bin\java.dll
0x00007ff8d3e40000 - 0x00007ff8d3e4b000 	D:\안드로이드 스튜디오\jre\bin\jimage.dll
0x00007ff8d3530000 - 0x00007ff8d3548000 	D:\안드로이드 스튜디오\jre\bin\zip.dll
0x00007ff8d9ce0000 - 0x00007ff8da4a5000 	C:\WINDOWS\System32\SHELL32.dll
0x00007ff8d60a0000 - 0x00007ff8d6902000 	C:\WINDOWS\SYSTEM32\windows.storage.dll
0x00007ff8d9010000 - 0x00007ff8d9386000 	C:\WINDOWS\System32\combase.dll
0x00007ff8d5f30000 - 0x00007ff8d6097000 	C:\WINDOWS\SYSTEM32\wintypes.dll
0x00007ff8d9ac0000 - 0x00007ff8d9baa000 	C:\WINDOWS\System32\SHCORE.dll
0x00007ff8daaa0000 - 0x00007ff8daafd000 	C:\WINDOWS\System32\shlwapi.dll
0x00007ff8d7f00000 - 0x00007ff8d7f25000 	C:\WINDOWS\SYSTEM32\profapi.dll
0x00007ff8c7b70000 - 0x00007ff8c7b8a000 	D:\안드로이드 스튜디오\jre\bin\net.dll
0x00007ff8d1370000 - 0x00007ff8d1484000 	C:\WINDOWS\SYSTEM32\WINHTTP.dll
0x00007ff8d7560000 - 0x00007ff8d75c7000 	C:\WINDOWS\system32\mswsock.dll
0x00007ff8c5bd0000 - 0x00007ff8c5be4000 	D:\안드로이드 스튜디오\jre\bin\nio.dll
0x00007ff8bdff0000 - 0x00007ff8be017000 	C:\Users\LG\.gradle\native\e1d6ef7f7dcc3fd88c89a11ec53ec762bb8ba0a96d01ffa2cd45eb1d1d8dd5c5\windows-amd64\native-platform.dll
0x00007ff8a4e20000 - 0x00007ff8a4f64000 	C:\Users\LG\.gradle\native\5664cfc778a61ccfe75a443a1ab52a65af34e5dc3c78e0209fed803814484fcb\windows-amd64\native-platform-file-events.dll
0x00007ff8d3650000 - 0x00007ff8d365a000 	D:\안드로이드 스튜디오\jre\bin\management.dll
0x00007ff8d35d0000 - 0x00007ff8d35dd000 	D:\안드로이드 스튜디오\jre\bin\management_ext.dll
0x00007ff8d77e0000 - 0x00007ff8d77f8000 	C:\WINDOWS\SYSTEM32\CRYPTSP.dll
0x00007ff8d6fa0000 - 0x00007ff8d6fd5000 	C:\WINDOWS\system32\rsaenh.dll
0x00007ff8d7660000 - 0x00007ff8d768c000 	C:\WINDOWS\SYSTEM32\USERENV.dll
0x00007ff8d79a0000 - 0x00007ff8d79c7000 	C:\WINDOWS\SYSTEM32\bcrypt.dll
0x00007ff8d77d0000 - 0x00007ff8d77dc000 	C:\WINDOWS\SYSTEM32\CRYPTBASE.dll
0x00007ff8d6b60000 - 0x00007ff8d6b8d000 	C:\WINDOWS\SYSTEM32\IPHLPAPI.DLL
0x00007ff8d9930000 - 0x00007ff8d9939000 	C:\WINDOWS\System32\NSI.dll
0x00007ff8d0af0000 - 0x00007ff8d0b09000 	C:\WINDOWS\SYSTEM32\dhcpcsvc6.DLL
0x00007ff8d2ff0000 - 0x00007ff8d300e000 	C:\WINDOWS\SYSTEM32\dhcpcsvc.DLL
0x00007ff8d6b90000 - 0x00007ff8d6c77000 	C:\WINDOWS\SYSTEM32\DNSAPI.dll

dbghelp: loaded successfully - version: 4.0.5 - missing functions: none
symbol engine: initialized successfully - sym options: 0x614 - pdb path: .;D:\안드로이드 스튜디오\jre\bin;C:\WINDOWS\SYSTEM32;C:\WINDOWS\WinSxS\amd64_microsoft.windows.common-controls_6595b64144ccf1df_6.0.22000.120_none_9d947278b86cc467;D:\안드로이드 스튜?D:\안드로이?D:\안드?D:\안?D:\안;D:\?D:\안드로이드 스튜디오\jre\bin\server;C:\Users\LG\.gradle\native\e1d6ef7f7dcc3fd88c89a11ec53ec762bb8ba0a96d01f;D:\안드로이드 스튜디오\jre\bin\server;C:\Users\LG\.gradle\native\e1d6ef7f7dcc3fd88c89a11ec53ec762bb8ba0a96d01ffa2cd45eb1d1d8dd5c5\windows-amd64;C:\Users\LG\.gradle\native\5664cfc778a61ccfe75a443a1ab52a65af34;C:\Users\LG\.gradle\native\5664cfc778a61ccfe75a443a1ab52a65af34;C:\Users\LG\.gradle\native\5664cfc778a61ccfe75a443a1ab52a65af34;C:\Users\LG\.gradle\native\5664cfc778a61ccfe75a443a1ab52a65af34

VM Arguments:
jvm_args: --add-opens=java.base/java.util=ALL-UNNAMED --add-opens=java.base/java.lang=ALL-UNNAMED --add-opens=java.base/java.lang.invoke=ALL-UNNAMED --add-opens=java.base/java.util=ALL-UNNAMED --add-opens=java.prefs/java.util.prefs=ALL-UNNAMED --add-opens=java.prefs/java.util.prefs=ALL-UNNAMED --add-opens=java.base/java.nio.charset=ALL-UNNAMED --add-opens=java.base/java.net=ALL-UNNAMED --add-opens=java.base/java.util.concurrent.atomic=ALL-UNNAMED -Xmx2048m -Dfile.encoding=UTF-8 -Duser.country=KR -Duser.language=ko -Duser.variant 
java_command: org.gradle.launcher.daemon.bootstrap.GradleDaemon 7.2
java_class_path (initial): C:\Users\LG\.gradle\wrapper\dists\gradle-7.2-bin\2dnblmf4td7x66yl1d74lt32g\gradle-7.2\lib\gradle-launcher-7.2.jar
Launcher Type: SUN_STANDARD

[Global flags]
     intx CICompilerCount                          = 4                                         {product} {ergonomic}
     uint ConcGCThreads                            = 2                                         {product} {ergonomic}
     uint G1ConcRefinementThreads                  = 8                                         {product} {ergonomic}
   size_t G1HeapRegionSize                         = 1048576                                   {product} {ergonomic}
    uintx GCDrainStackTargetSize                   = 64                                        {product} {ergonomic}
   size_t InitialHeapSize                          = 134217728                                 {product} {ergonomic}
   size_t MarkStackSize                            = 4194304                                   {product} {ergonomic}
   size_t MaxHeapSize                              = 2147483648                                {product} {command line}
   size_t MaxNewSize                               = 1287651328                                {product} {ergonomic}
   size_t MinHeapDeltaBytes                        = 1048576                                   {product} {ergonomic}
    uintx NonNMethodCodeHeapSize                   = 5836300                                {pd product} {ergonomic}
    uintx NonProfiledCodeHeapSize                  = 122910970                              {pd product} {ergonomic}
    uintx ProfiledCodeHeapSize                     = 122910970                              {pd product} {ergonomic}
    uintx ReservedCodeCacheSize                    = 251658240                              {pd product} {ergonomic}
     bool SegmentedCodeCache                       = true                                      {product} {ergonomic}
     bool UseCompressedClassPointers               = true                                 {lp64_product} {ergonomic}
     bool UseCompressedOops                        = true                                 {lp64_product} {ergonomic}
     bool UseG1GC                                  = true                                      {product} {ergonomic}
     bool UseLargePagesIndividualAllocation        = false                                  {pd product} {ergonomic}

Logging:
Log output configuration:
 #0: stdout all=warning uptime,level,tags
 #1: stderr all=off uptime,level,tags

Environment Variables:
JAVA_HOME=D:\openjdk-11.0.0.1_windows-x64_bin\jdk-11.0.0.1
CLASSPATH=D:\openjdk-11.0.0.1_windows-x64_bin\jdk-11.0.0.1\lib
PATH=D:\openjdk-11.0.0.1_windows-x64_bin\jdk-11.0.0.1\bin;C:\Program Files\Common Files\Oracle\Java\javapath;C:\Program Files\Eclipse Adoptium\jdk-8.0.382.5-hotspot\bin;C:\oraclexe\app\oracle\product\10.2.0\server\bin;C:\Program Files (x86)\Common Files\Oracle\Java\javapath;C:\Program Files (x86)\Intel\iCLS Client\;C:\Program Files\Intel\iCLS Client\;C:\windows\system32;C:\windows;C:\windows\System32\Wbem;C:\windows\System32\WindowsPowerShell\v1.0\;C:\Program Files (x86)\Intel\Intel(R) Management Engine Components\DAL;C:\Program Files\Intel\Intel(R) Management Engine Components\DAL;C:\Program Files (x86)\Intel\Intel(R) Management Engine Components\IPT;C:\Program Files\Intel\Intel(R) Management Engine Components\IPT;C:\Program Files\Intel\WiFi\bin\;C:\Program Files\Common Files\Intel\WirelessCommon\;C:\Program Files (x86)\NVIDIA Corporation\PhysX\Common;C:\Program Files (x86)\Skype\Phone\;C:\WINDOWS\system32;C:\WINDOWS;C:\WINDOWS\System32\Wbem;C:\WINDOWS\System32\WindowsPowerShell\v1.0\;C:\WINDOWS\System32\OpenSSH\;C:\Program Files\nodejs\;D:\openssl-0.9.8e_X64\bin;C:\ProgramData\chocolatey\bin;C:\ProgramData\chocolatey\lib\maven\apache-maven-3.9.4\bin;C:\Program Files\Git\cmd;C:\Program Files\MariaDB 10.11\bin;D:\Scripts\;D:\;C:\Users\LG\AppData\Local\Microsoft\WindowsApps;C:\Users\LG\AppData\Local\afreeca;C:\altera\13.1\modelsim_ase\win32aloem;D:\PyCharm Community Edition 2022.1.3\bin;;C:\Users\LG\AppData\Local\Programs\Microsoft VS Code\bin;C:\Users\LG\AppData\Roaming\npm;C:\Program Files\Java\jdk-1.8\bin;D:\IntelliJ IDEA Community Edition 2023.1.3\bin;;;C:\Program Files (x86)\ESTsoft\ALSee\x64
USERNAME=LG
OS=Windows_NT
PROCESSOR_IDENTIFIER=Intel64 Family 6 Model 142 Stepping 10, GenuineIntel



---------------  S Y S T E M  ---------------

OS: Windows 10 , 64 bit Build 22000 (10.0.22000.2538)
OS uptime: 0 days 2:43 hours

CPU:total 8 (initial active 8) (4 cores per cpu, 2 threads per core) family 6 model 142 stepping 10 microcode 0xe0, cmov, cx8, fxsr, mmx, sse, sse2, sse3, ssse3, sse4.1, sse4.2, popcnt, avx, avx2, aes, clmul, erms, 3dnowpref, lzcnt, ht, tsc, tscinvbit, bmi1, bmi2, adx, fma

Memory: 4k page, system-wide physical 8101M (730M free)
TotalPageFile size 16293M (AvailPageFile size 17M)
current process WorkingSet (physical memory assigned to process): 686M, peak: 686M
current process commit charge ("private bytes"): 746M, peak: 951M

vm_info: OpenJDK 64-Bit Server VM (11.0.11+9-b60-7590822) for windows-amd64 JRE (11.0.11+9-b60-7590822), built on Jul 29 2021 21:43:44 by "builder" with MS VC++ 14.0 (VS2015)

END.
