#
# There is insufficient memory for the Java Runtime Environment to continue.
# Native memory allocation (malloc) failed to allocate 1256496 bytes for Chunk::new
# Possible reasons:
#   The system is out of physical RAM or swap space
#   The process is running with CompressedOops enabled, and the Java Heap may be blocking the growth of the native heap
# Possible solutions:
#   Reduce memory load on the system
#   Increase physical memory or swap space
#   Check if swap backing store is full
#   Decrease Java heap size (-Xmx/-Xms)
#   Decrease number of Java threads
#   Decrease Java thread stack sizes (-Xss)
#   Set larger code cache with -XX:ReservedCodeCacheSize=
#   JVM is running with Unscaled Compressed Oops mode in which the Java heap is
#     placed in the first 4GB address space. The Java Heap base address is the
#     maximum limit for the native heap growth. Please use -XX:HeapBaseMinAddress
#     to set the Java Heap base and to place the Java Heap above 4GB virtual address.
# This output file may be truncated or incomplete.
#
#  Out of Memory Error (./src/hotspot/share/memory/arena.cpp:197), pid=8888, tid=28844
#
# JRE version: OpenJDK Runtime Environment (11.0.11+9) (build 11.0.11+9-b60-7590822)
# Java VM: OpenJDK 64-Bit Server VM (11.0.11+9-b60-7590822, mixed mode, tiered, compressed oops, g1 gc, windows-amd64)
# No core dump will be written. Minidumps are not enabled by default on client versions of Windows
#

---------------  S U M M A R Y ------------

Command Line: --add-opens=java.base/java.util=ALL-UNNAMED --add-opens=java.base/java.lang=ALL-UNNAMED --add-opens=java.base/java.lang.invoke=ALL-UNNAMED --add-opens=java.base/java.util=ALL-UNNAMED --add-opens=java.prefs/java.util.prefs=ALL-UNNAMED --add-opens=java.prefs/java.util.prefs=ALL-UNNAMED --add-opens=java.base/java.nio.charset=ALL-UNNAMED --add-opens=java.base/java.net=ALL-UNNAMED --add-opens=java.base/java.util.concurrent.atomic=ALL-UNNAMED -Xmx2048m -Dfile.encoding=UTF-8 -Duser.country=KR -Duser.language=ko -Duser.variant org.gradle.launcher.daemon.bootstrap.GradleDaemon 7.2

Host: Intel(R) Core(TM) i5-8250U CPU @ 1.60GHz, 8 cores, 7G,  Windows 10 , 64 bit Build 22000 (10.0.22000.2538)
Time: Fri Nov  3 15:13:53 2023 대한민국 표준시 elapsed time: 15.166161 seconds (0d 0h 0m 15s)

---------------  T H R E A D  ---------------

Current thread (0x000001c7c258c800):  JavaThread "C2 CompilerThread1" daemon [_thread_in_native, id=28844, stack(0x0000003ebd800000,0x0000003ebd900000)]


Current CompileTask:
C2:  15166 8096 %     4       org.gradle.internal.instantiation.generator.AbstractClassGenerator::inspectType @ 341 (560 bytes)

Stack: [0x0000003ebd800000,0x0000003ebd900000]
Native frames: (J=compiled Java code, j=interpreted, Vv=VM code, C=native code)
V  [jvm.dll+0x5f214a]
V  [jvm.dll+0x726fb5]
V  [jvm.dll+0x7285cd]
V  [jvm.dll+0x728c83]
V  [jvm.dll+0x243278]
V  [jvm.dll+0xbc53c]
V  [jvm.dll+0xbca3c]
V  [jvm.dll+0x353e7d]
V  [jvm.dll+0x321893]
V  [jvm.dll+0x320d8a]
V  [jvm.dll+0x1fc1e2]
V  [jvm.dll+0x1fb3d4]
V  [jvm.dll+0x183d6c]
V  [jvm.dll+0x209a57]
V  [jvm.dll+0x2082a1]
V  [jvm.dll+0x6ef58f]
V  [jvm.dll+0x6e80b5]
V  [jvm.dll+0x5f1036]
C  [ucrtbase.dll+0x26c0c]
C  [KERNEL32.DLL+0x153e0]
C  [ntdll.dll+0x485b]


---------------  P R O C E S S  ---------------

Threads class SMR info:
_java_thread_list=0x000001c7cfea8850, length=133, elements={
0x000001c7a73a0000, 0x000001c7c1844000, 0x000001c7c184f800, 0x000001c7c2186000,
0x000001c7c1861000, 0x000001c7c1869000, 0x000001c7c1870000, 0x000001c7c1871800,
0x000001c7c218c000, 0x000001c7c2189000, 0x000001c7c2189800, 0x000001c7c2188000,
0x000001c7c218a800, 0x000001c7c2187000, 0x000001c7c218b800, 0x000001c7c218d000,
0x000001c7c218d800, 0x000001c7c832e800, 0x000001c7c832b800, 0x000001c7c832f800,
0x000001c7c832d800, 0x000001c7c8331000, 0x000001c7c8332000, 0x000001c7c8330000,
0x000001c7c832c000, 0x000001c7c8332800, 0x000001c7c832d000, 0x000001c7c8335000,
0x000001c7c258c800, 0x000001c7c8334800, 0x000001c7c8339000, 0x000001c7c8336800,
0x000001c7c8333800, 0x000001c7c833a000, 0x000001c7c8338800, 0x000001c7c979e000,
0x000001c7c979e800, 0x000001c7c979f800, 0x000001c7c97a0800, 0x000001c7c979b800,
0x000001c7c97a1000, 0x000001c7c97a2000, 0x000001c7c979c800, 0x000001c7c97a3000,
0x000001c7c979d000, 0x000001c7c97a6000, 0x000001c7c97a7800, 0x000001c7c97a8800,
0x000001c7c97a9800, 0x000001c7c97a7000, 0x000001c7c97a3800, 0x000001c7c97aa000,
0x000001c7c97a4800, 0x000001c7c97a5800, 0x000001c7cb6d1000, 0x000001c7cb6d2000,
0x000001c7cb6d0800, 0x000001c7cb6cc800, 0x000001c7cb6ce000, 0x000001c7cb6d3000,
0x000001c7cb6cf800, 0x000001c7cb6cd000, 0x000001c7cb6d4800, 0x000001c7cb6ce800,
0x000001c7cb6d3800, 0x000001c7cb6db000, 0x000001c7cb6d5800, 0x000001c7cb6d9800,
0x000001c7cb6d6000, 0x000001c7cb6d7000, 0x000001c7cb6d8800, 0x000001c7cb6d7800,
0x000001c7cb6da000, 0x000001c7cb712800, 0x000001c7cb715000, 0x000001c7cb714800,
0x000001c7cb716000, 0x000001c7cb710800, 0x000001c7cb717000, 0x000001c7cb713800,
0x000001c7cb711000, 0x000001c7cb717800, 0x000001c7cb712000, 0x000001c7cb71c800,
0x000001c7cb71d800, 0x000001c7cb71b000, 0x000001c7cb71e000, 0x000001c7cb71b800,
0x000001c7cb718800, 0x000001c7cb71f000, 0x000001c7cb719800, 0x000001c7cb71a000,
0x000001c7c6c07800, 0x000001c7c6c0c000, 0x000001c7c6c0b000, 0x000001c7c6c0a000,
0x000001c7c6c09800, 0x000001c7c6c07000, 0x000001c7c6c08800, 0x000001c7c6c06000,
0x000001c7c6c11800, 0x000001c7c6c12800, 0x000001c7c6c0d800, 0x000001c7c6c0c800,
0x000001c7c6c10800, 0x000001c7c6c0e000, 0x000001c7c6c0f000, 0x000001c7c6c10000,
0x000001c7c6c13000, 0x000001c7c6c14000, 0x000001c7c6c14800, 0x000001c7c8e3c000,
0x000001c7c8e3f000, 0x000001c7c8e3e800, 0x000001c7c8e40000, 0x000001c7c8e41000,
0x000001c7c8e41800, 0x000001c7c8e42800, 0x000001c7c8e3c800, 0x000001c7c8e3d800,
0x000001c7c8e45000, 0x000001c7c8e46800, 0x000001c7c8e44000, 0x000001c7c8e45800,
0x000001c7c8e43800, 0x000001c7c8e4a800, 0x000001c7c8e48000, 0x000001c7c8e4a000,
0x000001c7c8e47800, 0x000001c7cfd8e800, 0x000001c7cfd8f800, 0x000001c7cfd8e000,
0x000001c7cfd8a000
}

Java Threads: ( => current thread )
  0x000001c7a73a0000 JavaThread "main" [_thread_blocked, id=26800, stack(0x0000003ebad00000,0x0000003ebae00000)]
  0x000001c7c1844000 JavaThread "Reference Handler" daemon [_thread_blocked, id=32688, stack(0x0000003ebb400000,0x0000003ebb500000)]
  0x000001c7c184f800 JavaThread "Finalizer" daemon [_thread_blocked, id=31512, stack(0x0000003ebb500000,0x0000003ebb600000)]
  0x000001c7c2186000 JavaThread "Signal Dispatcher" daemon [_thread_blocked, id=28484, stack(0x0000003ebb600000,0x0000003ebb700000)]
  0x000001c7c1861000 JavaThread "Attach Listener" daemon [_thread_blocked, id=28504, stack(0x0000003ebb700000,0x0000003ebb800000)]
  0x000001c7c1869000 JavaThread "Service Thread" daemon [_thread_blocked, id=7036, stack(0x0000003ebb800000,0x0000003ebb900000)]
  0x000001c7c1870000 JavaThread "C2 CompilerThread0" daemon [_thread_in_native, id=22896, stack(0x0000003ebb900000,0x0000003ebba00000)]
  0x000001c7c1871800 JavaThread "C1 CompilerThread0" daemon [_thread_in_native, id=31448, stack(0x0000003ebba00000,0x0000003ebbb00000)]
  0x000001c7c218c000 JavaThread "Sweeper thread" daemon [_thread_blocked, id=4964, stack(0x0000003ebbb00000,0x0000003ebbc00000)]
  0x000001c7c2189000 JavaThread "Common-Cleaner" daemon [_thread_blocked, id=32540, stack(0x0000003ebbc00000,0x0000003ebbd00000)]
  0x000001c7c2189800 JavaThread "Daemon health stats" [_thread_blocked, id=18812, stack(0x0000003ebc200000,0x0000003ebc300000)]
  0x000001c7c2188000 JavaThread "Incoming local TCP Connector on port 3700" [_thread_in_native, id=10692, stack(0x0000003ebbe00000,0x0000003ebbf00000)]
  0x000001c7c218a800 JavaThread "Daemon periodic checks" [_thread_blocked, id=31680, stack(0x0000003ebbf00000,0x0000003ebc000000)]
  0x000001c7c2187000 JavaThread "Daemon" [_thread_blocked, id=28516, stack(0x0000003ebc300000,0x0000003ebc400000)]
  0x000001c7c218b800 JavaThread "Handler for socket connection from /127.0.0.1:3700 to /127.0.0.1:3701" [_thread_in_native, id=12008, stack(0x0000003ebc400000,0x0000003ebc500000)]
  0x000001c7c218d000 JavaThread "Cancel handler" [_thread_blocked, id=1636, stack(0x0000003ebc500000,0x0000003ebc600000)]
  0x000001c7c218d800 JavaThread "Daemon worker" [_thread_blocked, id=27968, stack(0x0000003ebc600000,0x0000003ebc700000)]
  0x000001c7c832e800 JavaThread "Asynchronous log dispatcher for DefaultDaemonConnection: socket connection from /127.0.0.1:3700 to /127.0.0.1:3701" [_thread_blocked, id=32504, stack(0x0000003ebc700000,0x0000003ebc800000)]
  0x000001c7c832b800 JavaThread "Stdin handler" [_thread_blocked, id=1872, stack(0x0000003ebc800000,0x0000003ebc900000)]
  0x000001c7c832f800 JavaThread "Daemon client event forwarder" [_thread_blocked, id=7696, stack(0x0000003ebc900000,0x0000003ebca00000)]
  0x000001c7c832d800 JavaThread "Cache worker for journal cache (C:\Users\LG\.gradle\caches\journal-1)" [_thread_blocked, id=18628, stack(0x0000003ebd000000,0x0000003ebd100000)]
  0x000001c7c8331000 JavaThread "File lock request listener" [_thread_in_native, id=32236, stack(0x0000003ebd100000,0x0000003ebd200000)]
  0x000001c7c8332000 JavaThread "Cache worker for file hash cache (C:\Users\LG\.gradle\caches\7.2\fileHashes)" [_thread_blocked, id=3176, stack(0x0000003ebd200000,0x0000003ebd300000)]
  0x000001c7c8330000 JavaThread "Cache worker for file hash cache (D:\project\MyApplication_login_test\.gradle\7.2\fileHashes)" [_thread_blocked, id=15716, stack(0x0000003ebd400000,0x0000003ebd500000)]
  0x000001c7c832c000 JavaThread "File watcher server" daemon [_thread_in_native, id=19984, stack(0x0000003ebd500000,0x0000003ebd600000)]
  0x000001c7c8332800 JavaThread "File watcher consumer" daemon [_thread_blocked, id=31008, stack(0x0000003ebd600000,0x0000003ebd700000)]
  0x000001c7c832d000 JavaThread "Cache worker for checksums cache (D:\project\MyApplication_login_test\.gradle\checksums)" [_thread_blocked, id=32076, stack(0x0000003ebd700000,0x0000003ebd800000)]
  0x000001c7c8335000 JavaThread "Cache worker for cache directory md-supplier (C:\Users\LG\.gradle\caches\7.2\md-supplier)" [_thread_blocked, id=26436, stack(0x0000003ebca00000,0x0000003ebcb00000)]
=>0x000001c7c258c800 JavaThread "C2 CompilerThread1" daemon [_thread_in_native, id=28844, stack(0x0000003ebd800000,0x0000003ebd900000)]
  0x000001c7c8334800 JavaThread "Cache worker for cache directory md-rule (C:\Users\LG\.gradle\caches\7.2\md-rule)" [_thread_blocked, id=31540, stack(0x0000003ebd900000,0x0000003ebda00000)]
  0x000001c7c8339000 JavaThread "Cache worker for execution history cache (C:\Users\LG\.gradle\caches\7.2\executionHistory)" [_thread_blocked, id=29740, stack(0x0000003ebda00000,0x0000003ebdb00000)]
  0x000001c7c8336800 JavaThread "jar transforms" [_thread_blocked, id=28680, stack(0x0000003ebdb00000,0x0000003ebdc00000)]
  0x000001c7c8333800 JavaThread "Cache worker for file content cache (C:\Users\LG\.gradle\caches\7.2\fileContent)" [_thread_blocked, id=18828, stack(0x0000003ebdc00000,0x0000003ebdd00000)]
  0x000001c7c833a000 JavaThread "jar transforms Thread 2" [_thread_blocked, id=30072, stack(0x0000003ebdd00000,0x0000003ebde00000)]
  0x000001c7c8338800 JavaThread "Cache worker for dependencies-accessors (D:\project\MyApplication_login_test\.gradle\7.2\dependencies-accessors)" [_thread_blocked, id=1824, stack(0x0000003ebde00000,0x0000003ebdf00000)]
  0x000001c7c979e000 JavaThread "jar transforms Thread 3" [_thread_blocked, id=22564, stack(0x0000003ebdf00000,0x0000003ebe000000)]
  0x000001c7c979e800 JavaThread "Cache worker for Build Output Cleanup Cache (D:\project\MyApplication_login_test\.gradle\buildOutputCleanup)" [_thread_blocked, id=33284, stack(0x0000003ebe000000,0x0000003ebe100000)]
  0x000001c7c979f800 JavaThread "Unconstrained build operations" [_thread_blocked, id=33544, stack(0x0000003ebe100000,0x0000003ebe200000)]
  0x000001c7c97a0800 JavaThread "Unconstrained build operations Thread 2" [_thread_blocked, id=33440, stack(0x0000003ebe200000,0x0000003ebe300000)]
  0x000001c7c979b800 JavaThread "Unconstrained build operations Thread 3" [_thread_blocked, id=32716, stack(0x0000003ebe300000,0x0000003ebe400000)]
  0x000001c7c97a1000 JavaThread "Unconstrained build operations Thread 4" [_thread_blocked, id=17916, stack(0x0000003ebe400000,0x0000003ebe500000)]
  0x000001c7c97a2000 JavaThread "Unconstrained build operations Thread 5" [_thread_blocked, id=32272, stack(0x0000003ebe500000,0x0000003ebe600000)]
  0x000001c7c979c800 JavaThread "Unconstrained build operations Thread 6" [_thread_blocked, id=31660, stack(0x0000003ebe600000,0x0000003ebe700000)]
  0x000001c7c97a3000 JavaThread "Unconstrained build operations Thread 7" [_thread_blocked, id=33048, stack(0x0000003ebe700000,0x0000003ebe800000)]
  0x000001c7c979d000 JavaThread "Unconstrained build operations Thread 8" [_thread_blocked, id=29408, stack(0x0000003ebe800000,0x0000003ebe900000)]
  0x000001c7c97a6000 JavaThread "Unconstrained build operations Thread 9" [_thread_blocked, id=8100, stack(0x0000003ebe900000,0x0000003ebea00000)]
  0x000001c7c97a7800 JavaThread "Unconstrained build operations Thread 10" [_thread_blocked, id=28916, stack(0x0000003ebea00000,0x0000003ebeb00000)]
  0x000001c7c97a8800 JavaThread "Unconstrained build operations Thread 11" [_thread_blocked, id=31792, stack(0x0000003ebeb00000,0x0000003ebec00000)]
  0x000001c7c97a9800 JavaThread "Unconstrained build operations Thread 12" [_thread_blocked, id=31144, stack(0x0000003ebec00000,0x0000003ebed00000)]
  0x000001c7c97a7000 JavaThread "Unconstrained build operations Thread 13" [_thread_blocked, id=33224, stack(0x0000003ebed00000,0x0000003ebee00000)]
  0x000001c7c97a3800 JavaThread "Unconstrained build operations Thread 14" [_thread_blocked, id=17596, stack(0x0000003ebee00000,0x0000003ebef00000)]
  0x000001c7c97aa000 JavaThread "Unconstrained build operations Thread 15" [_thread_blocked, id=33316, stack(0x0000003ebef00000,0x0000003ebf000000)]
  0x000001c7c97a4800 JavaThread "Unconstrained build operations Thread 16" [_thread_blocked, id=17104, stack(0x0000003ebf000000,0x0000003ebf100000)]
  0x000001c7c97a5800 JavaThread "Unconstrained build operations Thread 17" [_thread_blocked, id=10632, stack(0x0000003ebf100000,0x0000003ebf200000)]
  0x000001c7cb6d1000 JavaThread "Unconstrained build operations Thread 18" [_thread_blocked, id=32912, stack(0x0000003ebf200000,0x0000003ebf300000)]
  0x000001c7cb6d2000 JavaThread "Unconstrained build operations Thread 19" [_thread_blocked, id=30896, stack(0x0000003ebf300000,0x0000003ebf400000)]
  0x000001c7cb6d0800 JavaThread "Unconstrained build operations Thread 20" [_thread_blocked, id=28000, stack(0x0000003ebf400000,0x0000003ebf500000)]
  0x000001c7cb6cc800 JavaThread "Unconstrained build operations Thread 21" [_thread_blocked, id=24864, stack(0x0000003ebf500000,0x0000003ebf600000)]
  0x000001c7cb6ce000 JavaThread "Unconstrained build operations Thread 22" [_thread_blocked, id=25384, stack(0x0000003ebf600000,0x0000003ebf700000)]
  0x000001c7cb6d3000 JavaThread "Unconstrained build operations Thread 23" [_thread_blocked, id=31776, stack(0x0000003ebf700000,0x0000003ebf800000)]
  0x000001c7cb6cf800 JavaThread "Unconstrained build operations Thread 24" [_thread_blocked, id=14952, stack(0x0000003ebf800000,0x0000003ebf900000)]
  0x000001c7cb6cd000 JavaThread "Unconstrained build operations Thread 25" [_thread_blocked, id=29756, stack(0x0000003ebf900000,0x0000003ebfa00000)]
  0x000001c7cb6d4800 JavaThread "Unconstrained build operations Thread 26" [_thread_blocked, id=32104, stack(0x0000003ebfa00000,0x0000003ebfb00000)]
  0x000001c7cb6ce800 JavaThread "Unconstrained build operations Thread 27" [_thread_blocked, id=33132, stack(0x0000003ebfb00000,0x0000003ebfc00000)]
  0x000001c7cb6d3800 JavaThread "Unconstrained build operations Thread 28" [_thread_blocked, id=33128, stack(0x0000003ebfc00000,0x0000003ebfd00000)]
  0x000001c7cb6db000 JavaThread "Unconstrained build operations Thread 29" [_thread_blocked, id=1584, stack(0x0000003ebfd00000,0x0000003ebfe00000)]
  0x000001c7cb6d5800 JavaThread "Unconstrained build operations Thread 30" [_thread_blocked, id=27336, stack(0x0000003ebfe00000,0x0000003ebff00000)]
  0x000001c7cb6d9800 JavaThread "Unconstrained build operations Thread 31" [_thread_blocked, id=22776, stack(0x0000003ebff00000,0x0000003ec0000000)]
  0x000001c7cb6d6000 JavaThread "Unconstrained build operations Thread 32" [_thread_blocked, id=4920, stack(0x0000003ec0000000,0x0000003ec0100000)]
  0x000001c7cb6d7000 JavaThread "Unconstrained build operations Thread 33" [_thread_blocked, id=33228, stack(0x0000003ec0100000,0x0000003ec0200000)]
  0x000001c7cb6d8800 JavaThread "Unconstrained build operations Thread 34" [_thread_blocked, id=33136, stack(0x0000003ec0200000,0x0000003ec0300000)]
  0x000001c7cb6d7800 JavaThread "Unconstrained build operations Thread 35" [_thread_blocked, id=19436, stack(0x0000003ec0300000,0x0000003ec0400000)]
  0x000001c7cb6da000 JavaThread "Unconstrained build operations Thread 36" [_thread_blocked, id=14960, stack(0x0000003ec0400000,0x0000003ec0500000)]
  0x000001c7cb712800 JavaThread "Unconstrained build operations Thread 37" [_thread_blocked, id=20348, stack(0x0000003ec0500000,0x0000003ec0600000)]
  0x000001c7cb715000 JavaThread "Unconstrained build operations Thread 38" [_thread_blocked, id=7700, stack(0x0000003ec0600000,0x0000003ec0700000)]
  0x000001c7cb714800 JavaThread "Unconstrained build operations Thread 39" [_thread_blocked, id=29260, stack(0x0000003ec0700000,0x0000003ec0800000)]
  0x000001c7cb716000 JavaThread "Unconstrained build operations Thread 40" [_thread_blocked, id=1908, stack(0x0000003ec0800000,0x0000003ec0900000)]
  0x000001c7cb710800 JavaThread "Unconstrained build operations Thread 41" [_thread_blocked, id=24728, stack(0x0000003ec0900000,0x0000003ec0a00000)]
  0x000001c7cb717000 JavaThread "Unconstrained build operations Thread 42" [_thread_blocked, id=3260, stack(0x0000003ec0a00000,0x0000003ec0b00000)]
  0x000001c7cb713800 JavaThread "Unconstrained build operations Thread 43" [_thread_blocked, id=9540, stack(0x0000003ec0b00000,0x0000003ec0c00000)]
  0x000001c7cb711000 JavaThread "Unconstrained build operations Thread 44" [_thread_blocked, id=9240, stack(0x0000003ec0c00000,0x0000003ec0d00000)]
  0x000001c7cb717800 JavaThread "Unconstrained build operations Thread 45" [_thread_blocked, id=16140, stack(0x0000003ec0d00000,0x0000003ec0e00000)]
  0x000001c7cb712000 JavaThread "Unconstrained build operations Thread 46" [_thread_blocked, id=22448, stack(0x0000003ec0e00000,0x0000003ec0f00000)]
  0x000001c7cb71c800 JavaThread "Unconstrained build operations Thread 47" [_thread_blocked, id=33312, stack(0x0000003ec0f00000,0x0000003ec1000000)]
  0x000001c7cb71d800 JavaThread "Unconstrained build operations Thread 48" [_thread_blocked, id=33308, stack(0x0000003ec1000000,0x0000003ec1100000)]
  0x000001c7cb71b000 JavaThread "Unconstrained build operations Thread 49" [_thread_blocked, id=30516, stack(0x0000003ec1100000,0x0000003ec1200000)]
  0x000001c7cb71e000 JavaThread "Unconstrained build operations Thread 50" [_thread_blocked, id=30576, stack(0x0000003ec1200000,0x0000003ec1300000)]
  0x000001c7cb71b800 JavaThread "Unconstrained build operations Thread 51" [_thread_blocked, id=9252, stack(0x0000003ec1300000,0x0000003ec1400000)]
  0x000001c7cb718800 JavaThread "Unconstrained build operations Thread 52" [_thread_blocked, id=17336, stack(0x0000003ec1400000,0x0000003ec1500000)]
  0x000001c7cb71f000 JavaThread "Unconstrained build operations Thread 53" [_thread_blocked, id=33300, stack(0x0000003ec1500000,0x0000003ec1600000)]
  0x000001c7cb719800 JavaThread "Unconstrained build operations Thread 54" [_thread_blocked, id=32220, stack(0x0000003ec1600000,0x0000003ec1700000)]
  0x000001c7cb71a000 JavaThread "Unconstrained build operations Thread 55" [_thread_blocked, id=33304, stack(0x0000003ec1700000,0x0000003ec1800000)]
  0x000001c7c6c07800 JavaThread "Unconstrained build operations Thread 56" [_thread_blocked, id=8216, stack(0x0000003ec1800000,0x0000003ec1900000)]
  0x000001c7c6c0c000 JavaThread "Unconstrained build operations Thread 57" [_thread_blocked, id=31224, stack(0x0000003ec1900000,0x0000003ec1a00000)]
  0x000001c7c6c0b000 JavaThread "Unconstrained build operations Thread 58" [_thread_blocked, id=5604, stack(0x0000003ec1a00000,0x0000003ec1b00000)]
  0x000001c7c6c0a000 JavaThread "Unconstrained build operations Thread 59" [_thread_blocked, id=32248, stack(0x0000003ec1b00000,0x0000003ec1c00000)]
  0x000001c7c6c09800 JavaThread "Unconstrained build operations Thread 60" [_thread_in_native, id=32420, stack(0x0000003ec1c00000,0x0000003ec1d00000)]
  0x000001c7c6c07000 JavaThread "Unconstrained build operations Thread 61" [_thread_blocked, id=33352, stack(0x0000003ec1d00000,0x0000003ec1e00000)]
  0x000001c7c6c08800 JavaThread "Unconstrained build operations Thread 62" [_thread_blocked, id=16184, stack(0x0000003ec1e00000,0x0000003ec1f00000)]
  0x000001c7c6c06000 JavaThread "Unconstrained build operations Thread 63" [_thread_blocked, id=11580, stack(0x0000003ec1f00000,0x0000003ec2000000)]
  0x000001c7c6c11800 JavaThread "Unconstrained build operations Thread 64" [_thread_blocked, id=32032, stack(0x0000003ec2000000,0x0000003ec2100000)]
  0x000001c7c6c12800 JavaThread "Unconstrained build operations Thread 65" [_thread_blocked, id=26848, stack(0x0000003ec2100000,0x0000003ec2200000)]
  0x000001c7c6c0d800 JavaThread "Unconstrained build operations Thread 66" [_thread_blocked, id=26936, stack(0x0000003ec2200000,0x0000003ec2300000)]
  0x000001c7c6c0c800 JavaThread "Unconstrained build operations Thread 67" [_thread_blocked, id=9308, stack(0x0000003ec2300000,0x0000003ec2400000)]
  0x000001c7c6c10800 JavaThread "Unconstrained build operations Thread 68" [_thread_blocked, id=18272, stack(0x0000003ec2400000,0x0000003ec2500000)]
  0x000001c7c6c0e000 JavaThread "Unconstrained build operations Thread 69" [_thread_blocked, id=21308, stack(0x0000003ec2500000,0x0000003ec2600000)]
  0x000001c7c6c0f000 JavaThread "Unconstrained build operations Thread 70" [_thread_blocked, id=26220, stack(0x0000003ec2600000,0x0000003ec2700000)]
  0x000001c7c6c10000 JavaThread "Unconstrained build operations Thread 71" [_thread_blocked, id=33344, stack(0x0000003ec2700000,0x0000003ec2800000)]
  0x000001c7c6c13000 JavaThread "Unconstrained build operations Thread 72" [_thread_blocked, id=29192, stack(0x0000003ec2800000,0x0000003ec2900000)]
  0x000001c7c6c14000 JavaThread "Unconstrained build operations Thread 73" [_thread_blocked, id=33340, stack(0x0000003ec2900000,0x0000003ec2a00000)]
  0x000001c7c6c14800 JavaThread "Unconstrained build operations Thread 74" [_thread_blocked, id=7668, stack(0x0000003ec2a00000,0x0000003ec2b00000)]
  0x000001c7c8e3c000 JavaThread "Unconstrained build operations Thread 75" [_thread_blocked, id=30048, stack(0x0000003ec2b00000,0x0000003ec2c00000)]
  0x000001c7c8e3f000 JavaThread "Unconstrained build operations Thread 76" [_thread_blocked, id=16344, stack(0x0000003ec2c00000,0x0000003ec2d00000)]
  0x000001c7c8e3e800 JavaThread "Unconstrained build operations Thread 77" [_thread_blocked, id=3640, stack(0x0000003ec2d00000,0x0000003ec2e00000)]
  0x000001c7c8e40000 JavaThread "Unconstrained build operations Thread 78" [_thread_blocked, id=25756, stack(0x0000003ec2e00000,0x0000003ec2f00000)]
  0x000001c7c8e41000 JavaThread "Unconstrained build operations Thread 79" [_thread_in_Java, id=20532, stack(0x0000003ec2f00000,0x0000003ec3000000)]
  0x000001c7c8e41800 JavaThread "Unconstrained build operations Thread 80" [_thread_blocked, id=20320, stack(0x0000003ec3000000,0x0000003ec3100000)]
  0x000001c7c8e42800 JavaThread "jar transforms Thread 4" [_thread_blocked, id=5528, stack(0x0000003ec3100000,0x0000003ec3200000)]
  0x000001c7c8e3c800 JavaThread "jar transforms Thread 5" [_thread_blocked, id=31872, stack(0x0000003ec3200000,0x0000003ec3300000)]
  0x000001c7c8e3d800 JavaThread "jar transforms Thread 6" [_thread_blocked, id=27064, stack(0x0000003ec3300000,0x0000003ec3400000)]
  0x000001c7c8e45000 JavaThread "jar transforms Thread 7" [_thread_blocked, id=30940, stack(0x0000003ec3400000,0x0000003ec3500000)]
  0x000001c7c8e46800 JavaThread "jar transforms Thread 8" [_thread_blocked, id=32516, stack(0x0000003ec3500000,0x0000003ec3600000)]
  0x000001c7c8e44000 JavaThread "Memory manager" [_thread_blocked, id=33076, stack(0x0000003ec3600000,0x0000003ec3700000)]
  0x000001c7c8e45800 JavaThread "build event listener" [_thread_blocked, id=32484, stack(0x0000003ec3700000,0x0000003ec3800000)]
  0x000001c7c8e43800 JavaThread "Execution worker for ':'" [_thread_blocked, id=33584, stack(0x0000003ec3800000,0x0000003ec3900000)]
  0x000001c7c8e4a800 JavaThread "Execution worker for ':' Thread 2" [_thread_blocked, id=3668, stack(0x0000003ec3900000,0x0000003ec3a00000)]
  0x000001c7c8e48000 JavaThread "Execution worker for ':' Thread 3" [_thread_blocked, id=33596, stack(0x0000003ec3a00000,0x0000003ec3b00000)]
  0x000001c7c8e4a000 JavaThread "Execution worker for ':' Thread 4" [_thread_blocked, id=33468, stack(0x0000003ec3b00000,0x0000003ec3c00000)]
  0x000001c7c8e47800 JavaThread "Execution worker for ':' Thread 5" [_thread_blocked, id=32500, stack(0x0000003ec3c00000,0x0000003ec3d00000)]
  0x000001c7cfd8e800 JavaThread "Execution worker for ':' Thread 6" [_thread_blocked, id=13696, stack(0x0000003ec3d00000,0x0000003ec3e00000)]
  0x000001c7cfd8f800 JavaThread "Execution worker for ':' Thread 7" [_thread_blocked, id=4536, stack(0x0000003ec3e00000,0x0000003ec3f00000)]
  0x000001c7cfd8e000 JavaThread "Cache worker for execution history cache (D:\project\MyApplication_login_test\.gradle\7.2\executionHistory)" [_thread_blocked, id=30716, stack(0x0000003ec3f00000,0x0000003ec4000000)]
  0x000001c7cfd8a000 JavaThread "WorkerExecutor Queue" [_thread_blocked, id=29660, stack(0x0000003ec4000000,0x0000003ec4100000)]

Other Threads:
  0x000001c7c183f800 VMThread "VM Thread" [stack: 0x0000003ebb300000,0x0000003ebb400000] [id=31032]
  0x000001c7c2305000 WatcherThread [stack: 0x0000003ebbd00000,0x0000003ebbe00000] [id=32700]
  0x000001c7a73ba800 GCTaskThread "GC Thread#0" [stack: 0x0000003ebae00000,0x0000003ebaf00000] [id=936]
  0x000001c7c696f000 GCTaskThread "GC Thread#1" [stack: 0x0000003ebc000000,0x0000003ebc100000] [id=31860]
  0x000001c7c2bdf000 GCTaskThread "GC Thread#2" [stack: 0x0000003ebc100000,0x0000003ebc200000] [id=18848]
  0x000001c7c73e0800 GCTaskThread "GC Thread#3" [stack: 0x0000003ebcb00000,0x0000003ebcc00000] [id=29028]
  0x000001c7c7626800 GCTaskThread "GC Thread#4" [stack: 0x0000003ebcc00000,0x0000003ebcd00000] [id=8396]
  0x000001c7c8a0e800 GCTaskThread "GC Thread#5" [stack: 0x0000003ebcd00000,0x0000003ebce00000] [id=15932]
  0x000001c7c8b0e800 GCTaskThread "GC Thread#6" [stack: 0x0000003ebce00000,0x0000003ebcf00000] [id=7512]
  0x000001c7c8939800 GCTaskThread "GC Thread#7" [stack: 0x0000003ebcf00000,0x0000003ebd000000] [id=32980]
  0x000001c7a73eb800 ConcurrentGCThread "G1 Main Marker" [stack: 0x0000003ebaf00000,0x0000003ebb000000] [id=28488]
  0x000001c7a73ed000 ConcurrentGCThread "G1 Conc#0" [stack: 0x0000003ebb000000,0x0000003ebb100000] [id=28480]
  0x000001c7c9072800 ConcurrentGCThread "G1 Conc#1" [stack: 0x0000003ebd300000,0x0000003ebd400000] [id=18980]
  0x000001c7c1690800 ConcurrentGCThread "G1 Refine#0" [stack: 0x0000003ebb100000,0x0000003ebb200000] [id=31760]
  0x000001c7c1691800 ConcurrentGCThread "G1 Young RemSet Sampling" [stack: 0x0000003ebb200000,0x0000003ebb300000] [id=32680]

Threads with active compile tasks:
C2 CompilerThread0  15229 8755       4       com.google.common.collect.Interners$InternerImpl::intern (50 bytes)
C1 CompilerThread0  15230 8883   !   3       java.util.concurrent.ThreadPoolExecutor::getTask (177 bytes)
C2 CompilerThread1  15230 8096 %     4       org.gradle.internal.instantiation.generator.AbstractClassGenerator::inspectType @ 341 (560 bytes)

VM state:not at safepoint (normal execution)

VM Mutex/Monitor currently owned by a thread:  ([mutex/lock_event])
[0x000001c7a739a890] Heap_lock - owner thread: 0x0000000000000000

Heap address: 0x0000000080000000, size: 2048 MB, Compressed Oops mode: 32-bit
Narrow klass base: 0x0000000000000000, Narrow klass shift: 3
Compressed class space size: 1073741824 Address: 0x0000000100000000

Heap:
 garbage-first heap   total 157696K, used 97973K [0x0000000080000000, 0x0000000100000000)
  region size 1024K, 41 young (41984K), 8 survivors (8192K)
 Metaspace       used 81787K, capacity 83981K, committed 84136K, reserved 1122304K
  class space    used 10728K, capacity 11577K, committed 11648K, reserved 1048576K
Heap Regions: E=young(eden), S=young(survivor), O=old, HS=humongous(starts), HC=humongous(continues), CS=collection set, F=free, A=archive, TAMS=top-at-mark-start (previous, next)
|   0|0x0000000080000000, 0x0000000080100000, 0x0000000080100000|100%| O|  |TAMS 0x0000000080100000, 0x0000000080000000| Untracked 
|   1|0x0000000080100000, 0x0000000080200000, 0x0000000080200000|100%| O|  |TAMS 0x0000000080200000, 0x0000000080100000| Untracked 
|   2|0x0000000080200000, 0x0000000080300000, 0x0000000080300000|100%| O|  |TAMS 0x0000000080300000, 0x0000000080200000| Untracked 
|   3|0x0000000080300000, 0x0000000080400000, 0x0000000080400000|100%|HS|  |TAMS 0x0000000080400000, 0x0000000080300000| Complete 
|   4|0x0000000080400000, 0x0000000080500000, 0x0000000080500000|100%|HC|  |TAMS 0x0000000080500000, 0x0000000080400000| Complete 
|   5|0x0000000080500000, 0x0000000080600000, 0x0000000080600000|100%|HC|  |TAMS 0x0000000080600000, 0x0000000080500000| Complete 
|   6|0x0000000080600000, 0x0000000080700000, 0x0000000080700000|100%| O|  |TAMS 0x0000000080700000, 0x0000000080600000| Untracked 
|   7|0x0000000080700000, 0x0000000080800000, 0x0000000080800000|100%| O|  |TAMS 0x0000000080800000, 0x0000000080700000| Untracked 
|   8|0x0000000080800000, 0x0000000080900000, 0x0000000080900000|100%| O|  |TAMS 0x0000000080900000, 0x0000000080800000| Untracked 
|   9|0x0000000080900000, 0x0000000080a00000, 0x0000000080a00000|100%| O|  |TAMS 0x0000000080a00000, 0x0000000080900000| Untracked 
|  10|0x0000000080a00000, 0x0000000080b00000, 0x0000000080b00000|100%| O|  |TAMS 0x0000000080b00000, 0x0000000080a00000| Untracked 
|  11|0x0000000080b00000, 0x0000000080c00000, 0x0000000080c00000|100%| O|  |TAMS 0x0000000080c00000, 0x0000000080b00000| Untracked 
|  12|0x0000000080c00000, 0x0000000080d00000, 0x0000000080d00000|100%| O|  |TAMS 0x0000000080d00000, 0x0000000080c00000| Untracked 
|  13|0x0000000080d00000, 0x0000000080e00000, 0x0000000080e00000|100%| O|  |TAMS 0x0000000080e00000, 0x0000000080d00000| Untracked 
|  14|0x0000000080e00000, 0x0000000080f00000, 0x0000000080f00000|100%| O|  |TAMS 0x0000000080f00000, 0x0000000080e00000| Untracked 
|  15|0x0000000080f00000, 0x0000000081000000, 0x0000000081000000|100%| O|  |TAMS 0x0000000081000000, 0x0000000080f00000| Untracked 
|  16|0x0000000081000000, 0x0000000081100000, 0x0000000081100000|100%| O|  |TAMS 0x0000000081100000, 0x0000000081000000| Untracked 
|  17|0x0000000081100000, 0x0000000081200000, 0x0000000081200000|100%| O|  |TAMS 0x0000000081200000, 0x0000000081100000| Untracked 
|  18|0x0000000081200000, 0x0000000081300000, 0x0000000081300000|100%| O|  |TAMS 0x0000000081300000, 0x0000000081200000| Untracked 
|  19|0x0000000081300000, 0x0000000081400000, 0x0000000081400000|100%| O|  |TAMS 0x0000000081400000, 0x0000000081300000| Untracked 
|  20|0x0000000081400000, 0x0000000081500000, 0x0000000081500000|100%| O|  |TAMS 0x0000000081500000, 0x0000000081400000| Untracked 
|  21|0x0000000081500000, 0x0000000081600000, 0x0000000081600000|100%| O|  |TAMS 0x0000000081600000, 0x0000000081500000| Untracked 
|  22|0x0000000081600000, 0x0000000081700000, 0x0000000081700000|100%| O|  |TAMS 0x0000000081700000, 0x0000000081600000| Untracked 
|  23|0x0000000081700000, 0x0000000081800000, 0x0000000081800000|100%| O|  |TAMS 0x0000000081800000, 0x0000000081700000| Untracked 
|  24|0x0000000081800000, 0x0000000081900000, 0x0000000081900000|100%| O|  |TAMS 0x0000000081900000, 0x0000000081800000| Untracked 
|  25|0x0000000081900000, 0x0000000081a00000, 0x0000000081a00000|100%| O|  |TAMS 0x0000000081a00000, 0x0000000081900000| Untracked 
|  26|0x0000000081a00000, 0x0000000081b00000, 0x0000000081b00000|100%|HS|  |TAMS 0x0000000081b00000, 0x0000000081a00000| Complete 
|  27|0x0000000081b00000, 0x0000000081c00000, 0x0000000081c00000|100%|HS|  |TAMS 0x0000000081c00000, 0x0000000081b00000| Complete 
|  28|0x0000000081c00000, 0x0000000081d00000, 0x0000000081d00000|100%|HS|  |TAMS 0x0000000081d00000, 0x0000000081c00000| Complete 
|  29|0x0000000081d00000, 0x0000000081e00000, 0x0000000081e00000|100%|HS|  |TAMS 0x0000000081e00000, 0x0000000081d00000| Complete 
|  30|0x0000000081e00000, 0x0000000081f00000, 0x0000000081f00000|100%|HC|  |TAMS 0x0000000081f00000, 0x0000000081e00000| Complete 
|  31|0x0000000081f00000, 0x0000000082000000, 0x0000000082000000|100%| O|  |TAMS 0x0000000082000000, 0x0000000081f00000| Untracked 
|  32|0x0000000082000000, 0x0000000082100000, 0x0000000082100000|100%| O|  |TAMS 0x0000000082100000, 0x0000000082000000| Untracked 
|  33|0x0000000082100000, 0x0000000082200000, 0x0000000082200000|100%| O|  |TAMS 0x0000000082200000, 0x0000000082100000| Untracked 
|  34|0x0000000082200000, 0x0000000082300000, 0x0000000082300000|100%| O|  |TAMS 0x0000000082300000, 0x0000000082200000| Untracked 
|  35|0x0000000082300000, 0x0000000082400000, 0x0000000082400000|100%| O|  |TAMS 0x0000000082400000, 0x0000000082300000| Untracked 
|  36|0x0000000082400000, 0x0000000082500000, 0x0000000082500000|100%| O|  |TAMS 0x0000000082500000, 0x0000000082400000| Untracked 
|  37|0x0000000082500000, 0x0000000082600000, 0x0000000082600000|100%| O|  |TAMS 0x0000000082600000, 0x0000000082500000| Untracked 
|  38|0x0000000082600000, 0x0000000082700000, 0x0000000082700000|100%| O|  |TAMS 0x0000000082700000, 0x0000000082600000| Untracked 
|  39|0x0000000082700000, 0x0000000082800000, 0x0000000082800000|100%| O|  |TAMS 0x0000000082800000, 0x0000000082700000| Untracked 
|  40|0x0000000082800000, 0x0000000082900000, 0x0000000082900000|100%| O|  |TAMS 0x0000000082900000, 0x0000000082800000| Untracked 
|  41|0x0000000082900000, 0x0000000082a00000, 0x0000000082a00000|100%| O|  |TAMS 0x0000000082a00000, 0x0000000082900000| Untracked 
|  42|0x0000000082a00000, 0x0000000082b00000, 0x0000000082b00000|100%| O|  |TAMS 0x0000000082b00000, 0x0000000082a00000| Untracked 
|  43|0x0000000082b00000, 0x0000000082c00000, 0x0000000082c00000|100%| O|  |TAMS 0x0000000082b43000, 0x0000000082b00000| Untracked 
|  44|0x0000000082c00000, 0x0000000082d00000, 0x0000000082d00000|100%| O|  |TAMS 0x0000000082c00000, 0x0000000082c00000| Untracked 
|  45|0x0000000082d00000, 0x0000000082e00000, 0x0000000082e00000|100%| O|  |TAMS 0x0000000082d00000, 0x0000000082d00000| Untracked 
|  46|0x0000000082e00000, 0x0000000082f00000, 0x0000000082f00000|100%| O|  |TAMS 0x0000000082e00000, 0x0000000082e00000| Untracked 
|  47|0x0000000082f00000, 0x0000000083000000, 0x0000000083000000|100%| O|  |TAMS 0x0000000082f00000, 0x0000000082f00000| Untracked 
|  48|0x0000000083000000, 0x0000000083100000, 0x0000000083100000|100%| O|  |TAMS 0x0000000083000000, 0x0000000083000000| Untracked 
|  49|0x0000000083100000, 0x0000000083200000, 0x0000000083200000|100%| O|  |TAMS 0x0000000083100000, 0x0000000083100000| Untracked 
|  50|0x0000000083200000, 0x0000000083300000, 0x0000000083300000|100%| O|  |TAMS 0x0000000083200000, 0x0000000083200000| Untracked 
|  51|0x0000000083300000, 0x0000000083400000, 0x0000000083400000|100%| O|  |TAMS 0x0000000083300000, 0x0000000083300000| Untracked 
|  52|0x0000000083400000, 0x0000000083500000, 0x0000000083500000|100%| O|  |TAMS 0x0000000083400000, 0x0000000083400000| Untracked 
|  53|0x0000000083500000, 0x0000000083600000, 0x0000000083600000|100%| O|  |TAMS 0x0000000083500000, 0x0000000083500000| Untracked 
|  54|0x0000000083600000, 0x0000000083700000, 0x0000000083700000|100%| O|  |TAMS 0x0000000083600000, 0x0000000083600000| Untracked 
|  55|0x0000000083700000, 0x0000000083800000, 0x0000000083800000|100%| O|  |TAMS 0x0000000083700000, 0x0000000083700000| Untracked 
|  56|0x0000000083800000, 0x0000000083900000, 0x0000000083900000|100%| O|  |TAMS 0x0000000083800000, 0x0000000083800000| Untracked 
|  57|0x0000000083900000, 0x0000000083984000, 0x0000000083a00000| 51%| O|  |TAMS 0x0000000083900000, 0x0000000083900000| Untracked 
|  58|0x0000000083a00000, 0x0000000083a00000, 0x0000000083b00000|  0%| F|  |TAMS 0x0000000083a00000, 0x0000000083a00000| Untracked 
|  59|0x0000000083b00000, 0x0000000083b00000, 0x0000000083c00000|  0%| F|  |TAMS 0x0000000083b00000, 0x0000000083b00000| Untracked 
|  60|0x0000000083c00000, 0x0000000083c00000, 0x0000000083d00000|  0%| F|  |TAMS 0x0000000083c00000, 0x0000000083c00000| Untracked 
|  61|0x0000000083d00000, 0x0000000083d00000, 0x0000000083e00000|  0%| F|  |TAMS 0x0000000083d00000, 0x0000000083d00000| Untracked 
|  62|0x0000000083e00000, 0x0000000083e00000, 0x0000000083f00000|  0%| F|  |TAMS 0x0000000083e00000, 0x0000000083e00000| Untracked 
|  63|0x0000000083f00000, 0x0000000083f00000, 0x0000000084000000|  0%| F|  |TAMS 0x0000000083f00000, 0x0000000083f00000| Untracked 
|  64|0x0000000084000000, 0x0000000084000000, 0x0000000084100000|  0%| F|  |TAMS 0x0000000084000000, 0x0000000084000000| Untracked 
|  65|0x0000000084100000, 0x0000000084100000, 0x0000000084200000|  0%| F|  |TAMS 0x0000000084100000, 0x0000000084100000| Untracked 
|  66|0x0000000084200000, 0x0000000084200000, 0x0000000084300000|  0%| F|  |TAMS 0x0000000084200000, 0x0000000084200000| Untracked 
|  67|0x0000000084300000, 0x0000000084300000, 0x0000000084400000|  0%| F|  |TAMS 0x0000000084300000, 0x0000000084300000| Untracked 
|  68|0x0000000084400000, 0x0000000084400000, 0x0000000084500000|  0%| F|  |TAMS 0x0000000084400000, 0x0000000084400000| Untracked 
|  69|0x0000000084500000, 0x0000000084500000, 0x0000000084600000|  0%| F|  |TAMS 0x0000000084500000, 0x0000000084500000| Untracked 
|  70|0x0000000084600000, 0x0000000084600000, 0x0000000084700000|  0%| F|  |TAMS 0x0000000084600000, 0x0000000084600000| Untracked 
|  71|0x0000000084700000, 0x0000000084700000, 0x0000000084800000|  0%| F|  |TAMS 0x0000000084700000, 0x0000000084700000| Untracked 
|  72|0x0000000084800000, 0x0000000084800000, 0x0000000084900000|  0%| F|  |TAMS 0x0000000084800000, 0x0000000084800000| Untracked 
|  73|0x0000000084900000, 0x0000000084900000, 0x0000000084a00000|  0%| F|  |TAMS 0x0000000084900000, 0x0000000084900000| Untracked 
|  74|0x0000000084a00000, 0x0000000084a00000, 0x0000000084b00000|  0%| F|  |TAMS 0x0000000084a00000, 0x0000000084a00000| Untracked 
|  75|0x0000000084b00000, 0x0000000084b00000, 0x0000000084c00000|  0%| F|  |TAMS 0x0000000084b00000, 0x0000000084b00000| Untracked 
|  76|0x0000000084c00000, 0x0000000084c00000, 0x0000000084d00000|  0%| F|  |TAMS 0x0000000084c00000, 0x0000000084c00000| Untracked 
|  77|0x0000000084d00000, 0x0000000084d00000, 0x0000000084e00000|  0%| F|  |TAMS 0x0000000084d00000, 0x0000000084d00000| Untracked 
|  78|0x0000000084e00000, 0x0000000084e00000, 0x0000000084f00000|  0%| F|  |TAMS 0x0000000084e00000, 0x0000000084e00000| Untracked 
|  79|0x0000000084f00000, 0x0000000084f00000, 0x0000000085000000|  0%| F|  |TAMS 0x0000000084f00000, 0x0000000084f00000| Untracked 
|  80|0x0000000085000000, 0x0000000085000000, 0x0000000085100000|  0%| F|  |TAMS 0x0000000085000000, 0x0000000085000000| Untracked 
|  81|0x0000000085100000, 0x0000000085100000, 0x0000000085200000|  0%| F|  |TAMS 0x0000000085100000, 0x0000000085100000| Untracked 
|  82|0x0000000085200000, 0x0000000085200000, 0x0000000085300000|  0%| F|  |TAMS 0x0000000085200000, 0x0000000085200000| Untracked 
|  83|0x0000000085300000, 0x0000000085300000, 0x0000000085400000|  0%| F|  |TAMS 0x0000000085300000, 0x0000000085300000| Untracked 
|  84|0x0000000085400000, 0x0000000085400000, 0x0000000085500000|  0%| F|  |TAMS 0x0000000085400000, 0x0000000085400000| Untracked 
|  85|0x0000000085500000, 0x0000000085500000, 0x0000000085600000|  0%| F|  |TAMS 0x0000000085500000, 0x0000000085500000| Untracked 
|  86|0x0000000085600000, 0x0000000085600000, 0x0000000085700000|  0%| F|  |TAMS 0x0000000085600000, 0x0000000085600000| Untracked 
|  87|0x0000000085700000, 0x0000000085700000, 0x0000000085800000|  0%| F|  |TAMS 0x0000000085700000, 0x0000000085700000| Untracked 
|  88|0x0000000085800000, 0x0000000085829488, 0x0000000085900000| 16%| S|CS|TAMS 0x0000000085800000, 0x0000000085800000| Complete 
|  89|0x0000000085900000, 0x0000000085900000, 0x0000000085a00000|  0%| F|  |TAMS 0x0000000085900000, 0x0000000085900000| Untracked 
|  90|0x0000000085a00000, 0x0000000085a00000, 0x0000000085b00000|  0%| F|  |TAMS 0x0000000085a00000, 0x0000000085a00000| Untracked 
|  91|0x0000000085b00000, 0x0000000085c00000, 0x0000000085c00000|100%| S|CS|TAMS 0x0000000085b00000, 0x0000000085b00000| Complete 
|  92|0x0000000085c00000, 0x0000000085d00000, 0x0000000085d00000|100%| S|CS|TAMS 0x0000000085c00000, 0x0000000085c00000| Complete 
|  93|0x0000000085d00000, 0x0000000085e00000, 0x0000000085e00000|100%| S|CS|TAMS 0x0000000085d00000, 0x0000000085d00000| Complete 
|  94|0x0000000085e00000, 0x0000000085f00000, 0x0000000085f00000|100%| S|CS|TAMS 0x0000000085e00000, 0x0000000085e00000| Complete 
|  95|0x0000000085f00000, 0x0000000086000000, 0x0000000086000000|100%| S|CS|TAMS 0x0000000085f00000, 0x0000000085f00000| Complete 
|  96|0x0000000086000000, 0x0000000086100000, 0x0000000086100000|100%| S|CS|TAMS 0x0000000086000000, 0x0000000086000000| Complete 
|  97|0x0000000086100000, 0x0000000086200000, 0x0000000086200000|100%| S|CS|TAMS 0x0000000086100000, 0x0000000086100000| Complete 
|  98|0x0000000086200000, 0x0000000086200000, 0x0000000086300000|  0%| F|  |TAMS 0x0000000086200000, 0x0000000086200000| Untracked 
|  99|0x0000000086300000, 0x0000000086300000, 0x0000000086400000|  0%| F|  |TAMS 0x0000000086300000, 0x0000000086300000| Untracked 
| 100|0x0000000086400000, 0x0000000086400000, 0x0000000086500000|  0%| F|  |TAMS 0x0000000086400000, 0x0000000086400000| Untracked 
| 101|0x0000000086500000, 0x0000000086500000, 0x0000000086600000|  0%| F|  |TAMS 0x0000000086500000, 0x0000000086500000| Untracked 
| 102|0x0000000086600000, 0x0000000086600000, 0x0000000086700000|  0%| F|  |TAMS 0x0000000086600000, 0x0000000086600000| Untracked 
| 103|0x0000000086700000, 0x0000000086700000, 0x0000000086800000|  0%| F|  |TAMS 0x0000000086700000, 0x0000000086700000| Untracked 
| 104|0x0000000086800000, 0x0000000086800000, 0x0000000086900000|  0%| F|  |TAMS 0x0000000086800000, 0x0000000086800000| Untracked 
| 105|0x0000000086900000, 0x0000000086900000, 0x0000000086a00000|  0%| F|  |TAMS 0x0000000086900000, 0x0000000086900000| Untracked 
| 106|0x0000000086a00000, 0x0000000086a00000, 0x0000000086b00000|  0%| F|  |TAMS 0x0000000086a00000, 0x0000000086a00000| Untracked 
| 107|0x0000000086b00000, 0x0000000086b00000, 0x0000000086c00000|  0%| F|  |TAMS 0x0000000086b00000, 0x0000000086b00000| Untracked 
| 108|0x0000000086c00000, 0x0000000086c00000, 0x0000000086d00000|  0%| F|  |TAMS 0x0000000086c00000, 0x0000000086c00000| Untracked 
| 109|0x0000000086d00000, 0x0000000086d00000, 0x0000000086e00000|  0%| F|  |TAMS 0x0000000086d00000, 0x0000000086d00000| Untracked 
| 110|0x0000000086e00000, 0x0000000086e00000, 0x0000000086f00000|  0%| F|  |TAMS 0x0000000086e00000, 0x0000000086e00000| Untracked 
| 111|0x0000000086f00000, 0x0000000086f00000, 0x0000000087000000|  0%| F|  |TAMS 0x0000000086f00000, 0x0000000086f00000| Untracked 
| 112|0x0000000087000000, 0x0000000087000000, 0x0000000087100000|  0%| F|  |TAMS 0x0000000087000000, 0x0000000087000000| Untracked 
| 113|0x0000000087100000, 0x0000000087100000, 0x0000000087200000|  0%| F|  |TAMS 0x0000000087100000, 0x0000000087100000| Untracked 
| 114|0x0000000087200000, 0x0000000087200000, 0x0000000087300000|  0%| F|  |TAMS 0x0000000087200000, 0x0000000087200000| Untracked 
| 115|0x0000000087300000, 0x0000000087300000, 0x0000000087400000|  0%| F|  |TAMS 0x0000000087300000, 0x0000000087300000| Untracked 
| 116|0x0000000087400000, 0x0000000087400000, 0x0000000087500000|  0%| F|  |TAMS 0x0000000087400000, 0x0000000087400000| Untracked 
| 117|0x0000000087500000, 0x0000000087500000, 0x0000000087600000|  0%| F|  |TAMS 0x0000000087500000, 0x0000000087500000| Untracked 
| 118|0x0000000087600000, 0x0000000087600000, 0x0000000087700000|  0%| F|  |TAMS 0x0000000087600000, 0x0000000087600000| Untracked 
| 119|0x0000000087700000, 0x0000000087700000, 0x0000000087800000|  0%| F|  |TAMS 0x0000000087700000, 0x0000000087700000| Untracked 
| 120|0x0000000087800000, 0x0000000087800000, 0x0000000087900000|  0%| F|  |TAMS 0x0000000087800000, 0x0000000087800000| Untracked 
| 121|0x0000000087900000, 0x0000000087a00000, 0x0000000087a00000|100%| E|CS|TAMS 0x0000000087900000, 0x0000000087900000| Complete 
| 122|0x0000000087a00000, 0x0000000087b00000, 0x0000000087b00000|100%| E|  |TAMS 0x0000000087a00000, 0x0000000087a00000| Complete 
| 123|0x0000000087b00000, 0x0000000087c00000, 0x0000000087c00000|100%| E|CS|TAMS 0x0000000087b00000, 0x0000000087b00000| Complete 
| 124|0x0000000087c00000, 0x0000000087d00000, 0x0000000087d00000|100%| E|CS|TAMS 0x0000000087c00000, 0x0000000087c00000| Complete 
| 125|0x0000000087d00000, 0x0000000087e00000, 0x0000000087e00000|100%| E|CS|TAMS 0x0000000087d00000, 0x0000000087d00000| Complete 
| 126|0x0000000087e00000, 0x0000000087f00000, 0x0000000087f00000|100%| E|CS|TAMS 0x0000000087e00000, 0x0000000087e00000| Complete 
| 127|0x0000000087f00000, 0x0000000088000000, 0x0000000088000000|100%| E|CS|TAMS 0x0000000087f00000, 0x0000000087f00000| Complete 
| 128|0x0000000088000000, 0x0000000088100000, 0x0000000088100000|100%| E|CS|TAMS 0x0000000088000000, 0x0000000088000000| Complete 
| 129|0x0000000088100000, 0x0000000088200000, 0x0000000088200000|100%| E|CS|TAMS 0x0000000088100000, 0x0000000088100000| Complete 
| 130|0x0000000088200000, 0x0000000088300000, 0x0000000088300000|100%| E|CS|TAMS 0x0000000088200000, 0x0000000088200000| Complete 
| 131|0x0000000088300000, 0x0000000088400000, 0x0000000088400000|100%| E|CS|TAMS 0x0000000088300000, 0x0000000088300000| Complete 
| 132|0x0000000088400000, 0x0000000088500000, 0x0000000088500000|100%| E|CS|TAMS 0x0000000088400000, 0x0000000088400000| Complete 
| 133|0x0000000088500000, 0x0000000088600000, 0x0000000088600000|100%| E|CS|TAMS 0x0000000088500000, 0x0000000088500000| Complete 
| 134|0x0000000088600000, 0x0000000088700000, 0x0000000088700000|100%| E|CS|TAMS 0x0000000088600000, 0x0000000088600000| Complete 
| 135|0x0000000088700000, 0x0000000088800000, 0x0000000088800000|100%| E|CS|TAMS 0x0000000088700000, 0x0000000088700000| Complete 
| 136|0x0000000088800000, 0x0000000088900000, 0x0000000088900000|100%| E|CS|TAMS 0x0000000088800000, 0x0000000088800000| Complete 
| 137|0x0000000088900000, 0x0000000088a00000, 0x0000000088a00000|100%| E|CS|TAMS 0x0000000088900000, 0x0000000088900000| Complete 
| 138|0x0000000088a00000, 0x0000000088b00000, 0x0000000088b00000|100%| E|CS|TAMS 0x0000000088a00000, 0x0000000088a00000| Complete 
| 139|0x0000000088b00000, 0x0000000088c00000, 0x0000000088c00000|100%| E|CS|TAMS 0x0000000088b00000, 0x0000000088b00000| Complete 
| 140|0x0000000088c00000, 0x0000000088d00000, 0x0000000088d00000|100%| E|CS|TAMS 0x0000000088c00000, 0x0000000088c00000| Complete 
| 141|0x0000000088d00000, 0x0000000088e00000, 0x0000000088e00000|100%| E|CS|TAMS 0x0000000088d00000, 0x0000000088d00000| Complete 
| 142|0x0000000088e00000, 0x0000000088f00000, 0x0000000088f00000|100%| E|CS|TAMS 0x0000000088e00000, 0x0000000088e00000| Complete 
| 143|0x0000000088f00000, 0x0000000089000000, 0x0000000089000000|100%| E|CS|TAMS 0x0000000088f00000, 0x0000000088f00000| Complete 
| 144|0x0000000089000000, 0x0000000089100000, 0x0000000089100000|100%| E|CS|TAMS 0x0000000089000000, 0x0000000089000000| Complete 
| 145|0x0000000089100000, 0x0000000089200000, 0x0000000089200000|100%| E|CS|TAMS 0x0000000089100000, 0x0000000089100000| Complete 
| 146|0x0000000089200000, 0x0000000089300000, 0x0000000089300000|100%| E|CS|TAMS 0x0000000089200000, 0x0000000089200000| Complete 
| 147|0x0000000089300000, 0x0000000089400000, 0x0000000089400000|100%| E|CS|TAMS 0x0000000089300000, 0x0000000089300000| Complete 
| 148|0x0000000089400000, 0x0000000089500000, 0x0000000089500000|100%| E|CS|TAMS 0x0000000089400000, 0x0000000089400000| Complete 
| 149|0x0000000089500000, 0x0000000089600000, 0x0000000089600000|100%| E|CS|TAMS 0x0000000089500000, 0x0000000089500000| Complete 
| 150|0x0000000089600000, 0x0000000089700000, 0x0000000089700000|100%| E|CS|TAMS 0x0000000089600000, 0x0000000089600000| Complete 
| 151|0x0000000089700000, 0x0000000089800000, 0x0000000089800000|100%| E|CS|TAMS 0x0000000089700000, 0x0000000089700000| Complete 
| 152|0x0000000089800000, 0x0000000089900000, 0x0000000089900000|100%| E|CS|TAMS 0x0000000089800000, 0x0000000089800000| Complete 
| 153|0x0000000089900000, 0x0000000089a00000, 0x0000000089a00000|100%| E|CS|TAMS 0x0000000089900000, 0x0000000089900000| Complete 

Card table byte_map: [0x000001c7ba5d0000,0x000001c7ba9d0000] _byte_map_base: 0x000001c7ba1d0000

Marking Bits (Prev, Next): (CMBitMap*) 0x000001c7a73e2890, (CMBitMap*) 0x000001c7a73e2858
 Prev Bits: [0x000001c7bcdd0000, 0x000001c7bedd0000)
 Next Bits: [0x000001c7badd0000, 0x000001c7bcdd0000)

Polling page: 0x000001c7a6b80000

Metaspace:

Usage:
  Non-class:     70.77 MB capacity,    69.41 MB ( 98%) used,     1.12 MB (  2%) free+waste,   246.38 KB ( <1%) overhead. 
      Class:     11.31 MB capacity,    10.48 MB ( 93%) used,   732.91 KB (  6%) free+waste,   115.31 KB ( <1%) overhead. 
       Both:     82.08 MB capacity,    79.89 MB ( 97%) used,     1.83 MB (  2%) free+waste,   361.69 KB ( <1%) overhead. 

Virtual space:
  Non-class space:       72.00 MB reserved,      70.79 MB ( 98%) committed 
      Class space:        1.00 GB reserved,      11.38 MB (  1%) committed 
             Both:        1.07 GB reserved,      82.16 MB (  7%) committed 

Chunk freelists:
   Non-Class:  20.00 KB
       Class:  7.00 KB
        Both:  27.00 KB

MaxMetaspaceSize: 17179869184.00 GB
CompressedClassSpaceSize: 1.00 GB

CodeHeap 'non-profiled nmethods': size=120000Kb used=4641Kb max_used=4641Kb free=115358Kb
 bounds [0x000001c7b2970000, 0x000001c7b2e00000, 0x000001c7b9ea0000]
CodeHeap 'profiled nmethods': size=120000Kb used=18870Kb max_used=18870Kb free=101129Kb
 bounds [0x000001c7ab440000, 0x000001c7ac6b0000, 0x000001c7b2970000]
CodeHeap 'non-nmethods': size=5760Kb used=2278Kb max_used=2325Kb free=3481Kb
 bounds [0x000001c7aaea0000, 0x000001c7ab110000, 0x000001c7ab440000]
 total_blobs=9678 nmethods=8802 adapters=787
 compilation: enabled
              stopped_count=0, restarted_count=0
 full_count=0

Compilation events (20 events):
Event: 15.137 Thread 0x000001c7c1871800 8800       3       java.lang.StackTraceElement::toString (322 bytes)
Event: 15.141 Thread 0x000001c7c1870000 nmethod 8779% 0x000001c7b2df2390 code [0x000001c7b2df2560, 0x000001c7b2df2e18]
Event: 15.141 Thread 0x000001c7c1870000 8768       4       java.util.AbstractQueue::add (20 bytes)
Event: 15.142 Thread 0x000001c7c1870000 nmethod 8768 0x000001c7b2df3310 code [0x000001c7b2df34a0, 0x000001c7b2df3538]
Event: 15.142 Thread 0x000001c7c1870000 8755       4       com.google.common.collect.Interners$InternerImpl::intern (50 bytes)
Event: 15.142 Thread 0x000001c7c1871800 nmethod 8800 0x000001c7ac672c90 code [0x000001c7ac6733e0, 0x000001c7ac676fd8]
Event: 15.143 Thread 0x000001c7c1871800 8801       3       java.lang.StackTraceElement::dropClassLoaderName (16 bytes)
Event: 15.143 Thread 0x000001c7c1871800 nmethod 8801 0x000001c7ac678290 code [0x000001c7ac678440, 0x000001c7ac678598]
Event: 15.143 Thread 0x000001c7c1871800 8802       3       java.lang.StackTraceElement::isNativeMethod (15 bytes)
Event: 15.143 Thread 0x000001c7c1871800 nmethod 8802 0x000001c7ac678610 code [0x000001c7ac6787c0, 0x000001c7ac678918]
Event: 15.143 Thread 0x000001c7c1871800 8804       3       jdk.internal.reflect.ClassFileAssembler::<init> (8 bytes)
Event: 15.143 Thread 0x000001c7c1871800 nmethod 8804 0x000001c7ac678990 code [0x000001c7ac678b80, 0x000001c7ac679098]
Event: 15.143 Thread 0x000001c7c1871800 8805       3       jdk.internal.reflect.ClassFileAssembler::append (9 bytes)
Event: 15.144 Thread 0x000001c7c1871800 nmethod 8805 0x000001c7ac679290 code [0x000001c7ac6794a0, 0x000001c7ac679998]
Event: 15.144 Thread 0x000001c7c1871800 8803       3       java.io.ObjectStreamClass::getClassDataLayout (20 bytes)
Event: 15.144 Thread 0x000001c7c1871800 nmethod 8803 0x000001c7ac679c90 code [0x000001c7ac679e40, 0x000001c7ac67a008]
Event: 15.144 Thread 0x000001c7c1871800 8806       1       jdk.internal.reflect.ByteVectorImpl::getData (5 bytes)
Event: 15.144 Thread 0x000001c7c1871800 nmethod 8806 0x000001c7b2df3610 code [0x000001c7b2df37c0, 0x000001c7b2df3878]
Event: 15.146 Thread 0x000001c7c1871800 8807       1       java.io.ObjectStreamField::getOffset (5 bytes)
Event: 15.146 Thread 0x000001c7c1871800 nmethod 8807 0x000001c7b2df3910 code [0x000001c7b2df3ac0, 0x000001c7b2df3b78]

GC Heap History (20 events):
Event: 7.411 GC heap before
{Heap before GC invocations=9 (full 0):
 garbage-first heap   total 131072K, used 76556K [0x0000000080000000, 0x0000000100000000)
  region size 1024K, 55 young (56320K), 7 survivors (7168K)
 Metaspace       used 43360K, capacity 44416K, committed 44572K, reserved 1087488K
  class space    used 5515K, capacity 5908K, committed 6016K, reserved 1048576K
}
Event: 7.420 GC heap after
{Heap after GC invocations=10 (full 0):
 garbage-first heap   total 131072K, used 28780K [0x0000000080000000, 0x0000000100000000)
  region size 1024K, 6 young (6144K), 6 survivors (6144K)
 Metaspace       used 43360K, capacity 44416K, committed 44572K, reserved 1087488K
  class space    used 5515K, capacity 5908K, committed 6016K, reserved 1048576K
}
Event: 8.721 GC heap before
{Heap before GC invocations=10 (full 0):
 garbage-first heap   total 131072K, used 79980K [0x0000000080000000, 0x0000000100000000)
  region size 1024K, 56 young (57344K), 6 survivors (6144K)
 Metaspace       used 46955K, capacity 48069K, committed 48156K, reserved 1091584K
  class space    used 6029K, capacity 6467K, committed 6528K, reserved 1048576K
}
Event: 8.728 GC heap after
{Heap after GC invocations=11 (full 0):
 garbage-first heap   total 131072K, used 31671K [0x0000000080000000, 0x0000000100000000)
  region size 1024K, 6 young (6144K), 6 survivors (6144K)
 Metaspace       used 46955K, capacity 48069K, committed 48156K, reserved 1091584K
  class space    used 6029K, capacity 6467K, committed 6528K, reserved 1048576K
}
Event: 9.758 GC heap before
{Heap before GC invocations=11 (full 0):
 garbage-first heap   total 131072K, used 89015K [0x0000000080000000, 0x0000000100000000)
  region size 1024K, 58 young (59392K), 6 survivors (6144K)
 Metaspace       used 49063K, capacity 50294K, committed 50460K, reserved 1093632K
  class space    used 6281K, capacity 6767K, committed 6784K, reserved 1048576K
}
Event: 9.770 GC heap after
{Heap after GC invocations=12 (full 0):
 garbage-first heap   total 131072K, used 43875K [0x0000000080000000, 0x0000000100000000)
  region size 1024K, 8 young (8192K), 8 survivors (8192K)
 Metaspace       used 49063K, capacity 50294K, committed 50460K, reserved 1093632K
  class space    used 6281K, capacity 6767K, committed 6784K, reserved 1048576K
}
Event: 10.497 GC heap before
{Heap before GC invocations=12 (full 0):
 garbage-first heap   total 131072K, used 92003K [0x0000000080000000, 0x0000000100000000)
  region size 1024K, 55 young (56320K), 8 survivors (8192K)
 Metaspace       used 56097K, capacity 57447K, committed 57756K, reserved 1099776K
  class space    used 7119K, capacity 7616K, committed 7680K, reserved 1048576K
}
Event: 10.504 GC heap after
{Heap after GC invocations=13 (full 0):
 garbage-first heap   total 157696K, used 46338K [0x0000000080000000, 0x0000000100000000)
  region size 1024K, 2 young (2048K), 2 survivors (2048K)
 Metaspace       used 56097K, capacity 57447K, committed 57756K, reserved 1099776K
  class space    used 7119K, capacity 7616K, committed 7680K, reserved 1048576K
}
Event: 10.871 GC heap before
{Heap before GC invocations=13 (full 0):
 garbage-first heap   total 157696K, used 68866K [0x0000000080000000, 0x0000000100000000)
  region size 1024K, 25 young (25600K), 2 survivors (2048K)
 Metaspace       used 59059K, capacity 60441K, committed 60572K, reserved 1101824K
  class space    used 7521K, capacity 8078K, committed 8192K, reserved 1048576K
}
Event: 10.877 GC heap after
{Heap after GC invocations=14 (full 0):
 garbage-first heap   total 157696K, used 47556K [0x0000000080000000, 0x0000000100000000)
  region size 1024K, 4 young (4096K), 4 survivors (4096K)
 Metaspace       used 59059K, capacity 60441K, committed 60572K, reserved 1101824K
  class space    used 7521K, capacity 8078K, committed 8192K, reserved 1048576K
}
Event: 11.622 GC heap before
{Heap before GC invocations=15 (full 0):
 garbage-first heap   total 157696K, used 100804K [0x0000000080000000, 0x0000000100000000)
  region size 1024K, 56 young (57344K), 4 survivors (4096K)
 Metaspace       used 64170K, capacity 65597K, committed 65832K, reserved 1105920K
  class space    used 8123K, capacity 8676K, committed 8704K, reserved 1048576K
}
Event: 11.629 GC heap after
{Heap after GC invocations=16 (full 0):
 garbage-first heap   total 157696K, used 51944K [0x0000000080000000, 0x0000000100000000)
  region size 1024K, 7 young (7168K), 7 survivors (7168K)
 Metaspace       used 64170K, capacity 65597K, committed 65832K, reserved 1105920K
  class space    used 8123K, capacity 8676K, committed 8704K, reserved 1048576K
}
Event: 12.217 GC heap before
{Heap before GC invocations=16 (full 0):
 garbage-first heap   total 157696K, used 106216K [0x0000000080000000, 0x0000000100000000)
  region size 1024K, 60 young (61440K), 7 survivors (7168K)
 Metaspace       used 66559K, capacity 68071K, committed 68264K, reserved 1107968K
  class space    used 8489K, capacity 9071K, committed 9088K, reserved 1048576K
}
Event: 12.225 GC heap after
{Heap after GC invocations=17 (full 0):
 garbage-first heap   total 157696K, used 56064K [0x0000000080000000, 0x0000000100000000)
  region size 1024K, 5 young (5120K), 5 survivors (5120K)
 Metaspace       used 66559K, capacity 68071K, committed 68264K, reserved 1107968K
  class space    used 8489K, capacity 9071K, committed 9088K, reserved 1048576K
}
Event: 13.063 GC heap before
{Heap before GC invocations=17 (full 0):
 garbage-first heap   total 157696K, used 110336K [0x0000000080000000, 0x0000000100000000)
  region size 1024K, 58 young (59392K), 5 survivors (5120K)
 Metaspace       used 72084K, capacity 73653K, committed 73896K, reserved 1114112K
  class space    used 9385K, capacity 10021K, committed 10112K, reserved 1048576K
}
Event: 13.070 GC heap after
{Heap after GC invocations=18 (full 0):
 garbage-first heap   total 157696K, used 58957K [0x0000000080000000, 0x0000000100000000)
  region size 1024K, 8 young (8192K), 8 survivors (8192K)
 Metaspace       used 72084K, capacity 73653K, committed 73896K, reserved 1114112K
  class space    used 9385K, capacity 10021K, committed 10112K, reserved 1048576K
}
Event: 13.925 GC heap before
{Heap before GC invocations=18 (full 0):
 garbage-first heap   total 157696K, used 113229K [0x0000000080000000, 0x0000000100000000)
  region size 1024K, 61 young (62464K), 8 survivors (8192K)
 Metaspace       used 77775K, capacity 79571K, committed 79784K, reserved 1118208K
  class space    used 10143K, capacity 10798K, committed 10880K, reserved 1048576K
}
Event: 13.933 GC heap after
{Heap after GC invocations=19 (full 0):
 garbage-first heap   total 157696K, used 62657K [0x0000000080000000, 0x0000000100000000)
  region size 1024K, 8 young (8192K), 8 survivors (8192K)
 Metaspace       used 77775K, capacity 79571K, committed 79784K, reserved 1118208K
  class space    used 10143K, capacity 10798K, committed 10880K, reserved 1048576K
}
Event: 14.636 GC heap before
{Heap before GC invocations=19 (full 0):
 garbage-first heap   total 157696K, used 115905K [0x0000000080000000, 0x0000000100000000)
  region size 1024K, 61 young (62464K), 8 survivors (8192K)
 Metaspace       used 80408K, capacity 82559K, committed 82728K, reserved 1120256K
  class space    used 10611K, capacity 11460K, committed 11520K, reserved 1048576K
}
Event: 14.647 GC heap after
{Heap after GC invocations=20 (full 0):
 garbage-first heap   total 157696K, used 66229K [0x0000000080000000, 0x0000000100000000)
  region size 1024K, 8 young (8192K), 8 survivors (8192K)
 Metaspace       used 80408K, capacity 82559K, committed 82728K, reserved 1120256K
  class space    used 10611K, capacity 11460K, committed 11520K, reserved 1048576K
}

Deoptimization events (20 events):
Event: 14.699 Thread 0x000001c7c97a7800 DEOPT PACKING pc=0x000001c7ac322344 sp=0x0000003ebeafd540
Event: 14.699 Thread 0x000001c7c97a7800 DEOPT UNPACKING pc=0x000001c7aaec6dde sp=0x0000003ebeafcae0 mode 0
Event: 14.780 Thread 0x000001c7cb6d3000 DEOPT PACKING pc=0x000001c7ac322344 sp=0x0000003ebf7fcc10
Event: 14.780 Thread 0x000001c7cb6d3000 DEOPT UNPACKING pc=0x000001c7aaec6dde sp=0x0000003ebf7fc1b0 mode 0
Event: 14.973 Thread 0x000001c7c218d800 Uncommon trap: trap_request=0xffffffc6 fr.pc=0x000001c7b29c1968 relative=0x0000000000002908
Event: 14.973 Thread 0x000001c7c218d800 Uncommon trap: reason=bimorphic_or_optimized_type_check action=maybe_recompile pc=0x000001c7b29c1968 method=java.util.HashMap.putVal(ILjava/lang/Object;Ljava/lang/Object;ZZ)Ljava/lang/Object; @ 203 c2
Event: 14.973 Thread 0x000001c7c218d800 DEOPT PACKING pc=0x000001c7b29c1968 sp=0x0000003ebc6f6350
Event: 14.973 Thread 0x000001c7c218d800 DEOPT UNPACKING pc=0x000001c7aaec662f sp=0x0000003ebc6f6228 mode 2
Event: 15.018 Thread 0x000001c7c8e43800 Uncommon trap: trap_request=0xffffff4d fr.pc=0x000001c7b2de5ca0 relative=0x00000000000004e0
Event: 15.018 Thread 0x000001c7c8e43800 Uncommon trap: reason=unstable_if action=reinterpret pc=0x000001c7b2de5ca0 method=org.gradle.internal.file.DefaultFileHierarchySet$Node.isChildOfOrThis(Ljava/lang/String;I)Z @ 72 c2
Event: 15.018 Thread 0x000001c7c8e43800 DEOPT PACKING pc=0x000001c7b2de5ca0 sp=0x0000003ec38fd120
Event: 15.018 Thread 0x000001c7c8e43800 DEOPT UNPACKING pc=0x000001c7aaec662f sp=0x0000003ec38fd088 mode 2
Event: 15.069 Thread 0x000001c7cfd8a000 Uncommon trap: trap_request=0xffffff4d fr.pc=0x000001c7b2de06c4 relative=0x00000000000019e4
Event: 15.069 Thread 0x000001c7cfd8a000 Uncommon trap: reason=unstable_if action=reinterpret pc=0x000001c7b2de06c4 method=java.util.concurrent.ConcurrentHashMap.putVal(Ljava/lang/Object;Ljava/lang/Object;Z)Ljava/lang/Object; @ 245 c2
Event: 15.069 Thread 0x000001c7cfd8a000 DEOPT PACKING pc=0x000001c7b2de06c4 sp=0x0000003ec40fd310
Event: 15.069 Thread 0x000001c7cfd8a000 DEOPT UNPACKING pc=0x000001c7aaec662f sp=0x0000003ec40fd2a8 mode 2
Event: 15.103 Thread 0x000001c7c218d800 Uncommon trap: trap_request=0xffffffc6 fr.pc=0x000001c7b2ae49d0 relative=0x00000000000008f0
Event: 15.103 Thread 0x000001c7c218d800 Uncommon trap: reason=bimorphic_or_optimized_type_check action=maybe_recompile pc=0x000001c7b2ae49d0 method=java.lang.Throwable.<init>(Ljava/lang/String;Ljava/lang/Throwable;)V @ 24 c2
Event: 15.103 Thread 0x000001c7c218d800 DEOPT PACKING pc=0x000001c7b2ae49d0 sp=0x0000003ebc6f7e40
Event: 15.103 Thread 0x000001c7c218d800 DEOPT UNPACKING pc=0x000001c7aaec662f sp=0x0000003ebc6f7e20 mode 2

Classes redefined (0 events):
No events

Internal exceptions (20 events):
Event: 14.130 Thread 0x000001c7c218d800 Exception <a 'java/lang/NoSuchMethodError'{0x0000000088f64c08}: 'java.lang.Object java.lang.invoke.DirectMethodHandle$Holder.invokeInterface(java.lang.Object, java.lang.Object, int)'> (0x0000000088f64c08) thrown at [./src/hotspot/share/interpreter/linkResolver.cpp, line 773]
Event: 14.132 Thread 0x000001c7c218d800 Exception <a 'java/lang/NoSuchMethodError'{0x0000000088f7a030}: 'void java.lang.invoke.DirectMethodHandle$Holder.invokeStatic(java.lang.Object, java.lang.Object, java.lang.Object, int)'> (0x0000000088f7a030) thrown at [./src/hotspot/share/interpreter/linkResolver.cpp, line 773]
Event: 14.185 Thread 0x000001c7c218d800 Exception <a 'java/lang/IncompatibleClassChangeError'{0x0000000088d2d198}: Found class java.lang.Object, but interface was expected> (0x0000000088d2d198) thrown at [./src/hotspot/share/interpreter/linkResolver.cpp, line 839]
Event: 14.189 Thread 0x000001c7c218d800 Exception <a 'java/lang/IncompatibleClassChangeError'{0x0000000088d55720}: Found class java.lang.Object, but interface was expected> (0x0000000088d55720) thrown at [./src/hotspot/share/interpreter/linkResolver.cpp, line 839]
Event: 14.217 Thread 0x000001c7c218d800 Exception <a 'java/lang/NoSuchMethodError'{0x0000000088bda690}: 'int java.lang.invoke.DirectMethodHandle$Holder.invokeStaticInit(java.lang.Object, java.lang.Object, java.lang.Object, java.lang.Object, java.lang.Object)'> (0x0000000088bda690) thrown at [./src/hotspot/share/interpreter/linkResolver.cpp, line 773]
Event: 14.412 Thread 0x000001c7c218d800 Exception <a 'java/lang/NoSuchMethodError'{0x00000000883acc08}: 'void java.lang.invoke.DirectMethodHandle$Holder.invokeStatic(java.lang.Object, java.lang.Object, java.lang.Object, java.lang.Object, int, java.lang.Object, java.lang.Object)'> (0x00000000883acc08) thrown at [./src/hotspot/share/interpreter/linkResolver.cpp, line 773]
Event: 14.444 Thread 0x000001c7c6c0e000 Exception <a 'java/lang/NoSuchMethodError'{0x0000000087ca4e98}: 'java.lang.Object java.lang.invoke.DirectMethodHandle$Holder.invokeSpecialIFC(java.lang.Object, java.lang.Object, java.lang.Object)'> (0x0000000087ca4e98) thrown at [./src/hotspot/share/interpreter/linkResolver.cpp, line 773]
Event: 14.444 Thread 0x000001c7c6c0c000 Exception <a 'java/lang/NoSuchMethodError'{0x0000000087cb02b0}: 'java.lang.Object java.lang.invoke.DirectMethodHandle$Holder.invokeSpecialIFC(java.lang.Object, java.lang.Object, java.lang.Object)'> (0x0000000087cb02b0) thrown at [./src/hotspot/share/interpreter/linkResolver.cpp, line 773]
Event: 14.444 Thread 0x000001c7c979b800 Exception <a 'java/lang/NoSuchMethodError'{0x0000000087c709e8}: 'java.lang.Object java.lang.invoke.DirectMethodHandle$Holder.invokeSpecialIFC(java.lang.Object, java.lang.Object, java.lang.Object)'> (0x0000000087c709e8) thrown at [./src/hotspot/share/interpreter/linkResolver.cpp, line 773]
Event: 14.444 Thread 0x000001c7c979f800 Exception <a 'java/lang/NoSuchMethodError'{0x0000000087c555f8}: 'java.lang.Object java.lang.invoke.DirectMethodHandle$Holder.invokeSpecialIFC(java.lang.Object, java.lang.Object, java.lang.Object)'> (0x0000000087c555f8) thrown at [./src/hotspot/share/interpreter/linkResolver.cpp, line 773]
Event: 14.444 Thread 0x000001c7c97a1000 Exception <a 'java/lang/NoSuchMethodError'{0x0000000087cd0100}: 'java.lang.Object java.lang.invoke.DirectMethodHandle$Holder.invokeSpecialIFC(java.lang.Object, java.lang.Object, java.lang.Object)'> (0x0000000087cd0100) thrown at [./src/hotspot/share/interpreter/linkResolver.cpp, line 773]
Event: 14.444 Thread 0x000001c7c6c14800 Exception <a 'java/lang/NoSuchMethodError'{0x0000000087cc2058}: 'java.lang.Object java.lang.invoke.DirectMethodHandle$Holder.invokeSpecialIFC(java.lang.Object, java.lang.Object, java.lang.Object)'> (0x0000000087cc2058) thrown at [./src/hotspot/share/interpreter/linkResolver.cpp, line 773]
Event: 14.444 Thread 0x000001c7c97a3000 Exception <a 'java/lang/NoSuchMethodError'{0x0000000087c82648}: 'java.lang.Object java.lang.invoke.DirectMethodHandle$Holder.invokeSpecialIFC(java.lang.Object, java.lang.Object, java.lang.Object)'> (0x0000000087c82648) thrown at [./src/hotspot/share/interpreter/linkResolver.cpp, line 773]
Event: 14.444 Thread 0x000001c7c979c800 Exception <a 'java/lang/NoSuchMethodError'{0x0000000087c92158}: 'java.lang.Object java.lang.invoke.DirectMethodHandle$Holder.invokeSpecialIFC(java.lang.Object, java.lang.Object, java.lang.Object)'> (0x0000000087c92158) thrown at [./src/hotspot/share/interpreter/linkResolver.cpp, line 773]
Event: 14.922 Thread 0x000001c7c218d800 Exception <a 'java/lang/NoSuchMethodError'{0x0000000088d58998}: 'void java.lang.invoke.DirectMethodHandle$Holder.invokeVirtual(java.lang.Object, java.lang.Object)'> (0x0000000088d58998) thrown at [./src/hotspot/share/interpreter/linkResolver.cpp, line 773]
Event: 14.981 Thread 0x000001c7c218d800 Exception <a 'java/lang/NoSuchMethodError'{0x0000000088adeda8}: <clinit>> (0x0000000088adeda8) thrown at [./src/hotspot/share/prims/jni.cpp, line 1362]
Event: 15.121 Thread 0x000001c7c218d800 Exception <a 'java/lang/NoSuchMethodError'{0x000000008846c358}: 'void java.lang.invoke.DirectMethodHandle$Holder.invokeStatic(java.lang.Object, java.lang.Object, java.lang.Object, java.lang.Object, java.lang.Object, java.lang.Object, java.lang.Object)'> (0x000000008846c358) thrown at [./src/hotspot/share/interpreter/linkResolver.cpp, line 773]
Event: 15.139 Thread 0x000001c7c832f800 Exception <a 'java/lang/NoSuchMethodError'{0x00000000881be348}: <clinit>> (0x00000000881be348) thrown at [./src/hotspot/share/prims/jni.cpp, line 1362]
Event: 15.143 Thread 0x000001c7c832f800 Exception <a 'java/lang/NoSuchMethodError'{0x00000000881daf90}: <clinit>> (0x00000000881daf90) thrown at [./src/hotspot/share/prims/jni.cpp, line 1362]
Event: 15.146 Thread 0x000001c7c832f800 Exception <a 'java/lang/NoSuchMethodError'{0x0000000088004510}: <clinit>> (0x0000000088004510) thrown at [./src/hotspot/share/prims/jni.cpp, line 1362]

Events (20 events):
Event: 15.154 loading class org/gradle/internal/snapshot/FileSystemLocationSnapshot
Event: 15.154 loading class org/gradle/internal/snapshot/FileSystemLocationSnapshot done
Event: 15.154 loading class org/gradle/internal/snapshot/FileSystemSnapshotHierarchyVisitor
Event: 15.154 loading class org/gradle/internal/snapshot/FileSystemSnapshotHierarchyVisitor done
Event: 15.155 loading class org/gradle/internal/execution/history/impl/DefaultOverlappingOutputDetector$OverlappingOutputsDetectingVisitor
Event: 15.155 loading class org/gradle/internal/execution/history/impl/DefaultOverlappingOutputDetector$OverlappingOutputsDetectingVisitor done
Event: 15.155 loading class org/gradle/internal/snapshot/RootTrackingFileSystemSnapshotHierarchyVisitor
Event: 15.155 loading class org/gradle/internal/snapshot/RootTrackingFileSystemSnapshotHierarchyVisitor done
Event: 15.156 loading class org/gradle/internal/snapshot/FileSystemLocationSnapshot$FileSystemLocationSnapshotTransformer
Event: 15.156 loading class org/gradle/internal/snapshot/FileSystemLocationSnapshot$FileSystemLocationSnapshotTransformer done
Event: 15.157 loading class org/gradle/internal/execution/history/impl/DefaultOverlappingOutputDetector$OverlappingOutputsDetectingVisitor$1
Event: 15.157 loading class org/gradle/internal/execution/history/impl/DefaultOverlappingOutputDetector$OverlappingOutputsDetectingVisitor$1 done
Event: 15.158 loading class org/gradle/internal/execution/history/OverlappingOutputs
Event: 15.158 loading class org/gradle/internal/execution/history/OverlappingOutputs done
Event: 15.159 loading class com/android/build/gradle/tasks/MergeResources$Flag
Event: 15.159 loading class com/android/build/gradle/tasks/MergeResources$Flag done
Event: 15.161 loading class java/util/stream/SortedOps$SizedRefSortingSink
Event: 15.161 loading class java/util/stream/SortedOps$SizedRefSortingSink done
Event: 15.162 loading class org/gradle/api/internal/file/collections/ListBackedFileSet
Event: 15.162 loading class org/gradle/api/internal/file/collections/ListBackedFileSet done


Dynamic libraries:
0x00007ff6800a0000 - 0x00007ff6800aa000 	D:\안드로이드 스튜디오\jre\bin\java.exe
0x00007ff8dab40000 - 0x00007ff8dad49000 	C:\WINDOWS\SYSTEM32\ntdll.dll
0x00007ff8d9390000 - 0x00007ff8d944d000 	C:\WINDOWS\System32\KERNEL32.DLL
0x00007ff8d8590000 - 0x00007ff8d8914000 	C:\WINDOWS\System32\KERNELBASE.dll
0x00007ff8d8300000 - 0x00007ff8d8411000 	C:\WINDOWS\System32\ucrtbase.dll
0x00007ff8bdfd0000 - 0x00007ff8bdfe7000 	D:\안드로이드 스튜디오\jre\bin\VCRUNTIME140.dll
0x00007ff8ba980000 - 0x00007ff8ba999000 	D:\안드로이드 스튜디오\jre\bin\jli.dll
0x00007ff8d9770000 - 0x00007ff8d991d000 	C:\WINDOWS\System32\USER32.dll
0x00007ff8d8170000 - 0x00007ff8d8196000 	C:\WINDOWS\System32\win32u.dll
0x00007ff8d9bb0000 - 0x00007ff8d9bda000 	C:\WINDOWS\System32\GDI32.dll
0x00007ff8d8050000 - 0x00007ff8d816e000 	C:\WINDOWS\System32\gdi32full.dll
0x00007ff8d81a0000 - 0x00007ff8d823d000 	C:\WINDOWS\System32\msvcp_win.dll
0x00007ff8c9390000 - 0x00007ff8c9635000 	C:\WINDOWS\WinSxS\amd64_microsoft.windows.common-controls_6595b64144ccf1df_6.0.22000.120_none_9d947278b86cc467\COMCTL32.dll
0x00007ff8da950000 - 0x00007ff8da9f3000 	C:\WINDOWS\System32\msvcrt.dll
0x00007ff8d9500000 - 0x00007ff8d9531000 	C:\WINDOWS\System32\IMM32.DLL
0x00007ff8a7430000 - 0x00007ff8a74cd000 	D:\안드로이드 스튜디오\jre\bin\msvcp140.dll
0x00007ff8a37c0000 - 0x00007ff8a4295000 	D:\안드로이드 스튜디오\jre\bin\server\jvm.dll
0x00007ff8d8ef0000 - 0x00007ff8d8f9e000 	C:\WINDOWS\System32\ADVAPI32.dll
0x00007ff8daa00000 - 0x00007ff8daa9e000 	C:\WINDOWS\System32\sechost.dll
0x00007ff8da5d0000 - 0x00007ff8da6f1000 	C:\WINDOWS\System32\RPCRT4.dll
0x00007ff8d9920000 - 0x00007ff8d9928000 	C:\WINDOWS\System32\PSAPI.DLL
0x00007ff8cfbf0000 - 0x00007ff8cfbfa000 	C:\WINDOWS\SYSTEM32\VERSION.dll
0x00007ff8d18a0000 - 0x00007ff8d18d3000 	C:\WINDOWS\SYSTEM32\WINMM.dll
0x00007ff8c7320000 - 0x00007ff8c7329000 	C:\WINDOWS\SYSTEM32\WSOCK32.dll
0x00007ff8da8e0000 - 0x00007ff8da94f000 	C:\WINDOWS\System32\ws2_32.DLL
0x00007ff8d7040000 - 0x00007ff8d7058000 	C:\WINDOWS\SYSTEM32\kernel.appcore.dll
0x00007ff8d3e50000 - 0x00007ff8d3e61000 	D:\안드로이드 스튜디오\jre\bin\verify.dll
0x00007ff8d5c00000 - 0x00007ff8d5e21000 	C:\WINDOWS\SYSTEM32\DBGHELP.DLL
0x00007ff8c2310000 - 0x00007ff8c2341000 	C:\WINDOWS\SYSTEM32\dbgcore.DLL
0x00007ff8d7fd0000 - 0x00007ff8d804f000 	C:\WINDOWS\System32\bcryptPrimitives.dll
0x00007ff8d3530000 - 0x00007ff8d3559000 	D:\안드로이드 스튜디오\jre\bin\java.dll
0x00007ff8d3e40000 - 0x00007ff8d3e4b000 	D:\안드로이드 스튜디오\jre\bin\jimage.dll
0x00007ff8d1cc0000 - 0x00007ff8d1cd8000 	D:\안드로이드 스튜디오\jre\bin\zip.dll
0x00007ff8d9ce0000 - 0x00007ff8da4a5000 	C:\WINDOWS\System32\SHELL32.dll
0x00007ff8d60a0000 - 0x00007ff8d6902000 	C:\WINDOWS\SYSTEM32\windows.storage.dll
0x00007ff8d9010000 - 0x00007ff8d9386000 	C:\WINDOWS\System32\combase.dll
0x00007ff8d5f30000 - 0x00007ff8d6097000 	C:\WINDOWS\SYSTEM32\wintypes.dll
0x00007ff8d9ac0000 - 0x00007ff8d9baa000 	C:\WINDOWS\System32\SHCORE.dll
0x00007ff8daaa0000 - 0x00007ff8daafd000 	C:\WINDOWS\System32\shlwapi.dll
0x00007ff8d7f00000 - 0x00007ff8d7f25000 	C:\WINDOWS\SYSTEM32\profapi.dll
0x00007ff8c7b90000 - 0x00007ff8c7baa000 	D:\안드로이드 스튜디오\jre\bin\net.dll
0x00007ff8d1370000 - 0x00007ff8d1484000 	C:\WINDOWS\SYSTEM32\WINHTTP.dll
0x00007ff8d7560000 - 0x00007ff8d75c7000 	C:\WINDOWS\system32\mswsock.dll
0x00007ff8c7b70000 - 0x00007ff8c7b84000 	D:\안드로이드 스튜디오\jre\bin\nio.dll
0x00007ff8baa20000 - 0x00007ff8baa47000 	C:\Users\LG\.gradle\native\e1d6ef7f7dcc3fd88c89a11ec53ec762bb8ba0a96d01ffa2cd45eb1d1d8dd5c5\windows-amd64\native-platform.dll
0x00007ff8a4b50000 - 0x00007ff8a4c94000 	C:\Users\LG\.gradle\native\5664cfc778a61ccfe75a443a1ab52a65af34e5dc3c78e0209fed803814484fcb\windows-amd64\native-platform-file-events.dll
0x00007ff8d3650000 - 0x00007ff8d365a000 	D:\안드로이드 스튜디오\jre\bin\management.dll
0x00007ff8d3620000 - 0x00007ff8d362d000 	D:\안드로이드 스튜디오\jre\bin\management_ext.dll
0x00007ff8d77e0000 - 0x00007ff8d77f8000 	C:\WINDOWS\SYSTEM32\CRYPTSP.dll
0x00007ff8d6fa0000 - 0x00007ff8d6fd5000 	C:\WINDOWS\system32\rsaenh.dll
0x00007ff8d7660000 - 0x00007ff8d768c000 	C:\WINDOWS\SYSTEM32\USERENV.dll
0x00007ff8d79a0000 - 0x00007ff8d79c7000 	C:\WINDOWS\SYSTEM32\bcrypt.dll
0x00007ff8d77d0000 - 0x00007ff8d77dc000 	C:\WINDOWS\SYSTEM32\CRYPTBASE.dll
0x00007ff8d6b60000 - 0x00007ff8d6b8d000 	C:\WINDOWS\SYSTEM32\IPHLPAPI.DLL
0x00007ff8d9930000 - 0x00007ff8d9939000 	C:\WINDOWS\System32\NSI.dll
0x00007ff8d0af0000 - 0x00007ff8d0b09000 	C:\WINDOWS\SYSTEM32\dhcpcsvc6.DLL
0x00007ff8d2ff0000 - 0x00007ff8d300e000 	C:\WINDOWS\SYSTEM32\dhcpcsvc.DLL
0x00007ff8d6b90000 - 0x00007ff8d6c77000 	C:\WINDOWS\SYSTEM32\DNSAPI.dll

dbghelp: loaded successfully - version: 4.0.5 - missing functions: none
symbol engine: initialized successfully - sym options: 0x614 - pdb path: .;D:\안드로이드 스튜디오\jre\bin;C:\WINDOWS\SYSTEM32;C:\WINDOWS\WinSxS\amd64_microsoft.windows.common-controls_6595b64144ccf1df_6.0.22000.120_none_9d947278b86cc467;D:\안드로이드 스튜?D:\안드로이?D:\안드?D:\안?D:\안;D:\?D:\안드로이드 스튜디오\jre\bin\server;C:\Users\LG\.gradle\native\e1d6ef7f7dcc3fd88c89a11ec53ec762bb8ba0a96d01f;D:\안드로이드 스튜디오\jre\bin\server;C:\Users\LG\.gradle\native\e1d6ef7f7dcc3fd88c89a11ec53ec762bb8ba0a96d01ffa2cd45eb1d1d8dd5c5\windows-amd64;C:\Users\LG\.gradle\native\5664cfc778a61ccfe75a443a1ab52a65af34;C:\Users\LG\.gradle\native\5664cfc778a61ccfe75a443a1ab52a65af34;C:\Users\LG\.gradle\native\5664cfc778a61ccfe75a443a1ab52a65af34;C:\Users\LG\.gradle\native\5664cfc778a61ccfe75a443a1ab52a65af34

VM Arguments:
jvm_args: --add-opens=java.base/java.util=ALL-UNNAMED --add-opens=java.base/java.lang=ALL-UNNAMED --add-opens=java.base/java.lang.invoke=ALL-UNNAMED --add-opens=java.base/java.util=ALL-UNNAMED --add-opens=java.prefs/java.util.prefs=ALL-UNNAMED --add-opens=java.prefs/java.util.prefs=ALL-UNNAMED --add-opens=java.base/java.nio.charset=ALL-UNNAMED --add-opens=java.base/java.net=ALL-UNNAMED --add-opens=java.base/java.util.concurrent.atomic=ALL-UNNAMED -Xmx2048m -Dfile.encoding=UTF-8 -Duser.country=KR -Duser.language=ko -Duser.variant 
java_command: org.gradle.launcher.daemon.bootstrap.GradleDaemon 7.2
java_class_path (initial): C:\Users\LG\.gradle\wrapper\dists\gradle-7.2-bin\2dnblmf4td7x66yl1d74lt32g\gradle-7.2\lib\gradle-launcher-7.2.jar
Launcher Type: SUN_STANDARD

[Global flags]
     intx CICompilerCount                          = 4                                         {product} {ergonomic}
     uint ConcGCThreads                            = 2                                         {product} {ergonomic}
     uint G1ConcRefinementThreads                  = 8                                         {product} {ergonomic}
   size_t G1HeapRegionSize                         = 1048576                                   {product} {ergonomic}
    uintx GCDrainStackTargetSize                   = 64                                        {product} {ergonomic}
   size_t InitialHeapSize                          = 134217728                                 {product} {ergonomic}
   size_t MarkStackSize                            = 4194304                                   {product} {ergonomic}
   size_t MaxHeapSize                              = 2147483648                                {product} {command line}
   size_t MaxNewSize                               = 1287651328                                {product} {ergonomic}
   size_t MinHeapDeltaBytes                        = 1048576                                   {product} {ergonomic}
    uintx NonNMethodCodeHeapSize                   = 5836300                                {pd product} {ergonomic}
    uintx NonProfiledCodeHeapSize                  = 122910970                              {pd product} {ergonomic}
    uintx ProfiledCodeHeapSize                     = 122910970                              {pd product} {ergonomic}
    uintx ReservedCodeCacheSize                    = 251658240                              {pd product} {ergonomic}
     bool SegmentedCodeCache                       = true                                      {product} {ergonomic}
     bool UseCompressedClassPointers               = true                                 {lp64_product} {ergonomic}
     bool UseCompressedOops                        = true                                 {lp64_product} {ergonomic}
     bool UseG1GC                                  = true                                      {product} {ergonomic}
     bool UseLargePagesIndividualAllocation        = false                                  {pd product} {ergonomic}

Logging:
Log output configuration:
 #0: stdout all=warning uptime,level,tags
 #1: stderr all=off uptime,level,tags

Environment Variables:
JAVA_HOME=D:\openjdk-11.0.0.1_windows-x64_bin\jdk-11.0.0.1
CLASSPATH=D:\openjdk-11.0.0.1_windows-x64_bin\jdk-11.0.0.1\lib
PATH=D:\openjdk-11.0.0.1_windows-x64_bin\jdk-11.0.0.1\bin;C:\Program Files\Common Files\Oracle\Java\javapath;C:\Program Files\Eclipse Adoptium\jdk-8.0.382.5-hotspot\bin;C:\oraclexe\app\oracle\product\10.2.0\server\bin;C:\Program Files (x86)\Common Files\Oracle\Java\javapath;C:\Program Files (x86)\Intel\iCLS Client\;C:\Program Files\Intel\iCLS Client\;C:\windows\system32;C:\windows;C:\windows\System32\Wbem;C:\windows\System32\WindowsPowerShell\v1.0\;C:\Program Files (x86)\Intel\Intel(R) Management Engine Components\DAL;C:\Program Files\Intel\Intel(R) Management Engine Components\DAL;C:\Program Files (x86)\Intel\Intel(R) Management Engine Components\IPT;C:\Program Files\Intel\Intel(R) Management Engine Components\IPT;C:\Program Files\Intel\WiFi\bin\;C:\Program Files\Common Files\Intel\WirelessCommon\;C:\Program Files (x86)\NVIDIA Corporation\PhysX\Common;C:\Program Files (x86)\Skype\Phone\;C:\WINDOWS\system32;C:\WINDOWS;C:\WINDOWS\System32\Wbem;C:\WINDOWS\System32\WindowsPowerShell\v1.0\;C:\WINDOWS\System32\OpenSSH\;C:\Program Files\nodejs\;D:\openssl-0.9.8e_X64\bin;C:\ProgramData\chocolatey\bin;C:\ProgramData\chocolatey\lib\maven\apache-maven-3.9.4\bin;C:\Program Files\Git\cmd;C:\Program Files\MariaDB 10.11\bin;D:\Scripts\;D:\;C:\Users\LG\AppData\Local\Microsoft\WindowsApps;C:\Users\LG\AppData\Local\afreeca;C:\altera\13.1\modelsim_ase\win32aloem;D:\PyCharm Community Edition 2022.1.3\bin;;C:\Users\LG\AppData\Local\Programs\Microsoft VS Code\bin;C:\Users\LG\AppData\Roaming\npm;C:\Program Files\Java\jdk-1.8\bin;D:\IntelliJ IDEA Community Edition 2023.1.3\bin;;;C:\Program Files (x86)\ESTsoft\ALSee\x64
USERNAME=LG
OS=Windows_NT
PROCESSOR_IDENTIFIER=Intel64 Family 6 Model 142 Stepping 10, GenuineIntel



---------------  S Y S T E M  ---------------

OS: Windows 10 , 64 bit Build 22000 (10.0.22000.2538)
OS uptime: 0 days 2:51 hours

CPU:total 8 (initial active 8) (4 cores per cpu, 2 threads per core) family 6 model 142 stepping 10 microcode 0xe0, cmov, cx8, fxsr, mmx, sse, sse2, sse3, ssse3, sse4.1, sse4.2, popcnt, avx, avx2, aes, clmul, erms, 3dnowpref, lzcnt, ht, tsc, tscinvbit, bmi1, bmi2, adx, fma

Memory: 4k page, system-wide physical 8101M (333M free)
TotalPageFile size 16293M (AvailPageFile size 4M)
current process WorkingSet (physical memory assigned to process): 405M, peak: 405M
current process commit charge ("private bytes"): 443M, peak: 443M

vm_info: OpenJDK 64-Bit Server VM (11.0.11+9-b60-7590822) for windows-amd64 JRE (11.0.11+9-b60-7590822), built on Jul 29 2021 21:43:44 by "builder" with MS VC++ 14.0 (VS2015)

END.
