#
# There is insufficient memory for the Java Runtime Environment to continue.
# Native memory allocation (malloc) failed to allocate 32744 bytes for ChunkPool::allocate
# Possible reasons:
#   The system is out of physical RAM or swap space
#   The process is running with CompressedOops enabled, and the Java Heap may be blocking the growth of the native heap
# Possible solutions:
#   Reduce memory load on the system
#   Increase physical memory or swap space
#   Check if swap backing store is full
#   Decrease Java heap size (-Xmx/-Xms)
#   Decrease number of Java threads
#   Decrease Java thread stack sizes (-Xss)
#   Set larger code cache with -XX:ReservedCodeCacheSize=
#   JVM is running with Unscaled Compressed Oops mode in which the Java heap is
#     placed in the first 4GB address space. The Java Heap base address is the
#     maximum limit for the native heap growth. Please use -XX:HeapBaseMinAddress
#     to set the Java Heap base and to place the Java Heap above 4GB virtual address.
# This output file may be truncated or incomplete.
#
#  Out of Memory Error (./src/hotspot/share/memory/arena.cpp:81), pid=35248, tid=36564
#
# JRE version: OpenJDK Runtime Environment (11.0.11+9) (build 11.0.11+9-b60-7590822)
# Java VM: OpenJDK 64-Bit Server VM (11.0.11+9-b60-7590822, mixed mode, tiered, compressed oops, g1 gc, windows-amd64)
# No core dump will be written. Minidumps are not enabled by default on client versions of Windows
#

---------------  S U M M A R Y ------------

Command Line: --add-opens=java.base/java.util=ALL-UNNAMED --add-opens=java.base/java.lang=ALL-UNNAMED --add-opens=java.base/java.lang.invoke=ALL-UNNAMED --add-opens=java.base/java.util=ALL-UNNAMED --add-opens=java.prefs/java.util.prefs=ALL-UNNAMED --add-opens=java.prefs/java.util.prefs=ALL-UNNAMED --add-opens=java.base/java.nio.charset=ALL-UNNAMED --add-opens=java.base/java.net=ALL-UNNAMED --add-opens=java.base/java.util.concurrent.atomic=ALL-UNNAMED -Xmx2048m -Dfile.encoding=UTF-8 -Duser.country=KR -Duser.language=ko -Duser.variant org.gradle.launcher.daemon.bootstrap.GradleDaemon 7.2

Host: Intel(R) Core(TM) i5-8250U CPU @ 1.60GHz, 8 cores, 7G,  Windows 10 , 64 bit Build 22000 (10.0.22000.2538)
Time: Sat Nov  4 17:32:17 2023 대한민국 표준시 elapsed time: 17.399887 seconds (0d 0h 0m 17s)

---------------  T H R E A D  ---------------

Current thread (0x0000021944cff800):  JavaThread "C2 CompilerThread0" daemon [_thread_in_native, id=36564, stack(0x00000074f5c00000,0x00000074f5d00000)]


Current CompileTask:
C2:  17400 5573       4       java.lang.invoke.LambdaForm$Name::replaceNames (174 bytes)

Stack: [0x00000074f5c00000,0x00000074f5d00000]
Native frames: (J=compiled Java code, j=interpreted, Vv=VM code, C=native code)
V  [jvm.dll+0x5f214a]
V  [jvm.dll+0x726fb5]
V  [jvm.dll+0x7285cd]
V  [jvm.dll+0x728c83]
V  [jvm.dll+0x243278]
V  [jvm.dll+0xbc78b]
V  [jvm.dll+0xbca3c]
V  [jvm.dll+0x4ec481]
V  [jvm.dll+0x3218c2]
V  [jvm.dll+0x320d8a]
V  [jvm.dll+0x1fc1e2]
V  [jvm.dll+0x1fb3d4]
V  [jvm.dll+0x183d6c]
V  [jvm.dll+0x209a57]
V  [jvm.dll+0x2082a1]
V  [jvm.dll+0x6ef58f]
V  [jvm.dll+0x6e80b5]
V  [jvm.dll+0x5f1036]
C  [ucrtbase.dll+0x26c0c]
C  [KERNEL32.DLL+0x153e0]
C  [ntdll.dll+0x485b]


---------------  P R O C E S S  ---------------

Threads class SMR info:
_java_thread_list=0x000002194bd27530, length=121, elements={
0x00000219288bf800, 0x0000021944cd7800, 0x0000021944ce3000, 0x0000021944cfb000,
0x0000021944cfd000, 0x0000021944cfe000, 0x0000021944cff800, 0x0000021945619800,
0x000002194561c800, 0x000002194576e000, 0x000002194abce000, 0x000002194a63f000,
0x000002194a6e7000, 0x000002194a73c800, 0x000002194a5ea000, 0x000002194a8f2800,
0x000002194a6d3000, 0x0000021945a37000, 0x0000021945a3d000, 0x00000219458ce000,
0x00000219458cc800, 0x00000219458d1800, 0x00000219458cf000, 0x00000219458cd000,
0x00000219458cf800, 0x00000219458cb800, 0x00000219458d0800, 0x00000219458d2000,
0x000002194d729000, 0x000002194d72b800, 0x000002194d728800, 0x000002194d72c800,
0x000002194d72f000, 0x000002194d730800, 0x000002194d72b000, 0x000002194d731800,
0x000002194d732000, 0x000002194d733000, 0x000002194d72d800, 0x000002194d735800,
0x000002194d734000, 0x000002194d734800, 0x000002194d736800, 0x000002194d737000,
0x000002194dca5800, 0x000002194dca4800, 0x000002194dca2000, 0x000002194dca3000,
0x000002194dca3800, 0x000002194dca0800, 0x000002194dc9f800, 0x000002194dca7000,
0x000002194dca6000, 0x000002194dca1800, 0x000002194dcac800, 0x000002194dcab000,
0x000002194dcac000, 0x000002194dcaa000, 0x000002194dcad800, 0x000002194dca8000,
0x000002194dca8800, 0x000002194dca9800, 0x000002194dcae800, 0x000002194bab9800,
0x000002194bab8800, 0x000002194bab7000, 0x000002194babb000, 0x000002194bab8000,
0x000002194baba800, 0x000002194babc000, 0x000002194bab6000, 0x000002194babd000,
0x000002194d8ec800, 0x000002194d8e7000, 0x000002194d8e8000, 0x000002194d8ed800,
0x000002194d8ee800, 0x000002194d8eb000, 0x000002194d8ea000, 0x000002194d8e8800,
0x000002194d8ef000, 0x000002194d8ec000, 0x000002194d8e9800, 0x000002194d8f0000,
0x000002194d8f3000, 0x000002194d8f4000, 0x000002194d8f1000, 0x000002194d8f5000,
0x000002194d8f5800, 0x000002194d8f1800, 0x000002194d8f2800, 0x000002194d797800,
0x000002194d79c000, 0x000002194d79d000, 0x000002194d79e000, 0x000002194d798000,
0x000002194d79b800, 0x000002194d799000, 0x000002194d79e800, 0x000002194d79a800,
0x000002194d79f800, 0x000002194d79a000, 0x000002194d7a6000, 0x000002194d7a0800,
0x000002194d7a3000, 0x000002194d7a5000, 0x000002194d7a3800, 0x000002194d7a1000,
0x000002194d7a2000, 0x000002194d7a4800, 0x000002194db83000, 0x000002194db84000,
0x000002194db84800, 0x000002194db85800, 0x000002194db81800, 0x000002194db7f800,
0x000002194db86000, 0x000002194db80800, 0x000002194db88000, 0x000002194db82000,
0x000002194db89800
}

Java Threads: ( => current thread )
  0x00000219288bf800 JavaThread "main" [_thread_blocked, id=37404, stack(0x00000074f5000000,0x00000074f5100000)]
  0x0000021944cd7800 JavaThread "Reference Handler" daemon [_thread_blocked, id=20892, stack(0x00000074f5700000,0x00000074f5800000)]
  0x0000021944ce3000 JavaThread "Finalizer" daemon [_thread_blocked, id=27448, stack(0x00000074f5800000,0x00000074f5900000)]
  0x0000021944cfb000 JavaThread "Signal Dispatcher" daemon [_thread_blocked, id=12528, stack(0x00000074f5900000,0x00000074f5a00000)]
  0x0000021944cfd000 JavaThread "Attach Listener" daemon [_thread_blocked, id=29524, stack(0x00000074f5a00000,0x00000074f5b00000)]
  0x0000021944cfe000 JavaThread "Service Thread" daemon [_thread_blocked, id=36624, stack(0x00000074f5b00000,0x00000074f5c00000)]
=>0x0000021944cff800 JavaThread "C2 CompilerThread0" daemon [_thread_in_native, id=36564, stack(0x00000074f5c00000,0x00000074f5d00000)]
  0x0000021945619800 JavaThread "C1 CompilerThread0" daemon [_thread_in_native, id=37728, stack(0x00000074f5d00000,0x00000074f5e00000)]
  0x000002194561c800 JavaThread "Sweeper thread" daemon [_thread_blocked, id=35980, stack(0x00000074f5e00000,0x00000074f5f00000)]
  0x000002194576e000 JavaThread "Common-Cleaner" daemon [_thread_blocked, id=36928, stack(0x00000074f5f00000,0x00000074f6000000)]
  0x000002194abce000 JavaThread "Daemon health stats" [_thread_blocked, id=2628, stack(0x00000074f6300000,0x00000074f6400000)]
  0x000002194a63f000 JavaThread "Incoming local TCP Connector on port 2487" [_thread_in_native, id=28124, stack(0x00000074f6400000,0x00000074f6500000)]
  0x000002194a6e7000 JavaThread "Daemon periodic checks" [_thread_blocked, id=37052, stack(0x00000074f6500000,0x00000074f6600000)]
  0x000002194a73c800 JavaThread "Daemon" [_thread_blocked, id=7836, stack(0x00000074f6600000,0x00000074f6700000)]
  0x000002194a5ea000 JavaThread "Handler for socket connection from /127.0.0.1:2487 to /127.0.0.1:2488" [_thread_in_native, id=24960, stack(0x00000074f6700000,0x00000074f6800000)]
  0x000002194a8f2800 JavaThread "Cancel handler" [_thread_blocked, id=27080, stack(0x00000074f6800000,0x00000074f6900000)]
  0x000002194a6d3000 JavaThread "Daemon worker" [_thread_in_native, id=28608, stack(0x00000074f6900000,0x00000074f6a00000)]
  0x0000021945a37000 JavaThread "Asynchronous log dispatcher for DefaultDaemonConnection: socket connection from /127.0.0.1:2487 to /127.0.0.1:2488" [_thread_blocked, id=29884, stack(0x00000074f6a00000,0x00000074f6b00000)]
  0x0000021945a3d000 JavaThread "Stdin handler" [_thread_blocked, id=27920, stack(0x00000074f6b00000,0x00000074f6c00000)]
  0x00000219458ce000 JavaThread "Daemon client event forwarder" [_thread_blocked, id=34268, stack(0x00000074f6c00000,0x00000074f6d00000)]
  0x00000219458cc800 JavaThread "Cache worker for journal cache (C:\Users\LG\.gradle\caches\journal-1)" [_thread_blocked, id=29504, stack(0x00000074f7200000,0x00000074f7300000)]
  0x00000219458d1800 JavaThread "File lock request listener" [_thread_in_native, id=28236, stack(0x00000074f7300000,0x00000074f7400000)]
  0x00000219458cf000 JavaThread "Cache worker for file hash cache (C:\Users\LG\.gradle\caches\7.2\fileHashes)" [_thread_blocked, id=23156, stack(0x00000074f7400000,0x00000074f7500000)]
  0x00000219458cd000 JavaThread "Cache worker for file hash cache (D:\project\MyApplication_login_test\.gradle\7.2\fileHashes)" [_thread_blocked, id=26884, stack(0x00000074f7600000,0x00000074f7700000)]
  0x00000219458cf800 JavaThread "File watcher server" daemon [_thread_in_native, id=30792, stack(0x00000074f7700000,0x00000074f7800000)]
  0x00000219458cb800 JavaThread "File watcher consumer" daemon [_thread_blocked, id=30992, stack(0x00000074f7800000,0x00000074f7900000)]
  0x00000219458d0800 JavaThread "Cache worker for checksums cache (D:\project\MyApplication_login_test\.gradle\checksums)" [_thread_blocked, id=30848, stack(0x00000074f7900000,0x00000074f7a00000)]
  0x00000219458d2000 JavaThread "Cache worker for cache directory md-supplier (C:\Users\LG\.gradle\caches\7.2\md-supplier)" [_thread_blocked, id=37620, stack(0x00000074f7a00000,0x00000074f7b00000)]
  0x000002194d729000 JavaThread "Cache worker for cache directory md-rule (C:\Users\LG\.gradle\caches\7.2\md-rule)" [_thread_blocked, id=30584, stack(0x00000074f7b00000,0x00000074f7c00000)]
  0x000002194d72b800 JavaThread "Cache worker for execution history cache (C:\Users\LG\.gradle\caches\7.2\executionHistory)" [_thread_blocked, id=27040, stack(0x00000074f7c00000,0x00000074f7d00000)]
  0x000002194d728800 JavaThread "jar transforms" [_thread_blocked, id=18044, stack(0x00000074f7d00000,0x00000074f7e00000)]
  0x000002194d72c800 JavaThread "Cache worker for file content cache (C:\Users\LG\.gradle\caches\7.2\fileContent)" [_thread_blocked, id=18040, stack(0x00000074f7e00000,0x00000074f7f00000)]
  0x000002194d72f000 JavaThread "jar transforms Thread 2" [_thread_blocked, id=18036, stack(0x00000074f7f00000,0x00000074f8000000)]
  0x000002194d730800 JavaThread "Cache worker for dependencies-accessors (D:\project\MyApplication_login_test\.gradle\7.2\dependencies-accessors)" [_thread_blocked, id=18292, stack(0x00000074f8000000,0x00000074f8100000)]
  0x000002194d72b000 JavaThread "jar transforms Thread 3" [_thread_blocked, id=28480, stack(0x00000074f8100000,0x00000074f8200000)]
  0x000002194d731800 JavaThread "Cache worker for Build Output Cleanup Cache (D:\project\MyApplication_login_test\.gradle\buildOutputCleanup)" [_thread_blocked, id=16044, stack(0x00000074f8200000,0x00000074f8300000)]
  0x000002194d732000 JavaThread "Unconstrained build operations" [_thread_blocked, id=17740, stack(0x00000074f8300000,0x00000074f8400000)]
  0x000002194d733000 JavaThread "Unconstrained build operations Thread 2" [_thread_blocked, id=17732, stack(0x00000074f8400000,0x00000074f8500000)]
  0x000002194d72d800 JavaThread "Unconstrained build operations Thread 3" [_thread_blocked, id=17964, stack(0x00000074f8500000,0x00000074f8600000)]
  0x000002194d735800 JavaThread "Unconstrained build operations Thread 4" [_thread_blocked, id=18136, stack(0x00000074f8600000,0x00000074f8700000)]
  0x000002194d734000 JavaThread "Unconstrained build operations Thread 5" [_thread_blocked, id=17724, stack(0x00000074f8700000,0x00000074f8800000)]
  0x000002194d734800 JavaThread "Unconstrained build operations Thread 6" [_thread_blocked, id=30404, stack(0x00000074f8800000,0x00000074f8900000)]
  0x000002194d736800 JavaThread "Unconstrained build operations Thread 7" [_thread_blocked, id=18336, stack(0x00000074f8900000,0x00000074f8a00000)]
  0x000002194d737000 JavaThread "Unconstrained build operations Thread 8" [_thread_blocked, id=17736, stack(0x00000074f8a00000,0x00000074f8b00000)]
  0x000002194dca5800 JavaThread "Unconstrained build operations Thread 9" [_thread_blocked, id=17972, stack(0x00000074f8b00000,0x00000074f8c00000)]
  0x000002194dca4800 JavaThread "Unconstrained build operations Thread 10" [_thread_blocked, id=17968, stack(0x00000074f8c00000,0x00000074f8d00000)]
  0x000002194dca2000 JavaThread "Unconstrained build operations Thread 11" [_thread_blocked, id=29992, stack(0x00000074f8d00000,0x00000074f8e00000)]
  0x000002194dca3000 JavaThread "Unconstrained build operations Thread 12" [_thread_blocked, id=28616, stack(0x00000074f8e00000,0x00000074f8f00000)]
  0x000002194dca3800 JavaThread "Unconstrained build operations Thread 13" [_thread_blocked, id=17960, stack(0x00000074f8f00000,0x00000074f9000000)]
  0x000002194dca0800 JavaThread "Unconstrained build operations Thread 14" [_thread_blocked, id=30856, stack(0x00000074f9000000,0x00000074f9100000)]
  0x000002194dc9f800 JavaThread "Unconstrained build operations Thread 15" [_thread_blocked, id=31052, stack(0x00000074f9100000,0x00000074f9200000)]
  0x000002194dca7000 JavaThread "Unconstrained build operations Thread 16" [_thread_blocked, id=30940, stack(0x00000074f9200000,0x00000074f9300000)]
  0x000002194dca6000 JavaThread "Unconstrained build operations Thread 17" [_thread_blocked, id=30872, stack(0x00000074f9300000,0x00000074f9400000)]
  0x000002194dca1800 JavaThread "Unconstrained build operations Thread 18" [_thread_blocked, id=30876, stack(0x00000074f9400000,0x00000074f9500000)]
  0x000002194dcac800 JavaThread "Unconstrained build operations Thread 19" [_thread_blocked, id=29548, stack(0x00000074f9500000,0x00000074f9600000)]
  0x000002194dcab000 JavaThread "Unconstrained build operations Thread 20" [_thread_blocked, id=28984, stack(0x00000074f9600000,0x00000074f9700000)]
  0x000002194dcac000 JavaThread "Unconstrained build operations Thread 21" [_thread_blocked, id=26676, stack(0x00000074f9700000,0x00000074f9800000)]
  0x000002194dcaa000 JavaThread "Unconstrained build operations Thread 22" [_thread_blocked, id=28720, stack(0x00000074f9800000,0x00000074f9900000)]
  0x000002194dcad800 JavaThread "Unconstrained build operations Thread 23" [_thread_blocked, id=32120, stack(0x00000074f9900000,0x00000074f9a00000)]
  0x000002194dca8000 JavaThread "Unconstrained build operations Thread 24" [_thread_blocked, id=30956, stack(0x00000074f9a00000,0x00000074f9b00000)]
  0x000002194dca8800 JavaThread "Unconstrained build operations Thread 25" [_thread_blocked, id=30796, stack(0x00000074f9b00000,0x00000074f9c00000)]
  0x000002194dca9800 JavaThread "Unconstrained build operations Thread 26" [_thread_blocked, id=28880, stack(0x00000074f9c00000,0x00000074f9d00000)]
  0x000002194dcae800 JavaThread "Unconstrained build operations Thread 27" [_thread_blocked, id=32136, stack(0x00000074f9d00000,0x00000074f9e00000)]
  0x000002194bab9800 JavaThread "Unconstrained build operations Thread 28" [_thread_blocked, id=27112, stack(0x00000074f9e00000,0x00000074f9f00000)]
  0x000002194bab8800 JavaThread "Unconstrained build operations Thread 29" [_thread_blocked, id=28568, stack(0x00000074f9f00000,0x00000074fa000000)]
  0x000002194bab7000 JavaThread "Unconstrained build operations Thread 30" [_thread_blocked, id=31684, stack(0x00000074fa000000,0x00000074fa100000)]
  0x000002194babb000 JavaThread "Unconstrained build operations Thread 31" [_thread_blocked, id=28772, stack(0x00000074fa100000,0x00000074fa200000)]
  0x000002194bab8000 JavaThread "Unconstrained build operations Thread 32" [_thread_blocked, id=27652, stack(0x00000074fa200000,0x00000074fa300000)]
  0x000002194baba800 JavaThread "Unconstrained build operations Thread 33" [_thread_blocked, id=31356, stack(0x00000074fa300000,0x00000074fa400000)]
  0x000002194babc000 JavaThread "Unconstrained build operations Thread 34" [_thread_blocked, id=32132, stack(0x00000074fa400000,0x00000074fa500000)]
  0x000002194bab6000 JavaThread "Unconstrained build operations Thread 35" [_thread_blocked, id=30828, stack(0x00000074fa500000,0x00000074fa600000)]
  0x000002194babd000 JavaThread "Unconstrained build operations Thread 36" [_thread_blocked, id=32056, stack(0x00000074fa600000,0x00000074fa700000)]
  0x000002194d8ec800 JavaThread "Unconstrained build operations Thread 37" [_thread_blocked, id=28800, stack(0x00000074fa700000,0x00000074fa800000)]
  0x000002194d8e7000 JavaThread "Unconstrained build operations Thread 38" [_thread_blocked, id=20852, stack(0x00000074fa800000,0x00000074fa900000)]
  0x000002194d8e8000 JavaThread "Unconstrained build operations Thread 39" [_thread_blocked, id=34288, stack(0x00000074fa900000,0x00000074faa00000)]
  0x000002194d8ed800 JavaThread "Unconstrained build operations Thread 40" [_thread_blocked, id=27684, stack(0x00000074faa00000,0x00000074fab00000)]
  0x000002194d8ee800 JavaThread "Unconstrained build operations Thread 41" [_thread_blocked, id=32116, stack(0x00000074fab00000,0x00000074fac00000)]
  0x000002194d8eb000 JavaThread "Unconstrained build operations Thread 42" [_thread_blocked, id=31328, stack(0x00000074fac00000,0x00000074fad00000)]
  0x000002194d8ea000 JavaThread "Unconstrained build operations Thread 43" [_thread_blocked, id=22768, stack(0x00000074fad00000,0x00000074fae00000)]
  0x000002194d8e8800 JavaThread "Unconstrained build operations Thread 44" [_thread_blocked, id=30052, stack(0x00000074fae00000,0x00000074faf00000)]
  0x000002194d8ef000 JavaThread "Unconstrained build operations Thread 45" [_thread_blocked, id=28296, stack(0x00000074faf00000,0x00000074fb000000)]
  0x000002194d8ec000 JavaThread "Unconstrained build operations Thread 46" [_thread_blocked, id=30684, stack(0x00000074fb000000,0x00000074fb100000)]
  0x000002194d8e9800 JavaThread "Unconstrained build operations Thread 47" [_thread_blocked, id=30120, stack(0x00000074fb100000,0x00000074fb200000)]
  0x000002194d8f0000 JavaThread "Unconstrained build operations Thread 48" [_thread_blocked, id=30040, stack(0x00000074fb200000,0x00000074fb300000)]
  0x000002194d8f3000 JavaThread "Unconstrained build operations Thread 49" [_thread_blocked, id=30008, stack(0x00000074fb300000,0x00000074fb400000)]
  0x000002194d8f4000 JavaThread "Unconstrained build operations Thread 50" [_thread_blocked, id=29976, stack(0x00000074fb400000,0x00000074fb500000)]
  0x000002194d8f1000 JavaThread "Unconstrained build operations Thread 51" [_thread_blocked, id=37192, stack(0x00000074fb500000,0x00000074fb600000)]
  0x000002194d8f5000 JavaThread "Unconstrained build operations Thread 52" [_thread_blocked, id=37184, stack(0x00000074fb600000,0x00000074fb700000)]
  0x000002194d8f5800 JavaThread "Unconstrained build operations Thread 53" [_thread_blocked, id=33856, stack(0x00000074fb700000,0x00000074fb800000)]
  0x000002194d8f1800 JavaThread "Unconstrained build operations Thread 54" [_thread_blocked, id=25280, stack(0x00000074fb800000,0x00000074fb900000)]
  0x000002194d8f2800 JavaThread "Unconstrained build operations Thread 55" [_thread_blocked, id=12072, stack(0x00000074fb900000,0x00000074fba00000)]
  0x000002194d797800 JavaThread "Unconstrained build operations Thread 56" [_thread_blocked, id=30324, stack(0x00000074fba00000,0x00000074fbb00000)]
  0x000002194d79c000 JavaThread "Unconstrained build operations Thread 57" [_thread_blocked, id=30136, stack(0x00000074fbb00000,0x00000074fbc00000)]
  0x000002194d79d000 JavaThread "Unconstrained build operations Thread 58" [_thread_blocked, id=30152, stack(0x00000074fbc00000,0x00000074fbd00000)]
  0x000002194d79e000 JavaThread "Unconstrained build operations Thread 59" [_thread_blocked, id=31036, stack(0x00000074fbd00000,0x00000074fbe00000)]
  0x000002194d798000 JavaThread "Unconstrained build operations Thread 60" [_thread_blocked, id=17896, stack(0x00000074fbe00000,0x00000074fbf00000)]
  0x000002194d79b800 JavaThread "Unconstrained build operations Thread 61" [_thread_blocked, id=25980, stack(0x00000074fbf00000,0x00000074fc000000)]
  0x000002194d799000 JavaThread "Unconstrained build operations Thread 62" [_thread_blocked, id=30132, stack(0x00000074fc000000,0x00000074fc100000)]
  0x000002194d79e800 JavaThread "Unconstrained build operations Thread 63" [_thread_blocked, id=24292, stack(0x00000074fc100000,0x00000074fc200000)]
  0x000002194d79a800 JavaThread "Unconstrained build operations Thread 64" [_thread_blocked, id=30296, stack(0x00000074fc200000,0x00000074fc300000)]
  0x000002194d79f800 JavaThread "Unconstrained build operations Thread 65" [_thread_blocked, id=25256, stack(0x00000074fc300000,0x00000074fc400000)]
  0x000002194d79a000 JavaThread "Unconstrained build operations Thread 66" [_thread_blocked, id=30292, stack(0x00000074fc400000,0x00000074fc500000)]
  0x000002194d7a6000 JavaThread "Unconstrained build operations Thread 67" [_thread_blocked, id=31064, stack(0x00000074fc500000,0x00000074fc600000)]
  0x000002194d7a0800 JavaThread "Unconstrained build operations Thread 68" [_thread_blocked, id=30232, stack(0x00000074fc600000,0x00000074fc700000)]
  0x000002194d7a3000 JavaThread "Unconstrained build operations Thread 69" [_thread_blocked, id=31600, stack(0x00000074fc700000,0x00000074fc800000)]
  0x000002194d7a5000 JavaThread "Unconstrained build operations Thread 70" [_thread_blocked, id=22516, stack(0x00000074fc800000,0x00000074fc900000)]
  0x000002194d7a3800 JavaThread "Unconstrained build operations Thread 71" [_thread_blocked, id=30200, stack(0x00000074fc900000,0x00000074fca00000)]
  0x000002194d7a1000 JavaThread "Unconstrained build operations Thread 72" [_thread_blocked, id=22500, stack(0x00000074fca00000,0x00000074fcb00000)]
  0x000002194d7a2000 JavaThread "Unconstrained build operations Thread 73" [_thread_blocked, id=22496, stack(0x00000074fcb00000,0x00000074fcc00000)]
  0x000002194d7a4800 JavaThread "Unconstrained build operations Thread 74" [_thread_blocked, id=28300, stack(0x00000074fcc00000,0x00000074fcd00000)]
  0x000002194db83000 JavaThread "Unconstrained build operations Thread 75" [_thread_blocked, id=22488, stack(0x00000074fcd00000,0x00000074fce00000)]
  0x000002194db84000 JavaThread "Unconstrained build operations Thread 76" [_thread_blocked, id=22392, stack(0x00000074fce00000,0x00000074fcf00000)]
  0x000002194db84800 JavaThread "Unconstrained build operations Thread 77" [_thread_blocked, id=28348, stack(0x00000074fcf00000,0x00000074fd000000)]
  0x000002194db85800 JavaThread "Unconstrained build operations Thread 78" [_thread_blocked, id=26040, stack(0x00000074fd000000,0x00000074fd100000)]
  0x000002194db81800 JavaThread "Unconstrained build operations Thread 79" [_thread_blocked, id=25984, stack(0x00000074fd100000,0x00000074fd200000)]
  0x000002194db7f800 JavaThread "Unconstrained build operations Thread 80" [_thread_blocked, id=26044, stack(0x00000074fd200000,0x00000074fd300000)]
  0x000002194db86000 JavaThread "jar transforms Thread 4" [_thread_blocked, id=20812, stack(0x00000074fd300000,0x00000074fd400000)]
  0x000002194db80800 JavaThread "jar transforms Thread 5" [_thread_blocked, id=28708, stack(0x00000074fd400000,0x00000074fd500000)]
  0x000002194db88000 JavaThread "jar transforms Thread 6" [_thread_blocked, id=32020, stack(0x00000074fd500000,0x00000074fd600000)]
  0x000002194db82000 JavaThread "jar transforms Thread 7" [_thread_blocked, id=22512, stack(0x00000074fd600000,0x00000074fd700000)]
  0x000002194db89800 JavaThread "jar transforms Thread 8" [_thread_blocked, id=30488, stack(0x00000074fd700000,0x00000074fd800000)]

Other Threads:
  0x0000021944cd3000 VMThread "VM Thread" [stack: 0x00000074f5600000,0x00000074f5700000] [id=26932]
  0x00000219457c8800 WatcherThread [stack: 0x00000074f6000000,0x00000074f6100000] [id=26584]
  0x00000219288db800 GCTaskThread "GC Thread#0" [stack: 0x00000074f5100000,0x00000074f5200000] [id=27484]
  0x0000021945f3e800 GCTaskThread "GC Thread#1" [stack: 0x00000074f6100000,0x00000074f6200000] [id=26616]
  0x0000021945faf800 GCTaskThread "GC Thread#2" [stack: 0x00000074f6200000,0x00000074f6300000] [id=20528]
  0x0000021949dac000 GCTaskThread "GC Thread#3" [stack: 0x00000074f6d00000,0x00000074f6e00000] [id=35536]
  0x000002194a3ec800 GCTaskThread "GC Thread#4" [stack: 0x00000074f6e00000,0x00000074f6f00000] [id=29156]
  0x000002194b0d7800 GCTaskThread "GC Thread#5" [stack: 0x00000074f6f00000,0x00000074f7000000] [id=12276]
  0x000002194b02c800 GCTaskThread "GC Thread#6" [stack: 0x00000074f7000000,0x00000074f7100000] [id=2532]
  0x0000021949d99000 GCTaskThread "GC Thread#7" [stack: 0x00000074f7100000,0x00000074f7200000] [id=34396]
  0x000002192890c000 ConcurrentGCThread "G1 Main Marker" [stack: 0x00000074f5200000,0x00000074f5300000] [id=14808]
  0x000002192890d800 ConcurrentGCThread "G1 Conc#0" [stack: 0x00000074f5300000,0x00000074f5400000] [id=27908]
  0x000002194a182800 ConcurrentGCThread "G1 Conc#1" [stack: 0x00000074f7500000,0x00000074f7600000] [id=30108]
  0x0000021944b20800 ConcurrentGCThread "G1 Refine#0" [stack: 0x00000074f5400000,0x00000074f5500000] [id=37636]
  0x0000021944b23000 ConcurrentGCThread "G1 Young RemSet Sampling" [stack: 0x00000074f5500000,0x00000074f5600000] [id=28812]

Threads with active compile tasks:
C2 CompilerThread0  17475 5573       4       java.lang.invoke.LambdaForm$Name::replaceNames (174 bytes)
C1 CompilerThread0  17475 5645       3       org.apache.xerces.impl.XMLScanner::scanAttributeValue (1007 bytes)

VM state:not at safepoint (normal execution)

VM Mutex/Monitor currently owned by a thread: None

Heap address: 0x0000000080000000, size: 2048 MB, Compressed Oops mode: 32-bit
Narrow klass base: 0x0000000000000000, Narrow klass shift: 3
Compressed class space size: 1073741824 Address: 0x0000000100000000

Heap:
 garbage-first heap   total 131072K, used 93471K [0x0000000080000000, 0x0000000100000000)
  region size 1024K, 61 young (62464K), 9 survivors (9216K)
 Metaspace       used 54196K, capacity 55465K, committed 55760K, reserved 1097728K
  class space    used 6937K, capacity 7403K, committed 7500K, reserved 1048576K
Heap Regions: E=young(eden), S=young(survivor), O=old, HS=humongous(starts), HC=humongous(continues), CS=collection set, F=free, A=archive, TAMS=top-at-mark-start (previous, next)
|   0|0x0000000080000000, 0x0000000080100000, 0x0000000080100000|100%| O|  |TAMS 0x0000000080100000, 0x0000000080000000| Untracked 
|   1|0x0000000080100000, 0x0000000080200000, 0x0000000080200000|100%| O|  |TAMS 0x0000000080200000, 0x0000000080100000| Untracked 
|   2|0x0000000080200000, 0x0000000080300000, 0x0000000080300000|100%| O|  |TAMS 0x0000000080300000, 0x0000000080200000| Untracked 
|   3|0x0000000080300000, 0x0000000080400000, 0x0000000080400000|100%|HS|  |TAMS 0x0000000080400000, 0x0000000080300000| Complete 
|   4|0x0000000080400000, 0x0000000080500000, 0x0000000080500000|100%|HC|  |TAMS 0x0000000080500000, 0x0000000080400000| Complete 
|   5|0x0000000080500000, 0x0000000080600000, 0x0000000080600000|100%|HC|  |TAMS 0x0000000080600000, 0x0000000080500000| Complete 
|   6|0x0000000080600000, 0x0000000080700000, 0x0000000080700000|100%| O|  |TAMS 0x0000000080700000, 0x0000000080600000| Untracked 
|   7|0x0000000080700000, 0x0000000080800000, 0x0000000080800000|100%| O|  |TAMS 0x0000000080800000, 0x0000000080700000| Untracked 
|   8|0x0000000080800000, 0x0000000080900000, 0x0000000080900000|100%| O|  |TAMS 0x0000000080900000, 0x0000000080800000| Untracked 
|   9|0x0000000080900000, 0x0000000080a00000, 0x0000000080a00000|100%| O|  |TAMS 0x0000000080a00000, 0x0000000080900000| Untracked 
|  10|0x0000000080a00000, 0x0000000080b00000, 0x0000000080b00000|100%| O|  |TAMS 0x0000000080b00000, 0x0000000080a00000| Untracked 
|  11|0x0000000080b00000, 0x0000000080c00000, 0x0000000080c00000|100%| O|  |TAMS 0x0000000080c00000, 0x0000000080b00000| Untracked 
|  12|0x0000000080c00000, 0x0000000080d00000, 0x0000000080d00000|100%| O|  |TAMS 0x0000000080d00000, 0x0000000080c00000| Untracked 
|  13|0x0000000080d00000, 0x0000000080e00000, 0x0000000080e00000|100%| O|  |TAMS 0x0000000080e00000, 0x0000000080d00000| Untracked 
|  14|0x0000000080e00000, 0x0000000080f00000, 0x0000000080f00000|100%| O|  |TAMS 0x0000000080f00000, 0x0000000080e00000| Untracked 
|  15|0x0000000080f00000, 0x0000000081000000, 0x0000000081000000|100%| O|  |TAMS 0x0000000081000000, 0x0000000080f00000| Untracked 
|  16|0x0000000081000000, 0x0000000081100000, 0x0000000081100000|100%| O|  |TAMS 0x000000008103c800, 0x0000000081000000| Untracked 
|  17|0x0000000081100000, 0x0000000081200000, 0x0000000081200000|100%|HS|  |TAMS 0x0000000081100000, 0x0000000081100000| Complete 
|  18|0x0000000081200000, 0x0000000081300000, 0x0000000081300000|100%| O|  |TAMS 0x0000000081200000, 0x0000000081200000| Untracked 
|  19|0x0000000081300000, 0x0000000081400000, 0x0000000081400000|100%| O|  |TAMS 0x0000000081300000, 0x0000000081300000| Untracked 
|  20|0x0000000081400000, 0x0000000081500000, 0x0000000081500000|100%| O|  |TAMS 0x0000000081400000, 0x0000000081400000| Untracked 
|  21|0x0000000081500000, 0x0000000081600000, 0x0000000081600000|100%| O|  |TAMS 0x0000000081500000, 0x0000000081500000| Untracked 
|  22|0x0000000081600000, 0x0000000081700000, 0x0000000081700000|100%| O|  |TAMS 0x0000000081600000, 0x0000000081600000| Untracked 
|  23|0x0000000081700000, 0x0000000081800000, 0x0000000081800000|100%| O|  |TAMS 0x0000000081700000, 0x0000000081700000| Untracked 
|  24|0x0000000081800000, 0x0000000081900000, 0x0000000081900000|100%| O|  |TAMS 0x0000000081800000, 0x0000000081800000| Untracked 
|  25|0x0000000081900000, 0x0000000081a00000, 0x0000000081a00000|100%| O|  |TAMS 0x0000000081900000, 0x0000000081900000| Untracked 
|  26|0x0000000081a00000, 0x0000000081b00000, 0x0000000081b00000|100%| O|  |TAMS 0x0000000081a00000, 0x0000000081a00000| Untracked 
|  27|0x0000000081b00000, 0x0000000081ba5c00, 0x0000000081c00000| 64%| O|  |TAMS 0x0000000081b00000, 0x0000000081b00000| Untracked 
|  28|0x0000000081c00000, 0x0000000081d00000, 0x0000000081d00000|100%|HS|  |TAMS 0x0000000081c00000, 0x0000000081c00000| Complete 
|  29|0x0000000081d00000, 0x0000000081e00000, 0x0000000081e00000|100%|HS|  |TAMS 0x0000000081d00000, 0x0000000081d00000| Complete 
|  30|0x0000000081e00000, 0x0000000081f00000, 0x0000000081f00000|100%|HS|  |TAMS 0x0000000081e00000, 0x0000000081e00000| Complete 
|  31|0x0000000081f00000, 0x0000000082000000, 0x0000000082000000|100%|HC|  |TAMS 0x0000000081f00000, 0x0000000081f00000| Complete 
|  32|0x0000000082000000, 0x0000000082000000, 0x0000000082100000|  0%| F|  |TAMS 0x0000000082000000, 0x0000000082000000| Untracked 
|  33|0x0000000082100000, 0x0000000082100000, 0x0000000082200000|  0%| F|  |TAMS 0x0000000082100000, 0x0000000082100000| Untracked 
|  34|0x0000000082200000, 0x0000000082200000, 0x0000000082300000|  0%| F|  |TAMS 0x0000000082200000, 0x0000000082200000| Untracked 
|  35|0x0000000082300000, 0x0000000082300000, 0x0000000082400000|  0%| F|  |TAMS 0x0000000082300000, 0x0000000082300000| Untracked 
|  36|0x0000000082400000, 0x0000000082400000, 0x0000000082500000|  0%| F|  |TAMS 0x0000000082400000, 0x0000000082400000| Untracked 
|  37|0x0000000082500000, 0x0000000082500000, 0x0000000082600000|  0%| F|  |TAMS 0x0000000082500000, 0x0000000082500000| Untracked 
|  38|0x0000000082600000, 0x0000000082600000, 0x0000000082700000|  0%| F|  |TAMS 0x0000000082600000, 0x0000000082600000| Untracked 
|  39|0x0000000082700000, 0x0000000082700000, 0x0000000082800000|  0%| F|  |TAMS 0x0000000082700000, 0x0000000082700000| Untracked 
|  40|0x0000000082800000, 0x0000000082800000, 0x0000000082900000|  0%| F|  |TAMS 0x0000000082800000, 0x0000000082800000| Untracked 
|  41|0x0000000082900000, 0x0000000082900000, 0x0000000082a00000|  0%| F|  |TAMS 0x0000000082900000, 0x0000000082900000| Untracked 
|  42|0x0000000082a00000, 0x0000000082a00000, 0x0000000082b00000|  0%| F|  |TAMS 0x0000000082a00000, 0x0000000082a00000| Untracked 
|  43|0x0000000082b00000, 0x0000000082b00000, 0x0000000082c00000|  0%| F|  |TAMS 0x0000000082b00000, 0x0000000082b00000| Untracked 
|  44|0x0000000082c00000, 0x0000000082c00000, 0x0000000082d00000|  0%| F|  |TAMS 0x0000000082c00000, 0x0000000082c00000| Untracked 
|  45|0x0000000082d00000, 0x0000000082d00000, 0x0000000082e00000|  0%| F|  |TAMS 0x0000000082d00000, 0x0000000082d00000| Untracked 
|  46|0x0000000082e00000, 0x0000000082e00000, 0x0000000082f00000|  0%| F|  |TAMS 0x0000000082e00000, 0x0000000082e00000| Untracked 
|  47|0x0000000082f00000, 0x0000000082f00000, 0x0000000083000000|  0%| F|  |TAMS 0x0000000082f00000, 0x0000000082f00000| Untracked 
|  48|0x0000000083000000, 0x0000000083000000, 0x0000000083100000|  0%| F|  |TAMS 0x0000000083000000, 0x0000000083000000| Untracked 
|  49|0x0000000083100000, 0x0000000083100000, 0x0000000083200000|  0%| F|  |TAMS 0x0000000083100000, 0x0000000083100000| Untracked 
|  50|0x0000000083200000, 0x0000000083200000, 0x0000000083300000|  0%| F|  |TAMS 0x0000000083200000, 0x0000000083200000| Untracked 
|  51|0x0000000083300000, 0x0000000083300000, 0x0000000083400000|  0%| F|  |TAMS 0x0000000083300000, 0x0000000083300000| Untracked 
|  52|0x0000000083400000, 0x0000000083400000, 0x0000000083500000|  0%| F|  |TAMS 0x0000000083400000, 0x0000000083400000| Untracked 
|  53|0x0000000083500000, 0x0000000083500000, 0x0000000083600000|  0%| F|  |TAMS 0x0000000083500000, 0x0000000083500000| Untracked 
|  54|0x0000000083600000, 0x00000000836a2280, 0x0000000083700000| 63%| S|CS|TAMS 0x0000000083600000, 0x0000000083600000| Complete 
|  55|0x0000000083700000, 0x0000000083800000, 0x0000000083800000|100%| S|CS|TAMS 0x0000000083700000, 0x0000000083700000| Complete 
|  56|0x0000000083800000, 0x0000000083900000, 0x0000000083900000|100%| S|CS|TAMS 0x0000000083800000, 0x0000000083800000| Complete 
|  57|0x0000000083900000, 0x0000000083a00000, 0x0000000083a00000|100%| S|CS|TAMS 0x0000000083900000, 0x0000000083900000| Complete 
|  58|0x0000000083a00000, 0x0000000083b00000, 0x0000000083b00000|100%| S|CS|TAMS 0x0000000083a00000, 0x0000000083a00000| Complete 
|  59|0x0000000083b00000, 0x0000000083c00000, 0x0000000083c00000|100%| S|CS|TAMS 0x0000000083b00000, 0x0000000083b00000| Complete 
|  60|0x0000000083c00000, 0x0000000083d00000, 0x0000000083d00000|100%| S|CS|TAMS 0x0000000083c00000, 0x0000000083c00000| Complete 
|  61|0x0000000083d00000, 0x0000000083e00000, 0x0000000083e00000|100%| S|CS|TAMS 0x0000000083d00000, 0x0000000083d00000| Complete 
|  62|0x0000000083e00000, 0x0000000083f00000, 0x0000000083f00000|100%| S|CS|TAMS 0x0000000083e00000, 0x0000000083e00000| Complete 
|  63|0x0000000083f00000, 0x0000000083f00000, 0x0000000084000000|  0%| F|  |TAMS 0x0000000083f00000, 0x0000000083f00000| Untracked 
|  64|0x0000000084000000, 0x0000000084000000, 0x0000000084100000|  0%| F|  |TAMS 0x0000000084000000, 0x0000000084000000| Untracked 
|  65|0x0000000084100000, 0x0000000084100000, 0x0000000084200000|  0%| F|  |TAMS 0x0000000084100000, 0x0000000084100000| Untracked 
|  66|0x0000000084200000, 0x0000000084200000, 0x0000000084300000|  0%| F|  |TAMS 0x0000000084200000, 0x0000000084200000| Untracked 
|  67|0x0000000084300000, 0x0000000084300000, 0x0000000084400000|  0%| F|  |TAMS 0x0000000084300000, 0x0000000084300000| Untracked 
|  68|0x0000000084400000, 0x0000000084400000, 0x0000000084500000|  0%| F|  |TAMS 0x0000000084400000, 0x0000000084400000| Untracked 
|  69|0x0000000084500000, 0x0000000084500000, 0x0000000084600000|  0%| F|  |TAMS 0x0000000084500000, 0x0000000084500000| Untracked 
|  70|0x0000000084600000, 0x0000000084600000, 0x0000000084700000|  0%| F|  |TAMS 0x0000000084600000, 0x0000000084600000| Untracked 
|  71|0x0000000084700000, 0x0000000084700000, 0x0000000084800000|  0%| F|  |TAMS 0x0000000084700000, 0x0000000084700000| Untracked 
|  72|0x0000000084800000, 0x0000000084800000, 0x0000000084900000|  0%| F|  |TAMS 0x0000000084800000, 0x0000000084800000| Untracked 
|  73|0x0000000084900000, 0x0000000084900000, 0x0000000084a00000|  0%| F|  |TAMS 0x0000000084900000, 0x0000000084900000| Untracked 
|  74|0x0000000084a00000, 0x0000000084a00000, 0x0000000084b00000|  0%| F|  |TAMS 0x0000000084a00000, 0x0000000084a00000| Untracked 
|  75|0x0000000084b00000, 0x0000000084b82ab8, 0x0000000084c00000| 51%| E|  |TAMS 0x0000000084b00000, 0x0000000084b00000| Complete 
|  76|0x0000000084c00000, 0x0000000084d00000, 0x0000000084d00000|100%| E|CS|TAMS 0x0000000084c00000, 0x0000000084c00000| Complete 
|  77|0x0000000084d00000, 0x0000000084e00000, 0x0000000084e00000|100%| E|CS|TAMS 0x0000000084d00000, 0x0000000084d00000| Complete 
|  78|0x0000000084e00000, 0x0000000084f00000, 0x0000000084f00000|100%| E|CS|TAMS 0x0000000084e00000, 0x0000000084e00000| Complete 
|  79|0x0000000084f00000, 0x0000000085000000, 0x0000000085000000|100%| E|CS|TAMS 0x0000000084f00000, 0x0000000084f00000| Complete 
|  80|0x0000000085000000, 0x0000000085100000, 0x0000000085100000|100%| E|CS|TAMS 0x0000000085000000, 0x0000000085000000| Complete 
|  81|0x0000000085100000, 0x0000000085200000, 0x0000000085200000|100%| E|CS|TAMS 0x0000000085100000, 0x0000000085100000| Complete 
|  82|0x0000000085200000, 0x0000000085300000, 0x0000000085300000|100%| E|CS|TAMS 0x0000000085200000, 0x0000000085200000| Complete 
|  83|0x0000000085300000, 0x0000000085400000, 0x0000000085400000|100%| E|CS|TAMS 0x0000000085300000, 0x0000000085300000| Complete 
|  84|0x0000000085400000, 0x0000000085500000, 0x0000000085500000|100%| E|CS|TAMS 0x0000000085400000, 0x0000000085400000| Complete 
|  85|0x0000000085500000, 0x0000000085600000, 0x0000000085600000|100%| E|CS|TAMS 0x0000000085500000, 0x0000000085500000| Complete 
|  86|0x0000000085600000, 0x0000000085700000, 0x0000000085700000|100%| E|CS|TAMS 0x0000000085600000, 0x0000000085600000| Complete 
|  87|0x0000000085700000, 0x0000000085800000, 0x0000000085800000|100%| E|CS|TAMS 0x0000000085700000, 0x0000000085700000| Complete 
|  88|0x0000000085800000, 0x0000000085900000, 0x0000000085900000|100%| E|CS|TAMS 0x0000000085800000, 0x0000000085800000| Complete 
|  89|0x0000000085900000, 0x0000000085a00000, 0x0000000085a00000|100%| E|CS|TAMS 0x0000000085900000, 0x0000000085900000| Complete 
|  90|0x0000000085a00000, 0x0000000085b00000, 0x0000000085b00000|100%| E|CS|TAMS 0x0000000085a00000, 0x0000000085a00000| Complete 
|  91|0x0000000085b00000, 0x0000000085c00000, 0x0000000085c00000|100%| E|CS|TAMS 0x0000000085b00000, 0x0000000085b00000| Complete 
|  92|0x0000000085c00000, 0x0000000085d00000, 0x0000000085d00000|100%| E|CS|TAMS 0x0000000085c00000, 0x0000000085c00000| Complete 
|  93|0x0000000085d00000, 0x0000000085e00000, 0x0000000085e00000|100%| E|CS|TAMS 0x0000000085d00000, 0x0000000085d00000| Complete 
|  94|0x0000000085e00000, 0x0000000085f00000, 0x0000000085f00000|100%| E|CS|TAMS 0x0000000085e00000, 0x0000000085e00000| Complete 
|  95|0x0000000085f00000, 0x0000000086000000, 0x0000000086000000|100%| E|CS|TAMS 0x0000000085f00000, 0x0000000085f00000| Complete 
|  96|0x0000000086000000, 0x0000000086100000, 0x0000000086100000|100%| E|CS|TAMS 0x0000000086000000, 0x0000000086000000| Complete 
|  97|0x0000000086100000, 0x0000000086200000, 0x0000000086200000|100%| E|CS|TAMS 0x0000000086100000, 0x0000000086100000| Complete 
|  98|0x0000000086200000, 0x0000000086300000, 0x0000000086300000|100%| E|CS|TAMS 0x0000000086200000, 0x0000000086200000| Complete 
|  99|0x0000000086300000, 0x0000000086400000, 0x0000000086400000|100%| E|CS|TAMS 0x0000000086300000, 0x0000000086300000| Complete 
| 100|0x0000000086400000, 0x0000000086500000, 0x0000000086500000|100%| E|CS|TAMS 0x0000000086400000, 0x0000000086400000| Complete 
| 101|0x0000000086500000, 0x0000000086600000, 0x0000000086600000|100%| E|CS|TAMS 0x0000000086500000, 0x0000000086500000| Complete 
| 102|0x0000000086600000, 0x0000000086700000, 0x0000000086700000|100%| E|CS|TAMS 0x0000000086600000, 0x0000000086600000| Complete 
| 103|0x0000000086700000, 0x0000000086800000, 0x0000000086800000|100%| E|CS|TAMS 0x0000000086700000, 0x0000000086700000| Complete 
| 104|0x0000000086800000, 0x0000000086900000, 0x0000000086900000|100%| E|CS|TAMS 0x0000000086800000, 0x0000000086800000| Complete 
| 105|0x0000000086900000, 0x0000000086a00000, 0x0000000086a00000|100%| E|CS|TAMS 0x0000000086900000, 0x0000000086900000| Complete 
| 106|0x0000000086a00000, 0x0000000086b00000, 0x0000000086b00000|100%| E|CS|TAMS 0x0000000086a00000, 0x0000000086a00000| Complete 
| 107|0x0000000086b00000, 0x0000000086c00000, 0x0000000086c00000|100%| E|CS|TAMS 0x0000000086b00000, 0x0000000086b00000| Complete 
| 108|0x0000000086c00000, 0x0000000086d00000, 0x0000000086d00000|100%| E|CS|TAMS 0x0000000086c00000, 0x0000000086c00000| Complete 
| 109|0x0000000086d00000, 0x0000000086e00000, 0x0000000086e00000|100%| E|CS|TAMS 0x0000000086d00000, 0x0000000086d00000| Complete 
| 110|0x0000000086e00000, 0x0000000086f00000, 0x0000000086f00000|100%| E|CS|TAMS 0x0000000086e00000, 0x0000000086e00000| Complete 
| 111|0x0000000086f00000, 0x0000000087000000, 0x0000000087000000|100%| E|CS|TAMS 0x0000000086f00000, 0x0000000086f00000| Complete 
| 112|0x0000000087000000, 0x0000000087100000, 0x0000000087100000|100%| E|CS|TAMS 0x0000000087000000, 0x0000000087000000| Complete 
| 113|0x0000000087100000, 0x0000000087200000, 0x0000000087200000|100%| E|CS|TAMS 0x0000000087100000, 0x0000000087100000| Complete 
| 114|0x0000000087200000, 0x0000000087300000, 0x0000000087300000|100%| E|CS|TAMS 0x0000000087200000, 0x0000000087200000| Complete 
| 115|0x0000000087300000, 0x0000000087400000, 0x0000000087400000|100%| E|CS|TAMS 0x0000000087300000, 0x0000000087300000| Complete 
| 116|0x0000000087400000, 0x0000000087500000, 0x0000000087500000|100%| E|CS|TAMS 0x0000000087400000, 0x0000000087400000| Complete 
| 117|0x0000000087500000, 0x0000000087600000, 0x0000000087600000|100%| E|CS|TAMS 0x0000000087500000, 0x0000000087500000| Complete 
| 118|0x0000000087600000, 0x0000000087700000, 0x0000000087700000|100%| E|CS|TAMS 0x0000000087600000, 0x0000000087600000| Complete 
| 119|0x0000000087700000, 0x0000000087800000, 0x0000000087800000|100%| E|CS|TAMS 0x0000000087700000, 0x0000000087700000| Complete 
| 120|0x0000000087800000, 0x0000000087900000, 0x0000000087900000|100%| E|CS|TAMS 0x0000000087800000, 0x0000000087800000| Complete 
| 121|0x0000000087900000, 0x0000000087a00000, 0x0000000087a00000|100%| E|CS|TAMS 0x0000000087900000, 0x0000000087900000| Complete 
| 122|0x0000000087a00000, 0x0000000087b00000, 0x0000000087b00000|100%| E|CS|TAMS 0x0000000087a00000, 0x0000000087a00000| Complete 
| 123|0x0000000087b00000, 0x0000000087c00000, 0x0000000087c00000|100%| E|CS|TAMS 0x0000000087b00000, 0x0000000087b00000| Complete 
| 124|0x0000000087c00000, 0x0000000087d00000, 0x0000000087d00000|100%| E|CS|TAMS 0x0000000087c00000, 0x0000000087c00000| Complete 
| 125|0x0000000087d00000, 0x0000000087e00000, 0x0000000087e00000|100%| E|CS|TAMS 0x0000000087d00000, 0x0000000087d00000| Complete 
| 126|0x0000000087e00000, 0x0000000087f00000, 0x0000000087f00000|100%| E|CS|TAMS 0x0000000087e00000, 0x0000000087e00000| Complete 
| 127|0x0000000087f00000, 0x0000000088000000, 0x0000000088000000|100%| E|CS|TAMS 0x0000000087f00000, 0x0000000087f00000| Complete 

Card table byte_map: [0x000002193da00000,0x000002193de00000] _byte_map_base: 0x000002193d600000

Marking Bits (Prev, Next): (CMBitMap*) 0x00000219289031e8, (CMBitMap*) 0x0000021928903220
 Prev Bits: [0x000002193e200000, 0x0000021940200000)
 Next Bits: [0x0000021940200000, 0x0000021942200000)

Polling page: 0x00000219289a0000

Metaspace:

Usage:
  Non-class:     47.00 MB capacity,    46.18 MB ( 98%) used,   694.32 KB (  1%) free+waste,   142.69 KB ( <1%) overhead. 
      Class:      7.23 MB capacity,     6.78 MB ( 94%) used,   392.80 KB (  5%) free+waste,    67.88 KB ( <1%) overhead. 
       Both:     54.23 MB capacity,    52.96 MB ( 98%) used,     1.06 MB (  2%) free+waste,   210.56 KB ( <1%) overhead. 

Virtual space:
  Non-class space:       48.00 MB reserved,      47.13 MB ( 98%) committed 
      Class space:        1.00 GB reserved,       7.32 MB ( <1%) committed 
             Both:        1.05 GB reserved,      54.45 MB (  5%) committed 

Chunk freelists:
   Non-Class:  6.00 KB
       Class:  21.00 KB
        Both:  27.00 KB

MaxMetaspaceSize: 17179869184.00 GB
CompressedClassSpaceSize: 1.00 GB

CodeHeap 'non-profiled nmethods': size=120000Kb used=2520Kb max_used=2520Kb free=117479Kb
 bounds [0x0000021935660000, 0x00000219358e0000, 0x000002193cb90000]
CodeHeap 'profiled nmethods': size=120000Kb used=11460Kb max_used=11460Kb free=108540Kb
 bounds [0x000002192e130000, 0x000002192ec70000, 0x0000021935660000]
CodeHeap 'non-nmethods': size=5760Kb used=2236Kb max_used=2257Kb free=3523Kb
 bounds [0x000002192db90000, 0x000002192de00000, 0x000002192e130000]
 total_blobs=6382 nmethods=5566 adapters=727
 compilation: enabled
              stopped_count=0, restarted_count=0
 full_count=0

Compilation events (20 events):
Event: 17.342 Thread 0x0000021945619800 nmethod 5642 0x000002192ec57e10 code [0x000002192ec57fe0, 0x000002192ec58238]
Event: 17.342 Thread 0x0000021945619800 5641       3       org.apache.xerces.util.XMLAttributesImpl::addAttribute (664 bytes)
Event: 17.350 Thread 0x0000021945619800 nmethod 5641 0x000002192ec58390 code [0x000002192ec58940, 0x000002192ec5c6e8]
Event: 17.350 Thread 0x0000021945619800 5624       3       org.apache.xerces.xni.XMLString::toString (32 bytes)
Event: 17.350 Thread 0x0000021945619800 nmethod 5624 0x000002192ec5da90 code [0x000002192ec5dc80, 0x000002192ec5dfd8]
Event: 17.350 Thread 0x0000021945619800 5630       3       org.apache.xerces.impl.XMLScanner::isValidNameStartChar (5 bytes)
Event: 17.351 Thread 0x0000021945619800 nmethod 5630 0x000002192ec5e190 code [0x000002192ec5e360, 0x000002192ec5e598]
Event: 17.351 Thread 0x0000021945619800 5628       3       org.apache.xerces.dom.DeferredDocumentImpl::clearChunkValue (69 bytes)
Event: 17.351 Thread 0x0000021945619800 nmethod 5628 0x000002192ec5e690 code [0x000002192ec5e8a0, 0x000002192ec5f018]
Event: 17.351 Thread 0x0000021945619800 5632       3       org.apache.xerces.xni.QName::setValues (22 bytes)
Event: 17.352 Thread 0x0000021945619800 nmethod 5632 0x000002192ec5f290 code [0x000002192ec5f440, 0x000002192ec5f6b8]
Event: 17.352 Thread 0x0000021945619800 5635       3       org.apache.xerces.xni.XMLString::setValues (17 bytes)
Event: 17.352 Thread 0x0000021945619800 nmethod 5635 0x000002192ec5f790 code [0x000002192ec5f940, 0x000002192ec5fb98]
Event: 17.352 Thread 0x0000021945619800 5639       3       java.lang.Boolean::equals (29 bytes)
Event: 17.352 Thread 0x0000021945619800 nmethod 5639 0x000002192ec5fc90 code [0x000002192ec5fe60, 0x000002192ec60218]
Event: 17.352 Thread 0x0000021945619800 5643       3       org.apache.xerces.util.AugmentationsImpl::removeAllItems (8 bytes)
Event: 17.352 Thread 0x0000021945619800 nmethod 5643 0x000002192ec60310 code [0x000002192ec604c0, 0x000002192ec60688]
Event: 17.352 Thread 0x0000021945619800 5644       3       org.apache.xerces.util.AugmentationsImpl$SmallContainer::clear (41 bytes)
Event: 17.353 Thread 0x0000021945619800 nmethod 5644 0x000002192ec60790 code [0x000002192ec60980, 0x000002192ec60e98]
Event: 17.353 Thread 0x0000021945619800 5645       3       org.apache.xerces.impl.XMLScanner::scanAttributeValue (1007 bytes)

GC Heap History (18 events):
Event: 2.440 GC heap before
{Heap before GC invocations=0 (full 0):
 garbage-first heap   total 131072K, used 29696K [0x0000000080000000, 0x0000000100000000)
  region size 1024K, 24 young (24576K), 0 survivors (0K)
 Metaspace       used 10300K, capacity 10531K, committed 10752K, reserved 1058816K
  class space    used 1079K, capacity 1170K, committed 1280K, reserved 1048576K
}
Event: 2.447 GC heap after
{Heap after GC invocations=1 (full 0):
 garbage-first heap   total 131072K, used 9949K [0x0000000080000000, 0x0000000100000000)
  region size 1024K, 3 young (3072K), 3 survivors (3072K)
 Metaspace       used 10300K, capacity 10531K, committed 10752K, reserved 1058816K
  class space    used 1079K, capacity 1170K, committed 1280K, reserved 1048576K
}
Event: 3.022 GC heap before
{Heap before GC invocations=1 (full 0):
 garbage-first heap   total 131072K, used 30429K [0x0000000080000000, 0x0000000100000000)
  region size 1024K, 23 young (23552K), 3 survivors (3072K)
 Metaspace       used 11298K, capacity 11552K, committed 11776K, reserved 1060864K
  class space    used 1186K, capacity 1276K, committed 1280K, reserved 1048576K
}
Event: 3.026 GC heap after
{Heap after GC invocations=2 (full 0):
 garbage-first heap   total 131072K, used 10108K [0x0000000080000000, 0x0000000100000000)
  region size 1024K, 1 young (1024K), 1 survivors (1024K)
 Metaspace       used 11298K, capacity 11552K, committed 11776K, reserved 1060864K
  class space    used 1186K, capacity 1276K, committed 1280K, reserved 1048576K
}
Event: 7.423 GC heap before
{Heap before GC invocations=2 (full 0):
 garbage-first heap   total 131072K, used 69500K [0x0000000080000000, 0x0000000100000000)
  region size 1024K, 59 young (60416K), 1 survivors (1024K)
 Metaspace       used 18644K, capacity 19074K, committed 19328K, reserved 1067008K
  class space    used 2226K, capacity 2384K, committed 2432K, reserved 1048576K
}
Event: 7.429 GC heap after
{Heap after GC invocations=3 (full 0):
 garbage-first heap   total 131072K, used 16845K [0x0000000080000000, 0x0000000100000000)
  region size 1024K, 8 young (8192K), 8 survivors (8192K)
 Metaspace       used 18644K, capacity 19074K, committed 19328K, reserved 1067008K
  class space    used 2226K, capacity 2384K, committed 2432K, reserved 1048576K
}
Event: 7.851 GC heap before
{Heap before GC invocations=3 (full 0):
 garbage-first heap   total 131072K, used 35277K [0x0000000080000000, 0x0000000100000000)
  region size 1024K, 27 young (27648K), 8 survivors (8192K)
 Metaspace       used 20751K, capacity 21177K, committed 21296K, reserved 1069056K
  class space    used 2536K, capacity 2659K, committed 2688K, reserved 1048576K
}
Event: 7.862 GC heap after
{Heap after GC invocations=4 (full 0):
 garbage-first heap   total 131072K, used 17546K [0x0000000080000000, 0x0000000100000000)
  region size 1024K, 1 young (1024K), 1 survivors (1024K)
 Metaspace       used 20751K, capacity 21177K, committed 21296K, reserved 1069056K
  class space    used 2536K, capacity 2659K, committed 2688K, reserved 1048576K
}
Event: 9.184 GC heap before
{Heap before GC invocations=5 (full 0):
 garbage-first heap   total 131072K, used 83082K [0x0000000080000000, 0x0000000100000000)
  region size 1024K, 65 young (66560K), 1 survivors (1024K)
 Metaspace       used 26985K, capacity 27677K, committed 27772K, reserved 1073152K
  class space    used 3549K, capacity 3771K, committed 3788K, reserved 1048576K
}
Event: 9.188 GC heap after
{Heap after GC invocations=6 (full 0):
 garbage-first heap   total 131072K, used 19691K [0x0000000080000000, 0x0000000100000000)
  region size 1024K, 3 young (3072K), 3 survivors (3072K)
 Metaspace       used 26985K, capacity 27677K, committed 27772K, reserved 1073152K
  class space    used 3549K, capacity 3771K, committed 3788K, reserved 1048576K
}
Event: 10.443 GC heap before
{Heap before GC invocations=6 (full 0):
 garbage-first heap   total 131072K, used 66795K [0x0000000080000000, 0x0000000100000000)
  region size 1024K, 50 young (51200K), 3 survivors (3072K)
 Metaspace       used 35185K, capacity 35954K, committed 36048K, reserved 1081344K
  class space    used 4565K, capacity 4895K, committed 4940K, reserved 1048576K
}
Event: 10.454 GC heap after
{Heap after GC invocations=7 (full 0):
 garbage-first heap   total 131072K, used 23122K [0x0000000080000000, 0x0000000100000000)
  region size 1024K, 7 young (7168K), 7 survivors (7168K)
 Metaspace       used 35185K, capacity 35954K, committed 36048K, reserved 1081344K
  class space    used 4565K, capacity 4895K, committed 4940K, reserved 1048576K
}
Event: 11.545 GC heap before
{Heap before GC invocations=8 (full 0):
 garbage-first heap   total 131072K, used 87634K [0x0000000080000000, 0x0000000100000000)
  region size 1024K, 68 young (69632K), 7 survivors (7168K)
 Metaspace       used 39591K, capacity 40573K, committed 40656K, reserved 1085440K
  class space    used 5074K, capacity 5427K, committed 5452K, reserved 1048576K
}
Event: 11.555 GC heap after
{Heap after GC invocations=9 (full 0):
 garbage-first heap   total 131072K, used 28242K [0x0000000080000000, 0x0000000100000000)
  region size 1024K, 9 young (9216K), 9 survivors (9216K)
 Metaspace       used 39591K, capacity 40573K, committed 40656K, reserved 1085440K
  class space    used 5074K, capacity 5427K, committed 5452K, reserved 1048576K
}
Event: 13.304 GC heap before
{Heap before GC invocations=9 (full 0):
 garbage-first heap   total 131072K, used 89682K [0x0000000080000000, 0x0000000100000000)
  region size 1024K, 69 young (70656K), 9 survivors (9216K)
 Metaspace       used 45352K, capacity 46418K, committed 46672K, reserved 1089536K
  class space    used 5823K, capacity 6237K, committed 6348K, reserved 1048576K
}
Event: 13.315 GC heap after
{Heap after GC invocations=10 (full 0):
 garbage-first heap   total 131072K, used 30031K [0x0000000080000000, 0x0000000100000000)
  region size 1024K, 3 young (3072K), 3 survivors (3072K)
 Metaspace       used 45352K, capacity 46418K, committed 46672K, reserved 1089536K
  class space    used 5823K, capacity 6237K, committed 6348K, reserved 1048576K
}
Event: 15.785 GC heap before
{Heap before GC invocations=10 (full 0):
 garbage-first heap   total 131072K, used 96591K [0x0000000080000000, 0x0000000100000000)
  region size 1024K, 65 young (66560K), 3 survivors (3072K)
 Metaspace       used 48037K, capacity 49239K, committed 49616K, reserved 1091584K
  class space    used 6135K, capacity 6597K, committed 6732K, reserved 1048576K
}
Event: 15.792 GC heap after
{Heap after GC invocations=11 (full 0):
 garbage-first heap   total 131072K, used 39199K [0x0000000080000000, 0x0000000100000000)
  region size 1024K, 9 young (9216K), 9 survivors (9216K)
 Metaspace       used 48037K, capacity 49239K, committed 49616K, reserved 1091584K
  class space    used 6135K, capacity 6597K, committed 6732K, reserved 1048576K
}

Deoptimization events (20 events):
Event: 17.113 Thread 0x000002194a6e7000 DEOPT PACKING pc=0x000002192e3e293e sp=0x00000074f65fe310
Event: 17.113 Thread 0x000002194a6e7000 DEOPT UNPACKING pc=0x000002192dbb6dde sp=0x00000074f65fd880 mode 0
Event: 17.326 Thread 0x000002194a6d3000 DEOPT PACKING pc=0x000002192e39ec17 sp=0x00000074f69f6600
Event: 17.326 Thread 0x000002194a6d3000 DEOPT UNPACKING pc=0x000002192dbb6dde sp=0x00000074f69f5b88 mode 0
Event: 17.330 Thread 0x000002194a6d3000 DEOPT PACKING pc=0x000002192e39ec17 sp=0x00000074f69f67e0
Event: 17.330 Thread 0x000002194a6d3000 DEOPT UNPACKING pc=0x000002192dbb6dde sp=0x00000074f69f5d68 mode 0
Event: 17.334 Thread 0x000002194a6d3000 DEOPT PACKING pc=0x000002192e39ec17 sp=0x00000074f69f65f0
Event: 17.334 Thread 0x000002194a6d3000 DEOPT UNPACKING pc=0x000002192dbb6dde sp=0x00000074f69f5b78 mode 0
Event: 17.337 Thread 0x000002194a6d3000 DEOPT PACKING pc=0x000002192e39ec17 sp=0x00000074f69f65f0
Event: 17.337 Thread 0x000002194a6d3000 DEOPT UNPACKING pc=0x000002192dbb6dde sp=0x00000074f69f5b78 mode 0
Event: 17.339 Thread 0x000002194a6d3000 DEOPT PACKING pc=0x000002192e39ec17 sp=0x00000074f69f67e0
Event: 17.339 Thread 0x000002194a6d3000 DEOPT UNPACKING pc=0x000002192dbb6dde sp=0x00000074f69f5d68 mode 0
Event: 17.342 Thread 0x000002194a6d3000 DEOPT PACKING pc=0x000002192e39ec17 sp=0x00000074f69f66d0
Event: 17.342 Thread 0x000002194a6d3000 DEOPT UNPACKING pc=0x000002192dbb6dde sp=0x00000074f69f5c58 mode 0
Event: 17.343 Thread 0x000002194a6d3000 DEOPT PACKING pc=0x000002192e39ec17 sp=0x00000074f69f66d0
Event: 17.343 Thread 0x000002194a6d3000 DEOPT UNPACKING pc=0x000002192dbb6dde sp=0x00000074f69f5c58 mode 0
Event: 17.345 Thread 0x000002194a6d3000 DEOPT PACKING pc=0x000002192e39ec17 sp=0x00000074f69f66d0
Event: 17.346 Thread 0x000002194a6d3000 DEOPT UNPACKING pc=0x000002192dbb6dde sp=0x00000074f69f5c58 mode 0
Event: 17.347 Thread 0x000002194a6d3000 DEOPT PACKING pc=0x000002192e39ec17 sp=0x00000074f69f66d0
Event: 17.347 Thread 0x000002194a6d3000 DEOPT UNPACKING pc=0x000002192dbb6dde sp=0x00000074f69f5c58 mode 0

Classes redefined (0 events):
No events

Internal exceptions (20 events):
Event: 16.042 Thread 0x000002194a6d3000 Exception <a 'java/lang/ClassNotFoundException'{0x0000000087738550}: org/gradle/api/tasks/DeleteCustomizer> (0x0000000087738550) thrown at [./src/hotspot/share/classfile/systemDictionary.cpp, line 231]
Event: 16.046 Thread 0x000002194a6d3000 Exception <a 'java/lang/ClassNotFoundException'{0x0000000087777930}: org/gradle/api/tasks/Delete_DecoratedCustomizer> (0x0000000087777930) thrown at [./src/hotspot/share/classfile/systemDictionary.cpp, line 231]
Event: 16.076 Thread 0x000002194a6d3000 Exception <a 'java/lang/NoSuchMethodError'{0x000000008768aa40}: 'long java.lang.invoke.DirectMethodHandle$Holder.invokeVirtual(java.lang.Object, java.lang.Object)'> (0x000000008768aa40) thrown at [./src/hotspot/share/interpreter/linkResolver.cpp, line 773]
Event: 16.081 Thread 0x00000219458ce000 Exception <a 'java/lang/NoSuchMethodError'{0x00000000875010e0}: <clinit>> (0x00000000875010e0) thrown at [./src/hotspot/share/prims/jni.cpp, line 1362]
Event: 16.088 Thread 0x00000219458ce000 Exception <a 'java/lang/NoSuchMethodError'{0x000000008751eaf0}: <clinit>> (0x000000008751eaf0) thrown at [./src/hotspot/share/prims/jni.cpp, line 1362]
Event: 16.088 Thread 0x00000219458ce000 Exception <a 'java/lang/NoSuchMethodError'{0x000000008751fe40}: <clinit>> (0x000000008751fe40) thrown at [./src/hotspot/share/prims/jni.cpp, line 1362]
Event: 16.088 Thread 0x00000219458ce000 Exception <a 'java/lang/NoSuchMethodError'{0x0000000087521148}: <clinit>> (0x0000000087521148) thrown at [./src/hotspot/share/prims/jni.cpp, line 1362]
Event: 16.089 Thread 0x00000219458ce000 Exception <a 'java/lang/NoSuchMethodError'{0x0000000087522168}: <clinit>> (0x0000000087522168) thrown at [./src/hotspot/share/prims/jni.cpp, line 1362]
Event: 16.092 Thread 0x00000219458ce000 Exception <a 'java/lang/NoSuchMethodError'{0x00000000875346c8}: <clinit>> (0x00000000875346c8) thrown at [./src/hotspot/share/prims/jni.cpp, line 1362]
Event: 16.093 Thread 0x00000219458ce000 Exception <a 'java/lang/NoSuchMethodError'{0x000000008753f118}: <clinit>> (0x000000008753f118) thrown at [./src/hotspot/share/prims/jni.cpp, line 1362]
Event: 16.098 Thread 0x00000219458ce000 Exception <a 'java/lang/NoSuchMethodError'{0x0000000087552d10}: <clinit>> (0x0000000087552d10) thrown at [./src/hotspot/share/prims/jni.cpp, line 1362]
Event: 16.503 Thread 0x000002194a6d3000 Exception <a 'java/lang/ClassNotFoundException'{0x00000000875e5138}: build_a6jyqj2oecsoikjp9d4tvs46fBeanInfo> (0x00000000875e5138) thrown at [./src/hotspot/share/classfile/systemDictionary.cpp, line 231]
Event: 16.503 Thread 0x000002194a6d3000 Exception <a 'java/lang/ClassNotFoundException'{0x00000000875f00f0}: build_a6jyqj2oecsoikjp9d4tvs46fCustomizer> (0x00000000875f00f0) thrown at [./src/hotspot/share/classfile/systemDictionary.cpp, line 231]
Event: 16.531 Thread 0x000002194a6d3000 Exception <a 'java/lang/ClassNotFoundException'{0x0000000087374f78}: org/gradle/api/internal/plugins/DefaultObjectConfigurationActionBeanInfo> (0x0000000087374f78) thrown at [./src/hotspot/share/classfile/systemDictionary.cpp, line 231]
Event: 16.532 Thread 0x000002194a6d3000 Exception <a 'java/lang/ClassNotFoundException'{0x00000000873aa2b8}: org/gradle/api/internal/plugins/DefaultObjectConfigurationActionCustomizer> (0x00000000873aa2b8) thrown at [./src/hotspot/share/classfile/systemDictionary.cpp, line 231]
Event: 16.736 Thread 0x000002194a6d3000 Exception <a 'java/lang/NoSuchMethodError'{0x00000000869f6e00}: 'java.lang.Object java.lang.invoke.DirectMethodHandle$Holder.invokeStatic(java.lang.Object, java.lang.Object, java.lang.Object, java.lang.Object, int)'> (0x00000000869f6e00) thrown at [./src/hotspot/share/interpreter/linkResolver.cpp, line 773]
Event: 16.737 Thread 0x000002194a6d3000 Exception <a 'java/lang/NoSuchMethodError'{0x00000000869fb7f8}: 'java.lang.Object java.lang.invoke.DirectMethodHandle$Holder.invokeSpecial(java.lang.Object, java.lang.Object, java.lang.Object, java.lang.Object, java.lang.Object, int)'> (0x00000000869fb7f8) thrown at [./src/hotspot/share/interpreter/linkResolver.cpp, line 773]
Event: 16.737 Thread 0x000002194a6d3000 Exception <a 'java/lang/NoSuchMethodError'{0x00000000868000a8}: 'java.lang.Object java.lang.invoke.Invokers$Holder.linkToTargetMethod(java.lang.Object, java.lang.Object, java.lang.Object, int, java.lang.Object)'> (0x00000000868000a8) thrown at [./src/hotspot/share/interpreter/linkResolver.cpp, line 773]
Event: 17.065 Thread 0x000002194a6d3000 Exception <a 'java/lang/NoSuchMethodError'{0x000000008591ed58}: 'java.lang.Object java.lang.invoke.DirectMethodHandle$Holder.invokeSpecial(java.lang.Object, java.lang.Object, int, int, java.lang.Object, java.lang.Object, java.lang.Object)'> (0x000000008591ed58) thrown at [./src/hotspot/share/interpreter/linkResolver.cpp, line 773]
Event: 17.066 Thread 0x000002194a6d3000 Exception <a 'java/lang/NoSuchMethodError'{0x00000000859232d8}: 'java.lang.Object java.lang.invoke.DelegatingMethodHandle$Holder.reinvoke_L(java.lang.Object, int, int, java.lang.Object, java.lang.Object, java.lang.Object)'> (0x00000000859232d8) thrown at [./src/hotspot/share/interpreter/linkResolver.cpp, line 773]

Events (20 events):
Event: 17.309 loading class org/apache/xerces/dom/DeferredTextImpl
Event: 17.309 loading class org/apache/xerces/dom/DeferredTextImpl done
Event: 17.310 loading class org/apache/xerces/dom/DeferredElementDefinitionImpl
Event: 17.310 loading class org/apache/xerces/dom/DeferredElementDefinitionImpl done
Event: 17.311 loading class org/apache/xerces/dom/ElementDefinitionImpl
Event: 17.311 loading class org/apache/xerces/dom/ElementDefinitionImpl done
Event: 17.316 loading class org/apache/xerces/dom/DeferredDocumentImpl$RefCount
Event: 17.316 loading class org/apache/xerces/dom/DeferredDocumentImpl$RefCount done
Event: 17.317 loading class org/apache/xerces/util/XMLChar
Event: 17.317 loading class org/apache/xerces/util/XMLChar done
Event: 17.321 loading class org/apache/xerces/impl/Constants
Event: 17.321 loading class org/apache/xerces/impl/Constants done
Event: 17.322 loading class org/apache/xerces/impl/Constants$ArrayEnumeration
Event: 17.322 loading class org/apache/xerces/impl/Constants$ArrayEnumeration done
Event: 17.351 loading class com/android/utils/XmlUtils$SubTagIterator
Event: 17.351 loading class com/android/utils/XmlUtils$SubTagIterator done
Event: 17.353 loading class org/apache/xerces/dom/CharacterDataImpl$1
Event: 17.353 loading class org/apache/xerces/dom/CharacterDataImpl$1 done
Event: 17.355 loading class org/apache/xerces/dom/AttributeMap
Event: 17.355 loading class org/apache/xerces/dom/AttributeMap done


Dynamic libraries:
0x00007ff7c9d60000 - 0x00007ff7c9d6a000 	D:\안드로이드 스튜디오\jre\bin\java.exe
0x00007ffe32be0000 - 0x00007ffe32de9000 	C:\WINDOWS\SYSTEM32\ntdll.dll
0x00007ffe318a0000 - 0x00007ffe3195d000 	C:\WINDOWS\System32\KERNEL32.DLL
0x00007ffe30540000 - 0x00007ffe308c4000 	C:\WINDOWS\System32\KERNELBASE.dll
0x00007ffe30070000 - 0x00007ffe30181000 	C:\WINDOWS\System32\ucrtbase.dll
0x00007ffe06660000 - 0x00007ffe06677000 	D:\안드로이드 스튜디오\jre\bin\VCRUNTIME140.dll
0x00007ffe00710000 - 0x00007ffe00729000 	D:\안드로이드 스튜디오\jre\bin\jli.dll
0x00007ffe31b20000 - 0x00007ffe31ccd000 	C:\WINDOWS\System32\USER32.dll
0x00007ffe30210000 - 0x00007ffe30236000 	C:\WINDOWS\System32\win32u.dll
0x00007ffe32120000 - 0x00007ffe3214a000 	C:\WINDOWS\System32\GDI32.dll
0x00007ffe217b0000 - 0x00007ffe21a55000 	C:\WINDOWS\WinSxS\amd64_microsoft.windows.common-controls_6595b64144ccf1df_6.0.22000.120_none_9d947278b86cc467\COMCTL32.dll
0x00007ffe30420000 - 0x00007ffe3053e000 	C:\WINDOWS\System32\gdi32full.dll
0x00007ffe30d70000 - 0x00007ffe30e13000 	C:\WINDOWS\System32\msvcrt.dll
0x00007ffe308d0000 - 0x00007ffe3096d000 	C:\WINDOWS\System32\msvcp_win.dll
0x00007ffe32a40000 - 0x00007ffe32a71000 	C:\WINDOWS\System32\IMM32.DLL
0x00007ffdf93c0000 - 0x00007ffdf945d000 	D:\안드로이드 스튜디오\jre\bin\msvcp140.dll
0x00007ffdf7130000 - 0x00007ffdf7c05000 	D:\안드로이드 스튜디오\jre\bin\server\jvm.dll
0x00007ffe30e40000 - 0x00007ffe30eee000 	C:\WINDOWS\System32\ADVAPI32.dll
0x00007ffe317f0000 - 0x00007ffe3188e000 	C:\WINDOWS\System32\sechost.dll
0x00007ffe316c0000 - 0x00007ffe317e1000 	C:\WINDOWS\System32\RPCRT4.dll
0x00007ffe31890000 - 0x00007ffe31898000 	C:\WINDOWS\System32\PSAPI.DLL
0x00007ffe283f0000 - 0x00007ffe283fa000 	C:\WINDOWS\SYSTEM32\VERSION.dll
0x00007ffe289a0000 - 0x00007ffe289d3000 	C:\WINDOWS\SYSTEM32\WINMM.dll
0x00007ffe1f780000 - 0x00007ffe1f789000 	C:\WINDOWS\SYSTEM32\WSOCK32.dll
0x00007ffe30a30000 - 0x00007ffe30a9f000 	C:\WINDOWS\System32\WS2_32.dll
0x00007ffe2f0e0000 - 0x00007ffe2f0f8000 	C:\WINDOWS\SYSTEM32\kernel.appcore.dll
0x00007ffe2b650000 - 0x00007ffe2b661000 	D:\안드로이드 스튜디오\jre\bin\verify.dll
0x00007ffe2dca0000 - 0x00007ffe2dec1000 	C:\WINDOWS\SYSTEM32\DBGHELP.DLL
0x00007ffe1dfe0000 - 0x00007ffe1e011000 	C:\WINDOWS\SYSTEM32\dbgcore.DLL
0x00007ffe30190000 - 0x00007ffe3020f000 	C:\WINDOWS\System32\bcryptPrimitives.dll
0x00007ffe2b620000 - 0x00007ffe2b649000 	D:\안드로이드 스튜디오\jre\bin\java.dll
0x00007ffe2b680000 - 0x00007ffe2b68b000 	D:\안드로이드 스튜디오\jre\bin\jimage.dll
0x00007ffe2b600000 - 0x00007ffe2b618000 	D:\안드로이드 스튜디오\jre\bin\zip.dll
0x00007ffe30ef0000 - 0x00007ffe316b5000 	C:\WINDOWS\System32\SHELL32.dll
0x00007ffe2e140000 - 0x00007ffe2e9a2000 	C:\WINDOWS\SYSTEM32\windows.storage.dll
0x00007ffe32150000 - 0x00007ffe324c6000 	C:\WINDOWS\System32\combase.dll
0x00007ffe2dfd0000 - 0x00007ffe2e137000 	C:\WINDOWS\SYSTEM32\wintypes.dll
0x00007ffe32030000 - 0x00007ffe3211a000 	C:\WINDOWS\System32\SHCORE.dll
0x00007ffe30d10000 - 0x00007ffe30d6d000 	C:\WINDOWS\System32\shlwapi.dll
0x00007ffe2ffa0000 - 0x00007ffe2ffc5000 	C:\WINDOWS\SYSTEM32\profapi.dll
0x00007ffe2b5e0000 - 0x00007ffe2b5fa000 	D:\안드로이드 스튜디오\jre\bin\net.dll
0x00007ffe28500000 - 0x00007ffe28614000 	C:\WINDOWS\SYSTEM32\WINHTTP.dll
0x00007ffe2f600000 - 0x00007ffe2f667000 	C:\WINDOWS\system32\mswsock.dll
0x00007ffe2b5c0000 - 0x00007ffe2b5d4000 	D:\안드로이드 스튜디오\jre\bin\nio.dll
0x00007ffe04d60000 - 0x00007ffe04d87000 	C:\Users\LG\.gradle\native\e1d6ef7f7dcc3fd88c89a11ec53ec762bb8ba0a96d01ffa2cd45eb1d1d8dd5c5\windows-amd64\native-platform.dll
0x00007ffdf6680000 - 0x00007ffdf67c4000 	C:\Users\LG\.gradle\native\5664cfc778a61ccfe75a443a1ab52a65af34e5dc3c78e0209fed803814484fcb\windows-amd64\native-platform-file-events.dll
0x00007ffe2aff0000 - 0x00007ffe2affa000 	D:\안드로이드 스튜디오\jre\bin\management.dll
0x00007ffe2afe0000 - 0x00007ffe2afed000 	D:\안드로이드 스튜디오\jre\bin\management_ext.dll
0x00007ffe2f880000 - 0x00007ffe2f898000 	C:\WINDOWS\SYSTEM32\CRYPTSP.dll
0x00007ffe2f040000 - 0x00007ffe2f075000 	C:\WINDOWS\system32\rsaenh.dll
0x00007ffe2f700000 - 0x00007ffe2f72c000 	C:\WINDOWS\SYSTEM32\USERENV.dll
0x00007ffe2fa40000 - 0x00007ffe2fa67000 	C:\WINDOWS\SYSTEM32\bcrypt.dll
0x00007ffe2f870000 - 0x00007ffe2f87c000 	C:\WINDOWS\SYSTEM32\CRYPTBASE.dll
0x00007ffe2ec00000 - 0x00007ffe2ec2d000 	C:\WINDOWS\SYSTEM32\IPHLPAPI.DLL
0x00007ffe325b0000 - 0x00007ffe325b9000 	C:\WINDOWS\System32\NSI.dll
0x00007ffe288a0000 - 0x00007ffe288b9000 	C:\WINDOWS\SYSTEM32\dhcpcsvc6.DLL
0x00007ffe28ae0000 - 0x00007ffe28afe000 	C:\WINDOWS\SYSTEM32\dhcpcsvc.DLL
0x00007ffe2ec30000 - 0x00007ffe2ed17000 	C:\WINDOWS\SYSTEM32\DNSAPI.dll

dbghelp: loaded successfully - version: 4.0.5 - missing functions: none
symbol engine: initialized successfully - sym options: 0x614 - pdb path: .;D:\안드로이드 스튜디오\jre\bin;C:\WINDOWS\SYSTEM32;C:\WINDOWS\WinSxS\amd64_microsoft.windows.common-controls_6595b64144ccf1df_6.0.22000.120_none_9d947278b86cc467;D:\안드로이드 스튜?D:\안드로이?D:\안드?D:\안?D:\안;D:\?D:\안드로이드 스튜디오\jre\bin\server;C:\Users\LG\.gradle\native\e1d6ef7f7dcc3fd88c89a11ec53ec762bb8ba0a96d01f;D:\안드로이드 스튜디오\jre\bin\server;C:\Users\LG\.gradle\native\e1d6ef7f7dcc3fd88c89a11ec53ec762bb8ba0a96d01ffa2cd45eb1d1d8dd5c5\windows-amd64;C:\Users\LG\.gradle\native\5664cfc778a61ccfe75a443a1ab52a65af34;C:\Users\LG\.gradle\native\5664cfc778a61ccfe75a443a1ab52a65af34;C:\Users\LG\.gradle\native\5664cfc778a61ccfe75a443a1ab52a65af34;C:\Users\LG\.gradle\native\5664cfc778a61ccfe75a443a1ab52a65af34

VM Arguments:
jvm_args: --add-opens=java.base/java.util=ALL-UNNAMED --add-opens=java.base/java.lang=ALL-UNNAMED --add-opens=java.base/java.lang.invoke=ALL-UNNAMED --add-opens=java.base/java.util=ALL-UNNAMED --add-opens=java.prefs/java.util.prefs=ALL-UNNAMED --add-opens=java.prefs/java.util.prefs=ALL-UNNAMED --add-opens=java.base/java.nio.charset=ALL-UNNAMED --add-opens=java.base/java.net=ALL-UNNAMED --add-opens=java.base/java.util.concurrent.atomic=ALL-UNNAMED -Xmx2048m -Dfile.encoding=UTF-8 -Duser.country=KR -Duser.language=ko -Duser.variant 
java_command: org.gradle.launcher.daemon.bootstrap.GradleDaemon 7.2
java_class_path (initial): C:\Users\LG\.gradle\wrapper\dists\gradle-7.2-bin\2dnblmf4td7x66yl1d74lt32g\gradle-7.2\lib\gradle-launcher-7.2.jar
Launcher Type: SUN_STANDARD

[Global flags]
     intx CICompilerCount                          = 4                                         {product} {ergonomic}
     uint ConcGCThreads                            = 2                                         {product} {ergonomic}
     uint G1ConcRefinementThreads                  = 8                                         {product} {ergonomic}
   size_t G1HeapRegionSize                         = 1048576                                   {product} {ergonomic}
    uintx GCDrainStackTargetSize                   = 64                                        {product} {ergonomic}
   size_t InitialHeapSize                          = 134217728                                 {product} {ergonomic}
   size_t MarkStackSize                            = 4194304                                   {product} {ergonomic}
   size_t MaxHeapSize                              = 2147483648                                {product} {command line}
   size_t MaxNewSize                               = 1287651328                                {product} {ergonomic}
   size_t MinHeapDeltaBytes                        = 1048576                                   {product} {ergonomic}
    uintx NonNMethodCodeHeapSize                   = 5836300                                {pd product} {ergonomic}
    uintx NonProfiledCodeHeapSize                  = 122910970                              {pd product} {ergonomic}
    uintx ProfiledCodeHeapSize                     = 122910970                              {pd product} {ergonomic}
    uintx ReservedCodeCacheSize                    = 251658240                              {pd product} {ergonomic}
     bool SegmentedCodeCache                       = true                                      {product} {ergonomic}
     bool UseCompressedClassPointers               = true                                 {lp64_product} {ergonomic}
     bool UseCompressedOops                        = true                                 {lp64_product} {ergonomic}
     bool UseG1GC                                  = true                                      {product} {ergonomic}
     bool UseLargePagesIndividualAllocation        = false                                  {pd product} {ergonomic}

Logging:
Log output configuration:
 #0: stdout all=warning uptime,level,tags
 #1: stderr all=off uptime,level,tags

Environment Variables:
JAVA_HOME=D:\openjdk-11.0.0.1_windows-x64_bin\jdk-11.0.0.1
CLASSPATH=D:\openjdk-11.0.0.1_windows-x64_bin\jdk-11.0.0.1\lib
PATH=D:\openjdk-11.0.0.1_windows-x64_bin\jdk-11.0.0.1\bin;C:\Program Files\Common Files\Oracle\Java\javapath;C:\Program Files\Eclipse Adoptium\jdk-8.0.382.5-hotspot\bin;C:\oraclexe\app\oracle\product\10.2.0\server\bin;C:\Program Files (x86)\Common Files\Oracle\Java\javapath;C:\Program Files (x86)\Intel\iCLS Client\;C:\Program Files\Intel\iCLS Client\;C:\windows\system32;C:\windows;C:\windows\System32\Wbem;C:\windows\System32\WindowsPowerShell\v1.0\;C:\Program Files (x86)\Intel\Intel(R) Management Engine Components\DAL;C:\Program Files\Intel\Intel(R) Management Engine Components\DAL;C:\Program Files (x86)\Intel\Intel(R) Management Engine Components\IPT;C:\Program Files\Intel\Intel(R) Management Engine Components\IPT;C:\Program Files\Intel\WiFi\bin\;C:\Program Files\Common Files\Intel\WirelessCommon\;C:\Program Files (x86)\NVIDIA Corporation\PhysX\Common;C:\Program Files (x86)\Skype\Phone\;C:\WINDOWS\system32;C:\WINDOWS;C:\WINDOWS\System32\Wbem;C:\WINDOWS\System32\WindowsPowerShell\v1.0\;C:\WINDOWS\System32\OpenSSH\;C:\Program Files\nodejs\;D:\openssl-0.9.8e_X64\bin;C:\ProgramData\chocolatey\bin;C:\ProgramData\chocolatey\lib\maven\apache-maven-3.9.4\bin;C:\Program Files\Git\cmd;C:\Program Files\MariaDB 10.11\bin;D:\Scripts\;D:\;C:\Users\LG\AppData\Local\Microsoft\WindowsApps;C:\Users\LG\AppData\Local\afreeca;C:\altera\13.1\modelsim_ase\win32aloem;D:\PyCharm Community Edition 2022.1.3\bin;;C:\Users\LG\AppData\Local\Programs\Microsoft VS Code\bin;C:\Users\LG\AppData\Roaming\npm;C:\Program Files\Java\jdk-1.8\bin;D:\IntelliJ IDEA Community Edition 2023.1.3\bin;;
USERNAME=LG
OS=Windows_NT
PROCESSOR_IDENTIFIER=Intel64 Family 6 Model 142 Stepping 10, GenuineIntel



---------------  S Y S T E M  ---------------

OS: Windows 10 , 64 bit Build 22000 (10.0.22000.2538)
OS uptime: 0 days 0:25 hours

CPU:total 8 (initial active 8) (4 cores per cpu, 2 threads per core) family 6 model 142 stepping 10 microcode 0xe0, cmov, cx8, fxsr, mmx, sse, sse2, sse3, ssse3, sse4.1, sse4.2, popcnt, avx, avx2, aes, clmul, erms, 3dnowpref, lzcnt, ht, tsc, tscinvbit, bmi1, bmi2, adx, fma

Memory: 4k page, system-wide physical 8101M (227M free)
TotalPageFile size 16293M (AvailPageFile size 4M)
current process WorkingSet (physical memory assigned to process): 286M, peak: 286M
current process commit charge ("private bytes"): 343M, peak: 343M

vm_info: OpenJDK 64-Bit Server VM (11.0.11+9-b60-7590822) for windows-amd64 JRE (11.0.11+9-b60-7590822), built on Jul 29 2021 21:43:44 by "builder" with MS VC++ 14.0 (VS2015)

END.
