#
# There is insufficient memory for the Java Runtime Environment to continue.
# Native memory allocation (malloc) failed to allocate 506896 bytes for Chunk::new
# Possible reasons:
#   The system is out of physical RAM or swap space
#   The process is running with CompressedOops enabled, and the Java Heap may be blocking the growth of the native heap
# Possible solutions:
#   Reduce memory load on the system
#   Increase physical memory or swap space
#   Check if swap backing store is full
#   Decrease Java heap size (-Xmx/-Xms)
#   Decrease number of Java threads
#   Decrease Java thread stack sizes (-Xss)
#   Set larger code cache with -XX:ReservedCodeCacheSize=
#   JVM is running with Unscaled Compressed Oops mode in which the Java heap is
#     placed in the first 4GB address space. The Java Heap base address is the
#     maximum limit for the native heap growth. Please use -XX:HeapBaseMinAddress
#     to set the Java Heap base and to place the Java Heap above 4GB virtual address.
# This output file may be truncated or incomplete.
#
#  Out of Memory Error (./src/hotspot/share/memory/arena.cpp:197), pid=29208, tid=32332
#
# JRE version: OpenJDK Runtime Environment (11.0.11+9) (build 11.0.11+9-b60-7590822)
# Java VM: OpenJDK 64-Bit Server VM (11.0.11+9-b60-7590822, mixed mode, tiered, compressed oops, g1 gc, windows-amd64)
# No core dump will be written. Minidumps are not enabled by default on client versions of Windows
#

---------------  S U M M A R Y ------------

Command Line: --add-opens=java.base/java.util=ALL-UNNAMED --add-opens=java.base/java.lang=ALL-UNNAMED --add-opens=java.base/java.lang.invoke=ALL-UNNAMED --add-opens=java.base/java.util=ALL-UNNAMED --add-opens=java.prefs/java.util.prefs=ALL-UNNAMED --add-opens=java.prefs/java.util.prefs=ALL-UNNAMED --add-opens=java.base/java.nio.charset=ALL-UNNAMED --add-opens=java.base/java.net=ALL-UNNAMED --add-opens=java.base/java.util.concurrent.atomic=ALL-UNNAMED -Xmx2048m -Dfile.encoding=UTF-8 -Duser.country=KR -Duser.language=ko -Duser.variant org.gradle.launcher.daemon.bootstrap.GradleDaemon 7.2

Host: Intel(R) Core(TM) i5-8250U CPU @ 1.60GHz, 8 cores, 7G,  Windows 10 , 64 bit Build 22000 (10.0.22000.2538)
Time: Fri Nov  3 15:07:45 2023 대한민국 표준시 elapsed time: 15.047520 seconds (0d 0h 0m 15s)

---------------  T H R E A D  ---------------

Current thread (0x000002b297df2800):  JavaThread "C2 CompilerThread1" daemon [_thread_in_native, id=32332, stack(0x000000ffb1a00000,0x000000ffb1b00000)]


Current CompileTask:
C2:  15047 10291       4       java.util.HashSet::add (20 bytes)

Stack: [0x000000ffb1a00000,0x000000ffb1b00000]
Native frames: (J=compiled Java code, j=interpreted, Vv=VM code, C=native code)
V  [jvm.dll+0x5f214a]
V  [jvm.dll+0x726fb5]
V  [jvm.dll+0x7285cd]
V  [jvm.dll+0x728c83]
V  [jvm.dll+0x243278]
V  [jvm.dll+0xbc53c]
V  [jvm.dll+0xbca3c]
V  [jvm.dll+0x353e7d]
V  [jvm.dll+0x19895c]
V  [jvm.dll+0x1fc2ee]
V  [jvm.dll+0x1fb3d4]
V  [jvm.dll+0x183d6c]
V  [jvm.dll+0x209a57]
V  [jvm.dll+0x2082a1]
V  [jvm.dll+0x6ef58f]
V  [jvm.dll+0x6e80b5]
V  [jvm.dll+0x5f1036]
C  [ucrtbase.dll+0x26c0c]
C  [KERNEL32.DLL+0x153e0]
C  [ntdll.dll+0x485b]


---------------  P R O C E S S  ---------------

Threads class SMR info:
_java_thread_list=0x000002b29e1f2b10, length=136, elements={
0x000002b2f7f60000, 0x000002b2ff3e8800, 0x000002b2ff3eb800, 0x000002b2ff410000,
0x000002b29304b000, 0x000002b29304e000, 0x000002b293055000, 0x000002b293056800,
0x000002b29305b000, 0x000002b2931c9000, 0x000002b298d0c800, 0x000002b293442800,
0x000002b2976e6000, 0x000002b298427800, 0x000002b2995bf800, 0x000002b29957b800,
0x000002b298bfe000, 0x000002b2996f3800, 0x000002b299b27000, 0x000002b299778000,
0x000002b297df2800, 0x000002b299778800, 0x000002b299777000, 0x000002b299775800,
0x000002b299779800, 0x000002b29977a800, 0x000002b29977b000, 0x000002b299776000,
0x000002b29977c000, 0x000002b29bf28000, 0x000002b29bf2e800, 0x000002b29bf2d800,
0x000002b29bf29800, 0x000002b29bf31800, 0x000002b29bf2f000, 0x000002b29bf31000,
0x000002b29bf2c000, 0x000002b29bf32800, 0x000002b29bf2c800, 0x000002b29bf35800,
0x000002b29bf33000, 0x000002b29bf36800, 0x000002b29bf34000, 0x000002b29bf35000,
0x000002b29a211800, 0x000002b29a218000, 0x000002b29a217800, 0x000002b29a214000,
0x000002b29a212800, 0x000002b29a219000, 0x000002b29a215800, 0x000002b29a215000,
0x000002b29a216800, 0x000002b29a213800, 0x000002b29a21c800, 0x000002b29a21a800,
0x000002b29a21f800, 0x000002b29a21e000, 0x000002b29a21a000, 0x000002b29a220800,
0x000002b29a21e800, 0x000002b29a21b800, 0x000002b29a21d000, 0x000002b29ba72000,
0x000002b29ba71000, 0x000002b29ba73800, 0x000002b29ba72800, 0x000002b29ba74800,
0x000002b29ba70800, 0x000002b29ba77000, 0x000002b29ba7b000, 0x000002b29ba75000,
0x000002b29ba7a000, 0x000002b29ba78800, 0x000002b29ba7b800, 0x000002b29ba76000,
0x000002b29ba7c800, 0x000002b29ba77800, 0x000002b29ba7f000, 0x000002b29ba7d800,
0x000002b29ba7e000, 0x000002b29ba79000, 0x000002b2985ae000, 0x000002b2985b3000,
0x000002b2985ad800, 0x000002b2985b2800, 0x000002b2985b0000, 0x000002b2985b1800,
0x000002b2985af000, 0x000002b2985b5800, 0x000002b2985b4000, 0x000002b2985b4800,
0x000002b2985b6800, 0x000002b2985b0800, 0x000002b2985bc000, 0x000002b2985bb800,
0x000002b2985b7000, 0x000002b2985ba800, 0x000002b2985b8000, 0x000002b2985b9000,
0x000002b2985b9800, 0x000002b29beb3000, 0x000002b29beb7000, 0x000002b29beb4000,
0x000002b29beb6800, 0x000002b29beb1800, 0x000002b29beb2000, 0x000002b29beb5800,
0x000002b29beb8800, 0x000002b29beba800, 0x000002b29beb9800, 0x000002b29beb8000,
0x000002b29beb4800, 0x000002b29bebf800, 0x000002b29bebd800, 0x000002b29bebb000,
0x000002b29bebc000, 0x000002b29bec0000, 0x000002b29bebe800, 0x000002b29bebd000,
0x000002b29ebd3800, 0x000002b29ebd5800, 0x000002b29ebd6800, 0x000002b29ebd5000,
0x000002b29ebd8000, 0x000002b29ebd2800, 0x000002b29ebda800, 0x000002b29ebdb800,
0x000002b29ebde000, 0x000002b29ebdc000, 0x000002b29ebda000, 0x000002b29ebdd000,
0x000002b29ebde800, 0x000002b29ebd9000, 0x000002b29ebd4000, 0x000002b29ebdf800
}

Java Threads: ( => current thread )
  0x000002b2f7f60000 JavaThread "main" [_thread_blocked, id=32168, stack(0x000000ffafd00000,0x000000ffafe00000)]
  0x000002b2ff3e8800 JavaThread "Reference Handler" daemon [_thread_blocked, id=14796, stack(0x000000ffb0400000,0x000000ffb0500000)]
  0x000002b2ff3eb800 JavaThread "Finalizer" daemon [_thread_blocked, id=30056, stack(0x000000ffb0500000,0x000000ffb0600000)]
  0x000002b2ff410000 JavaThread "Signal Dispatcher" daemon [_thread_blocked, id=10224, stack(0x000000ffb0600000,0x000000ffb0700000)]
  0x000002b29304b000 JavaThread "Attach Listener" daemon [_thread_blocked, id=20964, stack(0x000000ffb0700000,0x000000ffb0800000)]
  0x000002b29304e000 JavaThread "Service Thread" daemon [_thread_blocked, id=8952, stack(0x000000ffb0800000,0x000000ffb0900000)]
  0x000002b293055000 JavaThread "C2 CompilerThread0" daemon [_thread_in_native, id=32184, stack(0x000000ffb0900000,0x000000ffb0a00000)]
  0x000002b293056800 JavaThread "C1 CompilerThread0" daemon [_thread_blocked, id=32368, stack(0x000000ffb0a00000,0x000000ffb0b00000)]
  0x000002b29305b000 JavaThread "Sweeper thread" daemon [_thread_blocked, id=32660, stack(0x000000ffb0b00000,0x000000ffb0c00000)]
  0x000002b2931c9000 JavaThread "Common-Cleaner" daemon [_thread_blocked, id=31948, stack(0x000000ffb0c00000,0x000000ffb0d00000)]
  0x000002b298d0c800 JavaThread "Daemon health stats" [_thread_blocked, id=20352, stack(0x000000ffb1200000,0x000000ffb1300000)]
  0x000002b293442800 JavaThread "Incoming local TCP Connector on port 3533" [_thread_in_native, id=9024, stack(0x000000ffb0e00000,0x000000ffb0f00000)]
  0x000002b2976e6000 JavaThread "Daemon periodic checks" [_thread_blocked, id=24864, stack(0x000000ffb1100000,0x000000ffb1200000)]
  0x000002b298427800 JavaThread "Daemon" [_thread_blocked, id=32728, stack(0x000000ffb1300000,0x000000ffb1400000)]
  0x000002b2995bf800 JavaThread "Handler for socket connection from /127.0.0.1:3533 to /127.0.0.1:3534" [_thread_in_native, id=28292, stack(0x000000ffb1400000,0x000000ffb1500000)]
  0x000002b29957b800 JavaThread "Cancel handler" [_thread_blocked, id=21256, stack(0x000000ffb1500000,0x000000ffb1600000)]
  0x000002b298bfe000 JavaThread "Daemon worker" [_thread_blocked, id=32404, stack(0x000000ffb1600000,0x000000ffb1700000)]
  0x000002b2996f3800 JavaThread "Asynchronous log dispatcher for DefaultDaemonConnection: socket connection from /127.0.0.1:3533 to /127.0.0.1:3534" [_thread_blocked, id=32580, stack(0x000000ffb1700000,0x000000ffb1800000)]
  0x000002b299b27000 JavaThread "Stdin handler" [_thread_blocked, id=27232, stack(0x000000ffb1800000,0x000000ffb1900000)]
  0x000002b299778000 JavaThread "Daemon client event forwarder" [_thread_blocked, id=31596, stack(0x000000ffb1900000,0x000000ffb1a00000)]
=>0x000002b297df2800 JavaThread "C2 CompilerThread1" daemon [_thread_in_native, id=32332, stack(0x000000ffb1a00000,0x000000ffb1b00000)]
  0x000002b299778800 JavaThread "Cache worker for journal cache (C:\Users\LG\.gradle\caches\journal-1)" [_thread_blocked, id=8008, stack(0x000000ffb2000000,0x000000ffb2100000)]
  0x000002b299777000 JavaThread "File lock request listener" [_thread_in_native, id=29244, stack(0x000000ffb2100000,0x000000ffb2200000)]
  0x000002b299775800 JavaThread "Cache worker for file hash cache (C:\Users\LG\.gradle\caches\7.2\fileHashes)" [_thread_blocked, id=7560, stack(0x000000ffb2200000,0x000000ffb2300000)]
  0x000002b299779800 JavaThread "Cache worker for file hash cache (D:\project\MyApplication_login_test\.gradle\7.2\fileHashes)" [_thread_blocked, id=32040, stack(0x000000ffb2400000,0x000000ffb2500000)]
  0x000002b29977a800 JavaThread "File watcher server" daemon [_thread_in_native, id=22816, stack(0x000000ffb2500000,0x000000ffb2600000)]
  0x000002b29977b000 JavaThread "File watcher consumer" daemon [_thread_blocked, id=6792, stack(0x000000ffb2600000,0x000000ffb2700000)]
  0x000002b299776000 JavaThread "Cache worker for checksums cache (D:\project\MyApplication_login_test\.gradle\checksums)" [_thread_blocked, id=26612, stack(0x000000ffb2800000,0x000000ffb2900000)]
  0x000002b29977c000 JavaThread "Cache worker for cache directory md-supplier (C:\Users\LG\.gradle\caches\7.2\md-supplier)" [_thread_blocked, id=27320, stack(0x000000ffb2900000,0x000000ffb2a00000)]
  0x000002b29bf28000 JavaThread "Cache worker for cache directory md-rule (C:\Users\LG\.gradle\caches\7.2\md-rule)" [_thread_blocked, id=29276, stack(0x000000ffb2a00000,0x000000ffb2b00000)]
  0x000002b29bf2e800 JavaThread "Cache worker for execution history cache (C:\Users\LG\.gradle\caches\7.2\executionHistory)" [_thread_blocked, id=27004, stack(0x000000ffb2b00000,0x000000ffb2c00000)]
  0x000002b29bf2d800 JavaThread "jar transforms" [_thread_blocked, id=2908, stack(0x000000ffb2c00000,0x000000ffb2d00000)]
  0x000002b29bf29800 JavaThread "Cache worker for file content cache (C:\Users\LG\.gradle\caches\7.2\fileContent)" [_thread_blocked, id=14672, stack(0x000000ffb2d00000,0x000000ffb2e00000)]
  0x000002b29bf31800 JavaThread "jar transforms Thread 2" [_thread_blocked, id=6136, stack(0x000000ffb2e00000,0x000000ffb2f00000)]
  0x000002b29bf2f000 JavaThread "Cache worker for dependencies-accessors (D:\project\MyApplication_login_test\.gradle\7.2\dependencies-accessors)" [_thread_blocked, id=32452, stack(0x000000ffb2f00000,0x000000ffb3000000)]
  0x000002b29bf31000 JavaThread "jar transforms Thread 3" [_thread_blocked, id=32240, stack(0x000000ffb3000000,0x000000ffb3100000)]
  0x000002b29bf2c000 JavaThread "Cache worker for Build Output Cleanup Cache (D:\project\MyApplication_login_test\.gradle\buildOutputCleanup)" [_thread_blocked, id=31772, stack(0x000000ffb3100000,0x000000ffb3200000)]
  0x000002b29bf32800 JavaThread "Unconstrained build operations" [_thread_blocked, id=2648, stack(0x000000ffb3200000,0x000000ffb3300000)]
  0x000002b29bf2c800 JavaThread "Unconstrained build operations Thread 2" [_thread_blocked, id=7364, stack(0x000000ffb3300000,0x000000ffb3400000)]
  0x000002b29bf35800 JavaThread "Unconstrained build operations Thread 3" [_thread_blocked, id=26240, stack(0x000000ffb3400000,0x000000ffb3500000)]
  0x000002b29bf33000 JavaThread "Unconstrained build operations Thread 4" [_thread_blocked, id=32208, stack(0x000000ffb3500000,0x000000ffb3600000)]
  0x000002b29bf36800 JavaThread "Unconstrained build operations Thread 5" [_thread_blocked, id=30520, stack(0x000000ffb3600000,0x000000ffb3700000)]
  0x000002b29bf34000 JavaThread "Unconstrained build operations Thread 6" [_thread_blocked, id=18860, stack(0x000000ffb3700000,0x000000ffb3800000)]
  0x000002b29bf35000 JavaThread "Unconstrained build operations Thread 7" [_thread_blocked, id=26464, stack(0x000000ffb3800000,0x000000ffb3900000)]
  0x000002b29a211800 JavaThread "Unconstrained build operations Thread 8" [_thread_blocked, id=31992, stack(0x000000ffb3900000,0x000000ffb3a00000)]
  0x000002b29a218000 JavaThread "Unconstrained build operations Thread 9" [_thread_blocked, id=17476, stack(0x000000ffb3a00000,0x000000ffb3b00000)]
  0x000002b29a217800 JavaThread "Unconstrained build operations Thread 10" [_thread_blocked, id=11180, stack(0x000000ffb3b00000,0x000000ffb3c00000)]
  0x000002b29a214000 JavaThread "Unconstrained build operations Thread 11" [_thread_blocked, id=31912, stack(0x000000ffb3c00000,0x000000ffb3d00000)]
  0x000002b29a212800 JavaThread "Unconstrained build operations Thread 12" [_thread_blocked, id=5956, stack(0x000000ffb3d00000,0x000000ffb3e00000)]
  0x000002b29a219000 JavaThread "Unconstrained build operations Thread 13" [_thread_blocked, id=31848, stack(0x000000ffb3e00000,0x000000ffb3f00000)]
  0x000002b29a215800 JavaThread "Unconstrained build operations Thread 14" [_thread_blocked, id=31864, stack(0x000000ffb3f00000,0x000000ffb4000000)]
  0x000002b29a215000 JavaThread "Unconstrained build operations Thread 15" [_thread_in_native, id=14008, stack(0x000000ffb4000000,0x000000ffb4100000)]
  0x000002b29a216800 JavaThread "Unconstrained build operations Thread 16" [_thread_blocked, id=15716, stack(0x000000ffb4100000,0x000000ffb4200000)]
  0x000002b29a213800 JavaThread "Unconstrained build operations Thread 17" [_thread_blocked, id=16468, stack(0x000000ffb4200000,0x000000ffb4300000)]
  0x000002b29a21c800 JavaThread "Unconstrained build operations Thread 18" [_thread_blocked, id=31252, stack(0x000000ffb4300000,0x000000ffb4400000)]
  0x000002b29a21a800 JavaThread "Unconstrained build operations Thread 19" [_thread_blocked, id=30324, stack(0x000000ffb4400000,0x000000ffb4500000)]
  0x000002b29a21f800 JavaThread "Unconstrained build operations Thread 20" [_thread_blocked, id=16424, stack(0x000000ffb4500000,0x000000ffb4600000)]
  0x000002b29a21e000 JavaThread "Unconstrained build operations Thread 21" [_thread_blocked, id=13952, stack(0x000000ffb4600000,0x000000ffb4700000)]
  0x000002b29a21a000 JavaThread "Unconstrained build operations Thread 22" [_thread_blocked, id=32264, stack(0x000000ffb4700000,0x000000ffb4800000)]
  0x000002b29a220800 JavaThread "Unconstrained build operations Thread 23" [_thread_in_vm, id=32160, stack(0x000000ffb4800000,0x000000ffb4900000)]
  0x000002b29a21e800 JavaThread "Unconstrained build operations Thread 24" [_thread_blocked, id=8088, stack(0x000000ffb4900000,0x000000ffb4a00000)]
  0x000002b29a21b800 JavaThread "Unconstrained build operations Thread 25" [_thread_blocked, id=32220, stack(0x000000ffb4a00000,0x000000ffb4b00000)]
  0x000002b29a21d000 JavaThread "Unconstrained build operations Thread 26" [_thread_blocked, id=4516, stack(0x000000ffb4b00000,0x000000ffb4c00000)]
  0x000002b29ba72000 JavaThread "Unconstrained build operations Thread 27" [_thread_blocked, id=31316, stack(0x000000ffb4c00000,0x000000ffb4d00000)]
  0x000002b29ba71000 JavaThread "Unconstrained build operations Thread 28" [_thread_blocked, id=32016, stack(0x000000ffb4d00000,0x000000ffb4e00000)]
  0x000002b29ba73800 JavaThread "Unconstrained build operations Thread 29" [_thread_blocked, id=31792, stack(0x000000ffb4e00000,0x000000ffb4f00000)]
  0x000002b29ba72800 JavaThread "Unconstrained build operations Thread 30" [_thread_blocked, id=5896, stack(0x000000ffb4f00000,0x000000ffb5000000)]
  0x000002b29ba74800 JavaThread "Unconstrained build operations Thread 31" [_thread_blocked, id=31996, stack(0x000000ffb5000000,0x000000ffb5100000)]
  0x000002b29ba70800 JavaThread "Unconstrained build operations Thread 32" [_thread_blocked, id=5084, stack(0x000000ffb5100000,0x000000ffb5200000)]
  0x000002b29ba77000 JavaThread "Unconstrained build operations Thread 33" [_thread_blocked, id=2732, stack(0x000000ffb5200000,0x000000ffb5300000)]
  0x000002b29ba7b000 JavaThread "Unconstrained build operations Thread 34" [_thread_blocked, id=27224, stack(0x000000ffb5300000,0x000000ffb5400000)]
  0x000002b29ba75000 JavaThread "Unconstrained build operations Thread 35" [_thread_blocked, id=32632, stack(0x000000ffb5400000,0x000000ffb5500000)]
  0x000002b29ba7a000 JavaThread "Unconstrained build operations Thread 36" [_thread_blocked, id=31976, stack(0x000000ffb5500000,0x000000ffb5600000)]
  0x000002b29ba78800 JavaThread "Unconstrained build operations Thread 37" [_thread_blocked, id=26472, stack(0x000000ffb5600000,0x000000ffb5700000)]
  0x000002b29ba7b800 JavaThread "Unconstrained build operations Thread 38" [_thread_blocked, id=32272, stack(0x000000ffb5700000,0x000000ffb5800000)]
  0x000002b29ba76000 JavaThread "Unconstrained build operations Thread 39" [_thread_blocked, id=8968, stack(0x000000ffb5800000,0x000000ffb5900000)]
  0x000002b29ba7c800 JavaThread "Unconstrained build operations Thread 40" [_thread_blocked, id=28216, stack(0x000000ffb5900000,0x000000ffb5a00000)]
  0x000002b29ba77800 JavaThread "Unconstrained build operations Thread 41" [_thread_blocked, id=16324, stack(0x000000ffb5a00000,0x000000ffb5b00000)]
  0x000002b29ba7f000 JavaThread "Unconstrained build operations Thread 42" [_thread_blocked, id=26508, stack(0x000000ffb5b00000,0x000000ffb5c00000)]
  0x000002b29ba7d800 JavaThread "Unconstrained build operations Thread 43" [_thread_blocked, id=3752, stack(0x000000ffb5c00000,0x000000ffb5d00000)]
  0x000002b29ba7e000 JavaThread "Unconstrained build operations Thread 44" [_thread_blocked, id=32088, stack(0x000000ffb5d00000,0x000000ffb5e00000)]
  0x000002b29ba79000 JavaThread "Unconstrained build operations Thread 45" [_thread_blocked, id=15096, stack(0x000000ffb5e00000,0x000000ffb5f00000)]
  0x000002b2985ae000 JavaThread "Unconstrained build operations Thread 46" [_thread_blocked, id=17076, stack(0x000000ffb5f00000,0x000000ffb6000000)]
  0x000002b2985b3000 JavaThread "Unconstrained build operations Thread 47" [_thread_blocked, id=30736, stack(0x000000ffb6000000,0x000000ffb6100000)]
  0x000002b2985ad800 JavaThread "Unconstrained build operations Thread 48" [_thread_blocked, id=31548, stack(0x000000ffb6100000,0x000000ffb6200000)]
  0x000002b2985b2800 JavaThread "Unconstrained build operations Thread 49" [_thread_blocked, id=29852, stack(0x000000ffb6200000,0x000000ffb6300000)]
  0x000002b2985b0000 JavaThread "Unconstrained build operations Thread 50" [_thread_blocked, id=31768, stack(0x000000ffb6300000,0x000000ffb6400000)]
  0x000002b2985b1800 JavaThread "Unconstrained build operations Thread 51" [_thread_blocked, id=31844, stack(0x000000ffb6400000,0x000000ffb6500000)]
  0x000002b2985af000 JavaThread "Unconstrained build operations Thread 52" [_thread_blocked, id=26224, stack(0x000000ffb6500000,0x000000ffb6600000)]
  0x000002b2985b5800 JavaThread "Unconstrained build operations Thread 53" [_thread_blocked, id=31852, stack(0x000000ffb6600000,0x000000ffb6700000)]
  0x000002b2985b4000 JavaThread "Unconstrained build operations Thread 54" [_thread_blocked, id=31824, stack(0x000000ffb6700000,0x000000ffb6800000)]
  0x000002b2985b4800 JavaThread "Unconstrained build operations Thread 55" [_thread_blocked, id=31764, stack(0x000000ffb6800000,0x000000ffb6900000)]
  0x000002b2985b6800 JavaThread "Unconstrained build operations Thread 56" [_thread_blocked, id=27672, stack(0x000000ffb6900000,0x000000ffb6a00000)]
  0x000002b2985b0800 JavaThread "Unconstrained build operations Thread 57" [_thread_blocked, id=32720, stack(0x000000ffb6a00000,0x000000ffb6b00000)]
  0x000002b2985bc000 JavaThread "Unconstrained build operations Thread 58" [_thread_blocked, id=31880, stack(0x000000ffb6b00000,0x000000ffb6c00000)]
  0x000002b2985bb800 JavaThread "Unconstrained build operations Thread 59" [_thread_blocked, id=23144, stack(0x000000ffb6c00000,0x000000ffb6d00000)]
  0x000002b2985b7000 JavaThread "Unconstrained build operations Thread 60" [_thread_blocked, id=31928, stack(0x000000ffb6d00000,0x000000ffb6e00000)]
  0x000002b2985ba800 JavaThread "Unconstrained build operations Thread 61" [_thread_blocked, id=27916, stack(0x000000ffb6e00000,0x000000ffb6f00000)]
  0x000002b2985b8000 JavaThread "Unconstrained build operations Thread 62" [_thread_blocked, id=31900, stack(0x000000ffb6f00000,0x000000ffb7000000)]
  0x000002b2985b9000 JavaThread "Unconstrained build operations Thread 63" [_thread_blocked, id=31856, stack(0x000000ffb7000000,0x000000ffb7100000)]
  0x000002b2985b9800 JavaThread "Unconstrained build operations Thread 64" [_thread_blocked, id=18636, stack(0x000000ffb7100000,0x000000ffb7200000)]
  0x000002b29beb3000 JavaThread "Unconstrained build operations Thread 65" [_thread_blocked, id=32544, stack(0x000000ffb7200000,0x000000ffb7300000)]
  0x000002b29beb7000 JavaThread "Unconstrained build operations Thread 66" [_thread_blocked, id=31232, stack(0x000000ffb7300000,0x000000ffb7400000)]
  0x000002b29beb4000 JavaThread "Unconstrained build operations Thread 67" [_thread_blocked, id=7332, stack(0x000000ffb7400000,0x000000ffb7500000)]
  0x000002b29beb6800 JavaThread "Unconstrained build operations Thread 68" [_thread_blocked, id=3324, stack(0x000000ffb7500000,0x000000ffb7600000)]
  0x000002b29beb1800 JavaThread "Unconstrained build operations Thread 69" [_thread_blocked, id=10940, stack(0x000000ffb7600000,0x000000ffb7700000)]
  0x000002b29beb2000 JavaThread "Unconstrained build operations Thread 70" [_thread_blocked, id=31156, stack(0x000000ffb7700000,0x000000ffb7800000)]
  0x000002b29beb5800 JavaThread "Unconstrained build operations Thread 71" [_thread_blocked, id=9276, stack(0x000000ffb7800000,0x000000ffb7900000)]
  0x000002b29beb8800 JavaThread "Unconstrained build operations Thread 72" [_thread_blocked, id=25008, stack(0x000000ffb7900000,0x000000ffb7a00000)]
  0x000002b29beba800 JavaThread "Unconstrained build operations Thread 73" [_thread_blocked, id=15044, stack(0x000000ffb7a00000,0x000000ffb7b00000)]
  0x000002b29beb9800 JavaThread "Unconstrained build operations Thread 74" [_thread_blocked, id=14952, stack(0x000000ffb7b00000,0x000000ffb7c00000)]
  0x000002b29beb8000 JavaThread "Unconstrained build operations Thread 75" [_thread_blocked, id=20960, stack(0x000000ffb7c00000,0x000000ffb7d00000)]
  0x000002b29beb4800 JavaThread "Unconstrained build operations Thread 76" [_thread_blocked, id=23908, stack(0x000000ffb7d00000,0x000000ffb7e00000)]
  0x000002b29bebf800 JavaThread "Unconstrained build operations Thread 77" [_thread_blocked, id=29336, stack(0x000000ffb7e00000,0x000000ffb7f00000)]
  0x000002b29bebd800 JavaThread "Unconstrained build operations Thread 78" [_thread_blocked, id=30172, stack(0x000000ffb7f00000,0x000000ffb8000000)]
  0x000002b29bebb000 JavaThread "Unconstrained build operations Thread 79" [_thread_blocked, id=4192, stack(0x000000ffb8000000,0x000000ffb8100000)]
  0x000002b29bebc000 JavaThread "Unconstrained build operations Thread 80" [_thread_blocked, id=23288, stack(0x000000ffb8100000,0x000000ffb8200000)]
  0x000002b29bec0000 JavaThread "jar transforms Thread 4" [_thread_blocked, id=28508, stack(0x000000ffb8200000,0x000000ffb8300000)]
  0x000002b29bebe800 JavaThread "jar transforms Thread 5" [_thread_blocked, id=27612, stack(0x000000ffb8300000,0x000000ffb8400000)]
  0x000002b29bebd000 JavaThread "jar transforms Thread 6" [_thread_blocked, id=29188, stack(0x000000ffb8400000,0x000000ffb8500000)]
  0x000002b29ebd3800 JavaThread "jar transforms Thread 7" [_thread_blocked, id=32252, stack(0x000000ffb8500000,0x000000ffb8600000)]
  0x000002b29ebd5800 JavaThread "jar transforms Thread 8" [_thread_blocked, id=14132, stack(0x000000ffb8600000,0x000000ffb8700000)]
  0x000002b29ebd6800 JavaThread "Memory manager" [_thread_blocked, id=31940, stack(0x000000ffb2700000,0x000000ffb2800000)]
  0x000002b29ebd5000 JavaThread "build event listener" [_thread_blocked, id=31488, stack(0x000000ffb8800000,0x000000ffb8900000)]
  0x000002b29ebd8000 JavaThread "Execution worker for ':'" [_thread_blocked, id=32256, stack(0x000000ffb8900000,0x000000ffb8a00000)]
  0x000002b29ebd2800 JavaThread "Execution worker for ':' Thread 2" [_thread_blocked, id=32308, stack(0x000000ffb8a00000,0x000000ffb8b00000)]
  0x000002b29ebda800 JavaThread "Execution worker for ':' Thread 3" [_thread_blocked, id=32120, stack(0x000000ffb8b00000,0x000000ffb8c00000)]
  0x000002b29ebdb800 JavaThread "Execution worker for ':' Thread 4" [_thread_blocked, id=32112, stack(0x000000ffb8c00000,0x000000ffb8d00000)]
  0x000002b29ebde000 JavaThread "Execution worker for ':' Thread 5" [_thread_blocked, id=21288, stack(0x000000ffb8d00000,0x000000ffb8e00000)]
  0x000002b29ebdc000 JavaThread "Execution worker for ':' Thread 6" [_thread_blocked, id=32156, stack(0x000000ffb8e00000,0x000000ffb8f00000)]
  0x000002b29ebda000 JavaThread "Execution worker for ':' Thread 7" [_thread_blocked, id=32312, stack(0x000000ffb8f00000,0x000000ffb9000000)]
  0x000002b29ebdd000 JavaThread "Cache worker for execution history cache (D:\project\MyApplication_login_test\.gradle\7.2\executionHistory)" [_thread_blocked, id=29484, stack(0x000000ffb9000000,0x000000ffb9100000)]
  0x000002b29ebde800 JavaThread "WorkerExecutor Queue" [_thread_blocked, id=29388, stack(0x000000ffb9100000,0x000000ffb9200000)]
  0x000002b29ebd9000 JavaThread "C2 CompilerThread2" daemon [_thread_in_native, id=31884, stack(0x000000ffb8700000,0x000000ffb8800000)]
  0x000002b29ebd4000 JavaThread "WorkerExecutor Queue Thread 2" [_thread_in_native, id=32036, stack(0x000000ffb9200000,0x000000ffb9300000)]
  0x000002b29ebdf800 JavaThread "WorkerExecutor Queue Thread 3" [_thread_blocked, id=32172, stack(0x000000ffb9300000,0x000000ffb9400000)]

Other Threads:
  0x000002b2ff3e6800 VMThread "VM Thread" [stack: 0x000000ffb0300000,0x000000ffb0400000] [id=29632]
  0x000002b2931e4000 WatcherThread [stack: 0x000000ffb0d00000,0x000000ffb0e00000] [id=31776]
  0x000002b2f7f7c800 GCTaskThread "GC Thread#0" [stack: 0x000000ffafe00000,0x000000ffaff00000] [id=22564]
  0x000002b29797c800 GCTaskThread "GC Thread#1" [stack: 0x000000ffb0f00000,0x000000ffb1000000] [id=31092]
  0x000002b29797d800 GCTaskThread "GC Thread#2" [stack: 0x000000ffb1000000,0x000000ffb1100000] [id=26068]
  0x000002b29992e800 GCTaskThread "GC Thread#3" [stack: 0x000000ffb1b00000,0x000000ffb1c00000] [id=25384]
  0x000002b299418800 GCTaskThread "GC Thread#4" [stack: 0x000000ffb1c00000,0x000000ffb1d00000] [id=32656]
  0x000002b299419800 GCTaskThread "GC Thread#5" [stack: 0x000000ffb1d00000,0x000000ffb1e00000] [id=32084]
  0x000002b299a86800 GCTaskThread "GC Thread#6" [stack: 0x000000ffb1e00000,0x000000ffb1f00000] [id=27888]
  0x000002b298ab4000 GCTaskThread "GC Thread#7" [stack: 0x000000ffb1f00000,0x000000ffb2000000] [id=2724]
  0x000002b2f7fac000 ConcurrentGCThread "G1 Main Marker" [stack: 0x000000ffaff00000,0x000000ffb0000000] [id=32736]
  0x000002b2f7fad800 ConcurrentGCThread "G1 Conc#0" [stack: 0x000000ffb0000000,0x000000ffb0100000] [id=30896]
  0x000002b299245000 ConcurrentGCThread "G1 Conc#1" [stack: 0x000000ffb2300000,0x000000ffb2400000] [id=32276]
  0x000002b2ff230800 ConcurrentGCThread "G1 Refine#0" [stack: 0x000000ffb0100000,0x000000ffb0200000] [id=29268]
  0x000002b2ff231800 ConcurrentGCThread "G1 Young RemSet Sampling" [stack: 0x000000ffb0200000,0x000000ffb0300000] [id=21860]

Threads with active compile tasks:
C2 CompilerThread0  15107 10295       4       java.nio.channels.spi.AbstractInterruptibleChannel::begin (48 bytes)
C2 CompilerThread1  15107 10291       4       java.util.HashSet::add (20 bytes)
C2 CompilerThread2  15108 10361       4       java.util.zip.ZipFile$Source::getEntryPos (206 bytes)

VM state:not at safepoint (normal execution)

VM Mutex/Monitor currently owned by a thread:  ([mutex/lock_event])
[0x000002b2f7f5c4e0] Heap_lock - owner thread: 0x0000000000000000

OutOfMemory and StackOverflow Exception counts:
OutOfMemoryError java_heap_errors=2
LinkageErrors=120

Heap address: 0x0000000080000000, size: 2048 MB, Compressed Oops mode: 32-bit
Narrow klass base: 0x0000000000000000, Narrow klass shift: 3
Compressed class space size: 1073741824 Address: 0x0000000100000000

Heap:
 garbage-first heap   total 157696K, used 90250K [0x0000000080000000, 0x0000000100000000)
  region size 1024K, 21 young (21504K), 8 survivors (8192K)
 Metaspace       used 88172K, capacity 90290K, committed 90452K, reserved 1128448K
  class space    used 11459K, capacity 12277K, committed 12288K, reserved 1048576K
Heap Regions: E=young(eden), S=young(survivor), O=old, HS=humongous(starts), HC=humongous(continues), CS=collection set, F=free, A=archive, TAMS=top-at-mark-start (previous, next)
|   0|0x0000000080000000, 0x0000000080100000, 0x0000000080100000|100%| O|  |TAMS 0x0000000080100000, 0x0000000080000000| Untracked 
|   1|0x0000000080100000, 0x0000000080200000, 0x0000000080200000|100%| O|  |TAMS 0x0000000080200000, 0x0000000080100000| Untracked 
|   2|0x0000000080200000, 0x0000000080300000, 0x0000000080300000|100%| O|  |TAMS 0x0000000080300000, 0x0000000080200000| Untracked 
|   3|0x0000000080300000, 0x0000000080400000, 0x0000000080400000|100%|HS|  |TAMS 0x0000000080400000, 0x0000000080300000| Complete 
|   4|0x0000000080400000, 0x0000000080500000, 0x0000000080500000|100%|HC|  |TAMS 0x0000000080500000, 0x0000000080400000| Complete 
|   5|0x0000000080500000, 0x0000000080600000, 0x0000000080600000|100%|HC|  |TAMS 0x0000000080600000, 0x0000000080500000| Complete 
|   6|0x0000000080600000, 0x0000000080700000, 0x0000000080700000|100%| O|  |TAMS 0x0000000080700000, 0x0000000080600000| Untracked 
|   7|0x0000000080700000, 0x0000000080800000, 0x0000000080800000|100%| O|  |TAMS 0x0000000080800000, 0x0000000080700000| Untracked 
|   8|0x0000000080800000, 0x0000000080900000, 0x0000000080900000|100%| O|  |TAMS 0x0000000080900000, 0x0000000080800000| Untracked 
|   9|0x0000000080900000, 0x0000000080a00000, 0x0000000080a00000|100%| O|  |TAMS 0x0000000080a00000, 0x0000000080900000| Untracked 
|  10|0x0000000080a00000, 0x0000000080b00000, 0x0000000080b00000|100%| O|  |TAMS 0x0000000080b00000, 0x0000000080a00000| Untracked 
|  11|0x0000000080b00000, 0x0000000080c00000, 0x0000000080c00000|100%| O|  |TAMS 0x0000000080c00000, 0x0000000080b00000| Untracked 
|  12|0x0000000080c00000, 0x0000000080d00000, 0x0000000080d00000|100%| O|  |TAMS 0x0000000080d00000, 0x0000000080c00000| Untracked 
|  13|0x0000000080d00000, 0x0000000080e00000, 0x0000000080e00000|100%| O|  |TAMS 0x0000000080e00000, 0x0000000080d00000| Untracked 
|  14|0x0000000080e00000, 0x0000000080f00000, 0x0000000080f00000|100%| O|  |TAMS 0x0000000080f00000, 0x0000000080e00000| Untracked 
|  15|0x0000000080f00000, 0x0000000081000000, 0x0000000081000000|100%| O|  |TAMS 0x0000000081000000, 0x0000000080f00000| Untracked 
|  16|0x0000000081000000, 0x0000000081100000, 0x0000000081100000|100%|HS|  |TAMS 0x0000000081100000, 0x0000000081000000| Complete 
|  17|0x0000000081100000, 0x0000000081200000, 0x0000000081200000|100%| O|  |TAMS 0x0000000081200000, 0x0000000081100000| Untracked 
|  18|0x0000000081200000, 0x0000000081300000, 0x0000000081300000|100%| O|  |TAMS 0x0000000081300000, 0x0000000081200000| Untracked 
|  19|0x0000000081300000, 0x0000000081400000, 0x0000000081400000|100%| O|  |TAMS 0x0000000081400000, 0x0000000081300000| Untracked 
|  20|0x0000000081400000, 0x0000000081500000, 0x0000000081500000|100%| O|  |TAMS 0x0000000081500000, 0x0000000081400000| Untracked 
|  21|0x0000000081500000, 0x0000000081600000, 0x0000000081600000|100%| O|  |TAMS 0x0000000081600000, 0x0000000081500000| Untracked 
|  22|0x0000000081600000, 0x0000000081700000, 0x0000000081700000|100%| O|  |TAMS 0x0000000081700000, 0x0000000081600000| Untracked 
|  23|0x0000000081700000, 0x0000000081800000, 0x0000000081800000|100%| O|  |TAMS 0x0000000081800000, 0x0000000081700000| Untracked 
|  24|0x0000000081800000, 0x0000000081900000, 0x0000000081900000|100%| O|  |TAMS 0x0000000081900000, 0x0000000081800000| Untracked 
|  25|0x0000000081900000, 0x0000000081a00000, 0x0000000081a00000|100%| O|  |TAMS 0x0000000081a00000, 0x0000000081900000| Untracked 
|  26|0x0000000081a00000, 0x0000000081b00000, 0x0000000081b00000|100%| O|  |TAMS 0x0000000081b00000, 0x0000000081a00000| Untracked 
|  27|0x0000000081b00000, 0x0000000081c00000, 0x0000000081c00000|100%| O|  |TAMS 0x0000000081c00000, 0x0000000081b00000| Untracked 
|  28|0x0000000081c00000, 0x0000000081d00000, 0x0000000081d00000|100%|HS|  |TAMS 0x0000000081d00000, 0x0000000081c00000| Complete 
|  29|0x0000000081d00000, 0x0000000081e00000, 0x0000000081e00000|100%|HS|  |TAMS 0x0000000081e00000, 0x0000000081d00000| Complete 
|  30|0x0000000081e00000, 0x0000000081f00000, 0x0000000081f00000|100%|HS|  |TAMS 0x0000000081f00000, 0x0000000081e00000| Complete 
|  31|0x0000000081f00000, 0x0000000082000000, 0x0000000082000000|100%|HC|  |TAMS 0x0000000082000000, 0x0000000081f00000| Complete 
|  32|0x0000000082000000, 0x0000000082100000, 0x0000000082100000|100%| O|  |TAMS 0x0000000082100000, 0x0000000082000000| Untracked 
|  33|0x0000000082100000, 0x0000000082200000, 0x0000000082200000|100%| O|  |TAMS 0x0000000082200000, 0x0000000082100000| Untracked 
|  34|0x0000000082200000, 0x0000000082300000, 0x0000000082300000|100%| O|  |TAMS 0x0000000082300000, 0x0000000082200000| Untracked 
|  35|0x0000000082300000, 0x0000000082400000, 0x0000000082400000|100%| O|  |TAMS 0x0000000082400000, 0x0000000082300000| Untracked 
|  36|0x0000000082400000, 0x0000000082500000, 0x0000000082500000|100%| O|  |TAMS 0x0000000082500000, 0x0000000082400000| Untracked 
|  37|0x0000000082500000, 0x0000000082600000, 0x0000000082600000|100%| O|  |TAMS 0x0000000082600000, 0x0000000082500000| Untracked 
|  38|0x0000000082600000, 0x0000000082700000, 0x0000000082700000|100%| O|  |TAMS 0x0000000082700000, 0x0000000082600000| Untracked 
|  39|0x0000000082700000, 0x0000000082800000, 0x0000000082800000|100%| O|  |TAMS 0x0000000082800000, 0x0000000082700000| Untracked 
|  40|0x0000000082800000, 0x0000000082900000, 0x0000000082900000|100%| O|  |TAMS 0x0000000082900000, 0x0000000082800000| Untracked 
|  41|0x0000000082900000, 0x0000000082a00000, 0x0000000082a00000|100%| O|  |TAMS 0x0000000082a00000, 0x0000000082900000| Untracked 
|  42|0x0000000082a00000, 0x0000000082b00000, 0x0000000082b00000|100%| O|  |TAMS 0x0000000082b00000, 0x0000000082a00000| Untracked 
|  43|0x0000000082b00000, 0x0000000082c00000, 0x0000000082c00000|100%| O|  |TAMS 0x0000000082c00000, 0x0000000082b00000| Untracked 
|  44|0x0000000082c00000, 0x0000000082d00000, 0x0000000082d00000|100%| O|  |TAMS 0x0000000082d00000, 0x0000000082c00000| Untracked 
|  45|0x0000000082d00000, 0x0000000082e00000, 0x0000000082e00000|100%| O|  |TAMS 0x0000000082e00000, 0x0000000082d00000| Untracked 
|  46|0x0000000082e00000, 0x0000000082f00000, 0x0000000082f00000|100%| O|  |TAMS 0x0000000082f00000, 0x0000000082e00000| Untracked 
|  47|0x0000000082f00000, 0x0000000083000000, 0x0000000083000000|100%| O|  |TAMS 0x0000000083000000, 0x0000000082f00000| Untracked 
|  48|0x0000000083000000, 0x0000000083100000, 0x0000000083100000|100%| O|  |TAMS 0x0000000083100000, 0x0000000083000000| Untracked 
|  49|0x0000000083100000, 0x0000000083200000, 0x0000000083200000|100%| O|  |TAMS 0x0000000083200000, 0x0000000083100000| Untracked 
|  50|0x0000000083200000, 0x0000000083300000, 0x0000000083300000|100%| O|  |TAMS 0x0000000083300000, 0x0000000083200000| Untracked 
|  51|0x0000000083300000, 0x0000000083400000, 0x0000000083400000|100%| O|  |TAMS 0x0000000083400000, 0x0000000083300000| Untracked 
|  52|0x0000000083400000, 0x0000000083500000, 0x0000000083500000|100%| O|  |TAMS 0x0000000083500000, 0x0000000083400000| Untracked 
|  53|0x0000000083500000, 0x0000000083600000, 0x0000000083600000|100%| O|  |TAMS 0x0000000083600000, 0x0000000083500000| Untracked 
|  54|0x0000000083600000, 0x0000000083700000, 0x0000000083700000|100%| O|  |TAMS 0x0000000083700000, 0x0000000083600000| Untracked 
|  55|0x0000000083700000, 0x0000000083800000, 0x0000000083800000|100%| O|  |TAMS 0x0000000083800000, 0x0000000083700000| Untracked 
|  56|0x0000000083800000, 0x0000000083900000, 0x0000000083900000|100%| O|  |TAMS 0x0000000083900000, 0x0000000083800000| Untracked 
|  57|0x0000000083900000, 0x0000000083a00000, 0x0000000083a00000|100%| O|  |TAMS 0x0000000083a00000, 0x0000000083900000| Untracked 
|  58|0x0000000083a00000, 0x0000000083b00000, 0x0000000083b00000|100%| O|  |TAMS 0x0000000083b00000, 0x0000000083a00000| Untracked 
|  59|0x0000000083b00000, 0x0000000083c00000, 0x0000000083c00000|100%| O|  |TAMS 0x0000000083c00000, 0x0000000083b00000| Untracked 
|  60|0x0000000083c00000, 0x0000000083d00000, 0x0000000083d00000|100%| O|  |TAMS 0x0000000083d00000, 0x0000000083c00000| Untracked 
|  61|0x0000000083d00000, 0x0000000083e00000, 0x0000000083e00000|100%| O|  |TAMS 0x0000000083e00000, 0x0000000083d00000| Untracked 
|  62|0x0000000083e00000, 0x0000000083f00000, 0x0000000083f00000|100%| O|  |TAMS 0x0000000083f00000, 0x0000000083e00000| Untracked 
|  63|0x0000000083f00000, 0x0000000084000000, 0x0000000084000000|100%| O|  |TAMS 0x0000000083f0f400, 0x0000000083f00000| Untracked 
|  64|0x0000000084000000, 0x0000000084100000, 0x0000000084100000|100%| O|  |TAMS 0x0000000084000000, 0x0000000084000000| Untracked 
|  65|0x0000000084100000, 0x0000000084200000, 0x0000000084200000|100%| O|  |TAMS 0x0000000084100000, 0x0000000084100000| Untracked 
|  66|0x0000000084200000, 0x0000000084300000, 0x0000000084300000|100%| O|  |TAMS 0x0000000084200000, 0x0000000084200000| Untracked 
|  67|0x0000000084300000, 0x0000000084400000, 0x0000000084400000|100%| O|  |TAMS 0x0000000084300000, 0x0000000084300000| Untracked 
|  68|0x0000000084400000, 0x0000000084422800, 0x0000000084500000| 13%| O|  |TAMS 0x0000000084400000, 0x0000000084400000| Untracked 
|  69|0x0000000084500000, 0x0000000084500000, 0x0000000084600000|  0%| F|  |TAMS 0x0000000084500000, 0x0000000084500000| Untracked 
|  70|0x0000000084600000, 0x0000000084600000, 0x0000000084700000|  0%| F|  |TAMS 0x0000000084600000, 0x0000000084600000| Untracked 
|  71|0x0000000084700000, 0x0000000084700000, 0x0000000084800000|  0%| F|  |TAMS 0x0000000084700000, 0x0000000084700000| Untracked 
|  72|0x0000000084800000, 0x0000000084800000, 0x0000000084900000|  0%| F|  |TAMS 0x0000000084800000, 0x0000000084800000| Untracked 
|  73|0x0000000084900000, 0x0000000084900000, 0x0000000084a00000|  0%| F|  |TAMS 0x0000000084900000, 0x0000000084900000| Untracked 
|  74|0x0000000084a00000, 0x0000000084a00000, 0x0000000084b00000|  0%| F|  |TAMS 0x0000000084a00000, 0x0000000084a00000| Untracked 
|  75|0x0000000084b00000, 0x0000000084b00000, 0x0000000084c00000|  0%| F|  |TAMS 0x0000000084b00000, 0x0000000084b00000| Untracked 
|  76|0x0000000084c00000, 0x0000000084c00000, 0x0000000084d00000|  0%| F|  |TAMS 0x0000000084c00000, 0x0000000084c00000| Untracked 
|  77|0x0000000084d00000, 0x0000000084d00000, 0x0000000084e00000|  0%| F|  |TAMS 0x0000000084d00000, 0x0000000084d00000| Untracked 
|  78|0x0000000084e00000, 0x0000000084e00000, 0x0000000084f00000|  0%| F|  |TAMS 0x0000000084e00000, 0x0000000084e00000| Untracked 
|  79|0x0000000084f00000, 0x0000000084f00000, 0x0000000085000000|  0%| F|  |TAMS 0x0000000084f00000, 0x0000000084f00000| Untracked 
|  80|0x0000000085000000, 0x0000000085000000, 0x0000000085100000|  0%| F|  |TAMS 0x0000000085000000, 0x0000000085000000| Untracked 
|  81|0x0000000085100000, 0x0000000085100000, 0x0000000085200000|  0%| F|  |TAMS 0x0000000085100000, 0x0000000085100000| Untracked 
|  82|0x0000000085200000, 0x0000000085200000, 0x0000000085300000|  0%| F|  |TAMS 0x0000000085200000, 0x0000000085200000| Untracked 
|  83|0x0000000085300000, 0x0000000085300000, 0x0000000085400000|  0%| F|  |TAMS 0x0000000085300000, 0x0000000085300000| Untracked 
|  84|0x0000000085400000, 0x0000000085400000, 0x0000000085500000|  0%| F|  |TAMS 0x0000000085400000, 0x0000000085400000| Untracked 
|  85|0x0000000085500000, 0x0000000085600000, 0x0000000085600000|100%| S|CS|TAMS 0x0000000085500000, 0x0000000085500000| Complete 
|  86|0x0000000085600000, 0x0000000085700000, 0x0000000085700000|100%| S|CS|TAMS 0x0000000085600000, 0x0000000085600000| Complete 
|  87|0x0000000085700000, 0x0000000085800000, 0x0000000085800000|100%| S|CS|TAMS 0x0000000085700000, 0x0000000085700000| Complete 
|  88|0x0000000085800000, 0x0000000085900000, 0x0000000085900000|100%| S|CS|TAMS 0x0000000085800000, 0x0000000085800000| Complete 
|  89|0x0000000085900000, 0x0000000085a00000, 0x0000000085a00000|100%| S|CS|TAMS 0x0000000085900000, 0x0000000085900000| Complete 
|  90|0x0000000085a00000, 0x0000000085b00000, 0x0000000085b00000|100%| S|CS|TAMS 0x0000000085a00000, 0x0000000085a00000| Complete 
|  91|0x0000000085b00000, 0x0000000085b00000, 0x0000000085c00000|  0%| F|  |TAMS 0x0000000085b00000, 0x0000000085b00000| Untracked 
|  92|0x0000000085c00000, 0x0000000085c00000, 0x0000000085d00000|  0%| F|  |TAMS 0x0000000085c00000, 0x0000000085c00000| Untracked 
|  93|0x0000000085d00000, 0x0000000085d00000, 0x0000000085e00000|  0%| F|  |TAMS 0x0000000085d00000, 0x0000000085d00000| Untracked 
|  94|0x0000000085e00000, 0x0000000085e00000, 0x0000000085f00000|  0%| F|  |TAMS 0x0000000085e00000, 0x0000000085e00000| Untracked 
|  95|0x0000000085f00000, 0x0000000085f00000, 0x0000000086000000|  0%| F|  |TAMS 0x0000000085f00000, 0x0000000085f00000| Untracked 
|  96|0x0000000086000000, 0x0000000086000000, 0x0000000086100000|  0%| F|  |TAMS 0x0000000086000000, 0x0000000086000000| Untracked 
|  97|0x0000000086100000, 0x0000000086100000, 0x0000000086200000|  0%| F|  |TAMS 0x0000000086100000, 0x0000000086100000| Untracked 
|  98|0x0000000086200000, 0x0000000086200000, 0x0000000086300000|  0%| F|  |TAMS 0x0000000086200000, 0x0000000086200000| Untracked 
|  99|0x0000000086300000, 0x0000000086400000, 0x0000000086400000|100%| S|CS|TAMS 0x0000000086300000, 0x0000000086300000| Complete 
| 100|0x0000000086400000, 0x0000000086500000, 0x0000000086500000|100%| S|CS|TAMS 0x0000000086400000, 0x0000000086400000| Complete 
| 101|0x0000000086500000, 0x0000000086500000, 0x0000000086600000|  0%| F|  |TAMS 0x0000000086500000, 0x0000000086500000| Untracked 
| 102|0x0000000086600000, 0x0000000086600000, 0x0000000086700000|  0%| F|  |TAMS 0x0000000086600000, 0x0000000086600000| Untracked 
| 103|0x0000000086700000, 0x0000000086700000, 0x0000000086800000|  0%| F|  |TAMS 0x0000000086700000, 0x0000000086700000| Untracked 
| 104|0x0000000086800000, 0x0000000086800000, 0x0000000086900000|  0%| F|  |TAMS 0x0000000086800000, 0x0000000086800000| Untracked 
| 105|0x0000000086900000, 0x0000000086900000, 0x0000000086a00000|  0%| F|  |TAMS 0x0000000086900000, 0x0000000086900000| Untracked 
| 106|0x0000000086a00000, 0x0000000086a00000, 0x0000000086b00000|  0%| F|  |TAMS 0x0000000086a00000, 0x0000000086a00000| Untracked 
| 107|0x0000000086b00000, 0x0000000086b00000, 0x0000000086c00000|  0%| F|  |TAMS 0x0000000086b00000, 0x0000000086b00000| Untracked 
| 108|0x0000000086c00000, 0x0000000086c00000, 0x0000000086d00000|  0%| F|  |TAMS 0x0000000086c00000, 0x0000000086c00000| Untracked 
| 109|0x0000000086d00000, 0x0000000086d00000, 0x0000000086e00000|  0%| F|  |TAMS 0x0000000086d00000, 0x0000000086d00000| Untracked 
| 110|0x0000000086e00000, 0x0000000086e00000, 0x0000000086f00000|  0%| F|  |TAMS 0x0000000086e00000, 0x0000000086e00000| Untracked 
| 111|0x0000000086f00000, 0x0000000086f00000, 0x0000000087000000|  0%| F|  |TAMS 0x0000000086f00000, 0x0000000086f00000| Untracked 
| 112|0x0000000087000000, 0x0000000087000000, 0x0000000087100000|  0%| F|  |TAMS 0x0000000087000000, 0x0000000087000000| Untracked 
| 113|0x0000000087100000, 0x0000000087100000, 0x0000000087200000|  0%| F|  |TAMS 0x0000000087100000, 0x0000000087100000| Untracked 
| 114|0x0000000087200000, 0x0000000087200000, 0x0000000087300000|  0%| F|  |TAMS 0x0000000087200000, 0x0000000087200000| Untracked 
| 115|0x0000000087300000, 0x0000000087300000, 0x0000000087400000|  0%| F|  |TAMS 0x0000000087300000, 0x0000000087300000| Untracked 
| 116|0x0000000087400000, 0x0000000087400000, 0x0000000087500000|  0%| F|  |TAMS 0x0000000087400000, 0x0000000087400000| Untracked 
| 117|0x0000000087500000, 0x0000000087500000, 0x0000000087600000|  0%| F|  |TAMS 0x0000000087500000, 0x0000000087500000| Untracked 
| 118|0x0000000087600000, 0x0000000087600000, 0x0000000087700000|  0%| F|  |TAMS 0x0000000087600000, 0x0000000087600000| Untracked 
| 119|0x0000000087700000, 0x0000000087700000, 0x0000000087800000|  0%| F|  |TAMS 0x0000000087700000, 0x0000000087700000| Untracked 
| 120|0x0000000087800000, 0x0000000087800000, 0x0000000087900000|  0%| F|  |TAMS 0x0000000087800000, 0x0000000087800000| Untracked 
| 121|0x0000000087900000, 0x0000000087900000, 0x0000000087a00000|  0%| F|  |TAMS 0x0000000087900000, 0x0000000087900000| Untracked 
| 122|0x0000000087a00000, 0x0000000087a00000, 0x0000000087b00000|  0%| F|  |TAMS 0x0000000087a00000, 0x0000000087a00000| Untracked 
| 123|0x0000000087b00000, 0x0000000087b00000, 0x0000000087c00000|  0%| F|  |TAMS 0x0000000087b00000, 0x0000000087b00000| Untracked 
| 124|0x0000000087c00000, 0x0000000087c00000, 0x0000000087d00000|  0%| F|  |TAMS 0x0000000087c00000, 0x0000000087c00000| Untracked 
| 125|0x0000000087d00000, 0x0000000087d00000, 0x0000000087e00000|  0%| F|  |TAMS 0x0000000087d00000, 0x0000000087d00000| Untracked 
| 126|0x0000000087e00000, 0x0000000087e00000, 0x0000000087f00000|  0%| F|  |TAMS 0x0000000087e00000, 0x0000000087e00000| Untracked 
| 127|0x0000000087f00000, 0x0000000087f00000, 0x0000000088000000|  0%| F|  |TAMS 0x0000000087f00000, 0x0000000087f00000| Untracked 
| 128|0x0000000088000000, 0x0000000088000000, 0x0000000088100000|  0%| F|  |TAMS 0x0000000088000000, 0x0000000088000000| Untracked 
| 129|0x0000000088100000, 0x0000000088100000, 0x0000000088200000|  0%| F|  |TAMS 0x0000000088100000, 0x0000000088100000| Untracked 
| 130|0x0000000088200000, 0x0000000088200000, 0x0000000088300000|  0%| F|  |TAMS 0x0000000088200000, 0x0000000088200000| Untracked 
| 131|0x0000000088300000, 0x0000000088300000, 0x0000000088400000|  0%| F|  |TAMS 0x0000000088300000, 0x0000000088300000| Untracked 
| 132|0x0000000088400000, 0x0000000088400000, 0x0000000088500000|  0%| F|  |TAMS 0x0000000088400000, 0x0000000088400000| Untracked 
| 133|0x0000000088500000, 0x0000000088500000, 0x0000000088600000|  0%| F|  |TAMS 0x0000000088500000, 0x0000000088500000| Untracked 
| 134|0x0000000088600000, 0x0000000088600000, 0x0000000088700000|  0%| F|  |TAMS 0x0000000088600000, 0x0000000088600000| Untracked 
| 135|0x0000000088700000, 0x0000000088700000, 0x0000000088800000|  0%| F|  |TAMS 0x0000000088700000, 0x0000000088700000| Untracked 
| 136|0x0000000088800000, 0x0000000088800000, 0x0000000088900000|  0%| F|  |TAMS 0x0000000088800000, 0x0000000088800000| Untracked 
| 137|0x0000000088900000, 0x00000000889d9a10, 0x0000000088a00000| 85%| E|  |TAMS 0x0000000088900000, 0x0000000088900000| Complete 
| 138|0x0000000088a00000, 0x0000000088b00000, 0x0000000088b00000|100%| E|CS|TAMS 0x0000000088a00000, 0x0000000088a00000| Complete 
| 139|0x0000000088b00000, 0x0000000088c00000, 0x0000000088c00000|100%| E|CS|TAMS 0x0000000088b00000, 0x0000000088b00000| Complete 
| 140|0x0000000088c00000, 0x0000000088d00000, 0x0000000088d00000|100%| E|CS|TAMS 0x0000000088c00000, 0x0000000088c00000| Complete 
| 141|0x0000000088d00000, 0x0000000088e00000, 0x0000000088e00000|100%| E|  |TAMS 0x0000000088d00000, 0x0000000088d00000| Complete 
| 142|0x0000000088e00000, 0x0000000088f00000, 0x0000000088f00000|100%| E|CS|TAMS 0x0000000088e00000, 0x0000000088e00000| Complete 
| 143|0x0000000088f00000, 0x0000000089000000, 0x0000000089000000|100%| E|CS|TAMS 0x0000000088f00000, 0x0000000088f00000| Complete 
| 144|0x0000000089000000, 0x0000000089100000, 0x0000000089100000|100%| E|CS|TAMS 0x0000000089000000, 0x0000000089000000| Complete 
| 145|0x0000000089100000, 0x0000000089200000, 0x0000000089200000|100%| E|CS|TAMS 0x0000000089100000, 0x0000000089100000| Complete 
| 146|0x0000000089200000, 0x0000000089300000, 0x0000000089300000|100%| E|CS|TAMS 0x0000000089200000, 0x0000000089200000| Complete 
| 147|0x0000000089300000, 0x0000000089400000, 0x0000000089400000|100%| E|CS|TAMS 0x0000000089300000, 0x0000000089300000| Complete 
| 148|0x0000000089400000, 0x0000000089500000, 0x0000000089500000|100%| E|CS|TAMS 0x0000000089400000, 0x0000000089400000| Complete 
| 149|0x0000000089500000, 0x0000000089600000, 0x0000000089600000|100%| E|CS|TAMS 0x0000000089500000, 0x0000000089500000| Complete 
| 150|0x0000000089600000, 0x0000000089700000, 0x0000000089700000|100%| E|CS|TAMS 0x0000000089600000, 0x0000000089600000| Complete 
| 151|0x0000000089700000, 0x0000000089800000, 0x0000000089800000|100%| E|CS|TAMS 0x0000000089700000, 0x0000000089700000| Complete 
| 152|0x0000000089800000, 0x0000000089900000, 0x0000000089900000|100%| E|CS|TAMS 0x0000000089800000, 0x0000000089800000| Complete 
| 153|0x0000000089900000, 0x0000000089a00000, 0x0000000089a00000|100%| E|CS|TAMS 0x0000000089900000, 0x0000000089900000| Complete 

Card table byte_map: [0x000002b2fc190000,0x000002b2fc590000] _byte_map_base: 0x000002b2fbd90000

Marking Bits (Prev, Next): (CMBitMap*) 0x000002b2f7fa3468, (CMBitMap*) 0x000002b2f7fa34a0
 Prev Bits: [0x000002b2fc990000, 0x000002b2fe990000)
 Next Bits: [0x000002b28f000000, 0x000002b291000000)

Polling page: 0x000002b2f5ee0000

Metaspace:

Usage:
  Non-class:     76.50 MB capacity,    75.16 MB ( 98%) used,     1.09 MB (  1%) free+waste,   254.19 KB ( <1%) overhead. 
      Class:     12.02 MB capacity,    11.24 MB ( 93%) used,   690.46 KB (  6%) free+waste,   114.63 KB ( <1%) overhead. 
       Both:     88.52 MB capacity,    86.40 MB ( 98%) used,     1.76 MB (  2%) free+waste,   368.81 KB ( <1%) overhead. 

Virtual space:
  Non-class space:       78.00 MB reserved,      76.58 MB ( 98%) committed 
      Class space:        1.00 GB reserved,      12.13 MB (  1%) committed 
             Both:        1.08 GB reserved,      88.71 MB (  8%) committed 

Chunk freelists:
   Non-Class:  21.00 KB
       Class:  10.00 KB
        Both:  31.00 KB

MaxMetaspaceSize: 17179869184.00 GB
CompressedClassSpaceSize: 1.00 GB

CodeHeap 'non-profiled nmethods': size=120000Kb used=5834Kb max_used=5834Kb free=114165Kb
 bounds [0x000002b287ad0000, 0x000002b288090000, 0x000002b28f000000]
CodeHeap 'profiled nmethods': size=120000Kb used=22699Kb max_used=22699Kb free=97300Kb
 bounds [0x000002b2805a0000, 0x000002b281bd0000, 0x000002b287ad0000]
CodeHeap 'non-nmethods': size=5760Kb used=2293Kb max_used=2332Kb free=3466Kb
 bounds [0x000002b280000000, 0x000002b280270000, 0x000002b2805a0000]
 total_blobs=11245 nmethods=10350 adapters=806
 compilation: enabled
              stopped_count=0, restarted_count=0
 full_count=0

Compilation events (20 events):
Event: 15.005 Thread 0x000002b293056800 nmethod 10347 0x000002b288074a90 code [0x000002b288074c40, 0x000002b288074cf8]
Event: 15.005 Thread 0x000002b293056800 10348       3       com.android.tools.r8.origin.Origin::<init> (31 bytes)
Event: 15.005 Thread 0x000002b293056800 nmethod 10348 0x000002b281babc10 code [0x000002b281babdc0, 0x000002b281babf78]
Event: 15.006 Thread 0x000002b293056800 10349       3       java.util.zip.ZipFile$ZipFileInflaterInputStream::available (44 bytes)
Event: 15.008 Thread 0x000002b293056800 nmethod 10349 0x000002b281bac010 code [0x000002b281bac200, 0x000002b281bac748]
Event: 15.008 Thread 0x000002b293056800 10350   !   3       java.util.zip.Inflater::getBytesWritten (23 bytes)
Event: 15.008 Thread 0x000002b293056800 nmethod 10350 0x000002b281bac910 code [0x000002b281bacae0, 0x000002b281bacdc8]
Event: 15.008 Thread 0x000002b293056800 10351       3       java.util.WeakHashMap::newTable (5 bytes)
Event: 15.008 Thread 0x000002b293056800 nmethod 10351 0x000002b281bacf10 code [0x000002b281bad0c0, 0x000002b281bad258]
Event: 15.015 Thread 0x000002b293056800 10352       3       java.io.BufferedInputStream::<init> (32 bytes)
Event: 15.015 Thread 0x000002b293056800 nmethod 10352 0x000002b281bad310 code [0x000002b281bad500, 0x000002b281bad988]
Event: 15.015 Thread 0x000002b293056800 10353       3       java.io.BufferedInputStream::<init> (9 bytes)
Event: 15.016 Thread 0x000002b293056800 nmethod 10353 0x000002b281badb10 code [0x000002b281badd00, 0x000002b281bae208]
Event: 15.018 Thread 0x000002b293056800 10354   !   3       java.nio.file.Files::isRegularFile (42 bytes)
Event: 15.020 Thread 0x000002b293056800 nmethod 10354 0x000002b281bae390 code [0x000002b281bae600, 0x000002b281baf258]
Event: 15.020 Thread 0x000002b293056800 10356       3       com.android.tools.r8.D8Command$Builder::d (2 bytes)
Event: 15.021 Thread 0x000002b293056800 nmethod 10356 0x000002b281baf710 code [0x000002b281baf8c0, 0x000002b281baf9b8]
Event: 15.021 Thread 0x000002b293056800 10355   !   3       sun.nio.fs.AbstractFileSystemProvider::isRegularFile (20 bytes)
Event: 15.022 Thread 0x000002b293056800 nmethod 10355 0x000002b281bafa90 code [0x000002b281bafc60, 0x000002b281baffb8]
Event: 15.044 Thread 0x000002b293056800 10358       3       java.util.zip.ZipFile$InflaterCleanupAction::run (12 bytes)

GC Heap History (20 events):
Event: 8.218 GC heap before
{Heap before GC invocations=11 (full 0):
 garbage-first heap   total 131072K, used 52162K [0x0000000080000000, 0x0000000100000000)
  region size 1024K, 10 young (10240K), 3 survivors (3072K)
 Metaspace       used 58763K, capacity 60196K, committed 60240K, reserved 1101824K
  class space    used 7486K, capacity 8061K, committed 8064K, reserved 1048576K
}
Event: 8.223 GC heap after
{Heap after GC invocations=12 (full 0):
 garbage-first heap   total 131072K, used 46413K [0x0000000080000000, 0x0000000100000000)
  region size 1024K, 3 young (3072K), 3 survivors (3072K)
 Metaspace       used 58763K, capacity 60196K, committed 60240K, reserved 1101824K
  class space    used 7486K, capacity 8061K, committed 8064K, reserved 1048576K
}
Event: 9.022 GC heap before
{Heap before GC invocations=13 (full 0):
 garbage-first heap   total 131072K, used 103757K [0x0000000080000000, 0x0000000100000000)
  region size 1024K, 59 young (60416K), 3 survivors (3072K)
 Metaspace       used 64199K, capacity 65596K, committed 65876K, reserved 1105920K
  class space    used 8137K, capacity 8676K, committed 8704K, reserved 1048576K
}
Event: 9.028 GC heap after
{Heap after GC invocations=14 (full 0):
 garbage-first heap   total 131072K, used 51488K [0x0000000080000000, 0x0000000100000000)
  region size 1024K, 8 young (8192K), 8 survivors (8192K)
 Metaspace       used 64199K, capacity 65596K, committed 65876K, reserved 1105920K
  class space    used 8137K, capacity 8676K, committed 8704K, reserved 1048576K
}
Event: 9.614 GC heap before
{Heap before GC invocations=14 (full 0):
 garbage-first heap   total 131072K, used 103712K [0x0000000080000000, 0x0000000100000000)
  region size 1024K, 59 young (60416K), 8 survivors (8192K)
 Metaspace       used 66453K, capacity 67974K, committed 68052K, reserved 1107968K
  class space    used 8472K, capacity 9039K, committed 9088K, reserved 1048576K
}
Event: 9.622 GC heap after
{Heap after GC invocations=15 (full 0):
 garbage-first heap   total 131072K, used 54868K [0x0000000080000000, 0x0000000100000000)
  region size 1024K, 5 young (5120K), 5 survivors (5120K)
 Metaspace       used 66453K, capacity 67974K, committed 68052K, reserved 1107968K
  class space    used 8472K, capacity 9039K, committed 9088K, reserved 1048576K
}
Event: 10.279 GC heap before
{Heap before GC invocations=15 (full 0):
 garbage-first heap   total 131072K, used 104020K [0x0000000080000000, 0x0000000100000000)
  region size 1024K, 53 young (54272K), 5 survivors (5120K)
 Metaspace       used 71543K, capacity 73182K, committed 73300K, reserved 1112064K
  class space    used 9313K, capacity 9950K, committed 9984K, reserved 1048576K
}
Event: 10.287 GC heap after
{Heap after GC invocations=16 (full 0):
 garbage-first heap   total 131072K, used 58640K [0x0000000080000000, 0x0000000100000000)
  region size 1024K, 4 young (4096K), 4 survivors (4096K)
 Metaspace       used 71543K, capacity 73182K, committed 73300K, reserved 1112064K
  class space    used 9313K, capacity 9950K, committed 9984K, reserved 1048576K
}
Event: 11.117 GC heap before
{Heap before GC invocations=16 (full 0):
 garbage-first heap   total 131072K, used 105744K [0x0000000080000000, 0x0000000100000000)
  region size 1024K, 50 young (51200K), 4 survivors (4096K)
 Metaspace       used 77020K, capacity 78701K, committed 78932K, reserved 1118208K
  class space    used 10063K, capacity 10726K, committed 10752K, reserved 1048576K
}
Event: 11.123 GC heap after
{Heap after GC invocations=17 (full 0):
 garbage-first heap   total 131072K, used 60984K [0x0000000080000000, 0x0000000100000000)
  region size 1024K, 6 young (6144K), 6 survivors (6144K)
 Metaspace       used 77020K, capacity 78701K, committed 78932K, reserved 1118208K
  class space    used 10063K, capacity 10726K, committed 10752K, reserved 1048576K
}
Event: 12.205 GC heap before
{Heap before GC invocations=17 (full 0):
 garbage-first heap   total 131072K, used 106040K [0x0000000080000000, 0x0000000100000000)
  region size 1024K, 51 young (52224K), 6 survivors (6144K)
 Metaspace       used 80093K, capacity 82092K, committed 82388K, reserved 1120256K
  class space    used 10544K, capacity 11322K, committed 11392K, reserved 1048576K
}
Event: 12.216 GC heap after
{Heap after GC invocations=18 (full 0):
 garbage-first heap   total 131072K, used 64729K [0x0000000080000000, 0x0000000100000000)
  region size 1024K, 7 young (7168K), 7 survivors (7168K)
 Metaspace       used 80093K, capacity 82092K, committed 82388K, reserved 1120256K
  class space    used 10544K, capacity 11322K, committed 11392K, reserved 1048576K
}
Event: 12.926 GC heap before
{Heap before GC invocations=18 (full 0):
 garbage-first heap   total 131072K, used 106713K [0x0000000080000000, 0x0000000100000000)
  region size 1024K, 49 young (50176K), 7 survivors (7168K)
 Metaspace       used 81420K, capacity 83535K, committed 83796K, reserved 1122304K
  class space    used 10644K, capacity 11430K, committed 11520K, reserved 1048576K
}
Event: 12.935 GC heap after
{Heap after GC invocations=19 (full 0):
 garbage-first heap   total 131072K, used 67275K [0x0000000080000000, 0x0000000100000000)
  region size 1024K, 7 young (7168K), 7 survivors (7168K)
 Metaspace       used 81420K, capacity 83535K, committed 83796K, reserved 1122304K
  class space    used 10644K, capacity 11430K, committed 11520K, reserved 1048576K
}
Event: 13.461 GC heap before
{Heap before GC invocations=19 (full 0):
 garbage-first heap   total 131072K, used 107211K [0x0000000080000000, 0x0000000100000000)
  region size 1024K, 47 young (48128K), 7 survivors (7168K)
 Metaspace       used 83365K, capacity 85493K, committed 85588K, reserved 1124352K
  class space    used 10915K, capacity 11708K, committed 11776K, reserved 1048576K
}
Event: 13.471 GC heap after
{Heap after GC invocations=20 (full 0):
 garbage-first heap   total 157696K, used 68669K [0x0000000080000000, 0x0000000100000000)
  region size 1024K, 4 young (4096K), 4 survivors (4096K)
 Metaspace       used 83365K, capacity 85493K, committed 85588K, reserved 1124352K
  class space    used 10915K, capacity 11708K, committed 11776K, reserved 1048576K
}
Event: 14.501 GC heap before
{Heap before GC invocations=21 (full 0):
 garbage-first heap   total 157696K, used 123965K [0x0000000080000000, 0x0000000100000000)
  region size 1024K, 59 young (60416K), 4 survivors (4096K)
 Metaspace       used 86119K, capacity 88182K, committed 88404K, reserved 1126400K
  class space    used 11211K, capacity 12012K, committed 12032K, reserved 1048576K
}
Event: 14.511 GC heap after
{Heap after GC invocations=22 (full 0):
 garbage-first heap   total 157696K, used 72495K [0x0000000080000000, 0x0000000100000000)
  region size 1024K, 8 young (8192K), 8 survivors (8192K)
 Metaspace       used 86119K, capacity 88182K, committed 88404K, reserved 1126400K
  class space    used 11211K, capacity 12012K, committed 12032K, reserved 1048576K
}
Event: 15.027 GC heap before
{Heap before GC invocations=22 (full 0):
 garbage-first heap   total 157696K, used 125743K [0x0000000080000000, 0x0000000100000000)
  region size 1024K, 61 young (62464K), 8 survivors (8192K)
 Metaspace       used 87876K, capacity 89995K, committed 90196K, reserved 1128448K
  class space    used 11432K, capacity 12244K, committed 12288K, reserved 1048576K
}
Event: 15.041 GC heap after
{Heap after GC invocations=23 (full 0):
 garbage-first heap   total 157696K, used 77962K [0x0000000080000000, 0x0000000100000000)
  region size 1024K, 8 young (8192K), 8 survivors (8192K)
 Metaspace       used 87876K, capacity 89995K, committed 90196K, reserved 1128448K
  class space    used 11432K, capacity 12244K, committed 12288K, reserved 1048576K
}

Deoptimization events (20 events):
Event: 14.873 Thread 0x000002b29ebd4000 DEOPT PACKING pc=0x000002b287bbc570 sp=0x000000ffb92fd680
Event: 14.873 Thread 0x000002b29ebd4000 DEOPT UNPACKING pc=0x000002b28002662f sp=0x000000ffb92fd6e0 mode 2
Event: 14.873 Thread 0x000002b29ebd4000 Uncommon trap: trap_request=0xffffff6e fr.pc=0x000002b287bbc570 relative=0x0000000000001050
Event: 14.874 Thread 0x000002b29ebd4000 Uncommon trap: reason=speculate_class_check action=maybe_recompile pc=0x000002b287bbc570 method=java.util.zip.InflaterInputStream.read([BII)I @ 100 c2
Event: 14.874 Thread 0x000002b29ebd4000 DEOPT PACKING pc=0x000002b287bbc570 sp=0x000000ffb92fd680
Event: 14.874 Thread 0x000002b29ebd4000 DEOPT UNPACKING pc=0x000002b28002662f sp=0x000000ffb92fd6e0 mode 2
Event: 14.881 Thread 0x000002b29ebd4000 Uncommon trap: trap_request=0xffffffde fr.pc=0x000002b288064100 relative=0x0000000000000b60
Event: 14.881 Thread 0x000002b29ebd4000 Uncommon trap: reason=class_check action=maybe_recompile pc=0x000002b288064100 method=com.android.tools.build.apkzlib.zip.ZipField.checkVerifiesInvariants(J)V @ 25 c2
Event: 14.881 Thread 0x000002b29ebd4000 DEOPT PACKING pc=0x000002b288064100 sp=0x000000ffb92fdb80
Event: 14.881 Thread 0x000002b29ebd4000 DEOPT UNPACKING pc=0x000002b28002662f sp=0x000000ffb92fdb60 mode 2
Event: 14.969 Thread 0x000002b29a21e800 DEOPT PACKING pc=0x000002b281ad3fc4 sp=0x000000ffb49fbf70
Event: 14.969 Thread 0x000002b29a21e800 DEOPT UNPACKING pc=0x000002b280026dde sp=0x000000ffb49fb510 mode 0
Event: 15.013 Thread 0x000002b2985bb800 Uncommon trap: trap_request=0xffffffc6 fr.pc=0x000002b287c34b50 relative=0x00000000000008f0
Event: 15.013 Thread 0x000002b2985bb800 Uncommon trap: reason=bimorphic_or_optimized_type_check action=maybe_recompile pc=0x000002b287c34b50 method=java.lang.Throwable.<init>(Ljava/lang/String;Ljava/lang/Throwable;)V @ 24 c2
Event: 15.013 Thread 0x000002b2985bb800 DEOPT PACKING pc=0x000002b287c34b50 sp=0x000000ffb6cfb320
Event: 15.013 Thread 0x000002b2985bb800 DEOPT UNPACKING pc=0x000002b28002662f sp=0x000000ffb6cfb2e8 mode 2
Event: 15.013 Thread 0x000002b2985bb800 Uncommon trap: trap_request=0xffffff4d fr.pc=0x000002b287c6d9f4 relative=0x0000000000000814
Event: 15.013 Thread 0x000002b2985bb800 Uncommon trap: reason=unstable_if action=reinterpret pc=0x000002b287c6d9f4 method=java.util.zip.ZipFile$CleanableResource.releaseInflater(Ljava/util/zip/Inflater;)V @ 6 c2
Event: 15.013 Thread 0x000002b2985bb800 DEOPT PACKING pc=0x000002b287c6d9f4 sp=0x000000ffb6cfb240
Event: 15.013 Thread 0x000002b2985bb800 DEOPT UNPACKING pc=0x000002b28002662f sp=0x000000ffb6cfb1b8 mode 2

Classes redefined (0 events):
No events

Internal exceptions (20 events):
Event: 11.668 Thread 0x000002b298bfe000 Exception <a 'java/lang/IncompatibleClassChangeError'{0x0000000086976780}: Found class java.lang.Object, but interface was expected> (0x0000000086976780) thrown at [./src/hotspot/share/interpreter/linkResolver.cpp, line 839]
Event: 11.674 Thread 0x000002b298bfe000 Exception <a 'java/lang/IncompatibleClassChangeError'{0x00000000868332a8}: Found class java.lang.Object, but interface was expected> (0x00000000868332a8) thrown at [./src/hotspot/share/interpreter/linkResolver.cpp, line 839]
Event: 11.715 Thread 0x000002b298bfe000 Exception <a 'java/lang/NoSuchMethodError'{0x00000000866a16a0}: 'int java.lang.invoke.DirectMethodHandle$Holder.invokeStaticInit(java.lang.Object, java.lang.Object, java.lang.Object, java.lang.Object, java.lang.Object)'> (0x00000000866a16a0) thrown at [./src/hotspot/share/interpreter/linkResolver.cpp, line 773]
Event: 12.047 Thread 0x000002b298bfe000 Exception <a 'java/lang/NoSuchMethodError'{0x0000000085e74960}: 'void java.lang.invoke.DirectMethodHandle$Holder.invokeStatic(java.lang.Object, java.lang.Object, java.lang.Object, java.lang.Object, int, java.lang.Object, java.lang.Object)'> (0x0000000085e74960) thrown at [./src/hotspot/share/interpreter/linkResolver.cpp, line 773]
Event: 12.104 Thread 0x000002b29bf35800 Exception <a 'java/lang/NoSuchMethodError'{0x00000000858462e8}: 'java.lang.Object java.lang.invoke.DirectMethodHandle$Holder.invokeSpecialIFC(java.lang.Object, java.lang.Object, java.lang.Object)'> (0x00000000858462e8) thrown at [./src/hotspot/share/interpreter/linkResolver.cpp, line 773]
Event: 12.105 Thread 0x000002b29a213800 Exception <a 'java/lang/NoSuchMethodError'{0x000000008585a210}: 'java.lang.Object java.lang.invoke.DirectMethodHandle$Holder.invokeSpecialIFC(java.lang.Object, java.lang.Object, java.lang.Object)'> (0x000000008585a210) thrown at [./src/hotspot/share/interpreter/linkResolver.cpp, line 773]
Event: 12.106 Thread 0x000002b29bf32800 Exception <a 'java/lang/NoSuchMethodError'{0x0000000085826b40}: 'java.lang.Object java.lang.invoke.DirectMethodHandle$Holder.invokeSpecialIFC(java.lang.Object, java.lang.Object, java.lang.Object)'> (0x0000000085826b40) thrown at [./src/hotspot/share/interpreter/linkResolver.cpp, line 773]
Event: 12.779 Thread 0x000002b298bfe000 Exception <a 'java/lang/NoSuchMethodError'{0x00000000862a2638}: 'void java.lang.invoke.DirectMethodHandle$Holder.invokeVirtual(java.lang.Object, java.lang.Object)'> (0x00000000862a2638) thrown at [./src/hotspot/share/interpreter/linkResolver.cpp, line 773]
Event: 12.834 Thread 0x000002b298bfe000 Exception <a 'java/lang/NoSuchMethodError'{0x0000000085e2dd78}: <clinit>> (0x0000000085e2dd78) thrown at [./src/hotspot/share/prims/jni.cpp, line 1362]
Event: 12.919 Thread 0x000002b298bfe000 Exception <a 'java/lang/NoSuchMethodError'{0x00000000857635c0}: 'void java.lang.invoke.DirectMethodHandle$Holder.invokeStatic(java.lang.Object, java.lang.Object, java.lang.Object, java.lang.Object, java.lang.Object, java.lang.Object, java.lang.Object)'> (0x00000000857635c0) thrown at [./src/hotspot/share/interpreter/linkResolver.cpp, line 773]
Event: 12.959 Thread 0x000002b299778000 Exception <a 'java/lang/NoSuchMethodError'{0x0000000087b89ac0}: <clinit>> (0x0000000087b89ac0) thrown at [./src/hotspot/share/prims/jni.cpp, line 1362]
Event: 12.964 Thread 0x000002b299778000 Exception <a 'java/lang/NoSuchMethodError'{0x0000000087bff8e8}: <clinit>> (0x0000000087bff8e8) thrown at [./src/hotspot/share/prims/jni.cpp, line 1362]
Event: 12.966 Thread 0x000002b299778000 Exception <a 'java/lang/NoSuchMethodError'{0x0000000087a4df00}: <clinit>> (0x0000000087a4df00) thrown at [./src/hotspot/share/prims/jni.cpp, line 1362]
Event: 14.371 Thread 0x000002b29ebd2800 Exception <a 'java/lang/NoSuchMethodError'{0x0000000086892e68}: 'int java.lang.invoke.DirectMethodHandle$Holder.invokeSpecial(java.lang.Object, java.lang.Object, java.lang.Object, java.lang.Object, java.lang.Object)'> (0x0000000086892e68) thrown at [./src/hotspot/share/interpreter/linkResolver.cpp, line 773]
Event: 14.413 Thread 0x000002b29ebd2800 Exception <a 'sun/nio/fs/WindowsException'{0x000000008675cfd8}> (0x000000008675cfd8) thrown at [./src/hotspot/share/prims/jni.cpp, line 615]
Event: 14.413 Thread 0x000002b29ebd2800 Exception <a 'sun/nio/fs/WindowsException'{0x000000008675de48}> (0x000000008675de48) thrown at [./src/hotspot/share/prims/jni.cpp, line 615]
Event: 14.439 Thread 0x000002b29ebd4000 Exception <a 'sun/nio/fs/WindowsException'{0x000000008665da40}> (0x000000008665da40) thrown at [./src/hotspot/share/prims/jni.cpp, line 615]
Event: 14.994 Thread 0x000002b29a220800 Exception <a 'sun/nio/fs/WindowsException'{0x0000000086bfe758}> (0x0000000086bfe758) thrown at [./src/hotspot/share/prims/jni.cpp, line 615]
Event: 15.012 Thread 0x000002b2985bb800 Exception <a 'java/lang/OutOfMemoryError'{0x000000008667d938}> (0x000000008667d938) thrown at [./src/hotspot/share/prims/jni.cpp, line 636]
Event: 15.013 Thread 0x000002b2985bb800 Implicit null exception at 0x000002b287c6d21b to 0x000002b287c6d9dc

Events (20 events):
Event: 14.990 loading class com/android/tools/r8/internal/wC0 done
Event: 14.990 loading class com/android/tools/r8/BaseCommand$Builder
Event: 14.990 loading class com/android/tools/r8/BaseCommand$Builder done
Event: 14.990 loading class com/android/tools/r8/internal/pO0$a
Event: 14.990 loading class com/android/tools/r8/internal/pO0$a done
Event: 14.992 loading class com/android/tools/r8/internal/pO0
Event: 14.992 loading class com/android/tools/r8/internal/pO0 done
Event: 14.994 loading class com/android/tools/r8/CompilationFailedException
Event: 14.994 loading class com/android/tools/r8/CompilationFailedException done
Event: 14.995 loading class com/android/tools/r8/graph/p0
Event: 14.995 loading class com/android/tools/r8/graph/p0 done
Event: 15.012 loading class java/util/zip/DataFormatException
Event: 15.013 loading class java/util/zip/DataFormatException done
Event: 15.023 Executing VM operation: G1CollectForAllocation
Event: 15.041 Executing VM operation: G1CollectForAllocation done
Event: 15.042 loading class com/android/tools/r8/internal/IV0
Event: 15.042 loading class com/android/tools/r8/internal/IV0 done
Event: 15.043 Loaded shared library D:\안드로이드 스튜디오\jre\bin\zip.dll
Event: 15.044 loading class com/android/tools/r8/internal/FV0
Event: 15.044 loading class com/android/tools/r8/internal/FV0 done


Dynamic libraries:
0x00007ff6800a0000 - 0x00007ff6800aa000 	D:\안드로이드 스튜디오\jre\bin\java.exe
0x00007ff8dab40000 - 0x00007ff8dad49000 	C:\WINDOWS\SYSTEM32\ntdll.dll
0x00007ff8d9390000 - 0x00007ff8d944d000 	C:\WINDOWS\System32\KERNEL32.DLL
0x00007ff8d8590000 - 0x00007ff8d8914000 	C:\WINDOWS\System32\KERNELBASE.dll
0x00007ff8d8300000 - 0x00007ff8d8411000 	C:\WINDOWS\System32\ucrtbase.dll
0x00007ff8d1ce0000 - 0x00007ff8d1cf7000 	D:\안드로이드 스튜디오\jre\bin\VCRUNTIME140.dll
0x00007ff8d1d00000 - 0x00007ff8d1d19000 	D:\안드로이드 스튜디오\jre\bin\jli.dll
0x00007ff8d9770000 - 0x00007ff8d991d000 	C:\WINDOWS\System32\USER32.dll
0x00007ff8d8170000 - 0x00007ff8d8196000 	C:\WINDOWS\System32\win32u.dll
0x00007ff8d9bb0000 - 0x00007ff8d9bda000 	C:\WINDOWS\System32\GDI32.dll
0x00007ff8c9390000 - 0x00007ff8c9635000 	C:\WINDOWS\WinSxS\amd64_microsoft.windows.common-controls_6595b64144ccf1df_6.0.22000.120_none_9d947278b86cc467\COMCTL32.dll
0x00007ff8d8050000 - 0x00007ff8d816e000 	C:\WINDOWS\System32\gdi32full.dll
0x00007ff8da950000 - 0x00007ff8da9f3000 	C:\WINDOWS\System32\msvcrt.dll
0x00007ff8d81a0000 - 0x00007ff8d823d000 	C:\WINDOWS\System32\msvcp_win.dll
0x00007ff8d9500000 - 0x00007ff8d9531000 	C:\WINDOWS\System32\IMM32.DLL
0x00007ff8ba7c0000 - 0x00007ff8ba85d000 	D:\안드로이드 스튜디오\jre\bin\msvcp140.dll
0x00007ff8a37c0000 - 0x00007ff8a4295000 	D:\안드로이드 스튜디오\jre\bin\server\jvm.dll
0x00007ff8d8ef0000 - 0x00007ff8d8f9e000 	C:\WINDOWS\System32\ADVAPI32.dll
0x00007ff8daa00000 - 0x00007ff8daa9e000 	C:\WINDOWS\System32\sechost.dll
0x00007ff8da5d0000 - 0x00007ff8da6f1000 	C:\WINDOWS\System32\RPCRT4.dll
0x00007ff8d9920000 - 0x00007ff8d9928000 	C:\WINDOWS\System32\PSAPI.DLL
0x00007ff8c7320000 - 0x00007ff8c7329000 	C:\WINDOWS\SYSTEM32\WSOCK32.dll
0x00007ff8d18a0000 - 0x00007ff8d18d3000 	C:\WINDOWS\SYSTEM32\WINMM.dll
0x00007ff8da8e0000 - 0x00007ff8da94f000 	C:\WINDOWS\System32\WS2_32.dll
0x00007ff8cfbf0000 - 0x00007ff8cfbfa000 	C:\WINDOWS\SYSTEM32\VERSION.dll
0x00007ff8d7040000 - 0x00007ff8d7058000 	C:\WINDOWS\SYSTEM32\kernel.appcore.dll
0x00007ff8d3e50000 - 0x00007ff8d3e61000 	D:\안드로이드 스튜디오\jre\bin\verify.dll
0x00007ff8d5c00000 - 0x00007ff8d5e21000 	C:\WINDOWS\SYSTEM32\DBGHELP.DLL
0x00007ff8c2310000 - 0x00007ff8c2341000 	C:\WINDOWS\SYSTEM32\dbgcore.DLL
0x00007ff8d7fd0000 - 0x00007ff8d804f000 	C:\WINDOWS\System32\bcryptPrimitives.dll
0x00007ff8c5bf0000 - 0x00007ff8c5c19000 	D:\안드로이드 스튜디오\jre\bin\java.dll
0x00007ff8d3e40000 - 0x00007ff8d3e4b000 	D:\안드로이드 스튜디오\jre\bin\jimage.dll
0x00007ff8d3530000 - 0x00007ff8d3548000 	D:\안드로이드 스튜디오\jre\bin\zip.dll
0x00007ff8d9ce0000 - 0x00007ff8da4a5000 	C:\WINDOWS\System32\SHELL32.dll
0x00007ff8d60a0000 - 0x00007ff8d6902000 	C:\WINDOWS\SYSTEM32\windows.storage.dll
0x00007ff8d9010000 - 0x00007ff8d9386000 	C:\WINDOWS\System32\combase.dll
0x00007ff8d5f30000 - 0x00007ff8d6097000 	C:\WINDOWS\SYSTEM32\wintypes.dll
0x00007ff8d9ac0000 - 0x00007ff8d9baa000 	C:\WINDOWS\System32\SHCORE.dll
0x00007ff8daaa0000 - 0x00007ff8daafd000 	C:\WINDOWS\System32\shlwapi.dll
0x00007ff8d7f00000 - 0x00007ff8d7f25000 	C:\WINDOWS\SYSTEM32\profapi.dll
0x00007ff8c7b70000 - 0x00007ff8c7b8a000 	D:\안드로이드 스튜디오\jre\bin\net.dll
0x00007ff8d1370000 - 0x00007ff8d1484000 	C:\WINDOWS\SYSTEM32\WINHTTP.dll
0x00007ff8d7560000 - 0x00007ff8d75c7000 	C:\WINDOWS\system32\mswsock.dll
0x00007ff8c5bd0000 - 0x00007ff8c5be4000 	D:\안드로이드 스튜디오\jre\bin\nio.dll
0x00007ff8bdff0000 - 0x00007ff8be017000 	C:\Users\LG\.gradle\native\e1d6ef7f7dcc3fd88c89a11ec53ec762bb8ba0a96d01ffa2cd45eb1d1d8dd5c5\windows-amd64\native-platform.dll
0x00007ff8a4e20000 - 0x00007ff8a4f64000 	C:\Users\LG\.gradle\native\5664cfc778a61ccfe75a443a1ab52a65af34e5dc3c78e0209fed803814484fcb\windows-amd64\native-platform-file-events.dll
0x00007ff8d3650000 - 0x00007ff8d365a000 	D:\안드로이드 스튜디오\jre\bin\management.dll
0x00007ff8d35d0000 - 0x00007ff8d35dd000 	D:\안드로이드 스튜디오\jre\bin\management_ext.dll
0x00007ff8d77e0000 - 0x00007ff8d77f8000 	C:\WINDOWS\SYSTEM32\CRYPTSP.dll
0x00007ff8d6fa0000 - 0x00007ff8d6fd5000 	C:\WINDOWS\system32\rsaenh.dll
0x00007ff8d7660000 - 0x00007ff8d768c000 	C:\WINDOWS\SYSTEM32\USERENV.dll
0x00007ff8d79a0000 - 0x00007ff8d79c7000 	C:\WINDOWS\SYSTEM32\bcrypt.dll
0x00007ff8d77d0000 - 0x00007ff8d77dc000 	C:\WINDOWS\SYSTEM32\CRYPTBASE.dll
0x00007ff8d6b60000 - 0x00007ff8d6b8d000 	C:\WINDOWS\SYSTEM32\IPHLPAPI.DLL
0x00007ff8d9930000 - 0x00007ff8d9939000 	C:\WINDOWS\System32\NSI.dll
0x00007ff8d0af0000 - 0x00007ff8d0b09000 	C:\WINDOWS\SYSTEM32\dhcpcsvc6.DLL
0x00007ff8d2ff0000 - 0x00007ff8d300e000 	C:\WINDOWS\SYSTEM32\dhcpcsvc.DLL
0x00007ff8d6b90000 - 0x00007ff8d6c77000 	C:\WINDOWS\SYSTEM32\DNSAPI.dll

dbghelp: loaded successfully - version: 4.0.5 - missing functions: none
symbol engine: initialized successfully - sym options: 0x614 - pdb path: .;D:\안드로이드 스튜디오\jre\bin;C:\WINDOWS\SYSTEM32;C:\WINDOWS\WinSxS\amd64_microsoft.windows.common-controls_6595b64144ccf1df_6.0.22000.120_none_9d947278b86cc467;D:\안드로이드 스튜?D:\안드로이?D:\안드?D:\안?D:\안;D:\?D:\안드로이드 스튜디오\jre\bin\server;C:\Users\LG\.gradle\native\e1d6ef7f7dcc3fd88c89a11ec53ec762bb8ba0a96d01f;D:\안드로이드 스튜디오\jre\bin\server;C:\Users\LG\.gradle\native\e1d6ef7f7dcc3fd88c89a11ec53ec762bb8ba0a96d01ffa2cd45eb1d1d8dd5c5\windows-amd64;C:\Users\LG\.gradle\native\5664cfc778a61ccfe75a443a1ab52a65af34;C:\Users\LG\.gradle\native\5664cfc778a61ccfe75a443a1ab52a65af34;C:\Users\LG\.gradle\native\5664cfc778a61ccfe75a443a1ab52a65af34;C:\Users\LG\.gradle\native\5664cfc778a61ccfe75a443a1ab52a65af34

VM Arguments:
jvm_args: --add-opens=java.base/java.util=ALL-UNNAMED --add-opens=java.base/java.lang=ALL-UNNAMED --add-opens=java.base/java.lang.invoke=ALL-UNNAMED --add-opens=java.base/java.util=ALL-UNNAMED --add-opens=java.prefs/java.util.prefs=ALL-UNNAMED --add-opens=java.prefs/java.util.prefs=ALL-UNNAMED --add-opens=java.base/java.nio.charset=ALL-UNNAMED --add-opens=java.base/java.net=ALL-UNNAMED --add-opens=java.base/java.util.concurrent.atomic=ALL-UNNAMED -Xmx2048m -Dfile.encoding=UTF-8 -Duser.country=KR -Duser.language=ko -Duser.variant 
java_command: org.gradle.launcher.daemon.bootstrap.GradleDaemon 7.2
java_class_path (initial): C:\Users\LG\.gradle\wrapper\dists\gradle-7.2-bin\2dnblmf4td7x66yl1d74lt32g\gradle-7.2\lib\gradle-launcher-7.2.jar
Launcher Type: SUN_STANDARD

[Global flags]
     intx CICompilerCount                          = 4                                         {product} {ergonomic}
     uint ConcGCThreads                            = 2                                         {product} {ergonomic}
     uint G1ConcRefinementThreads                  = 8                                         {product} {ergonomic}
   size_t G1HeapRegionSize                         = 1048576                                   {product} {ergonomic}
    uintx GCDrainStackTargetSize                   = 64                                        {product} {ergonomic}
   size_t InitialHeapSize                          = 134217728                                 {product} {ergonomic}
   size_t MarkStackSize                            = 4194304                                   {product} {ergonomic}
   size_t MaxHeapSize                              = 2147483648                                {product} {command line}
   size_t MaxNewSize                               = 1287651328                                {product} {ergonomic}
   size_t MinHeapDeltaBytes                        = 1048576                                   {product} {ergonomic}
    uintx NonNMethodCodeHeapSize                   = 5836300                                {pd product} {ergonomic}
    uintx NonProfiledCodeHeapSize                  = 122910970                              {pd product} {ergonomic}
    uintx ProfiledCodeHeapSize                     = 122910970                              {pd product} {ergonomic}
    uintx ReservedCodeCacheSize                    = 251658240                              {pd product} {ergonomic}
     bool SegmentedCodeCache                       = true                                      {product} {ergonomic}
     bool UseCompressedClassPointers               = true                                 {lp64_product} {ergonomic}
     bool UseCompressedOops                        = true                                 {lp64_product} {ergonomic}
     bool UseG1GC                                  = true                                      {product} {ergonomic}
     bool UseLargePagesIndividualAllocation        = false                                  {pd product} {ergonomic}

Logging:
Log output configuration:
 #0: stdout all=warning uptime,level,tags
 #1: stderr all=off uptime,level,tags

Environment Variables:
JAVA_HOME=D:\openjdk-11.0.0.1_windows-x64_bin\jdk-11.0.0.1
CLASSPATH=D:\openjdk-11.0.0.1_windows-x64_bin\jdk-11.0.0.1\lib
PATH=D:\openjdk-11.0.0.1_windows-x64_bin\jdk-11.0.0.1\bin;C:\Program Files\Common Files\Oracle\Java\javapath;C:\Program Files\Eclipse Adoptium\jdk-8.0.382.5-hotspot\bin;C:\oraclexe\app\oracle\product\10.2.0\server\bin;C:\Program Files (x86)\Common Files\Oracle\Java\javapath;C:\Program Files (x86)\Intel\iCLS Client\;C:\Program Files\Intel\iCLS Client\;C:\windows\system32;C:\windows;C:\windows\System32\Wbem;C:\windows\System32\WindowsPowerShell\v1.0\;C:\Program Files (x86)\Intel\Intel(R) Management Engine Components\DAL;C:\Program Files\Intel\Intel(R) Management Engine Components\DAL;C:\Program Files (x86)\Intel\Intel(R) Management Engine Components\IPT;C:\Program Files\Intel\Intel(R) Management Engine Components\IPT;C:\Program Files\Intel\WiFi\bin\;C:\Program Files\Common Files\Intel\WirelessCommon\;C:\Program Files (x86)\NVIDIA Corporation\PhysX\Common;C:\Program Files (x86)\Skype\Phone\;C:\WINDOWS\system32;C:\WINDOWS;C:\WINDOWS\System32\Wbem;C:\WINDOWS\System32\WindowsPowerShell\v1.0\;C:\WINDOWS\System32\OpenSSH\;C:\Program Files\nodejs\;D:\openssl-0.9.8e_X64\bin;C:\ProgramData\chocolatey\bin;C:\ProgramData\chocolatey\lib\maven\apache-maven-3.9.4\bin;C:\Program Files\Git\cmd;C:\Program Files\MariaDB 10.11\bin;D:\Scripts\;D:\;C:\Users\LG\AppData\Local\Microsoft\WindowsApps;C:\Users\LG\AppData\Local\afreeca;C:\altera\13.1\modelsim_ase\win32aloem;D:\PyCharm Community Edition 2022.1.3\bin;;C:\Users\LG\AppData\Local\Programs\Microsoft VS Code\bin;C:\Users\LG\AppData\Roaming\npm;C:\Program Files\Java\jdk-1.8\bin;D:\IntelliJ IDEA Community Edition 2023.1.3\bin;;;C:\Program Files (x86)\ESTsoft\ALSee\x64
USERNAME=LG
OS=Windows_NT
PROCESSOR_IDENTIFIER=Intel64 Family 6 Model 142 Stepping 10, GenuineIntel



---------------  S Y S T E M  ---------------

OS: Windows 10 , 64 bit Build 22000 (10.0.22000.2538)
OS uptime: 0 days 2:45 hours

CPU:total 8 (initial active 8) (4 cores per cpu, 2 threads per core) family 6 model 142 stepping 10 microcode 0xe0, cmov, cx8, fxsr, mmx, sse, sse2, sse3, ssse3, sse4.1, sse4.2, popcnt, avx, avx2, aes, clmul, erms, 3dnowpref, lzcnt, ht, tsc, tscinvbit, bmi1, bmi2, adx, fma

Memory: 4k page, system-wide physical 8101M (776M free)
TotalPageFile size 16293M (AvailPageFile size 5M)
current process WorkingSet (physical memory assigned to process): 441M, peak: 449M
current process commit charge ("private bytes"): 480M, peak: 487M

vm_info: OpenJDK 64-Bit Server VM (11.0.11+9-b60-7590822) for windows-amd64 JRE (11.0.11+9-b60-7590822), built on Jul 29 2021 21:43:44 by "builder" with MS VC++ 14.0 (VS2015)

END.
