#
# There is insufficient memory for the Java Runtime Environment to continue.
# Native memory allocation (malloc) failed to allocate 32744 bytes for ChunkPool::allocate
# Possible reasons:
#   The system is out of physical RAM or swap space
#   The process is running with CompressedOops enabled, and the Java Heap may be blocking the growth of the native heap
# Possible solutions:
#   Reduce memory load on the system
#   Increase physical memory or swap space
#   Check if swap backing store is full
#   Decrease Java heap size (-Xmx/-Xms)
#   Decrease number of Java threads
#   Decrease Java thread stack sizes (-Xss)
#   Set larger code cache with -XX:ReservedCodeCacheSize=
#   JVM is running with Unscaled Compressed Oops mode in which the Java heap is
#     placed in the first 4GB address space. The Java Heap base address is the
#     maximum limit for the native heap growth. Please use -XX:HeapBaseMinAddress
#     to set the Java Heap base and to place the Java Heap above 4GB virtual address.
# This output file may be truncated or incomplete.
#
#  Out of Memory Error (./src/hotspot/share/memory/arena.cpp:81), pid=9604, tid=33640
#
# JRE version: OpenJDK Runtime Environment (11.0.11+9) (build 11.0.11+9-b60-7590822)
# Java VM: OpenJDK 64-Bit Server VM (11.0.11+9-b60-7590822, mixed mode, tiered, compressed oops, g1 gc, windows-amd64)
# No core dump will be written. Minidumps are not enabled by default on client versions of Windows
#

---------------  S U M M A R Y ------------

Command Line: --add-opens=java.base/java.util=ALL-UNNAMED --add-opens=java.base/java.lang=ALL-UNNAMED --add-opens=java.base/java.lang.invoke=ALL-UNNAMED --add-opens=java.base/java.util=ALL-UNNAMED --add-opens=java.prefs/java.util.prefs=ALL-UNNAMED --add-opens=java.prefs/java.util.prefs=ALL-UNNAMED --add-opens=java.base/java.nio.charset=ALL-UNNAMED --add-opens=java.base/java.net=ALL-UNNAMED --add-opens=java.base/java.util.concurrent.atomic=ALL-UNNAMED -Xmx2048m -Dfile.encoding=UTF-8 -Duser.country=KR -Duser.language=ko -Duser.variant org.gradle.launcher.daemon.bootstrap.GradleDaemon 7.2

Host: Intel(R) Core(TM) i5-8250U CPU @ 1.60GHz, 8 cores, 7G,  Windows 10 , 64 bit Build 22000 (10.0.22000.2124)
Time: Wed Sep 20 15:26:43 2023 대한민국 표준시 elapsed time: 24.935039 seconds (0d 0h 0m 24s)

---------------  T H R E A D  ---------------

Current thread (0x00000215bbb40800):  JavaThread "C2 CompilerThread0" daemon [_thread_in_native, id=33640, stack(0x000000eae5400000,0x000000eae5500000)]


Current CompileTask:
C2:  24935 9352       4       java.lang.String::split (324 bytes)

Stack: [0x000000eae5400000,0x000000eae5500000]
Native frames: (J=compiled Java code, j=interpreted, Vv=VM code, C=native code)
V  [jvm.dll+0x5f214a]
V  [jvm.dll+0x726fb5]
V  [jvm.dll+0x7285cd]
V  [jvm.dll+0x728c83]
V  [jvm.dll+0x243278]
V  [jvm.dll+0xbc78b]
V  [jvm.dll+0xbca3c]
V  [jvm.dll+0xbc638]
V  [jvm.dll+0x5d23be]
V  [jvm.dll+0x590acf]
V  [jvm.dll+0x333919]
V  [jvm.dll+0x33b062]
V  [jvm.dll+0x604850]
V  [jvm.dll+0x1865ac]
V  [jvm.dll+0x2b4d13]
V  [jvm.dll+0x60f2b9]
V  [jvm.dll+0x6071ba]
V  [jvm.dll+0x606823]
V  [jvm.dll+0x604872]
V  [jvm.dll+0x1865ac]
V  [jvm.dll+0x2b4d13]
V  [jvm.dll+0x60f2b9]
V  [jvm.dll+0x6071ba]
V  [jvm.dll+0x606823]
V  [jvm.dll+0x604872]
V  [jvm.dll+0x1865ac]
V  [jvm.dll+0x2b4d13]
V  [jvm.dll+0x60f2b9]
V  [jvm.dll+0x6071ba]
V  [jvm.dll+0x606823]
V  [jvm.dll+0x604872]
V  [jvm.dll+0x1865ac]
V  [jvm.dll+0x1fb0f5]
V  [jvm.dll+0x183d6c]
V  [jvm.dll+0x209a57]
V  [jvm.dll+0x2082a1]
V  [jvm.dll+0x6ef58f]
V  [jvm.dll+0x6e80b5]
V  [jvm.dll+0x5f1036]
C  [ucrtbase.dll+0x26c0c]
C  [KERNEL32.DLL+0x155a0]
C  [ntdll.dll+0x485b]


---------------  P R O C E S S  ---------------

Threads class SMR info:
_java_thread_list=0x00000215c7522e50, length=133, elements={
0x00000215a0e11000, 0x00000215bbae3000, 0x00000215bbaec800, 0x00000215bb2b3800,
0x00000215bb2b5000, 0x00000215bb2b6000, 0x00000215bbb40800, 0x00000215bbb43800,
0x00000215bbb46800, 0x00000215bbcb1800, 0x00000215c0e6f800, 0x00000215c042f800,
0x00000215c0db8000, 0x00000215c2265000, 0x00000215c0e06800, 0x00000215c0f6e800,
0x00000215c0dad000, 0x00000215c166c000, 0x00000215c1a9b800, 0x00000215c1ca4000,
0x00000215c1ca1000, 0x00000215c1ca0000, 0x00000215c1ca6000, 0x00000215c1ca3800,
0x00000215c1ca2800, 0x00000215c1ca1800, 0x00000215c1ca5000, 0x00000215c1ca6800,
0x00000215c2752000, 0x00000215c2755000, 0x00000215c2753000, 0x00000215c2753800,
0x00000215c2756000, 0x00000215c2750800, 0x00000215c275a000, 0x00000215c275b000,
0x00000215c2757800, 0x00000215c275c800, 0x00000215c2759800, 0x00000215c2757000,
0x00000215c275d800, 0x00000215c275e000, 0x00000215c2758800, 0x00000215c275f000,
0x00000215c275b800, 0x00000215c2d2e800, 0x00000215c2d2a800, 0x00000215c2d2b000,
0x00000215c2d2c000, 0x00000215c2d2f800, 0x00000215c2d29800, 0x00000215c2d2d800,
0x00000215c2d30000, 0x00000215c2d31000, 0x00000215c2d31800, 0x00000215c2d32800,
0x00000215c2d2d000, 0x00000215c2d34000, 0x00000215c2d36800, 0x00000215c2d33800,
0x00000215c2d38800, 0x00000215c2d37800, 0x00000215c2d35000, 0x00000215c2d36000,
0x00000215c63b5800, 0x00000215c63b4000, 0x00000215c63b1800, 0x00000215c63b5000,
0x00000215c63b7800, 0x00000215c63b6800, 0x00000215c63b8000, 0x00000215c63b3000,
0x00000215c63b2800, 0x00000215c3029800, 0x00000215c302a000, 0x00000215c3025000,
0x00000215c302b000, 0x00000215c3028800, 0x00000215c302b800, 0x00000215c3027800,
0x00000215c3026000, 0x00000215c302c800, 0x00000215c3027000, 0x00000215c3030000,
0x00000215c3033000, 0x00000215c302d800, 0x00000215c3034000, 0x00000215c3031800,
0x00000215c302e000, 0x00000215c302f000, 0x00000215c3032000, 0x00000215c3030800,
0x00000215c3037800, 0x00000215c3038800, 0x00000215c303b000, 0x00000215c3036000,
0x00000215c3035000, 0x00000215c3039800, 0x00000215c303b800, 0x00000215c303a000,
0x00000215c303c800, 0x00000215c3037000, 0x00000215c3043000, 0x00000215c3042000,
0x00000215c303d800, 0x00000215c303e000, 0x00000215c3041800, 0x00000215c3044000,
0x00000215c303f000, 0x00000215c3040000, 0x00000215c3040800, 0x00000215c2b95800,
0x00000215c2b94000, 0x00000215c2b97800, 0x00000215c2b95000, 0x00000215c2b93000,
0x00000215c2b9c000, 0x00000215c2b96800, 0x00000215c2b9b800, 0x00000215c2b9a800,
0x00000215c2b98000, 0x00000215c2b9d000, 0x00000215c2b9e800, 0x00000215c2b99000,
0x00000215c2b9f800, 0x00000215c2b99800, 0x00000215c2ba0800, 0x00000215c2ba1000,
0x00000215c2ba2000, 0x00000215c7e3d000, 0x00000215c7e3e000, 0x00000215c7e3f000,
0x00000215c7e3f800
}

Java Threads: ( => current thread )
  0x00000215a0e11000 JavaThread "main" [_thread_blocked, id=36508, stack(0x000000eae4800000,0x000000eae4900000)]
  0x00000215bbae3000 JavaThread "Reference Handler" daemon [_thread_blocked, id=36764, stack(0x000000eae4f00000,0x000000eae5000000)]
  0x00000215bbaec800 JavaThread "Finalizer" daemon [_thread_blocked, id=37648, stack(0x000000eae5000000,0x000000eae5100000)]
  0x00000215bb2b3800 JavaThread "Signal Dispatcher" daemon [_thread_blocked, id=30160, stack(0x000000eae5100000,0x000000eae5200000)]
  0x00000215bb2b5000 JavaThread "Attach Listener" daemon [_thread_blocked, id=30408, stack(0x000000eae5200000,0x000000eae5300000)]
  0x00000215bb2b6000 JavaThread "Service Thread" daemon [_thread_blocked, id=11476, stack(0x000000eae5300000,0x000000eae5400000)]
=>0x00000215bbb40800 JavaThread "C2 CompilerThread0" daemon [_thread_in_native, id=33640, stack(0x000000eae5400000,0x000000eae5500000)]
  0x00000215bbb43800 JavaThread "C1 CompilerThread0" daemon [_thread_in_vm, id=36556, stack(0x000000eae5500000,0x000000eae5600000)]
  0x00000215bbb46800 JavaThread "Sweeper thread" daemon [_thread_blocked, id=37860, stack(0x000000eae5600000,0x000000eae5700000)]
  0x00000215bbcb1800 JavaThread "Common-Cleaner" daemon [_thread_blocked, id=35988, stack(0x000000eae5700000,0x000000eae5800000)]
  0x00000215c0e6f800 JavaThread "Daemon health stats" [_thread_blocked, id=8296, stack(0x000000eae5c00000,0x000000eae5d00000)]
  0x00000215c042f800 JavaThread "Incoming local TCP Connector on port 9615" [_thread_in_native, id=31728, stack(0x000000eae5b00000,0x000000eae5c00000)]
  0x00000215c0db8000 JavaThread "Daemon periodic checks" [_thread_blocked, id=15220, stack(0x000000eae5d00000,0x000000eae5e00000)]
  0x00000215c2265000 JavaThread "Daemon" [_thread_blocked, id=23444, stack(0x000000eae5e00000,0x000000eae5f00000)]
  0x00000215c0e06800 JavaThread "Handler for socket connection from /127.0.0.1:9615 to /127.0.0.1:9616" [_thread_in_native, id=16984, stack(0x000000eae5f00000,0x000000eae6000000)]
  0x00000215c0f6e800 JavaThread "Cancel handler" [_thread_blocked, id=2956, stack(0x000000eae6000000,0x000000eae6100000)]
  0x00000215c0dad000 JavaThread "Daemon worker" [_thread_blocked, id=37324, stack(0x000000eae6100000,0x000000eae6200000)]
  0x00000215c166c000 JavaThread "Asynchronous log dispatcher for DefaultDaemonConnection: socket connection from /127.0.0.1:9615 to /127.0.0.1:9616" [_thread_blocked, id=20140, stack(0x000000eae6200000,0x000000eae6300000)]
  0x00000215c1a9b800 JavaThread "Stdin handler" [_thread_blocked, id=36928, stack(0x000000eae6300000,0x000000eae6400000)]
  0x00000215c1ca4000 JavaThread "Daemon client event forwarder" [_thread_blocked, id=35460, stack(0x000000eae6400000,0x000000eae6500000)]
  0x00000215c1ca1000 JavaThread "Cache worker for journal cache (C:\Users\LG\.gradle\caches\journal-1)" [_thread_blocked, id=28008, stack(0x000000eae6a00000,0x000000eae6b00000)]
  0x00000215c1ca0000 JavaThread "File lock request listener" [_thread_in_native, id=27484, stack(0x000000eae6b00000,0x000000eae6c00000)]
  0x00000215c1ca6000 JavaThread "Cache worker for file hash cache (C:\Users\LG\.gradle\caches\7.2\fileHashes)" [_thread_blocked, id=35808, stack(0x000000eae6c00000,0x000000eae6d00000)]
  0x00000215c1ca3800 JavaThread "Cache worker for file hash cache (D:\project\MyApplication_login_test\.gradle\7.2\fileHashes)" [_thread_blocked, id=39004, stack(0x000000eae6f00000,0x000000eae7000000)]
  0x00000215c1ca2800 JavaThread "File watcher server" daemon [_thread_blocked, id=18864, stack(0x000000eae7000000,0x000000eae7100000)]
  0x00000215c1ca1800 JavaThread "File watcher consumer" daemon [_thread_blocked, id=40720, stack(0x000000eae7100000,0x000000eae7200000)]
  0x00000215c1ca5000 JavaThread "Cache worker for checksums cache (D:\project\MyApplication_login_test\.gradle\checksums)" [_thread_blocked, id=32460, stack(0x000000eae7200000,0x000000eae7300000)]
  0x00000215c1ca6800 JavaThread "Cache worker for cache directory md-supplier (C:\Users\LG\.gradle\caches\7.2\md-supplier)" [_thread_blocked, id=3684, stack(0x000000eae7300000,0x000000eae7400000)]
  0x00000215c2752000 JavaThread "Cache worker for cache directory md-rule (C:\Users\LG\.gradle\caches\7.2\md-rule)" [_thread_blocked, id=19616, stack(0x000000eae7400000,0x000000eae7500000)]
  0x00000215c2755000 JavaThread "Cache worker for execution history cache (C:\Users\LG\.gradle\caches\7.2\executionHistory)" [_thread_blocked, id=27740, stack(0x000000eae7600000,0x000000eae7700000)]
  0x00000215c2753000 JavaThread "jar transforms" [_thread_blocked, id=38396, stack(0x000000eae7700000,0x000000eae7800000)]
  0x00000215c2753800 JavaThread "Cache worker for file content cache (C:\Users\LG\.gradle\caches\7.2\fileContent)" [_thread_blocked, id=31424, stack(0x000000eae7800000,0x000000eae7900000)]
  0x00000215c2756000 JavaThread "jar transforms Thread 2" [_thread_blocked, id=8816, stack(0x000000eae7900000,0x000000eae7a00000)]
  0x00000215c2750800 JavaThread "Cache worker for dependencies-accessors (D:\project\MyApplication_login_test\.gradle\7.2\dependencies-accessors)" [_thread_blocked, id=1712, stack(0x000000eae7a00000,0x000000eae7b00000)]
  0x00000215c275a000 JavaThread "jar transforms Thread 3" [_thread_blocked, id=40372, stack(0x000000eae7b00000,0x000000eae7c00000)]
  0x00000215c275b000 JavaThread "Cache worker for Build Output Cleanup Cache (D:\project\MyApplication_login_test\.gradle\buildOutputCleanup)" [_thread_blocked, id=30516, stack(0x000000eae7c00000,0x000000eae7d00000)]
  0x00000215c2757800 JavaThread "Unconstrained build operations" [_thread_blocked, id=29188, stack(0x000000eae7d00000,0x000000eae7e00000)]
  0x00000215c275c800 JavaThread "Unconstrained build operations Thread 2" [_thread_blocked, id=35056, stack(0x000000eae7e00000,0x000000eae7f00000)]
  0x00000215c2759800 JavaThread "Unconstrained build operations Thread 3" [_thread_blocked, id=29988, stack(0x000000eae7f00000,0x000000eae8000000)]
  0x00000215c2757000 JavaThread "Unconstrained build operations Thread 4" [_thread_blocked, id=18820, stack(0x000000eae8000000,0x000000eae8100000)]
  0x00000215c275d800 JavaThread "Unconstrained build operations Thread 5" [_thread_blocked, id=33828, stack(0x000000eae8100000,0x000000eae8200000)]
  0x00000215c275e000 JavaThread "Unconstrained build operations Thread 6" [_thread_blocked, id=31680, stack(0x000000eae8200000,0x000000eae8300000)]
  0x00000215c2758800 JavaThread "Unconstrained build operations Thread 7" [_thread_blocked, id=9336, stack(0x000000eae8300000,0x000000eae8400000)]
  0x00000215c275f000 JavaThread "Unconstrained build operations Thread 8" [_thread_blocked, id=21740, stack(0x000000eae8400000,0x000000eae8500000)]
  0x00000215c275b800 JavaThread "Unconstrained build operations Thread 9" [_thread_blocked, id=39308, stack(0x000000eae8500000,0x000000eae8600000)]
  0x00000215c2d2e800 JavaThread "Unconstrained build operations Thread 10" [_thread_blocked, id=37688, stack(0x000000eae8600000,0x000000eae8700000)]
  0x00000215c2d2a800 JavaThread "Unconstrained build operations Thread 11" [_thread_blocked, id=8152, stack(0x000000eae8700000,0x000000eae8800000)]
  0x00000215c2d2b000 JavaThread "Unconstrained build operations Thread 12" [_thread_blocked, id=20160, stack(0x000000eae8800000,0x000000eae8900000)]
  0x00000215c2d2c000 JavaThread "Unconstrained build operations Thread 13" [_thread_blocked, id=40160, stack(0x000000eae8900000,0x000000eae8a00000)]
  0x00000215c2d2f800 JavaThread "Unconstrained build operations Thread 14" [_thread_blocked, id=27600, stack(0x000000eae8a00000,0x000000eae8b00000)]
  0x00000215c2d29800 JavaThread "Unconstrained build operations Thread 15" [_thread_blocked, id=39360, stack(0x000000eae8b00000,0x000000eae8c00000)]
  0x00000215c2d2d800 JavaThread "Unconstrained build operations Thread 16" [_thread_blocked, id=4652, stack(0x000000eae8c00000,0x000000eae8d00000)]
  0x00000215c2d30000 JavaThread "Unconstrained build operations Thread 17" [_thread_blocked, id=26888, stack(0x000000eae8d00000,0x000000eae8e00000)]
  0x00000215c2d31000 JavaThread "Unconstrained build operations Thread 18" [_thread_blocked, id=22516, stack(0x000000eae8e00000,0x000000eae8f00000)]
  0x00000215c2d31800 JavaThread "Unconstrained build operations Thread 19" [_thread_blocked, id=28024, stack(0x000000eae8f00000,0x000000eae9000000)]
  0x00000215c2d32800 JavaThread "Unconstrained build operations Thread 20" [_thread_blocked, id=37680, stack(0x000000eae9000000,0x000000eae9100000)]
  0x00000215c2d2d000 JavaThread "Unconstrained build operations Thread 21" [_thread_blocked, id=32820, stack(0x000000eae9100000,0x000000eae9200000)]
  0x00000215c2d34000 JavaThread "Unconstrained build operations Thread 22" [_thread_blocked, id=23360, stack(0x000000eae9200000,0x000000eae9300000)]
  0x00000215c2d36800 JavaThread "Unconstrained build operations Thread 23" [_thread_blocked, id=2164, stack(0x000000eae9300000,0x000000eae9400000)]
  0x00000215c2d33800 JavaThread "Unconstrained build operations Thread 24" [_thread_blocked, id=31548, stack(0x000000eae9400000,0x000000eae9500000)]
  0x00000215c2d38800 JavaThread "Unconstrained build operations Thread 25" [_thread_blocked, id=34284, stack(0x000000eae9500000,0x000000eae9600000)]
  0x00000215c2d37800 JavaThread "Unconstrained build operations Thread 26" [_thread_blocked, id=31664, stack(0x000000eae9600000,0x000000eae9700000)]
  0x00000215c2d35000 JavaThread "Unconstrained build operations Thread 27" [_thread_blocked, id=40904, stack(0x000000eae9700000,0x000000eae9800000)]
  0x00000215c2d36000 JavaThread "Unconstrained build operations Thread 28" [_thread_blocked, id=26772, stack(0x000000eae9800000,0x000000eae9900000)]
  0x00000215c63b5800 JavaThread "Unconstrained build operations Thread 29" [_thread_blocked, id=34076, stack(0x000000eae9900000,0x000000eae9a00000)]
  0x00000215c63b4000 JavaThread "Unconstrained build operations Thread 30" [_thread_blocked, id=35812, stack(0x000000eae9a00000,0x000000eae9b00000)]
  0x00000215c63b1800 JavaThread "Unconstrained build operations Thread 31" [_thread_blocked, id=31324, stack(0x000000eae9b00000,0x000000eae9c00000)]
  0x00000215c63b5000 JavaThread "Unconstrained build operations Thread 32" [_thread_blocked, id=31672, stack(0x000000eae9c00000,0x000000eae9d00000)]
  0x00000215c63b7800 JavaThread "Unconstrained build operations Thread 33" [_thread_blocked, id=30268, stack(0x000000eae9d00000,0x000000eae9e00000)]
  0x00000215c63b6800 JavaThread "Unconstrained build operations Thread 34" [_thread_blocked, id=20412, stack(0x000000eae9e00000,0x000000eae9f00000)]
  0x00000215c63b8000 JavaThread "Unconstrained build operations Thread 35" [_thread_blocked, id=32076, stack(0x000000eae9f00000,0x000000eaea000000)]
  0x00000215c63b3000 JavaThread "Unconstrained build operations Thread 36" [_thread_blocked, id=8852, stack(0x000000eaea000000,0x000000eaea100000)]
  0x00000215c63b2800 JavaThread "Unconstrained build operations Thread 37" [_thread_blocked, id=32520, stack(0x000000eaea100000,0x000000eaea200000)]
  0x00000215c3029800 JavaThread "Unconstrained build operations Thread 38" [_thread_blocked, id=25644, stack(0x000000eaea200000,0x000000eaea300000)]
  0x00000215c302a000 JavaThread "Unconstrained build operations Thread 39" [_thread_blocked, id=17804, stack(0x000000eaea300000,0x000000eaea400000)]
  0x00000215c3025000 JavaThread "Unconstrained build operations Thread 40" [_thread_blocked, id=28860, stack(0x000000eaea400000,0x000000eaea500000)]
  0x00000215c302b000 JavaThread "Unconstrained build operations Thread 41" [_thread_blocked, id=38400, stack(0x000000eaea500000,0x000000eaea600000)]
  0x00000215c3028800 JavaThread "Unconstrained build operations Thread 42" [_thread_blocked, id=22656, stack(0x000000eaea600000,0x000000eaea700000)]
  0x00000215c302b800 JavaThread "Unconstrained build operations Thread 43" [_thread_blocked, id=30788, stack(0x000000eaea700000,0x000000eaea800000)]
  0x00000215c3027800 JavaThread "Unconstrained build operations Thread 44" [_thread_blocked, id=38476, stack(0x000000eaea800000,0x000000eaea900000)]
  0x00000215c3026000 JavaThread "Unconstrained build operations Thread 45" [_thread_blocked, id=31332, stack(0x000000eaea900000,0x000000eaeaa00000)]
  0x00000215c302c800 JavaThread "Unconstrained build operations Thread 46" [_thread_blocked, id=27608, stack(0x000000eaeaa00000,0x000000eaeab00000)]
  0x00000215c3027000 JavaThread "Unconstrained build operations Thread 47" [_thread_blocked, id=33300, stack(0x000000eaeab00000,0x000000eaeac00000)]
  0x00000215c3030000 JavaThread "Unconstrained build operations Thread 48" [_thread_blocked, id=25488, stack(0x000000eaeac00000,0x000000eaead00000)]
  0x00000215c3033000 JavaThread "Unconstrained build operations Thread 49" [_thread_blocked, id=39384, stack(0x000000eaead00000,0x000000eaeae00000)]
  0x00000215c302d800 JavaThread "Unconstrained build operations Thread 50" [_thread_blocked, id=31364, stack(0x000000eaeae00000,0x000000eaeaf00000)]
  0x00000215c3034000 JavaThread "Unconstrained build operations Thread 51" [_thread_blocked, id=36160, stack(0x000000eaeaf00000,0x000000eaeb000000)]
  0x00000215c3031800 JavaThread "Unconstrained build operations Thread 52" [_thread_blocked, id=32616, stack(0x000000eaeb000000,0x000000eaeb100000)]
  0x00000215c302e000 JavaThread "Unconstrained build operations Thread 53" [_thread_blocked, id=8204, stack(0x000000eaeb100000,0x000000eaeb200000)]
  0x00000215c302f000 JavaThread "Unconstrained build operations Thread 54" [_thread_blocked, id=21448, stack(0x000000eaeb200000,0x000000eaeb300000)]
  0x00000215c3032000 JavaThread "Unconstrained build operations Thread 55" [_thread_blocked, id=17540, stack(0x000000eaeb300000,0x000000eaeb400000)]
  0x00000215c3030800 JavaThread "Unconstrained build operations Thread 56" [_thread_blocked, id=2032, stack(0x000000eaeb400000,0x000000eaeb500000)]
  0x00000215c3037800 JavaThread "Unconstrained build operations Thread 57" [_thread_blocked, id=1256, stack(0x000000eaeb500000,0x000000eaeb600000)]
  0x00000215c3038800 JavaThread "Unconstrained build operations Thread 58" [_thread_blocked, id=21088, stack(0x000000eaeb600000,0x000000eaeb700000)]
  0x00000215c303b000 JavaThread "Unconstrained build operations Thread 59" [_thread_blocked, id=32672, stack(0x000000eaeb700000,0x000000eaeb800000)]
  0x00000215c3036000 JavaThread "Unconstrained build operations Thread 60" [_thread_blocked, id=32636, stack(0x000000eaeb800000,0x000000eaeb900000)]
  0x00000215c3035000 JavaThread "Unconstrained build operations Thread 61" [_thread_blocked, id=40632, stack(0x000000eaeb900000,0x000000eaeba00000)]
  0x00000215c3039800 JavaThread "Unconstrained build operations Thread 62" [_thread_blocked, id=9824, stack(0x000000eaeba00000,0x000000eaebb00000)]
  0x00000215c303b800 JavaThread "Unconstrained build operations Thread 63" [_thread_blocked, id=36292, stack(0x000000eaebb00000,0x000000eaebc00000)]
  0x00000215c303a000 JavaThread "Unconstrained build operations Thread 64" [_thread_blocked, id=38492, stack(0x000000eaebc00000,0x000000eaebd00000)]
  0x00000215c303c800 JavaThread "Unconstrained build operations Thread 65" [_thread_blocked, id=39924, stack(0x000000eaebd00000,0x000000eaebe00000)]
  0x00000215c3037000 JavaThread "Unconstrained build operations Thread 66" [_thread_blocked, id=988, stack(0x000000eaebe00000,0x000000eaebf00000)]
  0x00000215c3043000 JavaThread "Unconstrained build operations Thread 67" [_thread_blocked, id=33676, stack(0x000000eaebf00000,0x000000eaec000000)]
  0x00000215c3042000 JavaThread "Unconstrained build operations Thread 68" [_thread_blocked, id=2220, stack(0x000000eaec000000,0x000000eaec100000)]
  0x00000215c303d800 JavaThread "Unconstrained build operations Thread 69" [_thread_blocked, id=35316, stack(0x000000eaec100000,0x000000eaec200000)]
  0x00000215c303e000 JavaThread "Unconstrained build operations Thread 70" [_thread_blocked, id=7540, stack(0x000000eaec200000,0x000000eaec300000)]
  0x00000215c3041800 JavaThread "Unconstrained build operations Thread 71" [_thread_blocked, id=38316, stack(0x000000eaec300000,0x000000eaec400000)]
  0x00000215c3044000 JavaThread "Unconstrained build operations Thread 72" [_thread_blocked, id=31684, stack(0x000000eaec400000,0x000000eaec500000)]
  0x00000215c303f000 JavaThread "Unconstrained build operations Thread 73" [_thread_blocked, id=33656, stack(0x000000eaec500000,0x000000eaec600000)]
  0x00000215c3040000 JavaThread "Unconstrained build operations Thread 74" [_thread_blocked, id=31868, stack(0x000000eaec600000,0x000000eaec700000)]
  0x00000215c3040800 JavaThread "Unconstrained build operations Thread 75" [_thread_blocked, id=33836, stack(0x000000eaec700000,0x000000eaec800000)]
  0x00000215c2b95800 JavaThread "Unconstrained build operations Thread 76" [_thread_blocked, id=7828, stack(0x000000eaec800000,0x000000eaec900000)]
  0x00000215c2b94000 JavaThread "Unconstrained build operations Thread 77" [_thread_blocked, id=31608, stack(0x000000eaec900000,0x000000eaeca00000)]
  0x00000215c2b97800 JavaThread "Unconstrained build operations Thread 78" [_thread_blocked, id=37884, stack(0x000000eaeca00000,0x000000eaecb00000)]
  0x00000215c2b95000 JavaThread "Unconstrained build operations Thread 79" [_thread_blocked, id=34036, stack(0x000000eaecb00000,0x000000eaecc00000)]
  0x00000215c2b93000 JavaThread "Unconstrained build operations Thread 80" [_thread_blocked, id=37668, stack(0x000000eaecc00000,0x000000eaecd00000)]
  0x00000215c2b9c000 JavaThread "jar transforms Thread 4" [_thread_blocked, id=35712, stack(0x000000eaecd00000,0x000000eaece00000)]
  0x00000215c2b96800 JavaThread "jar transforms Thread 5" [_thread_blocked, id=20644, stack(0x000000eaece00000,0x000000eaecf00000)]
  0x00000215c2b9b800 JavaThread "jar transforms Thread 6" [_thread_blocked, id=38276, stack(0x000000eaecf00000,0x000000eaed000000)]
  0x00000215c2b9a800 JavaThread "jar transforms Thread 7" [_thread_blocked, id=19720, stack(0x000000eaed000000,0x000000eaed100000)]
  0x00000215c2b98000 JavaThread "jar transforms Thread 8" [_thread_blocked, id=38304, stack(0x000000eaed100000,0x000000eaed200000)]
  0x00000215c2b9d000 JavaThread "Memory manager" [_thread_blocked, id=35736, stack(0x000000eae7500000,0x000000eae7600000)]
  0x00000215c2b9e800 JavaThread "build event listener" [_thread_blocked, id=8720, stack(0x000000eaed300000,0x000000eaed400000)]
  0x00000215c2b99000 JavaThread "Execution worker for ':'" [_thread_blocked, id=35760, stack(0x000000eaed400000,0x000000eaed500000)]
  0x00000215c2b9f800 JavaThread "Execution worker for ':' Thread 2" [_thread_blocked, id=40672, stack(0x000000eaed500000,0x000000eaed600000)]
  0x00000215c2b99800 JavaThread "Execution worker for ':' Thread 3" [_thread_blocked, id=34580, stack(0x000000eaed600000,0x000000eaed700000)]
  0x00000215c2ba0800 JavaThread "Execution worker for ':' Thread 4" [_thread_blocked, id=26328, stack(0x000000eaed700000,0x000000eaed800000)]
  0x00000215c2ba1000 JavaThread "Execution worker for ':' Thread 5" [_thread_blocked, id=40360, stack(0x000000eaed800000,0x000000eaed900000)]
  0x00000215c2ba2000 JavaThread "Execution worker for ':' Thread 6" [_thread_in_vm, id=26112, stack(0x000000eaed900000,0x000000eaeda00000)]
  0x00000215c7e3d000 JavaThread "Execution worker for ':' Thread 7" [_thread_blocked, id=40500, stack(0x000000eaeda00000,0x000000eaedb00000)]
  0x00000215c7e3e000 JavaThread "Cache worker for execution history cache (D:\project\MyApplication_login_test\.gradle\7.2\executionHistory)" [_thread_blocked, id=36604, stack(0x000000eaedb00000,0x000000eaedc00000)]
  0x00000215c7e3f000 JavaThread "WorkerExecutor Queue" [_thread_blocked, id=37652, stack(0x000000eae6e00000,0x000000eae6f00000)]
  0x00000215c7e3f800 JavaThread "WorkerExecutor Queue Thread 2" [_thread_blocked, id=32484, stack(0x000000eaedd00000,0x000000eaede00000)]

Other Threads:
  0x00000215bb29c800 VMThread "VM Thread" [stack: 0x000000eae4e00000,0x000000eae4f00000] [id=40420]
  0x00000215bbce7800 WatcherThread [stack: 0x000000eae5800000,0x000000eae5900000] [id=37456]
  0x00000215a0e2a800 GCTaskThread "GC Thread#0" [stack: 0x000000eae4900000,0x000000eae4a00000] [id=2224]
  0x00000215bc2b2800 GCTaskThread "GC Thread#1" [stack: 0x000000eae5900000,0x000000eae5a00000] [id=28868]
  0x00000215bc722800 GCTaskThread "GC Thread#2" [stack: 0x000000eae5a00000,0x000000eae5b00000] [id=33808]
  0x00000215c05d4000 GCTaskThread "GC Thread#3" [stack: 0x000000eae6500000,0x000000eae6600000] [id=32008]
  0x00000215c0afe000 GCTaskThread "GC Thread#4" [stack: 0x000000eae6600000,0x000000eae6700000] [id=34720]
  0x00000215c08b1000 GCTaskThread "GC Thread#5" [stack: 0x000000eae6700000,0x000000eae6800000] [id=33592]
  0x00000215c1f8c800 GCTaskThread "GC Thread#6" [stack: 0x000000eae6800000,0x000000eae6900000] [id=29480]
  0x00000215c1b67800 GCTaskThread "GC Thread#7" [stack: 0x000000eae6900000,0x000000eae6a00000] [id=27716]
  0x00000215a0e5a800 ConcurrentGCThread "G1 Main Marker" [stack: 0x000000eae4a00000,0x000000eae4b00000] [id=36688]
  0x00000215a0e5c800 ConcurrentGCThread "G1 Conc#0" [stack: 0x000000eae4b00000,0x000000eae4c00000] [id=35896]
  0x00000215c2138000 ConcurrentGCThread "G1 Conc#1" [stack: 0x000000eae6d00000,0x000000eae6e00000] [id=12224]
  0x00000215bb109800 ConcurrentGCThread "G1 Refine#0" [stack: 0x000000eae4c00000,0x000000eae4d00000] [id=35128]
  0x00000215bb10e800 ConcurrentGCThread "G1 Young RemSet Sampling" [stack: 0x000000eae4d00000,0x000000eae4e00000] [id=38144]

Threads with active compile tasks:
C2 CompilerThread0  30902 9352       4       java.lang.String::split (324 bytes)
C1 CompilerThread0  30902 9363       3       org.apache.xerces.impl.dtd.XMLDTDProcessor::getFeatureDefault (36 bytes)

VM state:synchronizing (normal execution)

VM Mutex/Monitor currently owned by a thread:  ([mutex/lock_event])
[0x00000215a0e0cec0] Threads_lock - owner thread: 0x00000215bb29c800

Heap address: 0x0000000080000000, size: 2048 MB, Compressed Oops mode: 32-bit
Narrow klass base: 0x0000000000000000, Narrow klass shift: 3
Compressed class space size: 1073741824 Address: 0x0000000100000000

Heap:
 garbage-first heap   total 131072K, used 98917K [0x0000000080000000, 0x0000000100000000)
  region size 1024K, 41 young (41984K), 6 survivors (6144K)
 Metaspace       used 82887K, capacity 84999K, committed 85200K, reserved 1122304K
  class space    used 10847K, capacity 11679K, committed 11776K, reserved 1048576K
Heap Regions: E=young(eden), S=young(survivor), O=old, HS=humongous(starts), HC=humongous(continues), CS=collection set, F=free, A=archive, TAMS=top-at-mark-start (previous, next)
|   0|0x0000000080000000, 0x0000000080100000, 0x0000000080100000|100%| O|  |TAMS 0x0000000080100000, 0x0000000080000000| Untracked 
|   1|0x0000000080100000, 0x0000000080200000, 0x0000000080200000|100%| O|  |TAMS 0x0000000080200000, 0x0000000080100000| Untracked 
|   2|0x0000000080200000, 0x0000000080300000, 0x0000000080300000|100%| O|  |TAMS 0x0000000080300000, 0x0000000080200000| Untracked 
|   3|0x0000000080300000, 0x0000000080400000, 0x0000000080400000|100%|HS|  |TAMS 0x0000000080400000, 0x0000000080300000| Complete 
|   4|0x0000000080400000, 0x0000000080500000, 0x0000000080500000|100%|HC|  |TAMS 0x0000000080500000, 0x0000000080400000| Complete 
|   5|0x0000000080500000, 0x0000000080600000, 0x0000000080600000|100%|HC|  |TAMS 0x0000000080600000, 0x0000000080500000| Complete 
|   6|0x0000000080600000, 0x0000000080700000, 0x0000000080700000|100%| O|  |TAMS 0x0000000080700000, 0x0000000080600000| Untracked 
|   7|0x0000000080700000, 0x0000000080800000, 0x0000000080800000|100%| O|  |TAMS 0x0000000080800000, 0x0000000080700000| Untracked 
|   8|0x0000000080800000, 0x0000000080900000, 0x0000000080900000|100%| O|  |TAMS 0x0000000080900000, 0x0000000080800000| Untracked 
|   9|0x0000000080900000, 0x0000000080a00000, 0x0000000080a00000|100%| O|  |TAMS 0x0000000080a00000, 0x0000000080900000| Untracked 
|  10|0x0000000080a00000, 0x0000000080b00000, 0x0000000080b00000|100%| O|  |TAMS 0x0000000080b00000, 0x0000000080a00000| Untracked 
|  11|0x0000000080b00000, 0x0000000080c00000, 0x0000000080c00000|100%| O|  |TAMS 0x0000000080c00000, 0x0000000080b00000| Untracked 
|  12|0x0000000080c00000, 0x0000000080d00000, 0x0000000080d00000|100%| O|  |TAMS 0x0000000080d00000, 0x0000000080c00000| Untracked 
|  13|0x0000000080d00000, 0x0000000080e00000, 0x0000000080e00000|100%| O|  |TAMS 0x0000000080e00000, 0x0000000080d00000| Untracked 
|  14|0x0000000080e00000, 0x0000000080f00000, 0x0000000080f00000|100%| O|  |TAMS 0x0000000080f00000, 0x0000000080e00000| Untracked 
|  15|0x0000000080f00000, 0x0000000081000000, 0x0000000081000000|100%| O|  |TAMS 0x0000000081000000, 0x0000000080f00000| Untracked 
|  16|0x0000000081000000, 0x0000000081100000, 0x0000000081100000|100%|HS|  |TAMS 0x0000000081100000, 0x0000000081000000| Complete 
|  17|0x0000000081100000, 0x0000000081200000, 0x0000000081200000|100%| O|  |TAMS 0x0000000081200000, 0x0000000081100000| Untracked 
|  18|0x0000000081200000, 0x0000000081300000, 0x0000000081300000|100%| O|  |TAMS 0x0000000081300000, 0x0000000081200000| Untracked 
|  19|0x0000000081300000, 0x0000000081400000, 0x0000000081400000|100%| O|  |TAMS 0x0000000081400000, 0x0000000081300000| Untracked 
|  20|0x0000000081400000, 0x0000000081500000, 0x0000000081500000|100%| O|  |TAMS 0x0000000081500000, 0x0000000081400000| Untracked 
|  21|0x0000000081500000, 0x0000000081600000, 0x0000000081600000|100%| O|  |TAMS 0x0000000081600000, 0x0000000081500000| Untracked 
|  22|0x0000000081600000, 0x0000000081700000, 0x0000000081700000|100%| O|  |TAMS 0x0000000081700000, 0x0000000081600000| Untracked 
|  23|0x0000000081700000, 0x0000000081800000, 0x0000000081800000|100%| O|  |TAMS 0x0000000081800000, 0x0000000081700000| Untracked 
|  24|0x0000000081800000, 0x0000000081900000, 0x0000000081900000|100%| O|  |TAMS 0x0000000081900000, 0x0000000081800000| Untracked 
|  25|0x0000000081900000, 0x0000000081a00000, 0x0000000081a00000|100%| O|  |TAMS 0x0000000081a00000, 0x0000000081900000| Untracked 
|  26|0x0000000081a00000, 0x0000000081b00000, 0x0000000081b00000|100%| O|  |TAMS 0x0000000081b00000, 0x0000000081a00000| Untracked 
|  27|0x0000000081b00000, 0x0000000081c00000, 0x0000000081c00000|100%| O|  |TAMS 0x0000000081c00000, 0x0000000081b00000| Untracked 
|  28|0x0000000081c00000, 0x0000000081d00000, 0x0000000081d00000|100%|HS|  |TAMS 0x0000000081d00000, 0x0000000081c00000| Complete 
|  29|0x0000000081d00000, 0x0000000081e00000, 0x0000000081e00000|100%|HS|  |TAMS 0x0000000081e00000, 0x0000000081d00000| Complete 
|  30|0x0000000081e00000, 0x0000000081f00000, 0x0000000081f00000|100%|HS|  |TAMS 0x0000000081f00000, 0x0000000081e00000| Complete 
|  31|0x0000000081f00000, 0x0000000082000000, 0x0000000082000000|100%|HC|  |TAMS 0x0000000082000000, 0x0000000081f00000| Complete 
|  32|0x0000000082000000, 0x0000000082100000, 0x0000000082100000|100%| O|  |TAMS 0x0000000082100000, 0x0000000082000000| Untracked 
|  33|0x0000000082100000, 0x0000000082200000, 0x0000000082200000|100%| O|  |TAMS 0x0000000082200000, 0x0000000082100000| Untracked 
|  34|0x0000000082200000, 0x0000000082300000, 0x0000000082300000|100%| O|  |TAMS 0x0000000082300000, 0x0000000082200000| Untracked 
|  35|0x0000000082300000, 0x0000000082400000, 0x0000000082400000|100%| O|  |TAMS 0x0000000082400000, 0x0000000082300000| Untracked 
|  36|0x0000000082400000, 0x0000000082500000, 0x0000000082500000|100%| O|  |TAMS 0x0000000082500000, 0x0000000082400000| Untracked 
|  37|0x0000000082500000, 0x0000000082600000, 0x0000000082600000|100%| O|  |TAMS 0x0000000082600000, 0x0000000082500000| Untracked 
|  38|0x0000000082600000, 0x0000000082700000, 0x0000000082700000|100%| O|  |TAMS 0x0000000082700000, 0x0000000082600000| Untracked 
|  39|0x0000000082700000, 0x0000000082800000, 0x0000000082800000|100%| O|  |TAMS 0x0000000082800000, 0x0000000082700000| Untracked 
|  40|0x0000000082800000, 0x0000000082900000, 0x0000000082900000|100%| O|  |TAMS 0x0000000082900000, 0x0000000082800000| Untracked 
|  41|0x0000000082900000, 0x0000000082a00000, 0x0000000082a00000|100%| O|  |TAMS 0x0000000082956000, 0x0000000082900000| Untracked 
|  42|0x0000000082a00000, 0x0000000082b00000, 0x0000000082b00000|100%| O|  |TAMS 0x0000000082a00000, 0x0000000082a00000| Untracked 
|  43|0x0000000082b00000, 0x0000000082c00000, 0x0000000082c00000|100%| O|  |TAMS 0x0000000082b00000, 0x0000000082b00000| Untracked 
|  44|0x0000000082c00000, 0x0000000082d00000, 0x0000000082d00000|100%| O|  |TAMS 0x0000000082c00000, 0x0000000082c00000| Untracked 
|  45|0x0000000082d00000, 0x0000000082e00000, 0x0000000082e00000|100%| O|  |TAMS 0x0000000082d00000, 0x0000000082d00000| Untracked 
|  46|0x0000000082e00000, 0x0000000082f00000, 0x0000000082f00000|100%| O|  |TAMS 0x0000000082e00000, 0x0000000082e00000| Untracked 
|  47|0x0000000082f00000, 0x0000000083000000, 0x0000000083000000|100%| O|  |TAMS 0x0000000082f00000, 0x0000000082f00000| Untracked 
|  48|0x0000000083000000, 0x0000000083100000, 0x0000000083100000|100%| O|  |TAMS 0x0000000083000000, 0x0000000083000000| Untracked 
|  49|0x0000000083100000, 0x0000000083200000, 0x0000000083200000|100%| O|  |TAMS 0x0000000083100000, 0x0000000083100000| Untracked 
|  50|0x0000000083200000, 0x0000000083300000, 0x0000000083300000|100%| O|  |TAMS 0x0000000083200000, 0x0000000083200000| Untracked 
|  51|0x0000000083300000, 0x0000000083400000, 0x0000000083400000|100%| O|  |TAMS 0x0000000083300000, 0x0000000083300000| Untracked 
|  52|0x0000000083400000, 0x0000000083500000, 0x0000000083500000|100%| O|  |TAMS 0x0000000083400000, 0x0000000083400000| Untracked 
|  53|0x0000000083500000, 0x0000000083600000, 0x0000000083600000|100%| O|  |TAMS 0x0000000083500000, 0x0000000083500000| Untracked 
|  54|0x0000000083600000, 0x0000000083700000, 0x0000000083700000|100%| O|  |TAMS 0x0000000083600000, 0x0000000083600000| Untracked 
|  55|0x0000000083700000, 0x0000000083800000, 0x0000000083800000|100%| O|  |TAMS 0x0000000083700000, 0x0000000083700000| Untracked 
|  56|0x0000000083800000, 0x0000000083900000, 0x0000000083900000|100%| O|  |TAMS 0x0000000083800000, 0x0000000083800000| Untracked 
|  57|0x0000000083900000, 0x00000000839cc800, 0x0000000083a00000| 79%| O|  |TAMS 0x0000000083900000, 0x0000000083900000| Untracked 
|  58|0x0000000083a00000, 0x0000000083a00000, 0x0000000083b00000|  0%| F|  |TAMS 0x0000000083a00000, 0x0000000083a00000| Untracked 
|  59|0x0000000083b00000, 0x0000000083b00000, 0x0000000083c00000|  0%| F|  |TAMS 0x0000000083b00000, 0x0000000083b00000| Untracked 
|  60|0x0000000083c00000, 0x0000000083c00000, 0x0000000083d00000|  0%| F|  |TAMS 0x0000000083c00000, 0x0000000083c00000| Untracked 
|  61|0x0000000083d00000, 0x0000000083d00000, 0x0000000083e00000|  0%| F|  |TAMS 0x0000000083d00000, 0x0000000083d00000| Untracked 
|  62|0x0000000083e00000, 0x0000000083e00000, 0x0000000083f00000|  0%| F|  |TAMS 0x0000000083e00000, 0x0000000083e00000| Untracked 
|  63|0x0000000083f00000, 0x0000000083f00000, 0x0000000084000000|  0%| F|  |TAMS 0x0000000083f00000, 0x0000000083f00000| Untracked 
|  64|0x0000000084000000, 0x0000000084000000, 0x0000000084100000|  0%| F|  |TAMS 0x0000000084000000, 0x0000000084000000| Untracked 
|  65|0x0000000084100000, 0x0000000084100000, 0x0000000084200000|  0%| F|  |TAMS 0x0000000084100000, 0x0000000084100000| Untracked 
|  66|0x0000000084200000, 0x0000000084200000, 0x0000000084300000|  0%| F|  |TAMS 0x0000000084200000, 0x0000000084200000| Untracked 
|  67|0x0000000084300000, 0x0000000084300000, 0x0000000084400000|  0%| F|  |TAMS 0x0000000084300000, 0x0000000084300000| Untracked 
|  68|0x0000000084400000, 0x0000000084400000, 0x0000000084500000|  0%| F|  |TAMS 0x0000000084400000, 0x0000000084400000| Untracked 
|  69|0x0000000084500000, 0x0000000084500000, 0x0000000084600000|  0%| F|  |TAMS 0x0000000084500000, 0x0000000084500000| Untracked 
|  70|0x0000000084600000, 0x0000000084600000, 0x0000000084700000|  0%| F|  |TAMS 0x0000000084600000, 0x0000000084600000| Untracked 
|  71|0x0000000084700000, 0x0000000084700000, 0x0000000084800000|  0%| F|  |TAMS 0x0000000084700000, 0x0000000084700000| Untracked 
|  72|0x0000000084800000, 0x0000000084800000, 0x0000000084900000|  0%| F|  |TAMS 0x0000000084800000, 0x0000000084800000| Untracked 
|  73|0x0000000084900000, 0x0000000084900000, 0x0000000084a00000|  0%| F|  |TAMS 0x0000000084900000, 0x0000000084900000| Untracked 
|  74|0x0000000084a00000, 0x0000000084a00000, 0x0000000084b00000|  0%| F|  |TAMS 0x0000000084a00000, 0x0000000084a00000| Untracked 
|  75|0x0000000084b00000, 0x0000000084b00000, 0x0000000084c00000|  0%| F|  |TAMS 0x0000000084b00000, 0x0000000084b00000| Untracked 
|  76|0x0000000084c00000, 0x0000000084c00000, 0x0000000084d00000|  0%| F|  |TAMS 0x0000000084c00000, 0x0000000084c00000| Untracked 
|  77|0x0000000084d00000, 0x0000000084dcce10, 0x0000000084e00000| 80%| S|CS|TAMS 0x0000000084d00000, 0x0000000084d00000| Complete 
|  78|0x0000000084e00000, 0x0000000084f00000, 0x0000000084f00000|100%| S|CS|TAMS 0x0000000084e00000, 0x0000000084e00000| Complete 
|  79|0x0000000084f00000, 0x0000000085000000, 0x0000000085000000|100%| S|CS|TAMS 0x0000000084f00000, 0x0000000084f00000| Complete 
|  80|0x0000000085000000, 0x0000000085100000, 0x0000000085100000|100%| S|CS|TAMS 0x0000000085000000, 0x0000000085000000| Complete 
|  81|0x0000000085100000, 0x0000000085100000, 0x0000000085200000|  0%| F|  |TAMS 0x0000000085100000, 0x0000000085100000| Untracked 
|  82|0x0000000085200000, 0x0000000085200000, 0x0000000085300000|  0%| F|  |TAMS 0x0000000085200000, 0x0000000085200000| Untracked 
|  83|0x0000000085300000, 0x0000000085400000, 0x0000000085400000|100%| S|CS|TAMS 0x0000000085300000, 0x0000000085300000| Complete 
|  84|0x0000000085400000, 0x0000000085500000, 0x0000000085500000|100%| S|CS|TAMS 0x0000000085400000, 0x0000000085400000| Complete 
|  85|0x0000000085500000, 0x0000000085500000, 0x0000000085600000|  0%| F|  |TAMS 0x0000000085500000, 0x0000000085500000| Untracked 
|  86|0x0000000085600000, 0x0000000085600000, 0x0000000085700000|  0%| F|  |TAMS 0x0000000085600000, 0x0000000085600000| Untracked 
|  87|0x0000000085700000, 0x0000000085700000, 0x0000000085800000|  0%| F|  |TAMS 0x0000000085700000, 0x0000000085700000| Untracked 
|  88|0x0000000085800000, 0x0000000085800000, 0x0000000085900000|  0%| F|  |TAMS 0x0000000085800000, 0x0000000085800000| Untracked 
|  89|0x0000000085900000, 0x0000000085900000, 0x0000000085a00000|  0%| F|  |TAMS 0x0000000085900000, 0x0000000085900000| Untracked 
|  90|0x0000000085a00000, 0x0000000085a00000, 0x0000000085b00000|  0%| F|  |TAMS 0x0000000085a00000, 0x0000000085a00000| Untracked 
|  91|0x0000000085b00000, 0x0000000085b00000, 0x0000000085c00000|  0%| F|  |TAMS 0x0000000085b00000, 0x0000000085b00000| Untracked 
|  92|0x0000000085c00000, 0x0000000085c00000, 0x0000000085d00000|  0%| F|  |TAMS 0x0000000085c00000, 0x0000000085c00000| Untracked 
|  93|0x0000000085d00000, 0x0000000085dfdde8, 0x0000000085e00000| 99%| E|  |TAMS 0x0000000085d00000, 0x0000000085d00000| Complete 
|  94|0x0000000085e00000, 0x0000000085f00000, 0x0000000085f00000|100%| E|CS|TAMS 0x0000000085e00000, 0x0000000085e00000| Complete 
|  95|0x0000000085f00000, 0x0000000086000000, 0x0000000086000000|100%| E|CS|TAMS 0x0000000085f00000, 0x0000000085f00000| Complete 
|  96|0x0000000086000000, 0x0000000086100000, 0x0000000086100000|100%| E|CS|TAMS 0x0000000086000000, 0x0000000086000000| Complete 
|  97|0x0000000086100000, 0x0000000086200000, 0x0000000086200000|100%| E|CS|TAMS 0x0000000086100000, 0x0000000086100000| Complete 
|  98|0x0000000086200000, 0x0000000086300000, 0x0000000086300000|100%| E|CS|TAMS 0x0000000086200000, 0x0000000086200000| Complete 
|  99|0x0000000086300000, 0x0000000086400000, 0x0000000086400000|100%| E|CS|TAMS 0x0000000086300000, 0x0000000086300000| Complete 
| 100|0x0000000086400000, 0x0000000086500000, 0x0000000086500000|100%| E|CS|TAMS 0x0000000086400000, 0x0000000086400000| Complete 
| 101|0x0000000086500000, 0x0000000086600000, 0x0000000086600000|100%| E|CS|TAMS 0x0000000086500000, 0x0000000086500000| Complete 
| 102|0x0000000086600000, 0x0000000086700000, 0x0000000086700000|100%| E|CS|TAMS 0x0000000086600000, 0x0000000086600000| Complete 
| 103|0x0000000086700000, 0x0000000086800000, 0x0000000086800000|100%| E|CS|TAMS 0x0000000086700000, 0x0000000086700000| Complete 
| 104|0x0000000086800000, 0x0000000086900000, 0x0000000086900000|100%| E|CS|TAMS 0x0000000086800000, 0x0000000086800000| Complete 
| 105|0x0000000086900000, 0x0000000086a00000, 0x0000000086a00000|100%| E|CS|TAMS 0x0000000086900000, 0x0000000086900000| Complete 
| 106|0x0000000086a00000, 0x0000000086b00000, 0x0000000086b00000|100%| E|CS|TAMS 0x0000000086a00000, 0x0000000086a00000| Complete 
| 107|0x0000000086b00000, 0x0000000086c00000, 0x0000000086c00000|100%| E|CS|TAMS 0x0000000086b00000, 0x0000000086b00000| Complete 
| 108|0x0000000086c00000, 0x0000000086d00000, 0x0000000086d00000|100%| E|CS|TAMS 0x0000000086c00000, 0x0000000086c00000| Complete 
| 109|0x0000000086d00000, 0x0000000086e00000, 0x0000000086e00000|100%| E|CS|TAMS 0x0000000086d00000, 0x0000000086d00000| Complete 
| 110|0x0000000086e00000, 0x0000000086f00000, 0x0000000086f00000|100%| E|CS|TAMS 0x0000000086e00000, 0x0000000086e00000| Complete 
| 111|0x0000000086f00000, 0x0000000087000000, 0x0000000087000000|100%| E|CS|TAMS 0x0000000086f00000, 0x0000000086f00000| Complete 
| 112|0x0000000087000000, 0x0000000087100000, 0x0000000087100000|100%| E|CS|TAMS 0x0000000087000000, 0x0000000087000000| Complete 
| 113|0x0000000087100000, 0x0000000087200000, 0x0000000087200000|100%| E|CS|TAMS 0x0000000087100000, 0x0000000087100000| Complete 
| 114|0x0000000087200000, 0x0000000087300000, 0x0000000087300000|100%| E|CS|TAMS 0x0000000087200000, 0x0000000087200000| Complete 
| 115|0x0000000087300000, 0x0000000087400000, 0x0000000087400000|100%| E|CS|TAMS 0x0000000087300000, 0x0000000087300000| Complete 
| 116|0x0000000087400000, 0x00000000874fffd8, 0x0000000087500000| 99%| E|  |TAMS 0x0000000087400000, 0x0000000087400000| Complete 
| 117|0x0000000087500000, 0x0000000087600000, 0x0000000087600000|100%| E|CS|TAMS 0x0000000087500000, 0x0000000087500000| Complete 
| 118|0x0000000087600000, 0x0000000087700000, 0x0000000087700000|100%| E|CS|TAMS 0x0000000087600000, 0x0000000087600000| Complete 
| 119|0x0000000087700000, 0x0000000087800000, 0x0000000087800000|100%| E|CS|TAMS 0x0000000087700000, 0x0000000087700000| Complete 
| 120|0x0000000087800000, 0x0000000087900000, 0x0000000087900000|100%| E|CS|TAMS 0x0000000087800000, 0x0000000087800000| Complete 
| 121|0x0000000087900000, 0x0000000087a00000, 0x0000000087a00000|100%| E|CS|TAMS 0x0000000087900000, 0x0000000087900000| Complete 
| 122|0x0000000087a00000, 0x0000000087b00000, 0x0000000087b00000|100%| E|CS|TAMS 0x0000000087a00000, 0x0000000087a00000| Complete 
| 123|0x0000000087b00000, 0x0000000087c00000, 0x0000000087c00000|100%| E|CS|TAMS 0x0000000087b00000, 0x0000000087b00000| Complete 
| 124|0x0000000087c00000, 0x0000000087d00000, 0x0000000087d00000|100%| E|CS|TAMS 0x0000000087c00000, 0x0000000087c00000| Complete 
| 125|0x0000000087d00000, 0x0000000087e00000, 0x0000000087e00000|100%| E|CS|TAMS 0x0000000087d00000, 0x0000000087d00000| Complete 
| 126|0x0000000087e00000, 0x0000000087f00000, 0x0000000087f00000|100%| E|CS|TAMS 0x0000000087e00000, 0x0000000087e00000| Complete 
| 127|0x0000000087f00000, 0x0000000088000000, 0x0000000088000000|100%| E|CS|TAMS 0x0000000087f00000, 0x0000000087f00000| Complete 

Card table byte_map: [0x00000215b4040000,0x00000215b4440000] _byte_map_base: 0x00000215b3c40000

Marking Bits (Prev, Next): (CMBitMap*) 0x00000215a0e51300, (CMBitMap*) 0x00000215a0e512c8
 Prev Bits: [0x00000215b6840000, 0x00000215b8840000)
 Next Bits: [0x00000215b4840000, 0x00000215b6840000)

Polling page: 0x000002159ed90000

Metaspace:

Usage:
  Non-class:     71.60 MB capacity,    70.35 MB ( 98%) used,     1.01 MB (  1%) free+waste,   248.44 KB ( <1%) overhead. 
      Class:     11.41 MB capacity,    10.59 MB ( 93%) used,   715.67 KB (  6%) free+waste,   115.88 KB ( <1%) overhead. 
       Both:     83.01 MB capacity,    80.95 MB ( 98%) used,     1.71 MB (  2%) free+waste,   364.31 KB ( <1%) overhead. 

Virtual space:
  Non-class space:       72.00 MB reserved,      71.70 MB (>99%) committed 
      Class space:        1.00 GB reserved,      11.50 MB (  1%) committed 
             Both:        1.07 GB reserved,      83.20 MB (  8%) committed 

Chunk freelists:
   Non-Class:  40.00 KB
       Class:  1.00 KB
        Both:  41.00 KB

MaxMetaspaceSize: 17179869184.00 GB
CompressedClassSpaceSize: 1.00 GB

CodeHeap 'non-profiled nmethods': size=120000Kb used=5562Kb max_used=5562Kb free=114437Kb
 bounds [0x00000215ac3e0000, 0x00000215ac950000, 0x00000215b3910000]
CodeHeap 'profiled nmethods': size=120000Kb used=19985Kb max_used=19985Kb free=100014Kb
 bounds [0x00000215a4eb0000, 0x00000215a6240000, 0x00000215ac3e0000]
CodeHeap 'non-nmethods': size=5760Kb used=2278Kb max_used=2327Kb free=3481Kb
 bounds [0x00000215a4910000, 0x00000215a4b80000, 0x00000215a4eb0000]
 total_blobs=10187 nmethods=9311 adapters=787
 compilation: enabled
              stopped_count=0, restarted_count=0
 full_count=0

Compilation events (20 events):
Event: 22.924 Thread 0x00000215bbb43800 nmethod 9354 0x00000215a6228e10 code [0x00000215a6229020, 0x00000215a6229578]
Event: 22.924 Thread 0x00000215bbb43800 9353       3       java.lang.StringUTF16::indexOf (43 bytes)
Event: 22.925 Thread 0x00000215bbb43800 nmethod 9353 0x00000215a6229710 code [0x00000215a6229920, 0x00000215a6229e18]
Event: 22.925 Thread 0x00000215bbb43800 9355       3       org.apache.xerces.impl.XMLNSDocumentScannerImpl::scanStartElement (873 bytes)
Event: 22.927 Thread 0x00000215bbb43800 nmethod 9355 0x00000215a622a010 code [0x00000215a622a720, 0x00000215a622f448]
Event: 22.927 Thread 0x00000215bbb43800 9359       3       org.apache.xerces.impl.dtd.XMLDTDValidator::getFeatureDefault (36 bytes)
Event: 22.927 Thread 0x00000215bbb43800 nmethod 9359 0x00000215a6230c90 code [0x00000215a6230e60, 0x00000215a6231128]
Event: 22.927 Thread 0x00000215bbb43800 9358       3       java.lang.StringUTF16::checkBoundsBeginEnd (10 bytes)
Event: 22.928 Thread 0x00000215bbb43800 nmethod 9358 0x00000215a6231310 code [0x00000215a62314e0, 0x00000215a6231648]
Event: 22.928 Thread 0x00000215bbb43800 9360       3       org.apache.xerces.parsers.SecuritySupport::getParentClassLoader (15 bytes)
Event: 22.928 Thread 0x00000215bbb43800 nmethod 9360 0x00000215a6231790 code [0x00000215a6231960, 0x00000215a6231cc8]
Event: 22.928 Thread 0x00000215bbb43800 9356       3       org.apache.xerces.util.NamespaceSupport::pushContext (65 bytes)
Event: 22.928 Thread 0x00000215bbb43800 nmethod 9356 0x00000215a6231e10 code [0x00000215a6231fe0, 0x00000215a6232308]
Event: 22.928 Thread 0x00000215bbb43800 9357   !   3       org.apache.xerces.parsers.AbstractSAXParser::endElement (108 bytes)
Event: 22.928 Thread 0x00000215bbb43800 nmethod 9357 0x00000215a6232490 code [0x00000215a62326a0, 0x00000215a6232c58]
Event: 22.929 Thread 0x00000215bbb43800 9361       3       java.lang.String::regionMatches (187 bytes)
Event: 22.929 Thread 0x00000215bbb43800 nmethod 9361 0x00000215a6232f10 code [0x00000215a6233160, 0x00000215a6233e38]
Event: 22.930 Thread 0x00000215bbb43800 9362       3       java.util.Stack::<init> (5 bytes)
Event: 22.930 Thread 0x00000215bbb43800 nmethod 9362 0x00000215a6234290 code [0x00000215a6234460, 0x00000215a6234668]
Event: 22.933 Thread 0x00000215bbb43800 9363       3       org.apache.xerces.impl.dtd.XMLDTDProcessor::getFeatureDefault (36 bytes)

GC Heap History (20 events):
Event: 7.440 GC heap before
{Heap before GC invocations=8 (full 0):
 garbage-first heap   total 131072K, used 90956K [0x0000000080000000, 0x0000000100000000)
  region size 1024K, 70 young (71680K), 9 survivors (9216K)
 Metaspace       used 45418K, capacity 46465K, committed 46672K, reserved 1089536K
  class space    used 5830K, capacity 6209K, committed 6272K, reserved 1048576K
}
Event: 7.447 GC heap after
{Heap after GC invocations=9 (full 0):
 garbage-first heap   total 131072K, used 29711K [0x0000000080000000, 0x0000000100000000)
  region size 1024K, 3 young (3072K), 3 survivors (3072K)
 Metaspace       used 45418K, capacity 46465K, committed 46672K, reserved 1089536K
  class space    used 5830K, capacity 6209K, committed 6272K, reserved 1048576K
}
Event: 8.287 GC heap before
{Heap before GC invocations=9 (full 0):
 garbage-first heap   total 131072K, used 98319K [0x0000000080000000, 0x0000000100000000)
  region size 1024K, 66 young (67584K), 3 survivors (3072K)
 Metaspace       used 47960K, capacity 49117K, committed 49360K, reserved 1091584K
  class space    used 6128K, capacity 6599K, committed 6656K, reserved 1048576K
}
Event: 8.293 GC heap after
{Heap after GC invocations=10 (full 0):
 garbage-first heap   total 131072K, used 41984K [0x0000000080000000, 0x0000000100000000)
  region size 1024K, 9 young (9216K), 9 survivors (9216K)
 Metaspace       used 47960K, capacity 49117K, committed 49360K, reserved 1091584K
  class space    used 6128K, capacity 6599K, committed 6656K, reserved 1048576K
}
Event: 9.185 GC heap before
{Heap before GC invocations=10 (full 0):
 garbage-first heap   total 131072K, used 99328K [0x0000000080000000, 0x0000000100000000)
  region size 1024K, 65 young (66560K), 9 survivors (9216K)
 Metaspace       used 55345K, capacity 56701K, committed 56912K, reserved 1099776K
  class space    used 7033K, capacity 7537K, committed 7552K, reserved 1048576K
}
Event: 9.193 GC heap after
{Heap after GC invocations=11 (full 0):
 garbage-first heap   total 131072K, used 45368K [0x0000000080000000, 0x0000000100000000)
  region size 1024K, 3 young (3072K), 3 survivors (3072K)
 Metaspace       used 55345K, capacity 56701K, committed 56912K, reserved 1099776K
  class space    used 7033K, capacity 7537K, committed 7552K, reserved 1048576K
}
Event: 9.508 GC heap before
{Heap before GC invocations=11 (full 0):
 garbage-first heap   total 131072K, used 66872K [0x0000000080000000, 0x0000000100000000)
  region size 1024K, 25 young (25600K), 3 survivors (3072K)
 Metaspace       used 58707K, capacity 60177K, committed 60240K, reserved 1101824K
  class space    used 7478K, capacity 8033K, committed 8064K, reserved 1048576K
}
Event: 9.514 GC heap after
{Heap after GC invocations=12 (full 0):
 garbage-first heap   total 131072K, used 46066K [0x0000000080000000, 0x0000000100000000)
  region size 1024K, 4 young (4096K), 4 survivors (4096K)
 Metaspace       used 58707K, capacity 60177K, committed 60240K, reserved 1101824K
  class space    used 7478K, capacity 8033K, committed 8064K, reserved 1048576K
}
Event: 10.208 GC heap before
{Heap before GC invocations=13 (full 0):
 garbage-first heap   total 131072K, used 93170K [0x0000000080000000, 0x0000000100000000)
  region size 1024K, 51 young (52224K), 4 survivors (4096K)
 Metaspace       used 63372K, capacity 64765K, committed 64976K, reserved 1105920K
  class space    used 8025K, capacity 8574K, committed 8704K, reserved 1048576K
}
Event: 10.216 GC heap after
{Heap after GC invocations=14 (full 0):
 garbage-first heap   total 131072K, used 49734K [0x0000000080000000, 0x0000000100000000)
  region size 1024K, 7 young (7168K), 7 survivors (7168K)
 Metaspace       used 63372K, capacity 64765K, committed 64976K, reserved 1105920K
  class space    used 8025K, capacity 8574K, committed 8704K, reserved 1048576K
}
Event: 10.703 GC heap before
{Heap before GC invocations=14 (full 0):
 garbage-first heap   total 131072K, used 98886K [0x0000000080000000, 0x0000000100000000)
  region size 1024K, 54 young (55296K), 7 survivors (7168K)
 Metaspace       used 64838K, capacity 66338K, committed 66384K, reserved 1107968K
  class space    used 8240K, capacity 8815K, committed 8832K, reserved 1048576K
}
Event: 10.711 GC heap after
{Heap after GC invocations=15 (full 0):
 garbage-first heap   total 131072K, used 53734K [0x0000000080000000, 0x0000000100000000)
  region size 1024K, 4 young (4096K), 4 survivors (4096K)
 Metaspace       used 64838K, capacity 66338K, committed 66384K, reserved 1107968K
  class space    used 8240K, capacity 8815K, committed 8832K, reserved 1048576K
}
Event: 11.377 GC heap before
{Heap before GC invocations=15 (full 0):
 garbage-first heap   total 131072K, used 99814K [0x0000000080000000, 0x0000000100000000)
  region size 1024K, 49 young (50176K), 4 survivors (4096K)
 Metaspace       used 70146K, capacity 71765K, committed 71888K, reserved 1112064K
  class space    used 9103K, capacity 9719K, committed 9728K, reserved 1048576K
}
Event: 11.383 GC heap after
{Heap after GC invocations=16 (full 0):
 garbage-first heap   total 131072K, used 56249K [0x0000000080000000, 0x0000000100000000)
  region size 1024K, 7 young (7168K), 7 survivors (7168K)
 Metaspace       used 70146K, capacity 71765K, committed 71888K, reserved 1112064K
  class space    used 9103K, capacity 9719K, committed 9728K, reserved 1048576K
}
Event: 11.964 GC heap before
{Heap before GC invocations=16 (full 0):
 garbage-first heap   total 131072K, used 101305K [0x0000000080000000, 0x0000000100000000)
  region size 1024K, 51 young (52224K), 7 survivors (7168K)
 Metaspace       used 74038K, capacity 75748K, committed 75856K, reserved 1114112K
  class space    used 9646K, capacity 10307K, committed 10368K, reserved 1048576K
}
Event: 11.970 GC heap after
{Heap after GC invocations=17 (full 0):
 garbage-first heap   total 131072K, used 59351K [0x0000000080000000, 0x0000000100000000)
  region size 1024K, 6 young (6144K), 6 survivors (6144K)
 Metaspace       used 74038K, capacity 75748K, committed 75856K, reserved 1114112K
  class space    used 9646K, capacity 10307K, committed 10368K, reserved 1048576K
}
Event: 13.284 GC heap before
{Heap before GC invocations=17 (full 0):
 garbage-first heap   total 131072K, used 104407K [0x0000000080000000, 0x0000000100000000)
  region size 1024K, 50 young (51200K), 6 survivors (6144K)
 Metaspace       used 79268K, capacity 81214K, committed 81360K, reserved 1120256K
  class space    used 10424K, capacity 11162K, committed 11264K, reserved 1048576K
}
Event: 13.291 GC heap after
{Heap after GC invocations=18 (full 0):
 garbage-first heap   total 131072K, used 62124K [0x0000000080000000, 0x0000000100000000)
  region size 1024K, 6 young (6144K), 6 survivors (6144K)
 Metaspace       used 79268K, capacity 81214K, committed 81360K, reserved 1120256K
  class space    used 10424K, capacity 11162K, committed 11264K, reserved 1048576K
}
Event: 14.410 GC heap before
{Heap before GC invocations=18 (full 0):
 garbage-first heap   total 131072K, used 105132K [0x0000000080000000, 0x0000000100000000)
  region size 1024K, 49 young (50176K), 6 survivors (6144K)
 Metaspace       used 81504K, capacity 83674K, committed 83792K, reserved 1122304K
  class space    used 10717K, capacity 11550K, committed 11648K, reserved 1048576K
}
Event: 14.419 GC heap after
{Heap after GC invocations=19 (full 0):
 garbage-first heap   total 131072K, used 65125K [0x0000000080000000, 0x0000000100000000)
  region size 1024K, 6 young (6144K), 6 survivors (6144K)
 Metaspace       used 81504K, capacity 83674K, committed 83792K, reserved 1122304K
  class space    used 10717K, capacity 11550K, committed 11648K, reserved 1048576K
}

Deoptimization events (20 events):
Event: 15.250 Thread 0x00000215c303b800 DEOPT PACKING pc=0x00000215a5e48944 sp=0x000000eaebbfdb60
Event: 15.250 Thread 0x00000215c303b800 DEOPT UNPACKING pc=0x00000215a4936dde sp=0x000000eaebbfd100 mode 0
Event: 15.250 Thread 0x00000215c3031800 DEOPT PACKING pc=0x00000215a5e48944 sp=0x000000eaeb0fda20
Event: 15.250 Thread 0x00000215c3031800 DEOPT UNPACKING pc=0x00000215a4936dde sp=0x000000eaeb0fcfc0 mode 0
Event: 15.257 Thread 0x00000215c303c800 Uncommon trap: trap_request=0xffffff4d fr.pc=0x00000215ac8f5c30 relative=0x0000000000001b50
Event: 15.266 Thread 0x00000215c303c800 Uncommon trap: reason=unstable_if action=reinterpret pc=0x00000215ac8f5c30 method=java.util.concurrent.ConcurrentHashMap.addCount(JI)V @ 97 c2
Event: 15.266 Thread 0x00000215c303c800 DEOPT PACKING pc=0x00000215ac8f5c30 sp=0x000000eaebdfccc0
Event: 15.266 Thread 0x00000215c303c800 DEOPT UNPACKING pc=0x00000215a493662f sp=0x000000eaebdfcb90 mode 2
Event: 22.674 Thread 0x00000215c2ba2000 Uncommon trap: trap_request=0xffffff4d fr.pc=0x00000215ac937f24 relative=0x0000000000001b04
Event: 22.674 Thread 0x00000215c2ba2000 Uncommon trap: reason=unstable_if action=reinterpret pc=0x00000215ac937f24 method=java.util.regex.Pattern.escape(ZZZ)I @ 8 c2
Event: 22.674 Thread 0x00000215c2ba2000 DEOPT PACKING pc=0x00000215ac937f24 sp=0x000000eaed9f8f00
Event: 22.674 Thread 0x00000215c2ba2000 DEOPT UNPACKING pc=0x00000215a493662f sp=0x000000eaed9f8ea0 mode 2
Event: 22.704 Thread 0x00000215c2ba2000 Uncommon trap: trap_request=0xffffff4d fr.pc=0x00000215ac8945f0 relative=0x00000000000001f0
Event: 22.704 Thread 0x00000215c2ba2000 Uncommon trap: reason=unstable_if action=reinterpret pc=0x00000215ac8945f0 method=sun.invoke.util.VerifyAccess.isTypeVisible(Ljava/lang/Class;Ljava/lang/Class;)Z @ 77 c2
Event: 22.704 Thread 0x00000215c2ba2000 DEOPT PACKING pc=0x00000215ac8945f0 sp=0x000000eaed9f90c0
Event: 22.704 Thread 0x00000215c2ba2000 DEOPT UNPACKING pc=0x00000215a493662f sp=0x000000eaed9f9040 mode 2
Event: 22.862 Thread 0x00000215c2ba2000 Uncommon trap: trap_request=0xffffff4d fr.pc=0x00000215ac6f19a8 relative=0x0000000000000468
Event: 22.862 Thread 0x00000215c2ba2000 Uncommon trap: reason=unstable_if action=reinterpret pc=0x00000215ac6f19a8 method=org.apache.xerces.util.SymbolTable.addSymbol([CII)Ljava/lang/String; @ 36 c2
Event: 22.862 Thread 0x00000215c2ba2000 DEOPT PACKING pc=0x00000215ac6f19a8 sp=0x000000eaed9f9990
Event: 22.862 Thread 0x00000215c2ba2000 DEOPT UNPACKING pc=0x00000215a493662f sp=0x000000eaed9f9928 mode 2

Classes redefined (0 events):
No events

Internal exceptions (20 events):
Event: 13.133 Thread 0x00000215c2ba2000 Exception <a 'java/lang/NoSuchMethodError'{0x000000008561e6c0}: 'java.lang.Object java.lang.invoke.DirectMethodHandle$Holder.invokeInterface(java.lang.Object, java.lang.Object, int)'> (0x000000008561e6c0) thrown at [./src/hotspot/share/interpreter/linkResolver.cpp, line 773]
Event: 13.133 Thread 0x00000215c1ca4000 Exception <a 'java/lang/NoSuchMethodError'{0x0000000085642be8}: <clinit>> (0x0000000085642be8) thrown at [./src/hotspot/share/prims/jni.cpp, line 1362]
Event: 13.137 Thread 0x00000215c2ba2000 Exception <a 'java/lang/NoSuchMethodError'{0x0000000085630870}: 'void java.lang.invoke.DirectMethodHandle$Holder.invokeStatic(java.lang.Object, java.lang.Object, java.lang.Object, int)'> (0x0000000085630870) thrown at [./src/hotspot/share/interpreter/linkResolver.cpp, line 773]
Event: 13.189 Thread 0x00000215c2ba2000 Exception <a 'java/lang/IncompatibleClassChangeError'{0x00000000855364e8}: Found class java.lang.Object, but interface was expected> (0x00000000855364e8) thrown at [./src/hotspot/share/interpreter/linkResolver.cpp, line 839]
Event: 13.200 Thread 0x00000215c2ba2000 Exception <a 'java/lang/IncompatibleClassChangeError'{0x000000008557d9b8}: Found class java.lang.Object, but interface was expected> (0x000000008557d9b8) thrown at [./src/hotspot/share/interpreter/linkResolver.cpp, line 839]
Event: 13.469 Thread 0x00000215c2ba2000 Exception <a 'java/lang/NoSuchMethodError'{0x0000000087f5bd48}: 'void java.lang.invoke.DirectMethodHandle$Holder.invokeVirtual(java.lang.Object, java.lang.Object)'> (0x0000000087f5bd48) thrown at [./src/hotspot/share/interpreter/linkResolver.cpp, line 773]
Event: 13.626 Thread 0x00000215c2ba2000 Exception <a 'java/lang/NoSuchMethodError'{0x0000000087cd5440}: 'void java.lang.invoke.DirectMethodHandle$Holder.invokeStatic(java.lang.Object, java.lang.Object, java.lang.Object, java.lang.Object, java.lang.Object, java.lang.Object, java.lang.Object)'> (0x0000000087cd5440) thrown at [./src/hotspot/share/interpreter/linkResolver.cpp, line 773]
Event: 13.639 Thread 0x00000215c1ca4000 Exception <a 'java/lang/NoSuchMethodError'{0x0000000087afbf68}: <clinit>> (0x0000000087afbf68) thrown at [./src/hotspot/share/prims/jni.cpp, line 1362]
Event: 13.646 Thread 0x00000215c2ba2000 Exception <a 'sun/nio/fs/WindowsException'{0x0000000087916570}> (0x0000000087916570) thrown at [./src/hotspot/share/prims/jni.cpp, line 615]
Event: 13.646 Thread 0x00000215c2ba2000 Exception <a 'sun/nio/fs/WindowsException'{0x0000000087917418}> (0x0000000087917418) thrown at [./src/hotspot/share/prims/jni.cpp, line 615]
Event: 13.680 Thread 0x00000215c7e3f000 Exception <a 'sun/nio/fs/WindowsException'{0x00000000877398f0}> (0x00000000877398f0) thrown at [./src/hotspot/share/prims/jni.cpp, line 615]
Event: 13.980 Thread 0x00000215c7e3d000 Exception <a 'java/lang/NoSuchMethodError'{0x0000000087128278}: 'void java.lang.invoke.DirectMethodHandle$Holder.invokeStatic(java.lang.Object, java.lang.Object, java.lang.Object, java.lang.Object, int, java.lang.Object, java.lang.Object)'> (0x0000000087128278) thrown at [./src/hotspot/share/interpreter/linkResolver.cpp, line 773]
Event: 14.006 Thread 0x00000215c2b94000 Exception <a 'java/lang/NoSuchMethodError'{0x0000000086cd0df0}: 'java.lang.Object java.lang.invoke.DirectMethodHandle$Holder.invokeSpecialIFC(java.lang.Object, java.lang.Object, java.lang.Object)'> (0x0000000086cd0df0) thrown at [./src/hotspot/share/interpreter/linkResolver.cpp, line 773]
Event: 14.006 Thread 0x00000215c2d2a800 Exception <a 'java/lang/NoSuchMethodError'{0x0000000086b126d0}: 'java.lang.Object java.lang.invoke.DirectMethodHandle$Holder.invokeSpecialIFC(java.lang.Object, java.lang.Object, java.lang.Object)'> (0x0000000086b126d0) thrown at [./src/hotspot/share/interpreter/linkResolver.cpp, line 773]
Event: 14.006 Thread 0x00000215c2757000 Exception <a 'java/lang/NoSuchMethodError'{0x0000000086cedb28}: 'java.lang.Object java.lang.invoke.DirectMethodHandle$Holder.invokeSpecialIFC(java.lang.Object, java.lang.Object, java.lang.Object)'> (0x0000000086cedb28) thrown at [./src/hotspot/share/interpreter/linkResolver.cpp, line 773]
Event: 14.006 Thread 0x00000215c2757800 Exception <a 'java/lang/NoSuchMethodError'{0x0000000086b06b98}: 'java.lang.Object java.lang.invoke.DirectMethodHandle$Holder.invokeSpecialIFC(java.lang.Object, java.lang.Object, java.lang.Object)'> (0x0000000086b06b98) thrown at [./src/hotspot/share/interpreter/linkResolver.cpp, line 773]
Event: 14.006 Thread 0x00000215c2b93000 Exception <a 'java/lang/NoSuchMethodError'{0x0000000086cf77d0}: 'java.lang.Object java.lang.invoke.DirectMethodHandle$Holder.invokeSpecialIFC(java.lang.Object, java.lang.Object, java.lang.Object)'> (0x0000000086cf77d0) thrown at [./src/hotspot/share/interpreter/linkResolver.cpp, line 773]
Event: 14.006 Thread 0x00000215c275b800 Exception <a 'java/lang/NoSuchMethodError'{0x0000000086cc3e68}: 'java.lang.Object java.lang.invoke.DirectMethodHandle$Holder.invokeSpecialIFC(java.lang.Object, java.lang.Object, java.lang.Object)'> (0x0000000086cc3e68) thrown at [./src/hotspot/share/interpreter/linkResolver.cpp, line 773]
Event: 14.085 Thread 0x00000215c2757800 Exception <a 'java/lang/NoSuchMethodError'{0x000000008693d560}: 'int java.lang.invoke.DirectMethodHandle$Holder.invokeStaticInit(java.lang.Object, java.lang.Object, java.lang.Object, java.lang.Object, java.lang.Object)'> (0x000000008693d560) thrown at [./src/hotspot/share/interpreter/linkResolver.cpp, line 773]
Event: 14.956 Thread 0x00000215c7e3d000 Exception <a 'java/lang/NoSuchMethodError'{0x00000000870b4538}: <clinit>> (0x00000000870b4538) thrown at [./src/hotspot/share/prims/jni.cpp, line 1362]

Events (20 events):
Event: 22.843 loading class com/android/resources/WideGamutColor
Event: 22.843 loading class com/android/resources/WideGamutColor done
Event: 22.843 loading class com/android/resources/HighDynamicRange
Event: 22.843 loading class com/android/resources/HighDynamicRange done
Event: 22.843 loading class com/android/resources/ScreenOrientation
Event: 22.843 loading class com/android/resources/ScreenOrientation done
Event: 22.844 loading class com/android/resources/UiMode
Event: 22.844 loading class com/android/resources/UiMode done
Event: 22.844 loading class com/android/resources/NightMode
Event: 22.844 loading class com/android/resources/NightMode done
Event: 22.844 loading class com/android/resources/TouchScreen
Event: 22.844 loading class com/android/resources/TouchScreen done
Event: 22.844 loading class com/android/resources/KeyboardState
Event: 22.844 loading class com/android/resources/KeyboardState done
Event: 22.845 loading class com/android/resources/Keyboard
Event: 22.845 loading class com/android/resources/Keyboard done
Event: 22.845 loading class com/android/resources/NavigationState
Event: 22.845 loading class com/android/resources/NavigationState done
Event: 22.845 loading class com/android/resources/Navigation
Event: 22.845 loading class com/android/resources/Navigation done


Dynamic libraries:
0x00007ff6d89f0000 - 0x00007ff6d89fa000 	D:\안드로이드 스튜디오\jre\bin\java.exe
0x00007ffee79e0000 - 0x00007ffee7be9000 	C:\WINDOWS\SYSTEM32\ntdll.dll
0x00007ffee6600000 - 0x00007ffee66be000 	C:\WINDOWS\System32\KERNEL32.DLL
0x00007ffee4e70000 - 0x00007ffee51f4000 	C:\WINDOWS\System32\KERNELBASE.dll
0x00007ffee5710000 - 0x00007ffee5821000 	C:\WINDOWS\System32\ucrtbase.dll
0x00007ffec5960000 - 0x00007ffec5977000 	D:\안드로이드 스튜디오\jre\bin\VCRUNTIME140.dll
0x00007ffec5a60000 - 0x00007ffec5a79000 	D:\안드로이드 스튜디오\jre\bin\jli.dll
0x00007ffee6860000 - 0x00007ffee6a0d000 	C:\WINDOWS\System32\USER32.dll
0x00007ffee5500000 - 0x00007ffee5526000 	C:\WINDOWS\System32\win32u.dll
0x00007ffee6ac0000 - 0x00007ffee6aea000 	C:\WINDOWS\System32\GDI32.dll
0x00007ffee5370000 - 0x00007ffee548f000 	C:\WINDOWS\System32\gdi32full.dll
0x00007ffed6590000 - 0x00007ffed6835000 	C:\WINDOWS\WinSxS\amd64_microsoft.windows.common-controls_6595b64144ccf1df_6.0.22000.120_none_9d947278b86cc467\COMCTL32.dll
0x00007ffee55f0000 - 0x00007ffee568d000 	C:\WINDOWS\System32\msvcp_win.dll
0x00007ffee6740000 - 0x00007ffee67e3000 	C:\WINDOWS\System32\msvcrt.dll
0x00007ffee6af0000 - 0x00007ffee6b21000 	C:\WINDOWS\System32\IMM32.DLL
0x00007ffeae920000 - 0x00007ffeae9bd000 	D:\안드로이드 스튜디오\jre\bin\msvcp140.dll
0x00007ffe63fd0000 - 0x00007ffe64aa5000 	D:\안드로이드 스튜디오\jre\bin\server\jvm.dll
0x00007ffee6b40000 - 0x00007ffee6bef000 	C:\WINDOWS\System32\ADVAPI32.dll
0x00007ffee6530000 - 0x00007ffee65ce000 	C:\WINDOWS\System32\sechost.dll
0x00007ffee5ad0000 - 0x00007ffee5bf1000 	C:\WINDOWS\System32\RPCRT4.dll
0x00007ffee65d0000 - 0x00007ffee65d8000 	C:\WINDOWS\System32\PSAPI.DLL
0x00007ffed3e30000 - 0x00007ffed3e39000 	C:\WINDOWS\SYSTEM32\WSOCK32.dll
0x00007ffedd1f0000 - 0x00007ffedd1fa000 	C:\WINDOWS\SYSTEM32\VERSION.dll
0x00007ffedd780000 - 0x00007ffedd7b3000 	C:\WINDOWS\SYSTEM32\WINMM.dll
0x00007ffee7930000 - 0x00007ffee799f000 	C:\WINDOWS\System32\WS2_32.dll
0x00007ffee3ee0000 - 0x00007ffee3ef8000 	C:\WINDOWS\SYSTEM32\kernel.appcore.dll
0x00007ffec5b60000 - 0x00007ffec5b71000 	D:\안드로이드 스튜디오\jre\bin\verify.dll
0x00007ffee2a70000 - 0x00007ffee2c91000 	C:\WINDOWS\SYSTEM32\DBGHELP.DLL
0x00007ffecf380000 - 0x00007ffecf3b1000 	C:\WINDOWS\SYSTEM32\dbgcore.DLL
0x00007ffee5690000 - 0x00007ffee570f000 	C:\WINDOWS\System32\bcryptPrimitives.dll
0x00007ffec4280000 - 0x00007ffec42a9000 	D:\안드로이드 스튜디오\jre\bin\java.dll
0x00007ffec5c10000 - 0x00007ffec5c1b000 	D:\안드로이드 스튜디오\jre\bin\jimage.dll
0x00007ffec5440000 - 0x00007ffec5458000 	D:\안드로이드 스튜디오\jre\bin\zip.dll
0x00007ffee7150000 - 0x00007ffee7915000 	C:\WINDOWS\System32\SHELL32.dll
0x00007ffee2e10000 - 0x00007ffee3672000 	C:\WINDOWS\SYSTEM32\windows.storage.dll
0x00007ffee5c00000 - 0x00007ffee5f76000 	C:\WINDOWS\System32\combase.dll
0x00007ffee2ca0000 - 0x00007ffee2e07000 	C:\WINDOWS\SYSTEM32\wintypes.dll
0x00007ffee59e0000 - 0x00007ffee5aca000 	C:\WINDOWS\System32\SHCORE.dll
0x00007ffee66e0000 - 0x00007ffee673d000 	C:\WINDOWS\System32\shlwapi.dll
0x00007ffee4da0000 - 0x00007ffee4dc5000 	C:\WINDOWS\SYSTEM32\profapi.dll
0x00007ffec4d30000 - 0x00007ffec4d4a000 	D:\안드로이드 스튜디오\jre\bin\net.dll
0x00007ffedd2b0000 - 0x00007ffedd3c4000 	C:\WINDOWS\SYSTEM32\WINHTTP.dll
0x00007ffee4430000 - 0x00007ffee4497000 	C:\WINDOWS\system32\mswsock.dll
0x00007ffec4760000 - 0x00007ffec4774000 	D:\안드로이드 스튜디오\jre\bin\nio.dll
0x00007ffec5aa0000 - 0x00007ffec5ac7000 	C:\Users\LG\.gradle\native\e1d6ef7f7dcc3fd88c89a11ec53ec762bb8ba0a96d01ffa2cd45eb1d1d8dd5c5\windows-amd64\native-platform.dll
0x00007ffeae9f0000 - 0x00007ffeaeb34000 	C:\Users\LG\.gradle\native\5664cfc778a61ccfe75a443a1ab52a65af34e5dc3c78e0209fed803814484fcb\windows-amd64\native-platform-file-events.dll
0x00007ffec5940000 - 0x00007ffec594a000 	D:\안드로이드 스튜디오\jre\bin\management.dll
0x00007ffec4c90000 - 0x00007ffec4c9d000 	D:\안드로이드 스튜디오\jre\bin\management_ext.dll
0x00007ffee46d0000 - 0x00007ffee46e8000 	C:\WINDOWS\SYSTEM32\CRYPTSP.dll
0x00007ffee3e40000 - 0x00007ffee3e75000 	C:\WINDOWS\system32\rsaenh.dll
0x00007ffee4570000 - 0x00007ffee459c000 	C:\WINDOWS\SYSTEM32\USERENV.dll
0x00007ffee4840000 - 0x00007ffee4867000 	C:\WINDOWS\SYSTEM32\bcrypt.dll
0x00007ffee46c0000 - 0x00007ffee46cc000 	C:\WINDOWS\SYSTEM32\CRYPTBASE.dll
0x00007ffee3a00000 - 0x00007ffee3a2d000 	C:\WINDOWS\SYSTEM32\IPHLPAPI.DLL
0x00007ffee6b30000 - 0x00007ffee6b39000 	C:\WINDOWS\System32\NSI.dll
0x00007ffedd4c0000 - 0x00007ffedd4d9000 	C:\WINDOWS\SYSTEM32\dhcpcsvc6.DLL
0x00007ffeddbb0000 - 0x00007ffeddbce000 	C:\WINDOWS\SYSTEM32\dhcpcsvc.DLL
0x00007ffee3a30000 - 0x00007ffee3b17000 	C:\WINDOWS\SYSTEM32\DNSAPI.dll

dbghelp: loaded successfully - version: 4.0.5 - missing functions: none
symbol engine: initialized successfully - sym options: 0x614 - pdb path: .;D:\안드로이드 스튜디오\jre\bin;C:\WINDOWS\SYSTEM32;C:\WINDOWS\WinSxS\amd64_microsoft.windows.common-controls_6595b64144ccf1df_6.0.22000.120_none_9d947278b86cc467;D:\안드로이드 스튜?D:\안드로이?D:\안드?D:\안?D:\안;D:\?D:\안드로이드 스튜디오\jre\bin\server;C:\Users\LG\.gradle\native\e1d6ef7f7dcc3fd88c89a11ec53ec762bb8ba0a96d01f;D:\안드로이드 스튜디오\jre\bin\server;C:\Users\LG\.gradle\native\e1d6ef7f7dcc3fd88c89a11ec53ec762bb8ba0a96d01ffa2cd45eb1d1d8dd5c5\windows-amd64;C:\Users\LG\.gradle\native\5664cfc778a61ccfe75a443a1ab52a65af34;C:\Users\LG\.gradle\native\5664cfc778a61ccfe75a443a1ab52a65af34;C:\Users\LG\.gradle\native\5664cfc778a61ccfe75a443a1ab52a65af34;C:\Users\LG\.gradle\native\5664cfc778a61ccfe75a443a1ab52a65af34

VM Arguments:
jvm_args: --add-opens=java.base/java.util=ALL-UNNAMED --add-opens=java.base/java.lang=ALL-UNNAMED --add-opens=java.base/java.lang.invoke=ALL-UNNAMED --add-opens=java.base/java.util=ALL-UNNAMED --add-opens=java.prefs/java.util.prefs=ALL-UNNAMED --add-opens=java.prefs/java.util.prefs=ALL-UNNAMED --add-opens=java.base/java.nio.charset=ALL-UNNAMED --add-opens=java.base/java.net=ALL-UNNAMED --add-opens=java.base/java.util.concurrent.atomic=ALL-UNNAMED -Xmx2048m -Dfile.encoding=UTF-8 -Duser.country=KR -Duser.language=ko -Duser.variant 
java_command: org.gradle.launcher.daemon.bootstrap.GradleDaemon 7.2
java_class_path (initial): C:\Users\LG\.gradle\wrapper\dists\gradle-7.2-bin\2dnblmf4td7x66yl1d74lt32g\gradle-7.2\lib\gradle-launcher-7.2.jar
Launcher Type: SUN_STANDARD

[Global flags]
     intx CICompilerCount                          = 4                                         {product} {ergonomic}
     uint ConcGCThreads                            = 2                                         {product} {ergonomic}
     uint G1ConcRefinementThreads                  = 8                                         {product} {ergonomic}
   size_t G1HeapRegionSize                         = 1048576                                   {product} {ergonomic}
    uintx GCDrainStackTargetSize                   = 64                                        {product} {ergonomic}
   size_t InitialHeapSize                          = 134217728                                 {product} {ergonomic}
   size_t MarkStackSize                            = 4194304                                   {product} {ergonomic}
   size_t MaxHeapSize                              = 2147483648                                {product} {command line}
   size_t MaxNewSize                               = 1287651328                                {product} {ergonomic}
   size_t MinHeapDeltaBytes                        = 1048576                                   {product} {ergonomic}
    uintx NonNMethodCodeHeapSize                   = 5836300                                {pd product} {ergonomic}
    uintx NonProfiledCodeHeapSize                  = 122910970                              {pd product} {ergonomic}
    uintx ProfiledCodeHeapSize                     = 122910970                              {pd product} {ergonomic}
    uintx ReservedCodeCacheSize                    = 251658240                              {pd product} {ergonomic}
     bool SegmentedCodeCache                       = true                                      {product} {ergonomic}
     bool UseCompressedClassPointers               = true                                 {lp64_product} {ergonomic}
     bool UseCompressedOops                        = true                                 {lp64_product} {ergonomic}
     bool UseG1GC                                  = true                                      {product} {ergonomic}
     bool UseLargePagesIndividualAllocation        = false                                  {pd product} {ergonomic}

Logging:
Log output configuration:
 #0: stdout all=warning uptime,level,tags
 #1: stderr all=off uptime,level,tags

Environment Variables:
JAVA_HOME=C:\Program Files\Java\jdk-1.8
CLASSPATH=C:\Program Files\Java\jdk-1.8\lib
PATH=C:\Program Files\Common Files\Oracle\Java\javapath;C:\Program Files\Eclipse Adoptium\jdk-8.0.382.5-hotspot\bin;C:\Program Files\Java\jdk-1.8\bin;C:\oraclexe\app\oracle\product\10.2.0\server\bin;C:\Program Files (x86)\Common Files\Oracle\Java\javapath;C:\Program Files (x86)\Intel\iCLS Client\;C:\Program Files\Intel\iCLS Client\;C:\windows\system32;C:\windows;C:\windows\System32\Wbem;C:\windows\System32\WindowsPowerShell\v1.0\;C:\Program Files (x86)\Intel\Intel(R) Management Engine Components\DAL;C:\Program Files\Intel\Intel(R) Management Engine Components\DAL;C:\Program Files (x86)\Intel\Intel(R) Management Engine Components\IPT;C:\Program Files\Intel\Intel(R) Management Engine Components\IPT;C:\Program Files\Intel\WiFi\bin\;C:\Program Files\Common Files\Intel\WirelessCommon\;C:\Program Files (x86)\NVIDIA Corporation\PhysX\Common;C:\Program Files (x86)\Skype\Phone\;C:\WINDOWS\system32;C:\WINDOWS;C:\WINDOWS\System32\Wbem;C:\WINDOWS\System32\WindowsPowerShell\v1.0\;C:\WINDOWS\System32\OpenSSH\;C:\Program Files\nodejs\;D:\openssl-0.9.8e_X64\bin;C:\ProgramData\chocolatey\bin;C:\ProgramData\chocolatey\lib\maven\apache-maven-3.9.4\bin;C:\Program Files\Git\cmd;C:\Program Files\MariaDB 10.11\bin;D:\Scripts\;D:\;C:\Users\LG\AppData\Local\Microsoft\WindowsApps;C:\Users\LG\AppData\Local\afreeca;C:\altera\13.1\modelsim_ase\win32aloem;D:\PyCharm Community Edition 2022.1.3\bin;;C:\Users\LG\AppData\Local\Programs\Microsoft VS Code\bin;C:\Users\LG\AppData\Roaming\npm;C:\Program Files\Java\jdk-1.8\bin;D:\IntelliJ IDEA Community Edition 2023.1.3\bin;;;C:\Program Files (x86)\ESTsoft\ALSee\x64
USERNAME=LG
OS=Windows_NT
PROCESSOR_IDENTIFIER=Intel64 Family 6 Model 142 Stepping 10, GenuineIntel



---------------  S Y S T E M  ---------------

OS: Windows 10 , 64 bit Build 22000 (10.0.22000.2124)
OS uptime: 0 days 1:57 hours

CPU:total 8 (initial active 8) (4 cores per cpu, 2 threads per core) family 6 model 142 stepping 10 microcode 0xe0, cmov, cx8, fxsr, mmx, sse, sse2, sse3, ssse3, sse4.1, sse4.2, popcnt, avx, avx2, aes, clmul, erms, 3dnowpref, lzcnt, ht, tsc, tscinvbit, bmi1, bmi2, adx, fma

Memory: 4k page, system-wide physical 8101M (1920M free)
TotalPageFile size 16293M (AvailPageFile size 1838M)
current process WorkingSet (physical memory assigned to process): 346M, peak: 382M
current process commit charge ("private bytes"): 386M, peak: 419M

vm_info: OpenJDK 64-Bit Server VM (11.0.11+9-b60-7590822) for windows-amd64 JRE (11.0.11+9-b60-7590822), built on Jul 29 2021 21:43:44 by "builder" with MS VC++ 14.0 (VS2015)

END.
