#
# There is insufficient memory for the Java Runtime Environment to continue.
# Native memory allocation (mmap) failed to map 32505856 bytes for Failed to commit area from 0x0000000089a00000 to 0x000000008b900000 of length 32505856.
# Possible reasons:
#   The system is out of physical RAM or swap space
#   The process is running with CompressedOops enabled, and the Java Heap may be blocking the growth of the native heap
# Possible solutions:
#   Reduce memory load on the system
#   Increase physical memory or swap space
#   Check if swap backing store is full
#   Decrease Java heap size (-Xmx/-Xms)
#   Decrease number of Java threads
#   Decrease Java thread stack sizes (-Xss)
#   Set larger code cache with -XX:ReservedCodeCacheSize=
#   JVM is running with Unscaled Compressed Oops mode in which the Java heap is
#     placed in the first 4GB address space. The Java Heap base address is the
#     maximum limit for the native heap growth. Please use -XX:HeapBaseMinAddress
#     to set the Java Heap base and to place the Java Heap above 4GB virtual address.
# This output file may be truncated or incomplete.
#
#  Out of Memory Error (./src/hotspot/os/windows/os_windows.cpp:3301), pid=33556, tid=33420
#
# JRE version: OpenJDK Runtime Environment (11.0.11+9) (build 11.0.11+9-b60-7590822)
# Java VM: OpenJDK 64-Bit Server VM (11.0.11+9-b60-7590822, mixed mode, tiered, compressed oops, g1 gc, windows-amd64)
# No core dump will be written. Minidumps are not enabled by default on client versions of Windows
#

---------------  S U M M A R Y ------------

Command Line: --add-opens=java.base/java.util=ALL-UNNAMED --add-opens=java.base/java.lang=ALL-UNNAMED --add-opens=java.base/java.lang.invoke=ALL-UNNAMED --add-opens=java.base/java.util=ALL-UNNAMED --add-opens=java.prefs/java.util.prefs=ALL-UNNAMED --add-opens=java.prefs/java.util.prefs=ALL-UNNAMED --add-opens=java.base/java.nio.charset=ALL-UNNAMED --add-opens=java.base/java.net=ALL-UNNAMED --add-opens=java.base/java.util.concurrent.atomic=ALL-UNNAMED -Xmx2048m -Dfile.encoding=UTF-8 -Duser.country=KR -Duser.language=ko -Duser.variant org.gradle.launcher.daemon.bootstrap.GradleDaemon 7.2

Host: Intel(R) Core(TM) i5-8250U CPU @ 1.60GHz, 8 cores, 7G,  Windows 10 , 64 bit Build 22000 (10.0.22000.2538)
Time: Fri Nov  3 15:13:22 2023 대한민국 표준시 elapsed time: 13.931110 seconds (0d 0h 0m 13s)

---------------  T H R E A D  ---------------

Current thread (0x0000024c7fdb2800):  VMThread "VM Thread" [stack: 0x00000052c6e00000,0x00000052c6f00000] [id=33420]

Stack: [0x00000052c6e00000,0x00000052c6f00000]
[error occurred during error reporting (printing stack bounds), id 0xc0000005, EXCEPTION_ACCESS_VIOLATION (0xc0000005) at pc=0x0000024c69430f2d]

Native frames: (J=compiled Java code, j=interpreted, Vv=VM code, C=native code)
V  [jvm.dll+0x5f214a]
V  [jvm.dll+0x726fb5]
V  [jvm.dll+0x7285cd]
V  [jvm.dll+0x728be5]
V  [jvm.dll+0x728b9b]
V  [jvm.dll+0x5f14e8]
V  [jvm.dll+0x5f1c78]
C  [ntdll.dll+0xa8cdf]
C  [ntdll.dll+0x35bea]
C  [ntdll.dll+0xa7cce]
C  0x0000024c69430f2d

VM_Operation (0x00000052cf5f9740): G1CollectForAllocation, mode: safepoint, requested by thread 0x0000024c09ba1800


---------------  P R O C E S S  ---------------

Threads class SMR info:
_java_thread_list=0x0000024c0a339800, length=132, elements={
0x0000024c65930000, 0x0000024c7fdb4800, 0x0000024c7fdb8000, 0x0000024c00856000,
0x0000024c7fdd1800, 0x0000024c7fdd5800, 0x0000024c7fdde800, 0x0000024c7fde0000,
0x0000024c7fde5800, 0x0000024c009be000, 0x0000024c05c32800, 0x0000024c0706a000,
0x0000024c05608800, 0x0000024c065d8000, 0x0000024c0629b000, 0x0000024c050e2800,
0x0000024c050e3000, 0x0000024c057cd000, 0x0000024c057ce000, 0x0000024c067d1800,
0x0000024c067d0000, 0x0000024c067d3800, 0x0000024c067d2800, 0x0000024c067cd800,
0x0000024c067ce800, 0x0000024c067cf000, 0x0000024c067d1000, 0x0000024c067d4000,
0x0000024c098d0800, 0x0000024c098d3000, 0x0000024c098d2000, 0x0000024c098d4800,
0x0000024c098db000, 0x0000024c098d7000, 0x0000024c098dc000, 0x0000024c098d8000,
0x0000024c098d6000, 0x0000024c098dd800, 0x0000024c098d8800, 0x0000024c098d9800,
0x0000024c098dd000, 0x0000024c098da800, 0x0000024c07486800, 0x0000024c0748a000,
0x0000024c07487800, 0x0000024c07485000, 0x0000024c0748a800, 0x0000024c07488000,
0x0000024c0748b800, 0x0000024c07489000, 0x0000024c07485800, 0x0000024c0748f800,
0x0000024c0748d000, 0x0000024c0748e000, 0x0000024c0748e800, 0x0000024c07490800,
0x0000024c07491000, 0x0000024c07492000, 0x0000024c0748c000, 0x0000024c07492800,
0x0000024c07493800, 0x0000024c09fa3000, 0x0000024c09f9f000, 0x0000024c09fa1800,
0x0000024c09f9e000, 0x0000024c09f9f800, 0x0000024c09fa0800, 0x0000024c09f9d000,
0x0000024c09fa2000, 0x0000024c09fa3800, 0x0000024c09fa6000, 0x0000024c09fa7000,
0x0000024c09faa800, 0x0000024c09fa8000, 0x0000024c09fa5800, 0x0000024c09fa8800,
0x0000024c09fa9800, 0x0000024c09fa4800, 0x0000024c09fab000, 0x0000024c09fac000,
0x0000024c098df000, 0x0000024c098e4800, 0x0000024c098df800, 0x0000024c098e0800,
0x0000024c098e5800, 0x0000024c098e6000, 0x0000024c098e7000, 0x0000024c098e1800,
0x0000024c098e8000, 0x0000024c098e2000, 0x0000024c098e3000, 0x0000024c098e8800,
0x0000024c098e9800, 0x0000024c098e4000, 0x0000024c098ea800, 0x0000024c098ec000,
0x0000024c098ed000, 0x0000024c098ed800, 0x0000024c098eb000, 0x0000024c09e9d000,
0x0000024c09e9c000, 0x0000024c09e9e800, 0x0000024c09e9d800, 0x0000024c09e9b000,
0x0000024c09e9a800, 0x0000024c09e98800, 0x0000024c09e9f000, 0x0000024c09e99800,
0x0000024c09ea1800, 0x0000024c09ea2800, 0x0000024c09ea4000, 0x0000024c09ea6000,
0x0000024c09ea5000, 0x0000024c09ea0000, 0x0000024c09ea6800, 0x0000024c09ea3800,
0x0000024c09ea1000, 0x0000024c09ea7800, 0x0000024c09b9f800, 0x0000024c09b9e000,
0x0000024c09ba4800, 0x0000024c09b9f000, 0x0000024c09ba0800, 0x0000024c09ba3000,
0x0000024c09ba4000, 0x0000024c09ba1800, 0x0000024c09ba6000, 0x0000024c09ba7000,
0x0000024c09ba8000, 0x0000024c09ba2000, 0x0000024c09bac000, 0x0000024c09ba8800
}

Java Threads: ( => current thread )
  0x0000024c65930000 JavaThread "main" [_thread_blocked, id=30524, stack(0x00000052c6800000,0x00000052c6900000)]
  0x0000024c7fdb4800 JavaThread "Reference Handler" daemon [_thread_blocked, id=33424, stack(0x00000052c6f00000,0x00000052c7000000)]
  0x0000024c7fdb8000 JavaThread "Finalizer" daemon [_thread_blocked, id=33416, stack(0x00000052c7000000,0x00000052c7100000)]
  0x0000024c00856000 JavaThread "Signal Dispatcher" daemon [_thread_blocked, id=30292, stack(0x00000052c7100000,0x00000052c7200000)]
  0x0000024c7fdd1800 JavaThread "Attach Listener" daemon [_thread_blocked, id=33244, stack(0x00000052c7200000,0x00000052c7300000)]
  0x0000024c7fdd5800 JavaThread "Service Thread" daemon [_thread_blocked, id=33236, stack(0x00000052c7300000,0x00000052c7400000)]
  0x0000024c7fdde800 JavaThread "C2 CompilerThread0" daemon [_thread_blocked, id=33248, stack(0x00000052c7400000,0x00000052c7500000)]
  0x0000024c7fde0000 JavaThread "C1 CompilerThread0" daemon [_thread_blocked, id=33448, stack(0x00000052c7500000,0x00000052c7600000)]
  0x0000024c7fde5800 JavaThread "Sweeper thread" daemon [_thread_blocked, id=33444, stack(0x00000052c7600000,0x00000052c7700000)]
  0x0000024c009be000 JavaThread "Common-Cleaner" daemon [_thread_blocked, id=4516, stack(0x00000052c7700000,0x00000052c7800000)]
  0x0000024c05c32800 JavaThread "Daemon health stats" [_thread_blocked, id=33108, stack(0x00000052c7d00000,0x00000052c7e00000)]
  0x0000024c0706a000 JavaThread "Incoming local TCP Connector on port 3690" [_thread_in_native, id=33604, stack(0x00000052c7900000,0x00000052c7a00000)]
  0x0000024c05608800 JavaThread "Daemon periodic checks" [_thread_blocked, id=33240, stack(0x00000052c7c00000,0x00000052c7d00000)]
  0x0000024c065d8000 JavaThread "Daemon" [_thread_blocked, id=8004, stack(0x00000052c7e00000,0x00000052c7f00000)]
  0x0000024c0629b000 JavaThread "Handler for socket connection from /127.0.0.1:3690 to /127.0.0.1:3691" [_thread_in_native, id=11688, stack(0x00000052c7f00000,0x00000052c8000000)]
  0x0000024c050e2800 JavaThread "Cancel handler" [_thread_blocked, id=3752, stack(0x00000052c8000000,0x00000052c8100000)]
  0x0000024c050e3000 JavaThread "Daemon worker" [_thread_blocked, id=31156, stack(0x00000052c8100000,0x00000052c8200000)]
  0x0000024c057cd000 JavaThread "Asynchronous log dispatcher for DefaultDaemonConnection: socket connection from /127.0.0.1:3690 to /127.0.0.1:3691" [_thread_blocked, id=20620, stack(0x00000052c8200000,0x00000052c8300000)]
  0x0000024c057ce000 JavaThread "Stdin handler" [_thread_blocked, id=30832, stack(0x00000052c8300000,0x00000052c8400000)]
  0x0000024c067d1800 JavaThread "Daemon client event forwarder" [_thread_blocked, id=26512, stack(0x00000052c8400000,0x00000052c8500000)]
  0x0000024c067d0000 JavaThread "Cache worker for journal cache (C:\Users\LG\.gradle\caches\journal-1)" [_thread_blocked, id=3324, stack(0x00000052c8b00000,0x00000052c8c00000)]
  0x0000024c067d3800 JavaThread "File lock request listener" [_thread_in_native, id=25824, stack(0x00000052c8c00000,0x00000052c8d00000)]
  0x0000024c067d2800 JavaThread "Cache worker for file hash cache (C:\Users\LG\.gradle\caches\7.2\fileHashes)" [_thread_blocked, id=31944, stack(0x00000052c8d00000,0x00000052c8e00000)]
  0x0000024c067cd800 JavaThread "Cache worker for file hash cache (D:\project\MyApplication_login_test\.gradle\7.2\fileHashes)" [_thread_blocked, id=17076, stack(0x00000052c8f00000,0x00000052c9000000)]
  0x0000024c067ce800 JavaThread "File watcher server" daemon [_thread_blocked, id=33208, stack(0x00000052c9000000,0x00000052c9100000)]
  0x0000024c067cf000 JavaThread "File watcher consumer" daemon [_thread_blocked, id=33204, stack(0x00000052c9100000,0x00000052c9200000)]
  0x0000024c067d1000 JavaThread "Cache worker for checksums cache (D:\project\MyApplication_login_test\.gradle\checksums)" [_thread_blocked, id=32772, stack(0x00000052c9200000,0x00000052c9300000)]
  0x0000024c067d4000 JavaThread "Cache worker for cache directory md-supplier (C:\Users\LG\.gradle\caches\7.2\md-supplier)" [_thread_blocked, id=29564, stack(0x00000052c9300000,0x00000052c9400000)]
  0x0000024c098d0800 JavaThread "Cache worker for cache directory md-rule (C:\Users\LG\.gradle\caches\7.2\md-rule)" [_thread_blocked, id=33620, stack(0x00000052c9400000,0x00000052c9500000)]
  0x0000024c098d3000 JavaThread "Cache worker for execution history cache (C:\Users\LG\.gradle\caches\7.2\executionHistory)" [_thread_blocked, id=32820, stack(0x00000052c9500000,0x00000052c9600000)]
  0x0000024c098d2000 JavaThread "jar transforms" [_thread_blocked, id=33104, stack(0x00000052c9600000,0x00000052c9700000)]
  0x0000024c098d4800 JavaThread "Cache worker for file content cache (C:\Users\LG\.gradle\caches\7.2\fileContent)" [_thread_blocked, id=33232, stack(0x00000052c9700000,0x00000052c9800000)]
  0x0000024c098db000 JavaThread "jar transforms Thread 2" [_thread_blocked, id=32780, stack(0x00000052c9800000,0x00000052c9900000)]
  0x0000024c098d7000 JavaThread "Cache worker for dependencies-accessors (D:\project\MyApplication_login_test\.gradle\7.2\dependencies-accessors)" [_thread_blocked, id=32776, stack(0x00000052c9900000,0x00000052c9a00000)]
  0x0000024c098dc000 JavaThread "jar transforms Thread 3" [_thread_blocked, id=32832, stack(0x00000052c9a00000,0x00000052c9b00000)]
  0x0000024c098d8000 JavaThread "Cache worker for Build Output Cleanup Cache (D:\project\MyApplication_login_test\.gradle\buildOutputCleanup)" [_thread_blocked, id=32192, stack(0x00000052c9b00000,0x00000052c9c00000)]
  0x0000024c098d6000 JavaThread "Unconstrained build operations" [_thread_blocked, id=26472, stack(0x00000052c9c00000,0x00000052c9d00000)]
  0x0000024c098dd800 JavaThread "Unconstrained build operations Thread 2" [_thread_blocked, id=31956, stack(0x00000052c9d00000,0x00000052c9e00000)]
  0x0000024c098d8800 JavaThread "Unconstrained build operations Thread 3" [_thread_blocked, id=32872, stack(0x00000052c9e00000,0x00000052c9f00000)]
  0x0000024c098d9800 JavaThread "Unconstrained build operations Thread 4" [_thread_blocked, id=30312, stack(0x00000052c9f00000,0x00000052ca000000)]
  0x0000024c098dd000 JavaThread "Unconstrained build operations Thread 5" [_thread_blocked, id=14024, stack(0x00000052ca000000,0x00000052ca100000)]
  0x0000024c098da800 JavaThread "Unconstrained build operations Thread 6" [_thread_blocked, id=25420, stack(0x00000052ca100000,0x00000052ca200000)]
  0x0000024c07486800 JavaThread "Unconstrained build operations Thread 7" [_thread_blocked, id=32660, stack(0x00000052ca200000,0x00000052ca300000)]
  0x0000024c0748a000 JavaThread "Unconstrained build operations Thread 8" [_thread_blocked, id=7604, stack(0x00000052ca300000,0x00000052ca400000)]
  0x0000024c07487800 JavaThread "Unconstrained build operations Thread 9" [_thread_blocked, id=33432, stack(0x00000052ca400000,0x00000052ca500000)]
  0x0000024c07485000 JavaThread "Unconstrained build operations Thread 10" [_thread_blocked, id=32136, stack(0x00000052ca500000,0x00000052ca600000)]
  0x0000024c0748a800 JavaThread "Unconstrained build operations Thread 11" [_thread_blocked, id=32900, stack(0x00000052ca600000,0x00000052ca700000)]
  0x0000024c07488000 JavaThread "Unconstrained build operations Thread 12" [_thread_blocked, id=32896, stack(0x00000052ca700000,0x00000052ca800000)]
  0x0000024c0748b800 JavaThread "Unconstrained build operations Thread 13" [_thread_blocked, id=32916, stack(0x00000052ca800000,0x00000052ca900000)]
  0x0000024c07489000 JavaThread "Unconstrained build operations Thread 14" [_thread_blocked, id=32936, stack(0x00000052ca900000,0x00000052caa00000)]
  0x0000024c07485800 JavaThread "Unconstrained build operations Thread 15" [_thread_blocked, id=32964, stack(0x00000052caa00000,0x00000052cab00000)]
  0x0000024c0748f800 JavaThread "Unconstrained build operations Thread 16" [_thread_blocked, id=32924, stack(0x00000052cab00000,0x00000052cac00000)]
  0x0000024c0748d000 JavaThread "Unconstrained build operations Thread 17" [_thread_blocked, id=32976, stack(0x00000052cac00000,0x00000052cad00000)]
  0x0000024c0748e000 JavaThread "Unconstrained build operations Thread 18" [_thread_blocked, id=32988, stack(0x00000052cad00000,0x00000052cae00000)]
  0x0000024c0748e800 JavaThread "Unconstrained build operations Thread 19" [_thread_blocked, id=32972, stack(0x00000052cae00000,0x00000052caf00000)]
  0x0000024c07490800 JavaThread "Unconstrained build operations Thread 20" [_thread_blocked, id=32968, stack(0x00000052caf00000,0x00000052cb000000)]
  0x0000024c07491000 JavaThread "Unconstrained build operations Thread 21" [_thread_blocked, id=30556, stack(0x00000052cb000000,0x00000052cb100000)]
  0x0000024c07492000 JavaThread "Unconstrained build operations Thread 22" [_thread_blocked, id=33036, stack(0x00000052cb100000,0x00000052cb200000)]
  0x0000024c0748c000 JavaThread "Unconstrained build operations Thread 23" [_thread_blocked, id=33020, stack(0x00000052cb200000,0x00000052cb300000)]
  0x0000024c07492800 JavaThread "Unconstrained build operations Thread 24" [_thread_blocked, id=32952, stack(0x00000052cb300000,0x00000052cb400000)]
  0x0000024c07493800 JavaThread "Unconstrained build operations Thread 25" [_thread_blocked, id=32856, stack(0x00000052cb400000,0x00000052cb500000)]
  0x0000024c09fa3000 JavaThread "Unconstrained build operations Thread 26" [_thread_blocked, id=22024, stack(0x00000052cb500000,0x00000052cb600000)]
  0x0000024c09f9f000 JavaThread "Unconstrained build operations Thread 27" [_thread_blocked, id=32992, stack(0x00000052cb600000,0x00000052cb700000)]
  0x0000024c09fa1800 JavaThread "Unconstrained build operations Thread 28" [_thread_blocked, id=33032, stack(0x00000052cb700000,0x00000052cb800000)]
  0x0000024c09f9e000 JavaThread "Unconstrained build operations Thread 29" [_thread_blocked, id=31404, stack(0x00000052cb800000,0x00000052cb900000)]
  0x0000024c09f9f800 JavaThread "Unconstrained build operations Thread 30" [_thread_blocked, id=8616, stack(0x00000052cb900000,0x00000052cba00000)]
  0x0000024c09fa0800 JavaThread "Unconstrained build operations Thread 31" [_thread_blocked, id=29124, stack(0x00000052cba00000,0x00000052cbb00000)]
  0x0000024c09f9d000 JavaThread "Unconstrained build operations Thread 32" [_thread_blocked, id=32368, stack(0x00000052cbb00000,0x00000052cbc00000)]
  0x0000024c09fa2000 JavaThread "Unconstrained build operations Thread 33" [_thread_blocked, id=33056, stack(0x00000052cbc00000,0x00000052cbd00000)]
  0x0000024c09fa3800 JavaThread "Unconstrained build operations Thread 34" [_thread_blocked, id=30968, stack(0x00000052cbd00000,0x00000052cbe00000)]
  0x0000024c09fa6000 JavaThread "Unconstrained build operations Thread 35" [_thread_blocked, id=33052, stack(0x00000052cbe00000,0x00000052cbf00000)]
  0x0000024c09fa7000 JavaThread "Unconstrained build operations Thread 36" [_thread_blocked, id=32812, stack(0x00000052cbf00000,0x00000052cc000000)]
  0x0000024c09faa800 JavaThread "Unconstrained build operations Thread 37" [_thread_blocked, id=6136, stack(0x00000052cc000000,0x00000052cc100000)]
  0x0000024c09fa8000 JavaThread "Unconstrained build operations Thread 38" [_thread_blocked, id=21128, stack(0x00000052cc100000,0x00000052cc200000)]
  0x0000024c09fa5800 JavaThread "Unconstrained build operations Thread 39" [_thread_blocked, id=31836, stack(0x00000052cc200000,0x00000052cc300000)]
  0x0000024c09fa8800 JavaThread "Unconstrained build operations Thread 40" [_thread_blocked, id=32984, stack(0x00000052cc300000,0x00000052cc400000)]
  0x0000024c09fa9800 JavaThread "Unconstrained build operations Thread 41" [_thread_blocked, id=30860, stack(0x00000052cc400000,0x00000052cc500000)]
  0x0000024c09fa4800 JavaThread "Unconstrained build operations Thread 42" [_thread_blocked, id=32904, stack(0x00000052cc500000,0x00000052cc600000)]
  0x0000024c09fab000 JavaThread "Unconstrained build operations Thread 43" [_thread_blocked, id=33436, stack(0x00000052cc600000,0x00000052cc700000)]
  0x0000024c09fac000 JavaThread "Unconstrained build operations Thread 44" [_thread_blocked, id=33220, stack(0x00000052cc700000,0x00000052cc800000)]
  0x0000024c098df000 JavaThread "Unconstrained build operations Thread 45" [_thread_blocked, id=31000, stack(0x00000052cc800000,0x00000052cc900000)]
  0x0000024c098e4800 JavaThread "Unconstrained build operations Thread 46" [_thread_blocked, id=32844, stack(0x00000052cc900000,0x00000052cca00000)]
  0x0000024c098df800 JavaThread "Unconstrained build operations Thread 47" [_thread_blocked, id=32008, stack(0x00000052cca00000,0x00000052ccb00000)]
  0x0000024c098e0800 JavaThread "Unconstrained build operations Thread 48" [_thread_blocked, id=28528, stack(0x00000052ccb00000,0x00000052ccc00000)]
  0x0000024c098e5800 JavaThread "Unconstrained build operations Thread 49" [_thread_blocked, id=28520, stack(0x00000052ccc00000,0x00000052ccd00000)]
  0x0000024c098e6000 JavaThread "Unconstrained build operations Thread 50" [_thread_blocked, id=5084, stack(0x00000052ccd00000,0x00000052cce00000)]
  0x0000024c098e7000 JavaThread "Unconstrained build operations Thread 51" [_thread_blocked, id=28692, stack(0x00000052cce00000,0x00000052ccf00000)]
  0x0000024c098e1800 JavaThread "Unconstrained build operations Thread 52" [_thread_blocked, id=28524, stack(0x00000052ccf00000,0x00000052cd000000)]
  0x0000024c098e8000 JavaThread "Unconstrained build operations Thread 53" [_thread_blocked, id=33144, stack(0x00000052cd000000,0x00000052cd100000)]
  0x0000024c098e2000 JavaThread "Unconstrained build operations Thread 54" [_thread_blocked, id=31392, stack(0x00000052cd100000,0x00000052cd200000)]
  0x0000024c098e3000 JavaThread "Unconstrained build operations Thread 55" [_thread_blocked, id=33412, stack(0x00000052cd200000,0x00000052cd300000)]
  0x0000024c098e8800 JavaThread "Unconstrained build operations Thread 56" [_thread_blocked, id=32256, stack(0x00000052cd300000,0x00000052cd400000)]
  0x0000024c098e9800 JavaThread "Unconstrained build operations Thread 57" [_thread_blocked, id=33364, stack(0x00000052cd400000,0x00000052cd500000)]
  0x0000024c098e4000 JavaThread "Unconstrained build operations Thread 58" [_thread_blocked, id=33368, stack(0x00000052cd500000,0x00000052cd600000)]
  0x0000024c098ea800 JavaThread "Unconstrained build operations Thread 59" [_thread_blocked, id=31668, stack(0x00000052cd600000,0x00000052cd700000)]
  0x0000024c098ec000 JavaThread "Unconstrained build operations Thread 60" [_thread_blocked, id=33064, stack(0x00000052cd700000,0x00000052cd800000)]
  0x0000024c098ed000 JavaThread "Unconstrained build operations Thread 61" [_thread_blocked, id=33500, stack(0x00000052cd800000,0x00000052cd900000)]
  0x0000024c098ed800 JavaThread "Unconstrained build operations Thread 62" [_thread_blocked, id=33496, stack(0x00000052cd900000,0x00000052cda00000)]
  0x0000024c098eb000 JavaThread "Unconstrained build operations Thread 63" [_thread_blocked, id=33488, stack(0x00000052cda00000,0x00000052cdb00000)]
  0x0000024c09e9d000 JavaThread "Unconstrained build operations Thread 64" [_thread_blocked, id=33372, stack(0x00000052cdb00000,0x00000052cdc00000)]
  0x0000024c09e9c000 JavaThread "Unconstrained build operations Thread 65" [_thread_blocked, id=27672, stack(0x00000052cdc00000,0x00000052cdd00000)]
  0x0000024c09e9e800 JavaThread "Unconstrained build operations Thread 66" [_thread_blocked, id=20048, stack(0x00000052cdd00000,0x00000052cde00000)]
  0x0000024c09e9d800 JavaThread "Unconstrained build operations Thread 67" [_thread_blocked, id=33068, stack(0x00000052cde00000,0x00000052cdf00000)]
  0x0000024c09e9b000 JavaThread "Unconstrained build operations Thread 68" [_thread_blocked, id=33612, stack(0x00000052cdf00000,0x00000052ce000000)]
  0x0000024c09e9a800 JavaThread "Unconstrained build operations Thread 69" [_thread_blocked, id=14728, stack(0x00000052ce000000,0x00000052ce100000)]
  0x0000024c09e98800 JavaThread "Unconstrained build operations Thread 70" [_thread_blocked, id=2724, stack(0x00000052ce100000,0x00000052ce200000)]
  0x0000024c09e9f000 JavaThread "Unconstrained build operations Thread 71" [_thread_blocked, id=33140, stack(0x00000052ce200000,0x00000052ce300000)]
  0x0000024c09e99800 JavaThread "Unconstrained build operations Thread 72" [_thread_blocked, id=9244, stack(0x00000052ce300000,0x00000052ce400000)]
  0x0000024c09ea1800 JavaThread "Unconstrained build operations Thread 73" [_thread_blocked, id=13464, stack(0x00000052ce400000,0x00000052ce500000)]
  0x0000024c09ea2800 JavaThread "Unconstrained build operations Thread 74" [_thread_blocked, id=33356, stack(0x00000052ce500000,0x00000052ce600000)]
  0x0000024c09ea4000 JavaThread "Unconstrained build operations Thread 75" [_thread_blocked, id=33616, stack(0x00000052ce600000,0x00000052ce700000)]
  0x0000024c09ea6000 JavaThread "Unconstrained build operations Thread 76" [_thread_blocked, id=13984, stack(0x00000052ce700000,0x00000052ce800000)]
  0x0000024c09ea5000 JavaThread "Unconstrained build operations Thread 77" [_thread_blocked, id=33084, stack(0x00000052ce800000,0x00000052ce900000)]
  0x0000024c09ea0000 JavaThread "Unconstrained build operations Thread 78" [_thread_blocked, id=27340, stack(0x00000052ce900000,0x00000052cea00000)]
  0x0000024c09ea6800 JavaThread "Unconstrained build operations Thread 79" [_thread_blocked, id=26340, stack(0x00000052cea00000,0x00000052ceb00000)]
  0x0000024c09ea3800 JavaThread "Unconstrained build operations Thread 80" [_thread_blocked, id=33196, stack(0x00000052ceb00000,0x00000052cec00000)]
  0x0000024c09ea1000 JavaThread "jar transforms Thread 4" [_thread_blocked, id=33192, stack(0x00000052cec00000,0x00000052ced00000)]
  0x0000024c09ea7800 JavaThread "jar transforms Thread 5" [_thread_blocked, id=33180, stack(0x00000052ced00000,0x00000052cee00000)]
  0x0000024c09b9f800 JavaThread "jar transforms Thread 6" [_thread_blocked, id=33088, stack(0x00000052cee00000,0x00000052cef00000)]
  0x0000024c09b9e000 JavaThread "jar transforms Thread 7" [_thread_blocked, id=33200, stack(0x00000052cef00000,0x00000052cf000000)]
  0x0000024c09ba4800 JavaThread "jar transforms Thread 8" [_thread_blocked, id=32864, stack(0x00000052cf000000,0x00000052cf100000)]
  0x0000024c09b9f000 JavaThread "Memory manager" [_thread_blocked, id=33044, stack(0x00000052cf100000,0x00000052cf200000)]
  0x0000024c09ba0800 JavaThread "build event listener" [_thread_blocked, id=22232, stack(0x00000052cf200000,0x00000052cf300000)]
  0x0000024c09ba3000 JavaThread "Execution worker for ':'" [_thread_blocked, id=28312, stack(0x00000052cf300000,0x00000052cf400000)]
  0x0000024c09ba4000 JavaThread "Execution worker for ':' Thread 2" [_thread_blocked, id=1628, stack(0x00000052cf400000,0x00000052cf500000)]
  0x0000024c09ba1800 JavaThread "Execution worker for ':' Thread 3" [_thread_blocked, id=29292, stack(0x00000052cf500000,0x00000052cf600000)]
  0x0000024c09ba6000 JavaThread "Execution worker for ':' Thread 4" [_thread_blocked, id=18836, stack(0x00000052cf600000,0x00000052cf700000)]
  0x0000024c09ba7000 JavaThread "Execution worker for ':' Thread 5" [_thread_blocked, id=18864, stack(0x00000052cf700000,0x00000052cf800000)]
  0x0000024c09ba8000 JavaThread "Execution worker for ':' Thread 6" [_thread_blocked, id=28812, stack(0x00000052cf800000,0x00000052cf900000)]
  0x0000024c09ba2000 JavaThread "Execution worker for ':' Thread 7" [_thread_blocked, id=32636, stack(0x00000052cf900000,0x00000052cfa00000)]
  0x0000024c09bac000 JavaThread "Cache worker for execution history cache (D:\project\MyApplication_login_test\.gradle\7.2\executionHistory)" [_thread_blocked, id=20556, stack(0x00000052cfa00000,0x00000052cfb00000)]
  0x0000024c09ba8800 JavaThread "WorkerExecutor Queue" [_thread_blocked, id=29104, stack(0x00000052cfb00000,0x00000052cfc00000)]

Other Threads:
=>0x0000024c7fdb2800 VMThread "VM Thread" [stack: 0x00000052c6e00000,0x00000052c6f00000] [id=33420]
  0x0000024c009cd000 WatcherThread [stack: 0x00000052c7800000,0x00000052c7900000] [id=31912]
  0x0000024c6594b800 GCTaskThread "GC Thread#0" [stack: 0x00000052c6900000,0x00000052c6a00000] [id=33164]
  0x0000024c04ebb000 GCTaskThread "GC Thread#1" [stack: 0x00000052c7a00000,0x00000052c7b00000] [id=32632]
  0x0000024c04ea9800 GCTaskThread "GC Thread#2" [stack: 0x00000052c7b00000,0x00000052c7c00000] [id=17868]
  0x0000024c057ac800 GCTaskThread "GC Thread#3" [stack: 0x00000052c8600000,0x00000052c8700000] [id=26224]
  0x0000024c065e7800 GCTaskThread "GC Thread#4" [stack: 0x00000052c8700000,0x00000052c8800000] [id=17568]
  0x0000024c06a85800 GCTaskThread "GC Thread#5" [stack: 0x00000052c8800000,0x00000052c8900000] [id=29244]
  0x0000024c06a86000 GCTaskThread "GC Thread#6" [stack: 0x00000052c8900000,0x00000052c8a00000] [id=23036]
  0x0000024c071fe800 GCTaskThread "GC Thread#7" [stack: 0x00000052c8a00000,0x00000052c8b00000] [id=15108]
  0x0000024c6597c800 ConcurrentGCThread "G1 Main Marker" [stack: 0x00000052c6a00000,0x00000052c6b00000] [id=33156]
  0x0000024c6597e000 ConcurrentGCThread "G1 Conc#0" [stack: 0x00000052c6b00000,0x00000052c6c00000] [id=33256]
  0x0000024c06371800 ConcurrentGCThread "G1 Conc#1" [stack: 0x00000052c8e00000,0x00000052c8f00000] [id=27004]
  0x0000024c7fc00800 ConcurrentGCThread "G1 Refine#0" [stack: 0x00000052c6c00000,0x00000052c6d00000] [id=33096]
  0x0000024c095d0000 ConcurrentGCThread "G1 Refine#1" [stack: 0x00000052c8500000,0x00000052c8600000] [id=18976]
  0x0000024c095d1000 ConcurrentGCThread "G1 Refine#2" [stack: 0x00000052cfc00000,0x00000052cfd00000] [id=31268]
  0x0000024c7fc01800 ConcurrentGCThread "G1 Young RemSet Sampling" [stack: 0x00000052c6d00000,0x00000052c6e00000] [id=33176]

Threads with active compile tasks:
C2 CompilerThread0  13953 9278       4       org.apache.xerces.dom.AttributeMap::setNamedItem (314 bytes)

VM state:at safepoint (normal execution)

VM Mutex/Monitor currently owned by a thread:  ([mutex/lock_event])
[0x0000024c6592cb10] Threads_lock - owner thread: 0x0000024c7fdb2800
[0x0000024c6592cba0] Heap_lock - owner thread: 0x0000024c09ba1800

Heap address: 0x0000000080000000, size: 2048 MB, Compressed Oops mode: 32-bit
Narrow klass base: 0x0000000000000000, Narrow klass shift: 3
Compressed class space size: 1073741824 Address: 0x0000000100000000

Heap:
 garbage-first heap   total 189440K, used 92970K [0x0000000080000000, 0x0000000100000000)
  region size 1024K, 6 young (6144K), 6 survivors (6144K)
 Metaspace       used 83113K, capacity 85154K, committed 85288K, reserved 1122304K
  class space    used 10850K, capacity 11649K, committed 11724K, reserved 1048576K
Heap Regions: E=young(eden), S=young(survivor), O=old, HS=humongous(starts), HC=humongous(continues), CS=collection set, F=free, A=archive, TAMS=top-at-mark-start (previous, next)
|   0|0x0000000080000000, 0x0000000080100000, 0x0000000080100000|100%| O|  |TAMS 0x0000000080100000, 0x0000000080100000| Untracked 
|   1|0x0000000080100000, 0x0000000080200000, 0x0000000080200000|100%| O|  |TAMS 0x0000000080200000, 0x0000000080200000| Untracked 
|   2|0x0000000080200000, 0x0000000080300000, 0x0000000080300000|100%| O|  |TAMS 0x0000000080300000, 0x0000000080300000| Untracked 
|   3|0x0000000080300000, 0x0000000080400000, 0x0000000080400000|100%|HS|  |TAMS 0x0000000080400000, 0x0000000080400000| Complete 
|   4|0x0000000080400000, 0x0000000080500000, 0x0000000080500000|100%|HC|  |TAMS 0x0000000080500000, 0x0000000080500000| Complete 
|   5|0x0000000080500000, 0x0000000080600000, 0x0000000080600000|100%|HC|  |TAMS 0x0000000080600000, 0x0000000080600000| Complete 
|   6|0x0000000080600000, 0x0000000080700000, 0x0000000080700000|100%| O|  |TAMS 0x0000000080700000, 0x0000000080700000| Untracked 
|   7|0x0000000080700000, 0x0000000080800000, 0x0000000080800000|100%| O|  |TAMS 0x0000000080800000, 0x0000000080800000| Untracked 
|   8|0x0000000080800000, 0x0000000080900000, 0x0000000080900000|100%| O|  |TAMS 0x0000000080900000, 0x0000000080900000| Untracked 
|   9|0x0000000080900000, 0x0000000080a00000, 0x0000000080a00000|100%| O|  |TAMS 0x0000000080a00000, 0x0000000080a00000| Untracked 
|  10|0x0000000080a00000, 0x0000000080b00000, 0x0000000080b00000|100%| O|  |TAMS 0x0000000080b00000, 0x0000000080b00000| Untracked 
|  11|0x0000000080b00000, 0x0000000080c00000, 0x0000000080c00000|100%| O|  |TAMS 0x0000000080c00000, 0x0000000080c00000| Untracked 
|  12|0x0000000080c00000, 0x0000000080d00000, 0x0000000080d00000|100%| O|  |TAMS 0x0000000080d00000, 0x0000000080d00000| Untracked 
|  13|0x0000000080d00000, 0x0000000080e00000, 0x0000000080e00000|100%| O|  |TAMS 0x0000000080e00000, 0x0000000080e00000| Untracked 
|  14|0x0000000080e00000, 0x0000000080f00000, 0x0000000080f00000|100%| O|  |TAMS 0x0000000080f00000, 0x0000000080f00000| Untracked 
|  15|0x0000000080f00000, 0x0000000081000000, 0x0000000081000000|100%| O|  |TAMS 0x0000000081000000, 0x0000000081000000| Untracked 
|  16|0x0000000081000000, 0x0000000081100000, 0x0000000081100000|100%|HS|  |TAMS 0x0000000081100000, 0x0000000081100000| Complete 
|  17|0x0000000081100000, 0x0000000081200000, 0x0000000081200000|100%| O|  |TAMS 0x0000000081200000, 0x0000000081200000| Untracked 
|  18|0x0000000081200000, 0x0000000081300000, 0x0000000081300000|100%| O|  |TAMS 0x0000000081300000, 0x0000000081300000| Untracked 
|  19|0x0000000081300000, 0x0000000081400000, 0x0000000081400000|100%| O|  |TAMS 0x0000000081400000, 0x0000000081400000| Untracked 
|  20|0x0000000081400000, 0x0000000081500000, 0x0000000081500000|100%| O|  |TAMS 0x0000000081500000, 0x0000000081500000| Untracked 
|  21|0x0000000081500000, 0x0000000081600000, 0x0000000081600000|100%| O|  |TAMS 0x0000000081600000, 0x0000000081600000| Untracked 
|  22|0x0000000081600000, 0x0000000081700000, 0x0000000081700000|100%| O|  |TAMS 0x0000000081700000, 0x0000000081700000| Untracked 
|  23|0x0000000081700000, 0x0000000081800000, 0x0000000081800000|100%| O|  |TAMS 0x0000000081800000, 0x0000000081800000| Untracked 
|  24|0x0000000081800000, 0x0000000081900000, 0x0000000081900000|100%| O|  |TAMS 0x0000000081900000, 0x0000000081900000| Untracked 
|  25|0x0000000081900000, 0x0000000081a00000, 0x0000000081a00000|100%| O|  |TAMS 0x0000000081a00000, 0x0000000081a00000| Untracked 
|  26|0x0000000081a00000, 0x0000000081b00000, 0x0000000081b00000|100%| O|  |TAMS 0x0000000081b00000, 0x0000000081b00000| Untracked 
|  27|0x0000000081b00000, 0x0000000081c00000, 0x0000000081c00000|100%| O|  |TAMS 0x0000000081c00000, 0x0000000081c00000| Untracked 
|  28|0x0000000081c00000, 0x0000000081d00000, 0x0000000081d00000|100%|HS|  |TAMS 0x0000000081d00000, 0x0000000081d00000| Complete 
|  29|0x0000000081d00000, 0x0000000081e00000, 0x0000000081e00000|100%|HS|  |TAMS 0x0000000081e00000, 0x0000000081e00000| Complete 
|  30|0x0000000081e00000, 0x0000000081f00000, 0x0000000081f00000|100%|HS|  |TAMS 0x0000000081f00000, 0x0000000081f00000| Complete 
|  31|0x0000000081f00000, 0x0000000082000000, 0x0000000082000000|100%|HC|  |TAMS 0x0000000082000000, 0x0000000082000000| Complete 
|  32|0x0000000082000000, 0x0000000082100000, 0x0000000082100000|100%| O|  |TAMS 0x0000000082100000, 0x0000000082100000| Untracked 
|  33|0x0000000082100000, 0x0000000082200000, 0x0000000082200000|100%| O|  |TAMS 0x0000000082200000, 0x0000000082200000| Untracked 
|  34|0x0000000082200000, 0x0000000082300000, 0x0000000082300000|100%| O|  |TAMS 0x0000000082300000, 0x0000000082300000| Untracked 
|  35|0x0000000082300000, 0x0000000082400000, 0x0000000082400000|100%| O|  |TAMS 0x0000000082400000, 0x0000000082400000| Untracked 
|  36|0x0000000082400000, 0x0000000082500000, 0x0000000082500000|100%| O|  |TAMS 0x0000000082500000, 0x0000000082500000| Untracked 
|  37|0x0000000082500000, 0x0000000082600000, 0x0000000082600000|100%| O|  |TAMS 0x0000000082600000, 0x0000000082600000| Untracked 
|  38|0x0000000082600000, 0x0000000082700000, 0x0000000082700000|100%| O|  |TAMS 0x0000000082700000, 0x0000000082700000| Untracked 
|  39|0x0000000082700000, 0x0000000082800000, 0x0000000082800000|100%| O|  |TAMS 0x0000000082800000, 0x0000000082800000| Untracked 
|  40|0x0000000082800000, 0x0000000082900000, 0x0000000082900000|100%| O|  |TAMS 0x0000000082900000, 0x0000000082900000| Untracked 
|  41|0x0000000082900000, 0x0000000082a00000, 0x0000000082a00000|100%| O|  |TAMS 0x0000000082a00000, 0x0000000082a00000| Untracked 
|  42|0x0000000082a00000, 0x0000000082b00000, 0x0000000082b00000|100%| O|  |TAMS 0x0000000082a1d600, 0x0000000082b00000| Untracked 
|  43|0x0000000082b00000, 0x0000000082c00000, 0x0000000082c00000|100%| O|  |TAMS 0x0000000082b00000, 0x0000000082c00000| Untracked 
|  44|0x0000000082c00000, 0x0000000082d00000, 0x0000000082d00000|100%| O|  |TAMS 0x0000000082c00000, 0x0000000082d00000| Untracked 
|  45|0x0000000082d00000, 0x0000000082e00000, 0x0000000082e00000|100%| O|  |TAMS 0x0000000082d00000, 0x0000000082e00000| Untracked 
|  46|0x0000000082e00000, 0x0000000082f00000, 0x0000000082f00000|100%| O|  |TAMS 0x0000000082e00000, 0x0000000082f00000| Untracked 
|  47|0x0000000082f00000, 0x0000000083000000, 0x0000000083000000|100%| O|  |TAMS 0x0000000082f00000, 0x0000000083000000| Untracked 
|  48|0x0000000083000000, 0x0000000083100000, 0x0000000083100000|100%| O|  |TAMS 0x0000000083000000, 0x0000000083100000| Untracked 
|  49|0x0000000083100000, 0x0000000083200000, 0x0000000083200000|100%| O|  |TAMS 0x0000000083100000, 0x0000000083200000| Untracked 
|  50|0x0000000083200000, 0x0000000083300000, 0x0000000083300000|100%| O|  |TAMS 0x0000000083200000, 0x0000000083300000| Untracked 
|  51|0x0000000083300000, 0x0000000083400000, 0x0000000083400000|100%| O|  |TAMS 0x0000000083300000, 0x0000000083400000| Untracked 
|  52|0x0000000083400000, 0x0000000083500000, 0x0000000083500000|100%| O|  |TAMS 0x0000000083400000, 0x0000000083500000| Untracked 
|  53|0x0000000083500000, 0x0000000083600000, 0x0000000083600000|100%| O|  |TAMS 0x0000000083500000, 0x0000000083600000| Untracked 
|  54|0x0000000083600000, 0x0000000083700000, 0x0000000083700000|100%| O|  |TAMS 0x0000000083600000, 0x0000000083700000| Untracked 
|  55|0x0000000083700000, 0x0000000083800000, 0x0000000083800000|100%| O|  |TAMS 0x0000000083700000, 0x0000000083800000| Untracked 
|  56|0x0000000083800000, 0x0000000083900000, 0x0000000083900000|100%| O|  |TAMS 0x0000000083800000, 0x0000000083900000| Untracked 
|  57|0x0000000083900000, 0x0000000083a00000, 0x0000000083a00000|100%| O|  |TAMS 0x0000000083900000, 0x0000000083a00000| Untracked 
|  58|0x0000000083a00000, 0x0000000083b00000, 0x0000000083b00000|100%| O|  |TAMS 0x0000000083a00000, 0x0000000083b00000| Untracked 
|  59|0x0000000083b00000, 0x0000000083c00000, 0x0000000083c00000|100%| O|  |TAMS 0x0000000083b00000, 0x0000000083c00000| Untracked 
|  60|0x0000000083c00000, 0x0000000083d00000, 0x0000000083d00000|100%| O|  |TAMS 0x0000000083c00000, 0x0000000083d00000| Untracked 
|  61|0x0000000083d00000, 0x0000000083e00000, 0x0000000083e00000|100%| O|  |TAMS 0x0000000083d00000, 0x0000000083e00000| Untracked 
|  62|0x0000000083e00000, 0x0000000083f00000, 0x0000000083f00000|100%| O|  |TAMS 0x0000000083e00000, 0x0000000083f00000| Untracked 
|  63|0x0000000083f00000, 0x0000000084000000, 0x0000000084000000|100%| O|  |TAMS 0x0000000083f00000, 0x0000000084000000| Untracked 
|  64|0x0000000084000000, 0x0000000084100000, 0x0000000084100000|100%| O|  |TAMS 0x0000000084000000, 0x0000000084100000| Untracked 
|  65|0x0000000084100000, 0x0000000084200000, 0x0000000084200000|100%| O|  |TAMS 0x0000000084100000, 0x0000000084200000| Untracked 
|  66|0x0000000084200000, 0x0000000084300000, 0x0000000084300000|100%| O|  |TAMS 0x0000000084200000, 0x0000000084300000| Untracked 
|  67|0x0000000084300000, 0x0000000084400000, 0x0000000084400000|100%| O|  |TAMS 0x0000000084300000, 0x0000000084400000| Untracked 
|  68|0x0000000084400000, 0x0000000084500000, 0x0000000084500000|100%| O|  |TAMS 0x0000000084400000, 0x0000000084500000| Untracked 
|  69|0x0000000084500000, 0x0000000084600000, 0x0000000084600000|100%| O|  |TAMS 0x0000000084500000, 0x0000000084600000| Untracked 
|  70|0x0000000084600000, 0x0000000084700000, 0x0000000084700000|100%| O|  |TAMS 0x0000000084600000, 0x0000000084700000| Untracked 
|  71|0x0000000084700000, 0x0000000084800000, 0x0000000084800000|100%| O|  |TAMS 0x0000000084700000, 0x0000000084800000| Untracked 
|  72|0x0000000084800000, 0x0000000084900000, 0x0000000084900000|100%| O|  |TAMS 0x0000000084800000, 0x0000000084900000| Untracked 
|  73|0x0000000084900000, 0x0000000084a00000, 0x0000000084a00000|100%| O|  |TAMS 0x0000000084900000, 0x0000000084a00000| Untracked 
|  74|0x0000000084a00000, 0x0000000084b00000, 0x0000000084b00000|100%| O|  |TAMS 0x0000000084a00000, 0x0000000084b00000| Untracked 
|  75|0x0000000084b00000, 0x0000000084c00000, 0x0000000084c00000|100%| O|  |TAMS 0x0000000084b00000, 0x0000000084c00000| Untracked 
|  76|0x0000000084c00000, 0x0000000084c00000, 0x0000000084d00000|  0%| F|  |TAMS 0x0000000084c00000, 0x0000000084c00000| Untracked 
|  77|0x0000000084d00000, 0x0000000084e00000, 0x0000000084e00000|100%| O|  |TAMS 0x0000000084d00000, 0x0000000084e00000| Untracked 
|  78|0x0000000084e00000, 0x0000000084f00000, 0x0000000084f00000|100%| O|  |TAMS 0x0000000084e00000, 0x0000000084f00000| Untracked 
|  79|0x0000000084f00000, 0x0000000084f00000, 0x0000000085000000|  0%| F|  |TAMS 0x0000000084f00000, 0x0000000084f00000| Untracked 
|  80|0x0000000085000000, 0x0000000085000000, 0x0000000085100000|  0%| F|  |TAMS 0x0000000085000000, 0x0000000085000000| Untracked 
|  81|0x0000000085100000, 0x0000000085100000, 0x0000000085200000|  0%| F|  |TAMS 0x0000000085100000, 0x0000000085100000| Untracked 
|  82|0x0000000085200000, 0x0000000085300000, 0x0000000085300000|100%| O|  |TAMS 0x0000000085200000, 0x0000000085300000| Untracked 
|  83|0x0000000085300000, 0x0000000085400000, 0x0000000085400000|100%| O|  |TAMS 0x0000000085300000, 0x0000000085400000| Untracked 
|  84|0x0000000085400000, 0x0000000085500000, 0x0000000085500000|100%| O|  |TAMS 0x0000000085400000, 0x0000000085500000| Untracked 
|  85|0x0000000085500000, 0x0000000085600000, 0x0000000085600000|100%| O|  |TAMS 0x0000000085500000, 0x0000000085600000| Untracked 
|  86|0x0000000085600000, 0x0000000085700000, 0x0000000085700000|100%| O|  |TAMS 0x0000000085600000, 0x0000000085700000| Untracked 
|  87|0x0000000085700000, 0x0000000085800000, 0x0000000085800000|100%| O|  |TAMS 0x0000000085700000, 0x0000000085800000| Untracked 
|  88|0x0000000085800000, 0x0000000085800000, 0x0000000085900000|  0%| F|  |TAMS 0x0000000085800000, 0x0000000085800000| Untracked 
|  89|0x0000000085900000, 0x0000000085900000, 0x0000000085a00000|  0%| F|  |TAMS 0x0000000085900000, 0x0000000085900000| Untracked 
|  90|0x0000000085a00000, 0x0000000085acaa00, 0x0000000085b00000| 79%| O|  |TAMS 0x0000000085a00000, 0x0000000085acaa00| Untracked 
|  91|0x0000000085b00000, 0x0000000085b00000, 0x0000000085c00000|  0%| F|  |TAMS 0x0000000085b00000, 0x0000000085b00000| Untracked 
|  92|0x0000000085c00000, 0x0000000085c00000, 0x0000000085d00000|  0%| F|  |TAMS 0x0000000085c00000, 0x0000000085c00000| Untracked 
|  93|0x0000000085d00000, 0x0000000085d00000, 0x0000000085e00000|  0%| F|  |TAMS 0x0000000085d00000, 0x0000000085d00000| Untracked 
|  94|0x0000000085e00000, 0x0000000085e00000, 0x0000000085f00000|  0%| F|  |TAMS 0x0000000085e00000, 0x0000000085e00000| Untracked 
|  95|0x0000000085f00000, 0x0000000085f00000, 0x0000000086000000|  0%| F|  |TAMS 0x0000000085f00000, 0x0000000085f00000| Untracked 
|  96|0x0000000086000000, 0x0000000086000000, 0x0000000086100000|  0%| F|  |TAMS 0x0000000086000000, 0x0000000086000000| Untracked 
|  97|0x0000000086100000, 0x0000000086100000, 0x0000000086200000|  0%| F|  |TAMS 0x0000000086100000, 0x0000000086100000| Untracked 
|  98|0x0000000086200000, 0x0000000086200000, 0x0000000086300000|  0%| F|  |TAMS 0x0000000086200000, 0x0000000086200000| Untracked 
|  99|0x0000000086300000, 0x0000000086300000, 0x0000000086400000|  0%| F|  |TAMS 0x0000000086300000, 0x0000000086300000| Untracked 
| 100|0x0000000086400000, 0x0000000086400000, 0x0000000086500000|  0%| F|  |TAMS 0x0000000086400000, 0x0000000086400000| Untracked 
| 101|0x0000000086500000, 0x0000000086500000, 0x0000000086600000|  0%| F|  |TAMS 0x0000000086500000, 0x0000000086500000| Untracked 
| 102|0x0000000086600000, 0x0000000086600000, 0x0000000086700000|  0%| F|  |TAMS 0x0000000086600000, 0x0000000086600000| Untracked 
| 103|0x0000000086700000, 0x0000000086700000, 0x0000000086800000|  0%| F|  |TAMS 0x0000000086700000, 0x0000000086700000| Untracked 
| 104|0x0000000086800000, 0x0000000086800000, 0x0000000086900000|  0%| F|  |TAMS 0x0000000086800000, 0x0000000086800000| Untracked 
| 105|0x0000000086900000, 0x0000000086900000, 0x0000000086a00000|  0%| F|  |TAMS 0x0000000086900000, 0x0000000086900000| Untracked 
| 106|0x0000000086a00000, 0x0000000086a00000, 0x0000000086b00000|  0%| F|  |TAMS 0x0000000086a00000, 0x0000000086a00000| Untracked 
| 107|0x0000000086b00000, 0x0000000086b00000, 0x0000000086c00000|  0%| F|  |TAMS 0x0000000086b00000, 0x0000000086b00000| Untracked 
| 108|0x0000000086c00000, 0x0000000086c00000, 0x0000000086d00000|  0%| F|  |TAMS 0x0000000086c00000, 0x0000000086c00000| Untracked 
| 109|0x0000000086d00000, 0x0000000086d00000, 0x0000000086e00000|  0%| F|  |TAMS 0x0000000086d00000, 0x0000000086d00000| Untracked 
| 110|0x0000000086e00000, 0x0000000086e00000, 0x0000000086f00000|  0%| F|  |TAMS 0x0000000086e00000, 0x0000000086e00000| Untracked 
| 111|0x0000000086f00000, 0x0000000086f00000, 0x0000000087000000|  0%| F|  |TAMS 0x0000000086f00000, 0x0000000086f00000| Untracked 
| 112|0x0000000087000000, 0x0000000087000000, 0x0000000087100000|  0%| F|  |TAMS 0x0000000087000000, 0x0000000087000000| Untracked 
| 113|0x0000000087100000, 0x0000000087100000, 0x0000000087200000|  0%| F|  |TAMS 0x0000000087100000, 0x0000000087100000| Untracked 
| 114|0x0000000087200000, 0x0000000087200000, 0x0000000087300000|  0%| F|  |TAMS 0x0000000087200000, 0x0000000087200000| Untracked 
| 115|0x0000000087300000, 0x0000000087300000, 0x0000000087400000|  0%| F|  |TAMS 0x0000000087300000, 0x0000000087300000| Untracked 
| 116|0x0000000087400000, 0x0000000087400000, 0x0000000087500000|  0%| F|  |TAMS 0x0000000087400000, 0x0000000087400000| Untracked 
| 117|0x0000000087500000, 0x0000000087500000, 0x0000000087600000|  0%| F|  |TAMS 0x0000000087500000, 0x0000000087500000| Untracked 
| 118|0x0000000087600000, 0x0000000087600000, 0x0000000087700000|  0%| F|  |TAMS 0x0000000087600000, 0x0000000087600000| Untracked 
| 119|0x0000000087700000, 0x0000000087700000, 0x0000000087800000|  0%| F|  |TAMS 0x0000000087700000, 0x0000000087700000| Untracked 
| 120|0x0000000087800000, 0x0000000087800000, 0x0000000087900000|  0%| F|  |TAMS 0x0000000087800000, 0x0000000087800000| Untracked 
| 121|0x0000000087900000, 0x0000000087900000, 0x0000000087a00000|  0%| F|  |TAMS 0x0000000087900000, 0x0000000087900000| Untracked 
| 122|0x0000000087a00000, 0x0000000087a00000, 0x0000000087b00000|  0%| F|  |TAMS 0x0000000087a00000, 0x0000000087a00000| Untracked 
| 123|0x0000000087b00000, 0x0000000087b00000, 0x0000000087c00000|  0%| F|  |TAMS 0x0000000087b00000, 0x0000000087b00000| Untracked 
| 124|0x0000000087c00000, 0x0000000087d00000, 0x0000000087d00000|100%| S|CS|TAMS 0x0000000087c00000, 0x0000000087c00000| Complete 
| 125|0x0000000087d00000, 0x0000000087e00000, 0x0000000087e00000|100%| S|CS|TAMS 0x0000000087d00000, 0x0000000087d00000| Complete 
| 126|0x0000000087e00000, 0x0000000087f00000, 0x0000000087f00000|100%| S|CS|TAMS 0x0000000087e00000, 0x0000000087e00000| Complete 
| 127|0x0000000087f00000, 0x0000000088000000, 0x0000000088000000|100%| S|CS|TAMS 0x0000000087f00000, 0x0000000087f00000| Complete 
| 128|0x0000000088000000, 0x0000000088100000, 0x0000000088100000|100%| S|CS|TAMS 0x0000000088000000, 0x0000000088000000| Complete 
| 129|0x0000000088100000, 0x0000000088200000, 0x0000000088200000|100%| S|CS|TAMS 0x0000000088100000, 0x0000000088100000| Complete 
| 130|0x0000000088200000, 0x0000000088200000, 0x0000000088300000|  0%| F|  |TAMS 0x0000000088200000, 0x0000000088200000| Untracked 
| 131|0x0000000088300000, 0x0000000088300000, 0x0000000088400000|  0%| F|  |TAMS 0x0000000088300000, 0x0000000088300000| Untracked 
| 132|0x0000000088400000, 0x0000000088400000, 0x0000000088500000|  0%| F|  |TAMS 0x0000000088400000, 0x0000000088400000| Untracked 
| 133|0x0000000088500000, 0x0000000088500000, 0x0000000088600000|  0%| F|  |TAMS 0x0000000088500000, 0x0000000088500000| Untracked 
| 134|0x0000000088600000, 0x0000000088600000, 0x0000000088700000|  0%| F|  |TAMS 0x0000000088600000, 0x0000000088600000| Untracked 
| 135|0x0000000088700000, 0x0000000088700000, 0x0000000088800000|  0%| F|  |TAMS 0x0000000088700000, 0x0000000088700000| Untracked 
| 136|0x0000000088800000, 0x0000000088800000, 0x0000000088900000|  0%| F|  |TAMS 0x0000000088800000, 0x0000000088800000| Untracked 
| 137|0x0000000088900000, 0x0000000088900000, 0x0000000088a00000|  0%| F|  |TAMS 0x0000000088900000, 0x0000000088900000| Untracked 
| 138|0x0000000088a00000, 0x0000000088a00000, 0x0000000088b00000|  0%| F|  |TAMS 0x0000000088a00000, 0x0000000088a00000| Untracked 
| 139|0x0000000088b00000, 0x0000000088b00000, 0x0000000088c00000|  0%| F|  |TAMS 0x0000000088b00000, 0x0000000088b00000| Untracked 
| 140|0x0000000088c00000, 0x0000000088c00000, 0x0000000088d00000|  0%| F|  |TAMS 0x0000000088c00000, 0x0000000088c00000| Untracked 
| 141|0x0000000088d00000, 0x0000000088d00000, 0x0000000088e00000|  0%| F|  |TAMS 0x0000000088d00000, 0x0000000088d00000| Untracked 
| 142|0x0000000088e00000, 0x0000000088e00000, 0x0000000088f00000|  0%| F|  |TAMS 0x0000000088e00000, 0x0000000088e00000| Untracked 
| 143|0x0000000088f00000, 0x0000000088f00000, 0x0000000089000000|  0%| F|  |TAMS 0x0000000088f00000, 0x0000000088f00000| Untracked 
| 144|0x0000000089000000, 0x0000000089000000, 0x0000000089100000|  0%| F|  |TAMS 0x0000000089000000, 0x0000000089000000| Untracked 
| 145|0x0000000089100000, 0x0000000089100000, 0x0000000089200000|  0%| F|  |TAMS 0x0000000089100000, 0x0000000089100000| Untracked 
| 146|0x0000000089200000, 0x0000000089200000, 0x0000000089300000|  0%| F|  |TAMS 0x0000000089200000, 0x0000000089200000| Untracked 
| 147|0x0000000089300000, 0x0000000089300000, 0x0000000089400000|  0%| F|  |TAMS 0x0000000089300000, 0x0000000089300000| Untracked 
| 148|0x0000000089400000, 0x0000000089400000, 0x0000000089500000|  0%| F|  |TAMS 0x0000000089400000, 0x0000000089400000| Untracked 
| 149|0x0000000089500000, 0x0000000089500000, 0x0000000089600000|  0%| F|  |TAMS 0x0000000089500000, 0x0000000089500000| Untracked 
| 150|0x0000000089600000, 0x0000000089600000, 0x0000000089700000|  0%| F|  |TAMS 0x0000000089600000, 0x0000000089600000| Untracked 
| 151|0x0000000089700000, 0x0000000089700000, 0x0000000089800000|  0%| F|  |TAMS 0x0000000089700000, 0x0000000089700000| Untracked 
| 152|0x0000000089800000, 0x0000000089800000, 0x0000000089900000|  0%| F|  |TAMS 0x0000000089800000, 0x0000000089800000| Untracked 
| 153|0x0000000089900000, 0x0000000089900000, 0x0000000089a00000|  0%| F|  |TAMS 0x0000000089900000, 0x0000000089900000| Untracked 

Card table byte_map: [0x0000024c78b70000,0x0000024c78f70000] _byte_map_base: 0x0000024c78770000

Marking Bits (Prev, Next): (CMBitMap*) 0x0000024c65973bd8, (CMBitMap*) 0x0000024c65973c10
 Prev Bits: [0x0000024c79370000, 0x0000024c7b370000)
 Next Bits: [0x0000024c7b370000, 0x0000024c7d370000)

Polling page: 0x0000024c65110000

Metaspace:

Usage:
  Non-class:     71.78 MB capacity,    70.57 MB ( 98%) used,  1002.08 KB (  1%) free+waste,   240.31 KB ( <1%) overhead. 
      Class:     11.38 MB capacity,    10.60 MB ( 93%) used,   686.34 KB (  6%) free+waste,   112.06 KB ( <1%) overhead. 
       Both:     83.16 MB capacity,    81.17 MB ( 98%) used,     1.65 MB (  2%) free+waste,   352.38 KB ( <1%) overhead. 

Virtual space:
  Non-class space:       72.00 MB reserved,      71.84 MB (>99%) committed 
      Class space:        1.00 GB reserved,      11.45 MB (  1%) committed 
             Both:        1.07 GB reserved,      83.29 MB (  8%) committed 

Chunk freelists:
   Non-Class:  59.00 KB
       Class:  0 bytes
        Both:  59.00 KB

MaxMetaspaceSize: 17179869184.00 GB
CompressedClassSpaceSize: 1.00 GB

CodeHeap 'non-profiled nmethods': size=120000Kb used=4735Kb max_used=4735Kb free=115264Kb
 bounds [0x0000024c70f00000, 0x0000024c713a0000, 0x0000024c78430000]
CodeHeap 'profiled nmethods': size=120000Kb used=19440Kb max_used=19440Kb free=100559Kb
 bounds [0x0000024c699d0000, 0x0000024c6acd0000, 0x0000024c70f00000]
CodeHeap 'non-nmethods': size=5760Kb used=2281Kb max_used=2362Kb free=3479Kb
 bounds [0x0000024c69430000, 0x0000024c696a0000, 0x0000024c699d0000]
 total_blobs=10097 nmethods=9218 adapters=790
 compilation: enabled
              stopped_count=0, restarted_count=0
 full_count=0

Compilation events (20 events):
Event: 13.879 Thread 0x0000024c7fde0000 9379 %     3       com.android.utils.XmlUtils::toXmlAttributeValue @ 7 (89 bytes)
Event: 13.880 Thread 0x0000024c7fde0000 nmethod 9379% 0x0000024c6acc3a10 code [0x0000024c6acc3d00, 0x0000024c6acc4e18]
Event: 13.880 Thread 0x0000024c7fde0000 9380       2       com.android.utils.XmlUtils::toXmlTextValue (65 bytes)
Event: 13.881 Thread 0x0000024c7fde0000 nmethod 9380 0x0000024c6acc5510 code [0x0000024c6acc5720, 0x0000024c6acc5cb8]
Event: 13.881 Thread 0x0000024c7fde0000 9381       2       com.google.common.base.CharMatcher::countIn (39 bytes)
Event: 13.881 Thread 0x0000024c7fde0000 nmethod 9381 0x0000024c6acc6110 code [0x0000024c6acc62e0, 0x0000024c6acc64e8]
Event: 13.881 Thread 0x0000024c7fde0000 9382       3       com.android.utils.XmlUtils::toXmlAttributeValue (89 bytes)
Event: 13.882 Thread 0x0000024c7fde0000 nmethod 9382 0x0000024c6acc6610 code [0x0000024c6acc6900, 0x0000024c6acc7998]
Event: 13.882 Thread 0x0000024c7fde0000 9378       2       java.lang.StringUTF16::putCharSB (12 bytes)
Event: 13.882 Thread 0x0000024c7fde0000 nmethod 9378 0x0000024c6acc8090 code [0x0000024c6acc8240, 0x0000024c6acc8368]
Event: 13.882 Thread 0x0000024c7fde0000 9383 %     3       com.android.utils.XmlUtils::toXmlTextValue @ 7 (65 bytes)
Event: 13.883 Thread 0x0000024c7fde0000 nmethod 9383% 0x0000024c6acc8490 code [0x0000024c6acc8780, 0x0000024c6acc97b8]
Event: 13.883 Thread 0x0000024c7fde0000 9374       2       org.apache.xerces.dom.AttrImpl::getNodeValue (5 bytes)
Event: 13.883 Thread 0x0000024c7fde0000 nmethod 9374 0x0000024c6acc9e90 code [0x0000024c6acca040, 0x0000024c6acca148]
Event: 13.883 Thread 0x0000024c7fde0000 9377       2       com.android.utils.XmlUtils$PositionAwareStringBuilder::getOffset (8 bytes)
Event: 13.883 Thread 0x0000024c7fde0000 nmethod 9377 0x0000024c6acca210 code [0x0000024c6acca3c0, 0x0000024c6acca4b8]
Event: 13.884 Thread 0x0000024c7fde0000 9385       3       com.android.utils.XmlUtils::toXmlTextValue (65 bytes)
Event: 13.885 Thread 0x0000024c7fde0000 nmethod 9385 0x0000024c6acca590 code [0x0000024c6acca880, 0x0000024c6accb838]
Event: 13.885 Thread 0x0000024c7fde0000 9386       2       java.lang.StringUTF16::lastIndexOf (47 bytes)
Event: 13.885 Thread 0x0000024c7fde0000 nmethod 9386 0x0000024c6accbf10 code [0x0000024c6accc0c0, 0x0000024c6accc268]

GC Heap History (20 events):
Event: 6.071 GC heap after
{Heap after GC invocations=8 (full 0):
 garbage-first heap   total 131072K, used 27885K [0x0000000080000000, 0x0000000100000000)
  region size 1024K, 9 young (9216K), 9 survivors (9216K)
 Metaspace       used 39776K, capacity 40752K, committed 40988K, reserved 1085440K
  class space    used 5083K, capacity 5465K, committed 5504K, reserved 1048576K
}
Event: 6.816 GC heap before
{Heap before GC invocations=8 (full 0):
 garbage-first heap   total 131072K, used 90349K [0x0000000080000000, 0x0000000100000000)
  region size 1024K, 70 young (71680K), 9 survivors (9216K)
 Metaspace       used 45443K, capacity 46497K, committed 46620K, reserved 1089536K
  class space    used 5833K, capacity 6241K, committed 6272K, reserved 1048576K
}
Event: 6.825 GC heap after
{Heap after GC invocations=9 (full 0):
 garbage-first heap   total 131072K, used 30060K [0x0000000080000000, 0x0000000100000000)
  region size 1024K, 3 young (3072K), 3 survivors (3072K)
 Metaspace       used 45443K, capacity 46497K, committed 46620K, reserved 1089536K
  class space    used 5833K, capacity 6241K, committed 6272K, reserved 1048576K
}
Event: 7.686 GC heap before
{Heap before GC invocations=9 (full 0):
 garbage-first heap   total 131072K, used 98668K [0x0000000080000000, 0x0000000100000000)
  region size 1024K, 66 young (67584K), 3 survivors (3072K)
 Metaspace       used 47921K, capacity 49143K, committed 49308K, reserved 1091584K
  class space    used 6120K, capacity 6587K, committed 6656K, reserved 1048576K
}
Event: 7.694 GC heap after
{Heap after GC invocations=10 (full 0):
 garbage-first heap   total 157696K, used 42930K [0x0000000080000000, 0x0000000100000000)
  region size 1024K, 9 young (9216K), 9 survivors (9216K)
 Metaspace       used 47921K, capacity 49143K, committed 49308K, reserved 1091584K
  class space    used 6120K, capacity 6587K, committed 6656K, reserved 1048576K
}
Event: 8.681 GC heap before
{Heap before GC invocations=10 (full 0):
 garbage-first heap   total 157696K, used 113586K [0x0000000080000000, 0x0000000100000000)
  region size 1024K, 78 young (79872K), 9 survivors (9216K)
 Metaspace       used 57070K, capacity 58309K, committed 58396K, reserved 1099776K
  class space    used 7251K, capacity 7750K, committed 7808K, reserved 1048576K
}
Event: 8.689 GC heap after
{Heap after GC invocations=11 (full 0):
 garbage-first heap   total 157696K, used 46755K [0x0000000080000000, 0x0000000100000000)
  region size 1024K, 4 young (4096K), 4 survivors (4096K)
 Metaspace       used 57070K, capacity 58309K, committed 58396K, reserved 1099776K
  class space    used 7251K, capacity 7750K, committed 7808K, reserved 1048576K
}
Event: 8.910 GC heap before
{Heap before GC invocations=11 (full 0):
 garbage-first heap   total 157696K, used 59043K [0x0000000080000000, 0x0000000100000000)
  region size 1024K, 17 young (17408K), 4 survivors (4096K)
 Metaspace       used 59224K, capacity 60575K, committed 60636K, reserved 1101824K
  class space    used 7528K, capacity 8059K, committed 8064K, reserved 1048576K
}
Event: 8.916 GC heap after
{Heap after GC invocations=12 (full 0):
 garbage-first heap   total 157696K, used 47720K [0x0000000080000000, 0x0000000100000000)
  region size 1024K, 5 young (5120K), 5 survivors (5120K)
 Metaspace       used 59224K, capacity 60575K, committed 60636K, reserved 1101824K
  class space    used 7528K, capacity 8059K, committed 8064K, reserved 1048576K
}
Event: 9.907 GC heap before
{Heap before GC invocations=13 (full 0):
 garbage-first heap   total 157696K, used 118376K [0x0000000080000000, 0x0000000100000000)
  region size 1024K, 74 young (75776K), 5 survivors (5120K)
 Metaspace       used 64531K, capacity 65913K, committed 66088K, reserved 1105920K
  class space    used 8210K, capacity 8779K, committed 8908K, reserved 1048576K
}
Event: 9.933 GC heap after
{Heap after GC invocations=14 (full 0):
 garbage-first heap   total 157696K, used 52623K [0x0000000080000000, 0x0000000100000000)
  region size 1024K, 10 young (10240K), 10 survivors (10240K)
 Metaspace       used 64531K, capacity 65913K, committed 66088K, reserved 1105920K
  class space    used 8210K, capacity 8779K, committed 8908K, reserved 1048576K
}
Event: 10.925 GC heap before
{Heap before GC invocations=15 (full 0):
 garbage-first heap   total 157696K, used 120207K [0x0000000080000000, 0x0000000100000000)
  region size 1024K, 76 young (77824K), 10 survivors (10240K)
 Metaspace       used 70178K, capacity 71799K, committed 72104K, reserved 1112064K
  class space    used 9109K, capacity 9752K, committed 9804K, reserved 1048576K
}
Event: 10.937 GC heap after
{Heap after GC invocations=16 (full 0):
 garbage-first heap   total 157696K, used 57594K [0x0000000080000000, 0x0000000100000000)
  region size 1024K, 6 young (6144K), 6 survivors (6144K)
 Metaspace       used 70178K, capacity 71799K, committed 72104K, reserved 1112064K
  class space    used 9109K, capacity 9752K, committed 9804K, reserved 1048576K
}
Event: 11.898 GC heap before
{Heap before GC invocations=16 (full 0):
 garbage-first heap   total 157696K, used 123130K [0x0000000080000000, 0x0000000100000000)
  region size 1024K, 70 young (71680K), 6 survivors (6144K)
 Metaspace       used 77059K, capacity 78769K, committed 79016K, reserved 1118208K
  class space    used 10064K, capacity 10727K, committed 10828K, reserved 1048576K
}
Event: 11.906 GC heap after
{Heap after GC invocations=17 (full 0):
 garbage-first heap   total 157696K, used 61812K [0x0000000080000000, 0x0000000100000000)
  region size 1024K, 5 young (5120K), 5 survivors (5120K)
 Metaspace       used 77059K, capacity 78769K, committed 79016K, reserved 1118208K
  class space    used 10064K, capacity 10727K, committed 10828K, reserved 1048576K
}
Event: 12.812 GC heap before
{Heap before GC invocations=17 (full 0):
 garbage-first heap   total 157696K, used 125300K [0x0000000080000000, 0x0000000100000000)
  region size 1024K, 68 young (69632K), 5 survivors (5120K)
 Metaspace       used 80262K, capacity 82264K, committed 82472K, reserved 1120256K
  class space    used 10566K, capacity 11361K, committed 11468K, reserved 1048576K
}
Event: 12.825 GC heap after
{Heap after GC invocations=18 (full 0):
 garbage-first heap   total 157696K, used 65818K [0x0000000080000000, 0x0000000100000000)
  region size 1024K, 9 young (9216K), 9 survivors (9216K)
 Metaspace       used 80262K, capacity 82264K, committed 82472K, reserved 1120256K
  class space    used 10566K, capacity 11361K, committed 11468K, reserved 1048576K
}
Event: 13.636 GC heap before
{Heap before GC invocations=18 (full 0):
 garbage-first heap   total 157696K, used 128282K [0x0000000080000000, 0x0000000100000000)
  region size 1024K, 69 young (70656K), 9 survivors (9216K)
 Metaspace       used 82696K, capacity 84864K, committed 85032K, reserved 1122304K
  class space    used 10807K, capacity 11616K, committed 11724K, reserved 1048576K
}
Event: 13.655 GC heap after
{Heap after GC invocations=19 (full 0):
 garbage-first heap   total 157696K, used 82636K [0x0000000080000000, 0x0000000100000000)
  region size 1024K, 9 young (9216K), 9 survivors (9216K)
 Metaspace       used 82696K, capacity 84864K, committed 85032K, reserved 1122304K
  class space    used 10807K, capacity 11616K, committed 11724K, reserved 1048576K
}
Event: 13.886 GC heap before
{Heap before GC invocations=19 (full 0):
 garbage-first heap   total 157696K, used 105164K [0x0000000080000000, 0x0000000100000000)
  region size 1024K, 33 young (33792K), 9 survivors (9216K)
 Metaspace       used 83113K, capacity 85154K, committed 85288K, reserved 1122304K
  class space    used 10850K, capacity 11649K, committed 11724K, reserved 1048576K
}

Deoptimization events (20 events):
Event: 13.516 Thread 0x0000024c09ba1800 Uncommon trap: trap_request=0xffffff4d fr.pc=0x0000024c71304760 relative=0x00000000000001e0
Event: 13.516 Thread 0x0000024c09ba1800 Uncommon trap: reason=unstable_if action=reinterpret pc=0x0000024c71304760 method=sun.invoke.util.VerifyAccess.isTypeVisible(Ljava/lang/Class;Ljava/lang/Class;)Z @ 77 c2
Event: 13.516 Thread 0x0000024c09ba1800 DEOPT PACKING pc=0x0000024c71304760 sp=0x00000052cf5f9070
Event: 13.516 Thread 0x0000024c09ba1800 DEOPT UNPACKING pc=0x0000024c6945662f sp=0x00000052cf5f9000 mode 2
Event: 13.555 Thread 0x0000024c09ba1800 DEOPT PACKING pc=0x0000024c6ac2e64e sp=0x00000052cf5f9ee0
Event: 13.555 Thread 0x0000024c09ba1800 DEOPT UNPACKING pc=0x0000024c69456dde sp=0x00000052cf5f93a0 mode 0
Event: 13.673 Thread 0x0000024c09ba1800 DEOPT PACKING pc=0x0000024c6aa86231 sp=0x00000052cf5fa230
Event: 13.673 Thread 0x0000024c09ba1800 DEOPT UNPACKING pc=0x0000024c69456dde sp=0x00000052cf5f96f8 mode 0
Event: 13.715 Thread 0x0000024c09ba1800 DEOPT PACKING pc=0x0000024c69e76091 sp=0x00000052cf5fa3a0
Event: 13.715 Thread 0x0000024c09ba1800 DEOPT UNPACKING pc=0x0000024c69456dde sp=0x00000052cf5f9878 mode 0
Event: 13.783 Thread 0x0000024c09ba1800 DEOPT PACKING pc=0x0000024c6ac07e97 sp=0x00000052cf5f92e0
Event: 13.783 Thread 0x0000024c09ba1800 DEOPT UNPACKING pc=0x0000024c69456dde sp=0x00000052cf5f8868 mode 0
Event: 13.784 Thread 0x0000024c09ba1800 Uncommon trap: trap_request=0xffffff4d fr.pc=0x0000024c712456fc relative=0x000000000000151c
Event: 13.784 Thread 0x0000024c09ba1800 Uncommon trap: reason=unstable_if action=reinterpret pc=0x0000024c712456fc method=com.google.gson.stream.JsonReader.nextQuotedValue(C)Ljava/lang/String; @ 96 c2
Event: 13.784 Thread 0x0000024c09ba1800 DEOPT PACKING pc=0x0000024c712456fc sp=0x00000052cf5f99f0
Event: 13.784 Thread 0x0000024c09ba1800 DEOPT UNPACKING pc=0x0000024c6945662f sp=0x00000052cf5f99e8 mode 2
Event: 13.881 Thread 0x0000024c09ba1800 DEOPT PACKING pc=0x0000024c6acc04f8 sp=0x00000052cf5f9bb0
Event: 13.881 Thread 0x0000024c09ba1800 DEOPT UNPACKING pc=0x0000024c69456dde sp=0x00000052cf5f90e0 mode 0
Event: 13.884 Thread 0x0000024c09ba1800 DEOPT PACKING pc=0x0000024c6acc5b50 sp=0x00000052cf5f9a00
Event: 13.884 Thread 0x0000024c09ba1800 DEOPT UNPACKING pc=0x0000024c69456dde sp=0x00000052cf5f8f30 mode 0

Classes redefined (0 events):
No events

Internal exceptions (20 events):
Event: 12.219 Thread 0x0000024c067d1800 Exception <a 'java/lang/NoSuchMethodError'{0x0000000088488598}: <clinit>> (0x0000000088488598) thrown at [./src/hotspot/share/prims/jni.cpp, line 1362]
Event: 12.220 Thread 0x0000024c050e3000 Exception <a 'java/lang/NoSuchMethodError'{0x00000000884085e8}: 'java.lang.Object java.lang.invoke.DirectMethodHandle$Holder.invokeInterface(java.lang.Object, java.lang.Object, int)'> (0x00000000884085e8) thrown at [./src/hotspot/share/interpreter/linkResolver.cpp, line 773]
Event: 12.224 Thread 0x0000024c050e3000 Exception <a 'java/lang/NoSuchMethodError'{0x000000008841da10}: 'void java.lang.invoke.DirectMethodHandle$Holder.invokeStatic(java.lang.Object, java.lang.Object, java.lang.Object, int)'> (0x000000008841da10) thrown at [./src/hotspot/share/interpreter/linkResolver.cpp, line 773]
Event: 12.288 Thread 0x0000024c050e3000 Exception <a 'java/lang/IncompatibleClassChangeError'{0x00000000883932a8}: Found class java.lang.Object, but interface was expected> (0x00000000883932a8) thrown at [./src/hotspot/share/interpreter/linkResolver.cpp, line 839]
Event: 12.292 Thread 0x0000024c050e3000 Exception <a 'java/lang/IncompatibleClassChangeError'{0x00000000883bb830}: Found class java.lang.Object, but interface was expected> (0x00000000883bb830) thrown at [./src/hotspot/share/interpreter/linkResolver.cpp, line 839]
Event: 12.328 Thread 0x0000024c050e3000 Exception <a 'java/lang/NoSuchMethodError'{0x0000000088045958}: 'int java.lang.invoke.DirectMethodHandle$Holder.invokeStaticInit(java.lang.Object, java.lang.Object, java.lang.Object, java.lang.Object, java.lang.Object)'> (0x0000000088045958) thrown at [./src/hotspot/share/interpreter/linkResolver.cpp, line 773]
Event: 12.509 Thread 0x0000024c050e3000 Exception <a 'java/lang/NoSuchMethodError'{0x000000008781c088}: 'void java.lang.invoke.DirectMethodHandle$Holder.invokeStatic(java.lang.Object, java.lang.Object, java.lang.Object, java.lang.Object, int, java.lang.Object, java.lang.Object)'> (0x000000008781c088) thrown at [./src/hotspot/share/interpreter/linkResolver.cpp, line 773]
Event: 12.551 Thread 0x0000024c0748d000 Exception <a 'java/lang/NoSuchMethodError'{0x00000000872dc630}: 'java.lang.Object java.lang.invoke.DirectMethodHandle$Holder.invokeSpecialIFC(java.lang.Object, java.lang.Object, java.lang.Object)'> (0x00000000872dc630) thrown at [./src/hotspot/share/interpreter/linkResolver.cpp, line 773]
Event: 12.551 Thread 0x0000024c098d8800 Exception <a 'java/lang/NoSuchMethodError'{0x000000008763cc78}: 'java.lang.Object java.lang.invoke.DirectMethodHandle$Holder.invokeSpecialIFC(java.lang.Object, java.lang.Object, java.lang.Object)'> (0x000000008763cc78) thrown at [./src/hotspot/share/interpreter/linkResolver.cpp, line 773]
Event: 12.551 Thread 0x0000024c0748a000 Exception <a 'java/lang/NoSuchMethodError'{0x00000000877f8120}: 'java.lang.Object java.lang.invoke.DirectMethodHandle$Holder.invokeSpecialIFC(java.lang.Object, java.lang.Object, java.lang.Object)'> (0x00000000877f8120) thrown at [./src/hotspot/share/interpreter/linkResolver.cpp, line 773]
Event: 12.551 Thread 0x0000024c07485000 Exception <a 'java/lang/NoSuchMethodError'{0x0000000087129ba0}: 'java.lang.Object java.lang.invoke.DirectMethodHandle$Holder.invokeSpecialIFC(java.lang.Object, java.lang.Object, java.lang.Object)'> (0x0000000087129ba0) thrown at [./src/hotspot/share/interpreter/linkResolver.cpp, line 773]
Event: 12.551 Thread 0x0000024c07488000 Exception <a 'java/lang/NoSuchMethodError'{0x0000000087103088}: 'java.lang.Object java.lang.invoke.DirectMethodHandle$Holder.invokeSpecialIFC(java.lang.Object, java.lang.Object, java.lang.Object)'> (0x0000000087103088) thrown at [./src/hotspot/share/interpreter/linkResolver.cpp, line 773]
Event: 12.551 Thread 0x0000024c09fab000 Exception <a 'java/lang/NoSuchMethodError'{0x00000000877ec220}: 'java.lang.Object java.lang.invoke.DirectMethodHandle$Holder.invokeSpecialIFC(java.lang.Object, java.lang.Object, java.lang.Object)'> (0x00000000877ec220) thrown at [./src/hotspot/share/interpreter/linkResolver.cpp, line 773]
Event: 12.552 Thread 0x0000024c050e3000 Exception <a 'java/lang/NoSuchMethodError'{0x0000000087725fa0}: 'java.lang.Object java.lang.invoke.DirectMethodHandle$Holder.invokeSpecialIFC(java.lang.Object, java.lang.Object, java.lang.Object)'> (0x0000000087725fa0) thrown at [./src/hotspot/share/interpreter/linkResolver.cpp, line 773]
Event: 12.777 Thread 0x0000024c09fa0800 Exception <a 'java/lang/NoSuchMethodError'{0x0000000087490bd0}: 'void java.lang.invoke.DirectMethodHandle$Holder.invokeVirtual(java.lang.Object, java.lang.Object)'> (0x0000000087490bd0) thrown at [./src/hotspot/share/interpreter/linkResolver.cpp, line 773]
Event: 13.033 Thread 0x0000024c050e3000 Exception <a 'java/lang/NoSuchMethodError'{0x0000000088963628}: <clinit>> (0x0000000088963628) thrown at [./src/hotspot/share/prims/jni.cpp, line 1362]
Event: 13.124 Thread 0x0000024c050e3000 Exception <a 'java/lang/NoSuchMethodError'{0x00000000883855d0}: 'void java.lang.invoke.DirectMethodHandle$Holder.invokeStatic(java.lang.Object, java.lang.Object, java.lang.Object, java.lang.Object, java.lang.Object, java.lang.Object, java.lang.Object)'> (0x00000000883855d0) thrown at [./src/hotspot/share/interpreter/linkResolver.cpp, line 773]
Event: 13.145 Thread 0x0000024c067d1800 Exception <a 'java/lang/NoSuchMethodError'{0x0000000087dbf7d0}: <clinit>> (0x0000000087dbf7d0) thrown at [./src/hotspot/share/prims/jni.cpp, line 1362]
Event: 13.149 Thread 0x0000024c067d1800 Exception <a 'java/lang/NoSuchMethodError'{0x0000000087b55798}: <clinit>> (0x0000000087b55798) thrown at [./src/hotspot/share/prims/jni.cpp, line 1362]
Event: 13.151 Thread 0x0000024c067d1800 Exception <a 'java/lang/NoSuchMethodError'{0x0000000087be3530}: <clinit>> (0x0000000087be3530) thrown at [./src/hotspot/share/prims/jni.cpp, line 1362]

Events (20 events):
Event: 13.792 loading class org/gradle/internal/watch/registry/impl/DefaultFileWatcherRegistry$1 done
Event: 13.793 loading class org/gradle/internal/watch/registry/impl/DefaultFileWatcherRegistry$3
Event: 13.793 loading class org/gradle/internal/watch/registry/impl/DefaultFileWatcherRegistry$3 done
Event: 13.793 loading class org/gradle/internal/watch/registry/FileWatcherRegistry$Type
Event: 13.793 loading class org/gradle/internal/watch/registry/FileWatcherRegistry$Type done
Event: 13.831 loading class org/gradle/workers/internal/WorkerDaemonExpiration$SimpleMemoryExpirationSelector
Event: 13.831 loading class org/gradle/workers/internal/WorkerDaemonExpiration$SimpleMemoryExpirationSelector done
Event: 13.832 loading class org/gradle/workers/internal/WorkerDaemonClient
Event: 13.832 loading class org/gradle/workers/internal/WorkerDaemonClient done
Event: 13.833 loading class org/gradle/workers/internal/WorkerDaemonClient
Event: 13.833 loading class org/gradle/workers/internal/WorkerDaemonClient done
Event: 13.833 loading class org/gradle/process/internal/health/memory/JvmMemoryStatusSnapshot
Event: 13.833 loading class org/gradle/process/internal/health/memory/JvmMemoryStatusSnapshot done
Event: 13.833 Executing VM operation: RevokeBias
Event: 13.834 Executing VM operation: RevokeBias done
Event: 13.834 Executing VM operation: RevokeBias
Event: 13.834 Executing VM operation: RevokeBias done
Event: 13.874 loading class com/android/utils/XmlUtils$PositionAwareStringBuilder
Event: 13.874 loading class com/android/utils/XmlUtils$PositionAwareStringBuilder done
Event: 13.886 Executing VM operation: G1CollectForAllocation


Dynamic libraries:
0x00007ff6800a0000 - 0x00007ff6800aa000 	D:\안드로이드 스튜디오\jre\bin\java.exe
0x00007ff8dab40000 - 0x00007ff8dad49000 	C:\WINDOWS\SYSTEM32\ntdll.dll
0x00007ff8d9390000 - 0x00007ff8d944d000 	C:\WINDOWS\System32\KERNEL32.DLL
0x00007ff8d8590000 - 0x00007ff8d8914000 	C:\WINDOWS\System32\KERNELBASE.dll
0x00007ff8d8300000 - 0x00007ff8d8411000 	C:\WINDOWS\System32\ucrtbase.dll
0x00007ff8bdfd0000 - 0x00007ff8bdfe7000 	D:\안드로이드 스튜디오\jre\bin\VCRUNTIME140.dll
0x00007ff8ba980000 - 0x00007ff8ba999000 	D:\안드로이드 스튜디오\jre\bin\jli.dll
0x00007ff8d9770000 - 0x00007ff8d991d000 	C:\WINDOWS\System32\USER32.dll
0x00007ff8d8170000 - 0x00007ff8d8196000 	C:\WINDOWS\System32\win32u.dll
0x00007ff8d9bb0000 - 0x00007ff8d9bda000 	C:\WINDOWS\System32\GDI32.dll
0x00007ff8c9390000 - 0x00007ff8c9635000 	C:\WINDOWS\WinSxS\amd64_microsoft.windows.common-controls_6595b64144ccf1df_6.0.22000.120_none_9d947278b86cc467\COMCTL32.dll
0x00007ff8d8050000 - 0x00007ff8d816e000 	C:\WINDOWS\System32\gdi32full.dll
0x00007ff8d81a0000 - 0x00007ff8d823d000 	C:\WINDOWS\System32\msvcp_win.dll
0x00007ff8da950000 - 0x00007ff8da9f3000 	C:\WINDOWS\System32\msvcrt.dll
0x00007ff8d9500000 - 0x00007ff8d9531000 	C:\WINDOWS\System32\IMM32.DLL
0x00007ff8a7430000 - 0x00007ff8a74cd000 	D:\안드로이드 스튜디오\jre\bin\msvcp140.dll
0x00007ff8a37c0000 - 0x00007ff8a4295000 	D:\안드로이드 스튜디오\jre\bin\server\jvm.dll
0x00007ff8d8ef0000 - 0x00007ff8d8f9e000 	C:\WINDOWS\System32\ADVAPI32.dll
0x00007ff8daa00000 - 0x00007ff8daa9e000 	C:\WINDOWS\System32\sechost.dll
0x00007ff8da5d0000 - 0x00007ff8da6f1000 	C:\WINDOWS\System32\RPCRT4.dll
0x00007ff8d9920000 - 0x00007ff8d9928000 	C:\WINDOWS\System32\PSAPI.DLL
0x00007ff8c7320000 - 0x00007ff8c7329000 	C:\WINDOWS\SYSTEM32\WSOCK32.dll
0x00007ff8da8e0000 - 0x00007ff8da94f000 	C:\WINDOWS\System32\WS2_32.dll
0x00007ff8d18a0000 - 0x00007ff8d18d3000 	C:\WINDOWS\SYSTEM32\WINMM.dll
0x00007ff8cfbf0000 - 0x00007ff8cfbfa000 	C:\WINDOWS\SYSTEM32\VERSION.dll
0x00007ff8d7040000 - 0x00007ff8d7058000 	C:\WINDOWS\SYSTEM32\kernel.appcore.dll
0x00007ff8d3e50000 - 0x00007ff8d3e61000 	D:\안드로이드 스튜디오\jre\bin\verify.dll
0x00007ff8d5c00000 - 0x00007ff8d5e21000 	C:\WINDOWS\SYSTEM32\DBGHELP.DLL
0x00007ff8c2310000 - 0x00007ff8c2341000 	C:\WINDOWS\SYSTEM32\dbgcore.DLL
0x00007ff8d7fd0000 - 0x00007ff8d804f000 	C:\WINDOWS\System32\bcryptPrimitives.dll
0x00007ff8d3530000 - 0x00007ff8d3559000 	D:\안드로이드 스튜디오\jre\bin\java.dll
0x00007ff8d3e40000 - 0x00007ff8d3e4b000 	D:\안드로이드 스튜디오\jre\bin\jimage.dll
0x00007ff8d1cc0000 - 0x00007ff8d1cd8000 	D:\안드로이드 스튜디오\jre\bin\zip.dll
0x00007ff8d9ce0000 - 0x00007ff8da4a5000 	C:\WINDOWS\System32\SHELL32.dll
0x00007ff8d60a0000 - 0x00007ff8d6902000 	C:\WINDOWS\SYSTEM32\windows.storage.dll
0x00007ff8d9010000 - 0x00007ff8d9386000 	C:\WINDOWS\System32\combase.dll
0x00007ff8d5f30000 - 0x00007ff8d6097000 	C:\WINDOWS\SYSTEM32\wintypes.dll
0x00007ff8d9ac0000 - 0x00007ff8d9baa000 	C:\WINDOWS\System32\SHCORE.dll
0x00007ff8daaa0000 - 0x00007ff8daafd000 	C:\WINDOWS\System32\shlwapi.dll
0x00007ff8d7f00000 - 0x00007ff8d7f25000 	C:\WINDOWS\SYSTEM32\profapi.dll
0x00007ff8c7b90000 - 0x00007ff8c7baa000 	D:\안드로이드 스튜디오\jre\bin\net.dll
0x00007ff8d1370000 - 0x00007ff8d1484000 	C:\WINDOWS\SYSTEM32\WINHTTP.dll
0x00007ff8d7560000 - 0x00007ff8d75c7000 	C:\WINDOWS\system32\mswsock.dll
0x00007ff8c7b70000 - 0x00007ff8c7b84000 	D:\안드로이드 스튜디오\jre\bin\nio.dll
0x00007ff8baa20000 - 0x00007ff8baa47000 	C:\Users\LG\.gradle\native\e1d6ef7f7dcc3fd88c89a11ec53ec762bb8ba0a96d01ffa2cd45eb1d1d8dd5c5\windows-amd64\native-platform.dll
0x00007ff8a4b50000 - 0x00007ff8a4c94000 	C:\Users\LG\.gradle\native\5664cfc778a61ccfe75a443a1ab52a65af34e5dc3c78e0209fed803814484fcb\windows-amd64\native-platform-file-events.dll
0x00007ff8d3650000 - 0x00007ff8d365a000 	D:\안드로이드 스튜디오\jre\bin\management.dll
0x00007ff8d3620000 - 0x00007ff8d362d000 	D:\안드로이드 스튜디오\jre\bin\management_ext.dll
0x00007ff8d77e0000 - 0x00007ff8d77f8000 	C:\WINDOWS\SYSTEM32\CRYPTSP.dll
0x00007ff8d6fa0000 - 0x00007ff8d6fd5000 	C:\WINDOWS\system32\rsaenh.dll
0x00007ff8d7660000 - 0x00007ff8d768c000 	C:\WINDOWS\SYSTEM32\USERENV.dll
0x00007ff8d79a0000 - 0x00007ff8d79c7000 	C:\WINDOWS\SYSTEM32\bcrypt.dll
0x00007ff8d77d0000 - 0x00007ff8d77dc000 	C:\WINDOWS\SYSTEM32\CRYPTBASE.dll
0x00007ff8d6b60000 - 0x00007ff8d6b8d000 	C:\WINDOWS\SYSTEM32\IPHLPAPI.DLL
0x00007ff8d9930000 - 0x00007ff8d9939000 	C:\WINDOWS\System32\NSI.dll
0x00007ff8d0af0000 - 0x00007ff8d0b09000 	C:\WINDOWS\SYSTEM32\dhcpcsvc6.DLL
0x00007ff8d2ff0000 - 0x00007ff8d300e000 	C:\WINDOWS\SYSTEM32\dhcpcsvc.DLL
0x00007ff8d6b90000 - 0x00007ff8d6c77000 	C:\WINDOWS\SYSTEM32\DNSAPI.dll

dbghelp: loaded successfully - version: 4.0.5 - missing functions: none
symbol engine: initialized successfully - sym options: 0x614 - pdb path: .;D:\안드로이드 스튜디오\jre\bin;C:\WINDOWS\SYSTEM32;C:\WINDOWS\WinSxS\amd64_microsoft.windows.common-controls_6595b64144ccf1df_6.0.22000.120_none_9d947278b86cc467;D:\안드로이드 스튜?D:\안드로이?D:\안드?D:\안?D:\안;D:\?D:\안드로이드 스튜디오\jre\bin\server;C:\Users\LG\.gradle\native\e1d6ef7f7dcc3fd88c89a11ec53ec762bb8ba0a96d01f;D:\안드로이드 스튜디오\jre\bin\server;C:\Users\LG\.gradle\native\e1d6ef7f7dcc3fd88c89a11ec53ec762bb8ba0a96d01ffa2cd45eb1d1d8dd5c5\windows-amd64;C:\Users\LG\.gradle\native\5664cfc778a61ccfe75a443a1ab52a65af34;C:\Users\LG\.gradle\native\5664cfc778a61ccfe75a443a1ab52a65af34;C:\Users\LG\.gradle\native\5664cfc778a61ccfe75a443a1ab52a65af34;C:\Users\LG\.gradle\native\5664cfc778a61ccfe75a443a1ab52a65af34

VM Arguments:
jvm_args: --add-opens=java.base/java.util=ALL-UNNAMED --add-opens=java.base/java.lang=ALL-UNNAMED --add-opens=java.base/java.lang.invoke=ALL-UNNAMED --add-opens=java.base/java.util=ALL-UNNAMED --add-opens=java.prefs/java.util.prefs=ALL-UNNAMED --add-opens=java.prefs/java.util.prefs=ALL-UNNAMED --add-opens=java.base/java.nio.charset=ALL-UNNAMED --add-opens=java.base/java.net=ALL-UNNAMED --add-opens=java.base/java.util.concurrent.atomic=ALL-UNNAMED -Xmx2048m -Dfile.encoding=UTF-8 -Duser.country=KR -Duser.language=ko -Duser.variant 
java_command: org.gradle.launcher.daemon.bootstrap.GradleDaemon 7.2
java_class_path (initial): C:\Users\LG\.gradle\wrapper\dists\gradle-7.2-bin\2dnblmf4td7x66yl1d74lt32g\gradle-7.2\lib\gradle-launcher-7.2.jar
Launcher Type: SUN_STANDARD

[Global flags]
     intx CICompilerCount                          = 4                                         {product} {ergonomic}
     uint ConcGCThreads                            = 2                                         {product} {ergonomic}
     uint G1ConcRefinementThreads                  = 8                                         {product} {ergonomic}
   size_t G1HeapRegionSize                         = 1048576                                   {product} {ergonomic}
    uintx GCDrainStackTargetSize                   = 64                                        {product} {ergonomic}
   size_t InitialHeapSize                          = 134217728                                 {product} {ergonomic}
   size_t MarkStackSize                            = 4194304                                   {product} {ergonomic}
   size_t MaxHeapSize                              = 2147483648                                {product} {command line}
   size_t MaxNewSize                               = 1287651328                                {product} {ergonomic}
   size_t MinHeapDeltaBytes                        = 1048576                                   {product} {ergonomic}
    uintx NonNMethodCodeHeapSize                   = 5836300                                {pd product} {ergonomic}
    uintx NonProfiledCodeHeapSize                  = 122910970                              {pd product} {ergonomic}
    uintx ProfiledCodeHeapSize                     = 122910970                              {pd product} {ergonomic}
    uintx ReservedCodeCacheSize                    = 251658240                              {pd product} {ergonomic}
     bool SegmentedCodeCache                       = true                                      {product} {ergonomic}
     bool UseCompressedClassPointers               = true                                 {lp64_product} {ergonomic}
     bool UseCompressedOops                        = true                                 {lp64_product} {ergonomic}
     bool UseG1GC                                  = true                                      {product} {ergonomic}
     bool UseLargePagesIndividualAllocation        = false                                  {pd product} {ergonomic}

Logging:
Log output configuration:
 #0: stdout all=warning uptime,level,tags
 #1: stderr all=off uptime,level,tags

Environment Variables:
JAVA_HOME=D:\openjdk-11.0.0.1_windows-x64_bin\jdk-11.0.0.1
CLASSPATH=D:\openjdk-11.0.0.1_windows-x64_bin\jdk-11.0.0.1\lib
PATH=D:\openjdk-11.0.0.1_windows-x64_bin\jdk-11.0.0.1\bin;C:\Program Files\Common Files\Oracle\Java\javapath;C:\Program Files\Eclipse Adoptium\jdk-8.0.382.5-hotspot\bin;C:\oraclexe\app\oracle\product\10.2.0\server\bin;C:\Program Files (x86)\Common Files\Oracle\Java\javapath;C:\Program Files (x86)\Intel\iCLS Client\;C:\Program Files\Intel\iCLS Client\;C:\windows\system32;C:\windows;C:\windows\System32\Wbem;C:\windows\System32\WindowsPowerShell\v1.0\;C:\Program Files (x86)\Intel\Intel(R) Management Engine Components\DAL;C:\Program Files\Intel\Intel(R) Management Engine Components\DAL;C:\Program Files (x86)\Intel\Intel(R) Management Engine Components\IPT;C:\Program Files\Intel\Intel(R) Management Engine Components\IPT;C:\Program Files\Intel\WiFi\bin\;C:\Program Files\Common Files\Intel\WirelessCommon\;C:\Program Files (x86)\NVIDIA Corporation\PhysX\Common;C:\Program Files (x86)\Skype\Phone\;C:\WINDOWS\system32;C:\WINDOWS;C:\WINDOWS\System32\Wbem;C:\WINDOWS\System32\WindowsPowerShell\v1.0\;C:\WINDOWS\System32\OpenSSH\;C:\Program Files\nodejs\;D:\openssl-0.9.8e_X64\bin;C:\ProgramData\chocolatey\bin;C:\ProgramData\chocolatey\lib\maven\apache-maven-3.9.4\bin;C:\Program Files\Git\cmd;C:\Program Files\MariaDB 10.11\bin;D:\Scripts\;D:\;C:\Users\LG\AppData\Local\Microsoft\WindowsApps;C:\Users\LG\AppData\Local\afreeca;C:\altera\13.1\modelsim_ase\win32aloem;D:\PyCharm Community Edition 2022.1.3\bin;;C:\Users\LG\AppData\Local\Programs\Microsoft VS Code\bin;C:\Users\LG\AppData\Roaming\npm;C:\Program Files\Java\jdk-1.8\bin;D:\IntelliJ IDEA Community Edition 2023.1.3\bin;;;C:\Program Files (x86)\ESTsoft\ALSee\x64
USERNAME=LG
OS=Windows_NT
PROCESSOR_IDENTIFIER=Intel64 Family 6 Model 142 Stepping 10, GenuineIntel



---------------  S Y S T E M  ---------------

OS: Windows 10 , 64 bit Build 22000 (10.0.22000.2538)
OS uptime: 0 days 2:51 hours

CPU:total 8 (initial active 8) (4 cores per cpu, 2 threads per core) family 6 model 142 stepping 10 microcode 0xe0, cmov, cx8, fxsr, mmx, sse, sse2, sse3, ssse3, sse4.1, sse4.2, popcnt, avx, avx2, aes, clmul, erms, 3dnowpref, lzcnt, ht, tsc, tscinvbit, bmi1, bmi2, adx, fma

Memory: 4k page, system-wide physical 8101M (360M free)
TotalPageFile size 16293M (AvailPageFile size 22M)
current process WorkingSet (physical memory assigned to process): 408M, peak: 408M
current process commit charge ("private bytes"): 444M, peak: 475M

vm_info: OpenJDK 64-Bit Server VM (11.0.11+9-b60-7590822) for windows-amd64 JRE (11.0.11+9-b60-7590822), built on Jul 29 2021 21:43:44 by "builder" with MS VC++ 14.0 (VS2015)

END.
