#
# There is insufficient memory for the Java Runtime Environment to continue.
# Native memory allocation (malloc) failed to allocate 947536 bytes for Chunk::new
# Possible reasons:
#   The system is out of physical RAM or swap space
#   The process is running with CompressedOops enabled, and the Java Heap may be blocking the growth of the native heap
# Possible solutions:
#   Reduce memory load on the system
#   Increase physical memory or swap space
#   Check if swap backing store is full
#   Decrease Java heap size (-Xmx/-Xms)
#   Decrease number of Java threads
#   Decrease Java thread stack sizes (-Xss)
#   Set larger code cache with -XX:ReservedCodeCacheSize=
#   JVM is running with Unscaled Compressed Oops mode in which the Java heap is
#     placed in the first 4GB address space. The Java Heap base address is the
#     maximum limit for the native heap growth. Please use -XX:HeapBaseMinAddress
#     to set the Java Heap base and to place the Java Heap above 4GB virtual address.
# This output file may be truncated or incomplete.
#
#  Out of Memory Error (./src/hotspot/share/memory/arena.cpp:197), pid=41884, tid=11132
#
# JRE version: OpenJDK Runtime Environment (11.0.11+9) (build 11.0.11+9-b60-7590822)
# Java VM: OpenJDK 64-Bit Server VM (11.0.11+9-b60-7590822, mixed mode, tiered, compressed oops, g1 gc, windows-amd64)
# No core dump will be written. Minidumps are not enabled by default on client versions of Windows
#

---------------  S U M M A R Y ------------

Command Line: --add-opens=java.base/java.util=ALL-UNNAMED --add-opens=java.base/java.lang=ALL-UNNAMED --add-opens=java.base/java.lang.invoke=ALL-UNNAMED --add-opens=java.base/java.util=ALL-UNNAMED --add-opens=java.prefs/java.util.prefs=ALL-UNNAMED --add-opens=java.prefs/java.util.prefs=ALL-UNNAMED --add-opens=java.base/java.nio.charset=ALL-UNNAMED --add-opens=java.base/java.net=ALL-UNNAMED --add-opens=java.base/java.util.concurrent.atomic=ALL-UNNAMED -Xmx2048m -Dfile.encoding=UTF-8 -Duser.country=KR -Duser.language=ko -Duser.variant org.gradle.launcher.daemon.bootstrap.GradleDaemon 7.2

Host: Intel(R) Core(TM) i5-8250U CPU @ 1.60GHz, 8 cores, 7G,  Windows 10 , 64 bit Build 22000 (10.0.22000.2538)
Time: Thu Nov 16 18:46:54 2023 대한민국 표준시 elapsed time: 4.786345 seconds (0d 0h 0m 4s)

---------------  T H R E A D  ---------------

Current thread (0x000002776c441800):  JavaThread "C2 CompilerThread1" daemon [_thread_in_native, id=11132, stack(0x000000a15d400000,0x000000a15d500000)]


Current CompileTask:
C2:   4786 2302   !   4       java.net.URL::<init> (543 bytes)

Stack: [0x000000a15d400000,0x000000a15d500000]
Native frames: (J=compiled Java code, j=interpreted, Vv=VM code, C=native code)
V  [jvm.dll+0x5f214a]
V  [jvm.dll+0x726fb5]
V  [jvm.dll+0x7285cd]
V  [jvm.dll+0x728c83]
V  [jvm.dll+0x243278]
V  [jvm.dll+0xbc53c]
V  [jvm.dll+0xbca3c]
V  [jvm.dll+0x353e7d]
V  [jvm.dll+0x19895c]
V  [jvm.dll+0x1fc2ee]
V  [jvm.dll+0x1fb3d4]
V  [jvm.dll+0x183d6c]
V  [jvm.dll+0x209a57]
V  [jvm.dll+0x2082a1]
V  [jvm.dll+0x6ef58f]
V  [jvm.dll+0x6e80b5]
V  [jvm.dll+0x5f1036]
C  [ucrtbase.dll+0x26c0c]
C  [KERNEL32.DLL+0x153e0]
C  [ntdll.dll+0x485b]


---------------  P R O C E S S  ---------------

Threads class SMR info:
_java_thread_list=0x000002776f03f4c0, length=32, elements={
0x000002774c8f0800, 0x0000027766d77800, 0x0000027766d7a000, 0x00000277676a6000,
0x0000027766d93800, 0x0000027766d98800, 0x0000027766d9d800, 0x0000027766d9e800,
0x0000027766d9f800, 0x000002776780c000, 0x000002776bf28800, 0x000002776790d800,
0x000002776d178800, 0x000002776da9e800, 0x000002776d75f000, 0x000002776d508000,
0x000002776d6ff000, 0x000002776dc0f800, 0x000002776c486000, 0x000002776e72b000,
0x000002776c441800, 0x000002776e72b800, 0x000002776e72e000, 0x000002776e72c800,
0x000002776e72f000, 0x000002776e72d800, 0x000002776e729000, 0x000002776e72f800,
0x000002776e72a000, 0x000002776f0cf000, 0x000002776efa3000, 0x000002776f0d2800
}

Java Threads: ( => current thread )
  0x000002774c8f0800 JavaThread "main" [_thread_blocked, id=37680, stack(0x000000a15b700000,0x000000a15b800000)]
  0x0000027766d77800 JavaThread "Reference Handler" daemon [_thread_blocked, id=48308, stack(0x000000a15be00000,0x000000a15bf00000)]
  0x0000027766d7a000 JavaThread "Finalizer" daemon [_thread_blocked, id=20372, stack(0x000000a15bf00000,0x000000a15c000000)]
  0x00000277676a6000 JavaThread "Signal Dispatcher" daemon [_thread_blocked, id=22028, stack(0x000000a15c000000,0x000000a15c100000)]
  0x0000027766d93800 JavaThread "Attach Listener" daemon [_thread_blocked, id=9888, stack(0x000000a15c100000,0x000000a15c200000)]
  0x0000027766d98800 JavaThread "Service Thread" daemon [_thread_blocked, id=48388, stack(0x000000a15c200000,0x000000a15c300000)]
  0x0000027766d9d800 JavaThread "C2 CompilerThread0" daemon [_thread_blocked, id=19916, stack(0x000000a15c300000,0x000000a15c400000)]
  0x0000027766d9e800 JavaThread "C1 CompilerThread0" daemon [_thread_blocked, id=39340, stack(0x000000a15c400000,0x000000a15c500000)]
  0x0000027766d9f800 JavaThread "Sweeper thread" daemon [_thread_blocked, id=49996, stack(0x000000a15c500000,0x000000a15c600000)]
  0x000002776780c000 JavaThread "Common-Cleaner" daemon [_thread_blocked, id=15768, stack(0x000000a15c600000,0x000000a15c700000)]
  0x000002776bf28800 JavaThread "Daemon health stats" [_thread_blocked, id=49976, stack(0x000000a15cc00000,0x000000a15cd00000)]
  0x000002776790d800 JavaThread "Incoming local TCP Connector on port 12288" [_thread_in_native, id=45856, stack(0x000000a15c800000,0x000000a15c900000)]
  0x000002776d178800 JavaThread "Daemon periodic checks" [_thread_blocked, id=46608, stack(0x000000a15cb00000,0x000000a15cc00000)]
  0x000002776da9e800 JavaThread "Daemon" [_thread_blocked, id=42580, stack(0x000000a15cd00000,0x000000a15ce00000)]
  0x000002776d75f000 JavaThread "Handler for socket connection from /127.0.0.1:12288 to /127.0.0.1:12289" [_thread_in_native, id=37692, stack(0x000000a15ce00000,0x000000a15cf00000)]
  0x000002776d508000 JavaThread "Cancel handler" [_thread_blocked, id=27520, stack(0x000000a15cf00000,0x000000a15d000000)]
  0x000002776d6ff000 JavaThread "Daemon worker" [_thread_in_native, id=43336, stack(0x000000a15d000000,0x000000a15d100000)]
  0x000002776dc0f800 JavaThread "Asynchronous log dispatcher for DefaultDaemonConnection: socket connection from /127.0.0.1:12288 to /127.0.0.1:12289" [_thread_blocked, id=49248, stack(0x000000a15d100000,0x000000a15d200000)]
  0x000002776c486000 JavaThread "Stdin handler" [_thread_blocked, id=40444, stack(0x000000a15d200000,0x000000a15d300000)]
  0x000002776e72b000 JavaThread "Daemon client event forwarder" [_thread_blocked, id=47780, stack(0x000000a15d300000,0x000000a15d400000)]
=>0x000002776c441800 JavaThread "C2 CompilerThread1" daemon [_thread_in_native, id=11132, stack(0x000000a15d400000,0x000000a15d500000)]
  0x000002776e72b800 JavaThread "Cache worker for journal cache (C:\Users\LG\.gradle\caches\journal-1)" [_thread_blocked, id=49060, stack(0x000000a15da00000,0x000000a15db00000)]
  0x000002776e72e000 JavaThread "File lock request listener" [_thread_in_native, id=48968, stack(0x000000a15db00000,0x000000a15dc00000)]
  0x000002776e72c800 JavaThread "Cache worker for file hash cache (C:\Users\LG\.gradle\caches\7.2\fileHashes)" [_thread_blocked, id=50080, stack(0x000000a15dc00000,0x000000a15dd00000)]
  0x000002776e72f000 JavaThread "Cache worker for file hash cache (D:\project\MyApplication_login_test\.gradle\7.2\fileHashes)" [_thread_blocked, id=17084, stack(0x000000a15de00000,0x000000a15df00000)]
  0x000002776e72d800 JavaThread "File watcher server" daemon [_thread_in_native, id=36180, stack(0x000000a15df00000,0x000000a15e000000)]
  0x000002776e729000 JavaThread "File watcher consumer" daemon [_thread_blocked, id=19040, stack(0x000000a15e000000,0x000000a15e100000)]
  0x000002776e72f800 JavaThread "Cache worker for checksums cache (D:\project\MyApplication_login_test\.gradle\checksums)" [_thread_blocked, id=3128, stack(0x000000a15e100000,0x000000a15e200000)]
  0x000002776e72a000 JavaThread "Cache worker for cache directory md-supplier (C:\Users\LG\.gradle\caches\7.2\md-supplier)" [_thread_blocked, id=5644, stack(0x000000a15e200000,0x000000a15e300000)]
  0x000002776f0cf000 JavaThread "Cache worker for cache directory md-rule (C:\Users\LG\.gradle\caches\7.2\md-rule)" [_thread_blocked, id=33100, stack(0x000000a15e300000,0x000000a15e400000)]
  0x000002776efa3000 JavaThread "C2 CompilerThread2" daemon [_thread_blocked, id=30952, stack(0x000000a15e400000,0x000000a15e500000)]
  0x000002776f0d2800 JavaThread "Cache worker for execution history cache (C:\Users\LG\.gradle\caches\7.2\executionHistory)" [_thread_blocked, id=18252, stack(0x000000a15e500000,0x000000a15e600000)]

Other Threads:
  0x0000027766d75800 VMThread "VM Thread" [stack: 0x000000a15bd00000,0x000000a15be00000] [id=48452]
  0x000002776782b000 WatcherThread [stack: 0x000000a15c700000,0x000000a15c800000] [id=20188]
  0x000002774c90c000 GCTaskThread "GC Thread#0" [stack: 0x000000a15b800000,0x000000a15b900000] [id=46852]
  0x0000027767d10800 GCTaskThread "GC Thread#1" [stack: 0x000000a15c900000,0x000000a15ca00000] [id=41928]
  0x000002776bd69000 GCTaskThread "GC Thread#2" [stack: 0x000000a15ca00000,0x000000a15cb00000] [id=38968]
  0x000002776d7ed000 GCTaskThread "GC Thread#3" [stack: 0x000000a15d500000,0x000000a15d600000] [id=45424]
  0x000002776d59b800 GCTaskThread "GC Thread#4" [stack: 0x000000a15d600000,0x000000a15d700000] [id=45344]
  0x000002776e732000 GCTaskThread "GC Thread#5" [stack: 0x000000a15d700000,0x000000a15d800000] [id=44144]
  0x000002776d346000 GCTaskThread "GC Thread#6" [stack: 0x000000a15d800000,0x000000a15d900000] [id=42996]
  0x000002776d346800 GCTaskThread "GC Thread#7" [stack: 0x000000a15d900000,0x000000a15da00000] [id=41004]
  0x000002774c93d000 ConcurrentGCThread "G1 Main Marker" [stack: 0x000000a15b900000,0x000000a15ba00000] [id=41080]
  0x000002774c93e800 ConcurrentGCThread "G1 Conc#0" [stack: 0x000000a15ba00000,0x000000a15bb00000] [id=49940]
  0x000002776c6fa000 ConcurrentGCThread "G1 Conc#1" [stack: 0x000000a15dd00000,0x000000a15de00000] [id=39668]
  0x000002774c9cd800 ConcurrentGCThread "G1 Refine#0" [stack: 0x000000a15bb00000,0x000000a15bc00000] [id=50028]
  0x0000027766bc0800 ConcurrentGCThread "G1 Young RemSet Sampling" [stack: 0x000000a15bc00000,0x000000a15bd00000] [id=17724]

Threads with active compile tasks:
C2 CompilerThread1   4850 2302   !   4       java.net.URL::<init> (543 bytes)

VM state:not at safepoint (normal execution)

VM Mutex/Monitor currently owned by a thread: None

Heap address: 0x0000000080000000, size: 2048 MB, Compressed Oops mode: 32-bit
Narrow klass base: 0x0000000000000000, Narrow klass shift: 3
Compressed class space size: 1073741824 Address: 0x0000000100000000

Heap:
 garbage-first heap   total 131072K, used 49126K [0x0000000080000000, 0x0000000100000000)
  region size 1024K, 33 young (33792K), 3 survivors (3072K)
 Metaspace       used 29348K, capacity 30069K, committed 30336K, reserved 1075200K
  class space    used 3920K, capacity 4165K, committed 4224K, reserved 1048576K
Heap Regions: E=young(eden), S=young(survivor), O=old, HS=humongous(starts), HC=humongous(continues), CS=collection set, F=free, A=archive, TAMS=top-at-mark-start (previous, next)
|   0|0x0000000080000000, 0x0000000080100000, 0x0000000080100000|100%| O|  |TAMS 0x0000000080100000, 0x0000000080000000| Untracked 
|   1|0x0000000080100000, 0x0000000080200000, 0x0000000080200000|100%| O|  |TAMS 0x0000000080200000, 0x0000000080100000| Untracked 
|   2|0x0000000080200000, 0x0000000080300000, 0x0000000080300000|100%| O|  |TAMS 0x0000000080300000, 0x0000000080200000| Untracked 
|   3|0x0000000080300000, 0x0000000080400000, 0x0000000080400000|100%|HS|  |TAMS 0x0000000080400000, 0x0000000080300000| Complete 
|   4|0x0000000080400000, 0x0000000080500000, 0x0000000080500000|100%|HC|  |TAMS 0x0000000080500000, 0x0000000080400000| Complete 
|   5|0x0000000080500000, 0x0000000080600000, 0x0000000080600000|100%|HC|  |TAMS 0x0000000080600000, 0x0000000080500000| Complete 
|   6|0x0000000080600000, 0x0000000080700000, 0x0000000080700000|100%| O|  |TAMS 0x0000000080700000, 0x0000000080600000| Untracked 
|   7|0x0000000080700000, 0x0000000080800000, 0x0000000080800000|100%| O|  |TAMS 0x0000000080800000, 0x0000000080700000| Untracked 
|   8|0x0000000080800000, 0x0000000080900000, 0x0000000080900000|100%| O|  |TAMS 0x0000000080900000, 0x0000000080800000| Untracked 
|   9|0x0000000080900000, 0x0000000080a00000, 0x0000000080a00000|100%| O|  |TAMS 0x0000000080a00000, 0x0000000080900000| Untracked 
|  10|0x0000000080a00000, 0x0000000080b00000, 0x0000000080b00000|100%| O|  |TAMS 0x0000000080b00000, 0x0000000080a00000| Untracked 
|  11|0x0000000080b00000, 0x0000000080c00000, 0x0000000080c00000|100%| O|  |TAMS 0x0000000080c00000, 0x0000000080b00000| Untracked 
|  12|0x0000000080c00000, 0x0000000080d00000, 0x0000000080d00000|100%| O|  |TAMS 0x0000000080d00000, 0x0000000080c00000| Untracked 
|  13|0x0000000080d00000, 0x0000000080e00000, 0x0000000080e00000|100%| O|  |TAMS 0x0000000080e00000, 0x0000000080d00000| Untracked 
|  14|0x0000000080e00000, 0x0000000080f00000, 0x0000000080f00000|100%| O|  |TAMS 0x0000000080f00000, 0x0000000080e00000| Untracked 
|  15|0x0000000080f00000, 0x0000000080ff9a00, 0x0000000081000000| 97%| O|  |TAMS 0x0000000080ff9a00, 0x0000000080f00000| Untracked 
|  16|0x0000000081000000, 0x0000000081000000, 0x0000000081100000|  0%| F|  |TAMS 0x0000000081000000, 0x0000000081000000| Untracked 
|  17|0x0000000081100000, 0x0000000081100000, 0x0000000081200000|  0%| F|  |TAMS 0x0000000081100000, 0x0000000081100000| Untracked 
|  18|0x0000000081200000, 0x0000000081200000, 0x0000000081300000|  0%| F|  |TAMS 0x0000000081200000, 0x0000000081200000| Untracked 
|  19|0x0000000081300000, 0x0000000081300000, 0x0000000081400000|  0%| F|  |TAMS 0x0000000081300000, 0x0000000081300000| Untracked 
|  20|0x0000000081400000, 0x0000000081400000, 0x0000000081500000|  0%| F|  |TAMS 0x0000000081400000, 0x0000000081400000| Untracked 
|  21|0x0000000081500000, 0x0000000081500000, 0x0000000081600000|  0%| F|  |TAMS 0x0000000081500000, 0x0000000081500000| Untracked 
|  22|0x0000000081600000, 0x0000000081600000, 0x0000000081700000|  0%| F|  |TAMS 0x0000000081600000, 0x0000000081600000| Untracked 
|  23|0x0000000081700000, 0x0000000081700000, 0x0000000081800000|  0%| F|  |TAMS 0x0000000081700000, 0x0000000081700000| Untracked 
|  24|0x0000000081800000, 0x0000000081800000, 0x0000000081900000|  0%| F|  |TAMS 0x0000000081800000, 0x0000000081800000| Untracked 
|  25|0x0000000081900000, 0x0000000081900000, 0x0000000081a00000|  0%| F|  |TAMS 0x0000000081900000, 0x0000000081900000| Untracked 
|  26|0x0000000081a00000, 0x0000000081a00000, 0x0000000081b00000|  0%| F|  |TAMS 0x0000000081a00000, 0x0000000081a00000| Untracked 
|  27|0x0000000081b00000, 0x0000000081b00000, 0x0000000081c00000|  0%| F|  |TAMS 0x0000000081b00000, 0x0000000081b00000| Untracked 
|  28|0x0000000081c00000, 0x0000000081c00000, 0x0000000081d00000|  0%| F|  |TAMS 0x0000000081c00000, 0x0000000081c00000| Untracked 
|  29|0x0000000081d00000, 0x0000000081d00000, 0x0000000081e00000|  0%| F|  |TAMS 0x0000000081d00000, 0x0000000081d00000| Untracked 
|  30|0x0000000081e00000, 0x0000000081e00000, 0x0000000081f00000|  0%| F|  |TAMS 0x0000000081e00000, 0x0000000081e00000| Untracked 
|  31|0x0000000081f00000, 0x0000000081f00000, 0x0000000082000000|  0%| F|  |TAMS 0x0000000081f00000, 0x0000000081f00000| Untracked 
|  32|0x0000000082000000, 0x0000000082000000, 0x0000000082100000|  0%| F|  |TAMS 0x0000000082000000, 0x0000000082000000| Untracked 
|  33|0x0000000082100000, 0x0000000082100000, 0x0000000082200000|  0%| F|  |TAMS 0x0000000082100000, 0x0000000082100000| Untracked 
|  34|0x0000000082200000, 0x0000000082200000, 0x0000000082300000|  0%| F|  |TAMS 0x0000000082200000, 0x0000000082200000| Untracked 
|  35|0x0000000082300000, 0x0000000082300000, 0x0000000082400000|  0%| F|  |TAMS 0x0000000082300000, 0x0000000082300000| Untracked 
|  36|0x0000000082400000, 0x0000000082400000, 0x0000000082500000|  0%| F|  |TAMS 0x0000000082400000, 0x0000000082400000| Untracked 
|  37|0x0000000082500000, 0x0000000082500000, 0x0000000082600000|  0%| F|  |TAMS 0x0000000082500000, 0x0000000082500000| Untracked 
|  38|0x0000000082600000, 0x0000000082600000, 0x0000000082700000|  0%| F|  |TAMS 0x0000000082600000, 0x0000000082600000| Untracked 
|  39|0x0000000082700000, 0x0000000082700000, 0x0000000082800000|  0%| F|  |TAMS 0x0000000082700000, 0x0000000082700000| Untracked 
|  40|0x0000000082800000, 0x0000000082800000, 0x0000000082900000|  0%| F|  |TAMS 0x0000000082800000, 0x0000000082800000| Untracked 
|  41|0x0000000082900000, 0x0000000082900000, 0x0000000082a00000|  0%| F|  |TAMS 0x0000000082900000, 0x0000000082900000| Untracked 
|  42|0x0000000082a00000, 0x0000000082a00000, 0x0000000082b00000|  0%| F|  |TAMS 0x0000000082a00000, 0x0000000082a00000| Untracked 
|  43|0x0000000082b00000, 0x0000000082b00000, 0x0000000082c00000|  0%| F|  |TAMS 0x0000000082b00000, 0x0000000082b00000| Untracked 
|  44|0x0000000082c00000, 0x0000000082c00000, 0x0000000082d00000|  0%| F|  |TAMS 0x0000000082c00000, 0x0000000082c00000| Untracked 
|  45|0x0000000082d00000, 0x0000000082d00000, 0x0000000082e00000|  0%| F|  |TAMS 0x0000000082d00000, 0x0000000082d00000| Untracked 
|  46|0x0000000082e00000, 0x0000000082e00000, 0x0000000082f00000|  0%| F|  |TAMS 0x0000000082e00000, 0x0000000082e00000| Untracked 
|  47|0x0000000082f00000, 0x0000000082f00000, 0x0000000083000000|  0%| F|  |TAMS 0x0000000082f00000, 0x0000000082f00000| Untracked 
|  48|0x0000000083000000, 0x0000000083000000, 0x0000000083100000|  0%| F|  |TAMS 0x0000000083000000, 0x0000000083000000| Untracked 
|  49|0x0000000083100000, 0x0000000083100000, 0x0000000083200000|  0%| F|  |TAMS 0x0000000083100000, 0x0000000083100000| Untracked 
|  50|0x0000000083200000, 0x0000000083200000, 0x0000000083300000|  0%| F|  |TAMS 0x0000000083200000, 0x0000000083200000| Untracked 
|  51|0x0000000083300000, 0x0000000083300000, 0x0000000083400000|  0%| F|  |TAMS 0x0000000083300000, 0x0000000083300000| Untracked 
|  52|0x0000000083400000, 0x0000000083400000, 0x0000000083500000|  0%| F|  |TAMS 0x0000000083400000, 0x0000000083400000| Untracked 
|  53|0x0000000083500000, 0x0000000083500000, 0x0000000083600000|  0%| F|  |TAMS 0x0000000083500000, 0x0000000083500000| Untracked 
|  54|0x0000000083600000, 0x0000000083600000, 0x0000000083700000|  0%| F|  |TAMS 0x0000000083600000, 0x0000000083600000| Untracked 
|  55|0x0000000083700000, 0x0000000083700000, 0x0000000083800000|  0%| F|  |TAMS 0x0000000083700000, 0x0000000083700000| Untracked 
|  56|0x0000000083800000, 0x0000000083800000, 0x0000000083900000|  0%| F|  |TAMS 0x0000000083800000, 0x0000000083800000| Untracked 
|  57|0x0000000083900000, 0x0000000083900000, 0x0000000083a00000|  0%| F|  |TAMS 0x0000000083900000, 0x0000000083900000| Untracked 
|  58|0x0000000083a00000, 0x0000000083a00000, 0x0000000083b00000|  0%| F|  |TAMS 0x0000000083a00000, 0x0000000083a00000| Untracked 
|  59|0x0000000083b00000, 0x0000000083b00000, 0x0000000083c00000|  0%| F|  |TAMS 0x0000000083b00000, 0x0000000083b00000| Untracked 
|  60|0x0000000083c00000, 0x0000000083c00000, 0x0000000083d00000|  0%| F|  |TAMS 0x0000000083c00000, 0x0000000083c00000| Untracked 
|  61|0x0000000083d00000, 0x0000000083d00000, 0x0000000083e00000|  0%| F|  |TAMS 0x0000000083d00000, 0x0000000083d00000| Untracked 
|  62|0x0000000083e00000, 0x0000000083e00000, 0x0000000083f00000|  0%| F|  |TAMS 0x0000000083e00000, 0x0000000083e00000| Untracked 
|  63|0x0000000083f00000, 0x0000000083f00000, 0x0000000084000000|  0%| F|  |TAMS 0x0000000083f00000, 0x0000000083f00000| Untracked 
|  64|0x0000000084000000, 0x0000000084000000, 0x0000000084100000|  0%| F|  |TAMS 0x0000000084000000, 0x0000000084000000| Untracked 
|  65|0x0000000084100000, 0x0000000084200000, 0x0000000084200000|100%| S|CS|TAMS 0x0000000084100000, 0x0000000084100000| Complete 
|  66|0x0000000084200000, 0x0000000084300000, 0x0000000084300000|100%| S|CS|TAMS 0x0000000084200000, 0x0000000084200000| Complete 
|  67|0x0000000084300000, 0x0000000084400000, 0x0000000084400000|100%| S|CS|TAMS 0x0000000084300000, 0x0000000084300000| Complete 
|  68|0x0000000084400000, 0x0000000084400000, 0x0000000084500000|  0%| F|  |TAMS 0x0000000084400000, 0x0000000084400000| Untracked 
|  69|0x0000000084500000, 0x0000000084500000, 0x0000000084600000|  0%| F|  |TAMS 0x0000000084500000, 0x0000000084500000| Untracked 
|  70|0x0000000084600000, 0x0000000084600000, 0x0000000084700000|  0%| F|  |TAMS 0x0000000084600000, 0x0000000084600000| Untracked 
|  71|0x0000000084700000, 0x0000000084700000, 0x0000000084800000|  0%| F|  |TAMS 0x0000000084700000, 0x0000000084700000| Untracked 
|  72|0x0000000084800000, 0x0000000084800000, 0x0000000084900000|  0%| F|  |TAMS 0x0000000084800000, 0x0000000084800000| Untracked 
|  73|0x0000000084900000, 0x0000000084900000, 0x0000000084a00000|  0%| F|  |TAMS 0x0000000084900000, 0x0000000084900000| Untracked 
|  74|0x0000000084a00000, 0x0000000084a00000, 0x0000000084b00000|  0%| F|  |TAMS 0x0000000084a00000, 0x0000000084a00000| Untracked 
|  75|0x0000000084b00000, 0x0000000084b00000, 0x0000000084c00000|  0%| F|  |TAMS 0x0000000084b00000, 0x0000000084b00000| Untracked 
|  76|0x0000000084c00000, 0x0000000084c00000, 0x0000000084d00000|  0%| F|  |TAMS 0x0000000084c00000, 0x0000000084c00000| Untracked 
|  77|0x0000000084d00000, 0x0000000084d00000, 0x0000000084e00000|  0%| F|  |TAMS 0x0000000084d00000, 0x0000000084d00000| Untracked 
|  78|0x0000000084e00000, 0x0000000084e00000, 0x0000000084f00000|  0%| F|  |TAMS 0x0000000084e00000, 0x0000000084e00000| Untracked 
|  79|0x0000000084f00000, 0x0000000084f00000, 0x0000000085000000|  0%| F|  |TAMS 0x0000000084f00000, 0x0000000084f00000| Untracked 
|  80|0x0000000085000000, 0x0000000085000000, 0x0000000085100000|  0%| F|  |TAMS 0x0000000085000000, 0x0000000085000000| Untracked 
|  81|0x0000000085100000, 0x0000000085100000, 0x0000000085200000|  0%| F|  |TAMS 0x0000000085100000, 0x0000000085100000| Untracked 
|  82|0x0000000085200000, 0x0000000085200000, 0x0000000085300000|  0%| F|  |TAMS 0x0000000085200000, 0x0000000085200000| Untracked 
|  83|0x0000000085300000, 0x0000000085300000, 0x0000000085400000|  0%| F|  |TAMS 0x0000000085300000, 0x0000000085300000| Untracked 
|  84|0x0000000085400000, 0x0000000085400000, 0x0000000085500000|  0%| F|  |TAMS 0x0000000085400000, 0x0000000085400000| Untracked 
|  85|0x0000000085500000, 0x0000000085500000, 0x0000000085600000|  0%| F|  |TAMS 0x0000000085500000, 0x0000000085500000| Untracked 
|  86|0x0000000085600000, 0x0000000085600000, 0x0000000085700000|  0%| F|  |TAMS 0x0000000085600000, 0x0000000085600000| Untracked 
|  87|0x0000000085700000, 0x0000000085700000, 0x0000000085800000|  0%| F|  |TAMS 0x0000000085700000, 0x0000000085700000| Untracked 
|  88|0x0000000085800000, 0x0000000085800000, 0x0000000085900000|  0%| F|  |TAMS 0x0000000085800000, 0x0000000085800000| Untracked 
|  89|0x0000000085900000, 0x0000000085900000, 0x0000000085a00000|  0%| F|  |TAMS 0x0000000085900000, 0x0000000085900000| Untracked 
|  90|0x0000000085a00000, 0x0000000085a00000, 0x0000000085b00000|  0%| F|  |TAMS 0x0000000085a00000, 0x0000000085a00000| Untracked 
|  91|0x0000000085b00000, 0x0000000085b00000, 0x0000000085c00000|  0%| F|  |TAMS 0x0000000085b00000, 0x0000000085b00000| Untracked 
|  92|0x0000000085c00000, 0x0000000085c00000, 0x0000000085d00000|  0%| F|  |TAMS 0x0000000085c00000, 0x0000000085c00000| Untracked 
|  93|0x0000000085d00000, 0x0000000085d00000, 0x0000000085e00000|  0%| F|  |TAMS 0x0000000085d00000, 0x0000000085d00000| Untracked 
|  94|0x0000000085e00000, 0x0000000085e00000, 0x0000000085f00000|  0%| F|  |TAMS 0x0000000085e00000, 0x0000000085e00000| Untracked 
|  95|0x0000000085f00000, 0x0000000085f00000, 0x0000000086000000|  0%| F|  |TAMS 0x0000000085f00000, 0x0000000085f00000| Untracked 
|  96|0x0000000086000000, 0x0000000086000000, 0x0000000086100000|  0%| F|  |TAMS 0x0000000086000000, 0x0000000086000000| Untracked 
|  97|0x0000000086100000, 0x0000000086100000, 0x0000000086200000|  0%| F|  |TAMS 0x0000000086100000, 0x0000000086100000| Untracked 
|  98|0x0000000086200000, 0x0000000086300000, 0x0000000086300000|100%| E|  |TAMS 0x0000000086200000, 0x0000000086200000| Complete 
|  99|0x0000000086300000, 0x0000000086400000, 0x0000000086400000|100%| E|CS|TAMS 0x0000000086300000, 0x0000000086300000| Complete 
| 100|0x0000000086400000, 0x0000000086500000, 0x0000000086500000|100%| E|CS|TAMS 0x0000000086400000, 0x0000000086400000| Complete 
| 101|0x0000000086500000, 0x0000000086600000, 0x0000000086600000|100%| E|CS|TAMS 0x0000000086500000, 0x0000000086500000| Complete 
| 102|0x0000000086600000, 0x0000000086700000, 0x0000000086700000|100%| E|CS|TAMS 0x0000000086600000, 0x0000000086600000| Complete 
| 103|0x0000000086700000, 0x0000000086800000, 0x0000000086800000|100%| E|CS|TAMS 0x0000000086700000, 0x0000000086700000| Complete 
| 104|0x0000000086800000, 0x0000000086900000, 0x0000000086900000|100%| E|CS|TAMS 0x0000000086800000, 0x0000000086800000| Complete 
| 105|0x0000000086900000, 0x0000000086a00000, 0x0000000086a00000|100%| E|CS|TAMS 0x0000000086900000, 0x0000000086900000| Complete 
| 106|0x0000000086a00000, 0x0000000086b00000, 0x0000000086b00000|100%| E|CS|TAMS 0x0000000086a00000, 0x0000000086a00000| Complete 
| 107|0x0000000086b00000, 0x0000000086c00000, 0x0000000086c00000|100%| E|CS|TAMS 0x0000000086b00000, 0x0000000086b00000| Complete 
| 108|0x0000000086c00000, 0x0000000086d00000, 0x0000000086d00000|100%| E|CS|TAMS 0x0000000086c00000, 0x0000000086c00000| Complete 
| 109|0x0000000086d00000, 0x0000000086e00000, 0x0000000086e00000|100%| E|CS|TAMS 0x0000000086d00000, 0x0000000086d00000| Complete 
| 110|0x0000000086e00000, 0x0000000086f00000, 0x0000000086f00000|100%| E|CS|TAMS 0x0000000086e00000, 0x0000000086e00000| Complete 
| 111|0x0000000086f00000, 0x0000000087000000, 0x0000000087000000|100%| E|CS|TAMS 0x0000000086f00000, 0x0000000086f00000| Complete 
| 112|0x0000000087000000, 0x0000000087100000, 0x0000000087100000|100%| E|CS|TAMS 0x0000000087000000, 0x0000000087000000| Complete 
| 113|0x0000000087100000, 0x0000000087200000, 0x0000000087200000|100%| E|CS|TAMS 0x0000000087100000, 0x0000000087100000| Complete 
| 114|0x0000000087200000, 0x0000000087300000, 0x0000000087300000|100%| E|CS|TAMS 0x0000000087200000, 0x0000000087200000| Complete 
| 115|0x0000000087300000, 0x0000000087400000, 0x0000000087400000|100%| E|CS|TAMS 0x0000000087300000, 0x0000000087300000| Complete 
| 116|0x0000000087400000, 0x0000000087500000, 0x0000000087500000|100%| E|CS|TAMS 0x0000000087400000, 0x0000000087400000| Complete 
| 117|0x0000000087500000, 0x0000000087600000, 0x0000000087600000|100%| E|CS|TAMS 0x0000000087500000, 0x0000000087500000| Complete 
| 118|0x0000000087600000, 0x0000000087700000, 0x0000000087700000|100%| E|CS|TAMS 0x0000000087600000, 0x0000000087600000| Complete 
| 119|0x0000000087700000, 0x0000000087800000, 0x0000000087800000|100%| E|CS|TAMS 0x0000000087700000, 0x0000000087700000| Complete 
| 120|0x0000000087800000, 0x0000000087900000, 0x0000000087900000|100%| E|CS|TAMS 0x0000000087800000, 0x0000000087800000| Complete 
| 121|0x0000000087900000, 0x0000000087a00000, 0x0000000087a00000|100%| E|CS|TAMS 0x0000000087900000, 0x0000000087900000| Complete 
| 122|0x0000000087a00000, 0x0000000087b00000, 0x0000000087b00000|100%| E|CS|TAMS 0x0000000087a00000, 0x0000000087a00000| Complete 
| 123|0x0000000087b00000, 0x0000000087c00000, 0x0000000087c00000|100%| E|CS|TAMS 0x0000000087b00000, 0x0000000087b00000| Complete 
| 124|0x0000000087c00000, 0x0000000087d00000, 0x0000000087d00000|100%| E|CS|TAMS 0x0000000087c00000, 0x0000000087c00000| Complete 
| 125|0x0000000087d00000, 0x0000000087e00000, 0x0000000087e00000|100%| E|CS|TAMS 0x0000000087d00000, 0x0000000087d00000| Complete 
| 126|0x0000000087e00000, 0x0000000087f00000, 0x0000000087f00000|100%| E|CS|TAMS 0x0000000087e00000, 0x0000000087e00000| Complete 
| 127|0x0000000087f00000, 0x0000000088000000, 0x0000000088000000|100%| E|CS|TAMS 0x0000000087f00000, 0x0000000087f00000| Complete 

Card table byte_map: [0x000002775fb20000,0x000002775ff20000] _byte_map_base: 0x000002775f720000

Marking Bits (Prev, Next): (CMBitMap*) 0x000002774c9342d0, (CMBitMap*) 0x000002774c934298
 Prev Bits: [0x0000027762320000, 0x0000027764320000)
 Next Bits: [0x0000027760320000, 0x0000027762320000)

Polling page: 0x000002774a880000

Metaspace:

Usage:
  Non-class:     25.36 MB capacity,    24.87 MB ( 98%) used,   442.30 KB (  2%) free+waste,    59.31 KB ( <1%) overhead. 
      Class:      4.07 MB capacity,     3.84 MB ( 94%) used,   208.26 KB (  5%) free+waste,    29.75 KB ( <1%) overhead. 
       Both:     29.43 MB capacity,    28.71 MB ( 98%) used,   650.56 KB (  2%) free+waste,    89.06 KB ( <1%) overhead. 

Virtual space:
  Non-class space:       26.00 MB reserved,      25.50 MB ( 98%) committed 
      Class space:        1.00 GB reserved,       4.13 MB ( <1%) committed 
             Both:        1.03 GB reserved,      29.63 MB (  3%) committed 

Chunk freelists:
   Non-Class:  10.00 KB
       Class:  24.00 KB
        Both:  34.00 KB

MaxMetaspaceSize: 17179869184.00 GB
CompressedClassSpaceSize: 1.00 GB

CodeHeap 'non-profiled nmethods': size=120000Kb used=1250Kb max_used=1250Kb free=118749Kb
 bounds [0x0000027757ec0000, 0x0000027758130000, 0x000002775f3f0000]
CodeHeap 'profiled nmethods': size=120000Kb used=5336Kb max_used=5336Kb free=114664Kb
 bounds [0x0000027750990000, 0x0000027750ed0000, 0x0000027757ec0000]
CodeHeap 'non-nmethods': size=5760Kb used=1167Kb max_used=1214Kb free=4592Kb
 bounds [0x00000277503f0000, 0x0000027750660000, 0x0000027750990000]
 total_blobs=2996 nmethods=2486 adapters=421
 compilation: enabled
              stopped_count=0, restarted_count=0
 full_count=0

Compilation events (20 events):
Event: 4.758 Thread 0x0000027766d9e800 2448       3       org.gradle.internal.service.DefaultServiceRegistry::access$1400 (4 bytes)
Event: 4.758 Thread 0x0000027766d9e800 nmethod 2448 0x0000027750eb1210 code [0x0000027750eb13c0, 0x0000027750eb14b8]
Event: 4.758 Thread 0x0000027766d9e800 2449       3       com.google.common.base.MoreObjects::firstNonNull (22 bytes)
Event: 4.758 Thread 0x0000027766d9e800 nmethod 2449 0x0000027750eb1590 code [0x0000027750eb1760, 0x0000027750eb1988]
Event: 4.762 Thread 0x0000027766d9e800 2450       3       sun.security.provider.MD5::HH (29 bytes)
Event: 4.762 Thread 0x0000027766d9e800 nmethod 2450 0x0000027750eb1a90 code [0x0000027750eb1c40, 0x0000027750eb1d58]
Event: 4.762 Thread 0x0000027766d9e800 2451       3       sun.security.provider.MD5::II (31 bytes)
Event: 4.762 Thread 0x0000027766d9e800 nmethod 2451 0x0000027750eb1e10 code [0x0000027750eb1fc0, 0x0000027750eb20d8]
Event: 4.762 Thread 0x0000027766d9d800 2452 %     4       jdk.internal.org.objectweb.asm.Type::getArgumentsAndReturnSizes @ 63 (151 bytes)
Event: 4.766 Thread 0x0000027766d9e800 2454       3       java.lang.invoke.MethodHandles$Lookup::checkMethod (83 bytes)
Event: 4.766 Thread 0x0000027766d9e800 nmethod 2454 0x0000027750eb2190 code [0x0000027750eb23c0, 0x0000027750eb2b18]
Event: 4.766 Thread 0x0000027766d9e800 2456       3       java.lang.Class::copyConstructors (38 bytes)
Event: 4.767 Thread 0x0000027766d9e800 nmethod 2456 0x0000027750eb2d90 code [0x0000027750eb3000, 0x0000027750eb3a88]
Event: 4.768 Thread 0x0000027766d9e800 2455       3       java.lang.invoke.MethodHandles$Lookup::maybeBindCaller (47 bytes)
Event: 4.768 Thread 0x0000027766d9e800 nmethod 2455 0x0000027750eb3e10 code [0x0000027750eb4060, 0x0000027750eb4948]
Event: 4.768 Thread 0x0000027766d9e800 2458       3       jdk.internal.misc.Unsafe::ensureClassInitialized (18 bytes)
Event: 4.768 Thread 0x0000027766d9e800 nmethod 2458 0x0000027750eb4c90 code [0x0000027750eb4e60, 0x0000027750eb5078]
Event: 4.775 Thread 0x0000027766d9e800 2459       3       java.lang.invoke.MethodHandles$Lookup::lookupModes (8 bytes)
Event: 4.775 Thread 0x0000027766d9e800 nmethod 2459 0x0000027750eb5190 code [0x0000027750eb5340, 0x0000027750eb5438]
Event: 4.780 Thread 0x0000027766d9e800 2460       3       jdk.internal.org.objectweb.asm.ClassWriter::toByteArray (1423 bytes)

GC Heap History (8 events):
Event: 0.603 GC heap before
{Heap before GC invocations=0 (full 0):
 garbage-first heap   total 131072K, used 29696K [0x0000000080000000, 0x0000000100000000)
  region size 1024K, 24 young (24576K), 0 survivors (0K)
 Metaspace       used 10301K, capacity 10531K, committed 10752K, reserved 1058816K
  class space    used 1079K, capacity 1170K, committed 1280K, reserved 1048576K
}
Event: 0.607 GC heap after
{Heap after GC invocations=1 (full 0):
 garbage-first heap   total 131072K, used 9381K [0x0000000080000000, 0x0000000100000000)
  region size 1024K, 3 young (3072K), 3 survivors (3072K)
 Metaspace       used 10301K, capacity 10531K, committed 10752K, reserved 1058816K
  class space    used 1079K, capacity 1170K, committed 1280K, reserved 1048576K
}
Event: 3.712 GC heap before
{Heap before GC invocations=1 (full 0):
 garbage-first heap   total 131072K, used 84133K [0x0000000080000000, 0x0000000100000000)
  region size 1024K, 76 young (77824K), 3 survivors (3072K)
 Metaspace       used 17741K, capacity 18228K, committed 18432K, reserved 1064960K
  class space    used 2098K, capacity 2251K, committed 2304K, reserved 1048576K
}
Event: 3.718 GC heap after
{Heap after GC invocations=2 (full 0):
 garbage-first heap   total 131072K, used 16026K [0x0000000080000000, 0x0000000100000000)
  region size 1024K, 10 young (10240K), 10 survivors (10240K)
 Metaspace       used 17741K, capacity 18228K, committed 18432K, reserved 1064960K
  class space    used 2098K, capacity 2251K, committed 2304K, reserved 1048576K
}
Event: 3.928 GC heap before
{Heap before GC invocations=2 (full 0):
 garbage-first heap   total 131072K, used 40602K [0x0000000080000000, 0x0000000100000000)
  region size 1024K, 35 young (35840K), 10 survivors (10240K)
 Metaspace       used 20745K, capacity 21180K, committed 21296K, reserved 1069056K
  class space    used 2542K, capacity 2660K, committed 2688K, reserved 1048576K
}
Event: 3.934 GC heap after
{Heap after GC invocations=3 (full 0):
 garbage-first heap   total 131072K, used 17697K [0x0000000080000000, 0x0000000100000000)
  region size 1024K, 2 young (2048K), 2 survivors (2048K)
 Metaspace       used 20745K, capacity 21180K, committed 21296K, reserved 1069056K
  class space    used 2542K, capacity 2660K, committed 2688K, reserved 1048576K
}
Event: 4.496 GC heap before
{Heap before GC invocations=4 (full 0):
 garbage-first heap   total 131072K, used 77089K [0x0000000080000000, 0x0000000100000000)
  region size 1024K, 60 young (61440K), 2 survivors (2048K)
 Metaspace       used 26504K, capacity 27166K, committed 27264K, reserved 1073152K
  class space    used 3472K, capacity 3683K, committed 3712K, reserved 1048576K
}
Event: 4.500 GC heap after
{Heap after GC invocations=5 (full 0):
 garbage-first heap   total 131072K, used 19430K [0x0000000080000000, 0x0000000100000000)
  region size 1024K, 3 young (3072K), 3 survivors (3072K)
 Metaspace       used 26504K, capacity 27166K, committed 27264K, reserved 1073152K
  class space    used 3472K, capacity 3683K, committed 3712K, reserved 1048576K
}

Deoptimization events (20 events):
Event: 4.400 Thread 0x000002776d6ff000 Uncommon trap: trap_request=0xffffff4d fr.pc=0x0000027757f63e54 relative=0x0000000000001514
Event: 4.400 Thread 0x000002776d6ff000 Uncommon trap: reason=unstable_if action=reinterpret pc=0x0000027757f63e54 method=java.util.concurrent.ConcurrentHashMap.putVal(Ljava/lang/Object;Ljava/lang/Object;Z)Ljava/lang/Object; @ 231 c2
Event: 4.400 Thread 0x000002776d6ff000 DEOPT PACKING pc=0x0000027757f63e54 sp=0x000000a15d0fc5b0
Event: 4.400 Thread 0x000002776d6ff000 DEOPT UNPACKING pc=0x000002775041662f sp=0x000000a15d0fc530 mode 2
Event: 4.420 Thread 0x000002776d6ff000 Uncommon trap: trap_request=0xffffffde fr.pc=0x0000027757fd52a4 relative=0x00000000000002e4
Event: 4.420 Thread 0x000002776d6ff000 Uncommon trap: reason=class_check action=maybe_recompile pc=0x0000027757fd52a4 method=java.util.Collections$SetFromMap.remove(Ljava/lang/Object;)Z @ 5 c2
Event: 4.420 Thread 0x000002776d6ff000 DEOPT PACKING pc=0x0000027757fd52a4 sp=0x000000a15d0fc590
Event: 4.420 Thread 0x000002776d6ff000 DEOPT UNPACKING pc=0x000002775041662f sp=0x000000a15d0fc588 mode 2
Event: 4.420 Thread 0x000002776d6ff000 Uncommon trap: trap_request=0xffffffde fr.pc=0x0000027757fd52a4 relative=0x00000000000002e4
Event: 4.420 Thread 0x000002776d6ff000 Uncommon trap: reason=class_check action=maybe_recompile pc=0x0000027757fd52a4 method=java.util.Collections$SetFromMap.remove(Ljava/lang/Object;)Z @ 5 c2
Event: 4.420 Thread 0x000002776d6ff000 DEOPT PACKING pc=0x0000027757fd52a4 sp=0x000000a15d0fc520
Event: 4.420 Thread 0x000002776d6ff000 DEOPT UNPACKING pc=0x000002775041662f sp=0x000000a15d0fc518 mode 2
Event: 4.611 Thread 0x000002776d6ff000 Uncommon trap: trap_request=0xffffff4d fr.pc=0x0000027757fa2dcc relative=0x000000000000020c
Event: 4.611 Thread 0x000002776d6ff000 Uncommon trap: reason=unstable_if action=reinterpret pc=0x0000027757fa2dcc method=java.util.HashMap.hash(Ljava/lang/Object;)I @ 1 c2
Event: 4.611 Thread 0x000002776d6ff000 DEOPT PACKING pc=0x0000027757fa2dcc sp=0x000000a15d0f8cf0
Event: 4.611 Thread 0x000002776d6ff000 DEOPT UNPACKING pc=0x000002775041662f sp=0x000000a15d0f8c28 mode 2
Event: 4.611 Thread 0x000002776d6ff000 Uncommon trap: trap_request=0xffffff4d fr.pc=0x0000027757f6812c relative=0x000000000000008c
Event: 4.611 Thread 0x000002776d6ff000 Uncommon trap: reason=unstable_if action=reinterpret pc=0x0000027757f6812c method=java.util.HashMap.hash(Ljava/lang/Object;)I @ 1 c2
Event: 4.611 Thread 0x000002776d6ff000 DEOPT PACKING pc=0x0000027757f6812c sp=0x000000a15d0f8a60
Event: 4.611 Thread 0x000002776d6ff000 DEOPT UNPACKING pc=0x000002775041662f sp=0x000000a15d0f89f8 mode 2

Classes redefined (0 events):
No events

Internal exceptions (20 events):
Event: 4.100 Thread 0x000002776d6ff000 Exception <a 'java/lang/NoSuchMethodError'{0x0000000086bafe10}: 'java.lang.Object java.lang.invoke.DirectMethodHandle$Holder.invokeVirtual(java.lang.Object, java.lang.Object, java.lang.Object, java.lang.Object)'> (0x0000000086bafe10) thrown at [./src/hotspot/share/interpreter/linkResolver.cpp, line 773]
Event: 4.187 Thread 0x000002776d6ff000 Exception <a 'java/lang/NoSuchMethodError'{0x0000000086255d28}: 'void java.lang.invoke.DirectMethodHandle$Holder.invokeSpecial(java.lang.Object, java.lang.Object, java.lang.Object, java.lang.Object, java.lang.Object, java.lang.Object)'> (0x0000000086255d28) thrown at [./src/hotspot/share/interpreter/linkResolver.cpp, line 773]
Event: 4.199 Thread 0x000002776d6ff000 Exception <a 'java/lang/NoSuchMethodError'{0x0000000086125b38}: 'void java.lang.invoke.DirectMethodHandle$Holder.invokeSpecial(java.lang.Object, java.lang.Object, java.lang.Object, java.lang.Object, java.lang.Object, java.lang.Object, java.lang.Object)'> (0x0000000086125b38) thrown at [./src/hotspot/share/interpreter/linkResolver.cpp, line 773]
Event: 4.200 Thread 0x000002776d6ff000 Exception <a 'java/lang/NoSuchMethodError'{0x000000008612e028}: 'java.lang.Object java.lang.invoke.Invokers$Holder.linkToTargetMethod(java.lang.Object, java.lang.Object, java.lang.Object, java.lang.Object, java.lang.Object, java.lang.Object)'> (0x000000008612e028) thrown at [./src/hotspot/share/interpreter/linkResolver.cpp, line 773]
Event: 4.282 Thread 0x000002776d6ff000 Exception <a 'java/lang/NoSuchMethodError'{0x00000000858c0430}: 'int java.lang.invoke.DirectMethodHandle$Holder.invokeStaticInit(java.lang.Object, java.lang.Object, java.lang.Object)'> (0x00000000858c0430) thrown at [./src/hotspot/share/interpreter/linkResolver.cpp, line 773]
Event: 4.340 Thread 0x000002776d6ff000 Exception <a 'java/lang/NoSuchMethodError'{0x00000000853f4de0}: 'void java.lang.invoke.DirectMethodHandle$Holder.invokeStaticInit(java.lang.Object, java.lang.Object)'> (0x00000000853f4de0) thrown at [./src/hotspot/share/interpreter/linkResolver.cpp, line 773]
Event: 4.411 Thread 0x000002776d6ff000 Exception <a 'java/lang/NoSuchMethodError'{0x0000000084d62de0}: 'void java.lang.invoke.DirectMethodHandle$Holder.invokeStatic(java.lang.Object, java.lang.Object, java.lang.Object, java.lang.Object)'> (0x0000000084d62de0) thrown at [./src/hotspot/share/interpreter/linkResolver.cpp, line 773]
Event: 4.413 Thread 0x000002776d6ff000 Exception <a 'java/lang/NoSuchMethodError'{0x0000000084d76830}: 'int java.lang.invoke.DirectMethodHandle$Holder.invokeInterface(java.lang.Object, java.lang.Object)'> (0x0000000084d76830) thrown at [./src/hotspot/share/interpreter/linkResolver.cpp, line 773]
Event: 4.512 Thread 0x000002776d6ff000 Exception <a 'java/lang/NoSuchMethodError'{0x0000000087ebb210}: 'java.lang.Object java.lang.invoke.DirectMethodHandle$Holder.invokeSpecialIFC(java.lang.Object, java.lang.Object, java.lang.Object, java.lang.Object)'> (0x0000000087ebb210) thrown at [./src/hotspot/share/interpreter/linkResolver.cpp, line 773]
Event: 4.518 Thread 0x000002776d6ff000 Exception <a 'java/lang/NoSuchMethodError'{0x0000000087d9e100}: 'java.lang.Object java.lang.invoke.DirectMethodHandle$Holder.invokeSpecial(java.lang.Object, java.lang.Object, java.lang.Object, java.lang.Object, java.lang.Object, java.lang.Object, java.lang.Object, java.lang.Object, java.lang.Object, java.lang.Object, java.lang.Object, java.lang.Object, java.lang.Object)'> (0x0000000087d9e100) thrown at [./src/hotspot/share/interpreter/linkResolver.cpp, line 773]
Event: 4.519 Thread 0x000002776d6ff000 Exception <a 'java/lang/NoSuchMethodError'{0x0000000087daef60}: 'java.lang.Object java.lang.invoke.DirectMethodHandle$Holder.invokeSpecial(java.lang.Object, java.lang.Object, java.lang.Object, java.lang.Object, java.lang.Object, java.lang.Object, java.lang.Object, java.lang.Object, java.lang.Object, java.lang.Object, java.lang.Object, java.lang.Object)'> (0x0000000087daef60) thrown at [./src/hotspot/share/interpreter/linkResolver.cpp, line 773]
Event: 4.519 Thread 0x000002776d6ff000 Exception <a 'java/lang/NoSuchMethodError'{0x0000000087db4088}: 'java.lang.Object java.lang.invoke.Invokers$Holder.linkToTargetMethod(java.lang.Object, java.lang.Object, java.lang.Object, java.lang.Object, java.lang.Object, java.lang.Object, java.lang.Object, java.lang.Object, java.lang.Object, java.lang.Object, java.lang.Object)'> (0x0000000087db4088) thrown at [./src/hotspot/share/interpreter/linkResolver.cpp, line 773]
Event: 4.533 Thread 0x000002776d6ff000 Exception <a 'java/lang/NoSuchMethodError'{0x0000000087b03c70}: 'java.lang.Object java.lang.invoke.DirectMethodHandle$Holder.invokeSpecial(java.lang.Object, java.lang.Object, java.lang.Object, java.lang.Object, java.lang.Object, java.lang.Object, java.lang.Object, java.lang.Object, java.lang.Object, java.lang.Object, java.lang.Object, java.lang.Object, java.lang.Object, java.lang.Object)'> (0x0000000087b03c70) thrown at [./src/hotspot/share/interpreter/linkResolver.cpp, line 773]
Event: 4.534 Thread 0x000002776d6ff000 Exception <a 'java/lang/NoSuchMethodError'{0x0000000087b152e8}: 'java.lang.Object java.lang.invoke.Invokers$Holder.linkToTargetMethod(java.lang.Object, java.lang.Object, java.lang.Object, java.lang.Object, java.lang.Object, java.lang.Object, java.lang.Object, java.lang.Object, java.lang.Object, java.lang.Object, java.lang.Object, java.lang.Object)'> (0x0000000087b152e8) thrown at [./src/hotspot/share/interpreter/linkResolver.cpp, line 773]
Event: 4.538 Thread 0x000002776d6ff000 Exception <a 'java/lang/NoSuchMethodError'{0x0000000087baa3c8}: 'java.lang.Object java.lang.invoke.DirectMethodHandle$Holder.invokeStaticInit(java.lang.Object, java.lang.Object, java.lang.Object, java.lang.Object)'> (0x0000000087baa3c8) thrown at [./src/hotspot/share/interpreter/linkResolver.cpp, line 773]
Event: 4.611 Thread 0x000002776d6ff000 Implicit null exception at 0x0000027757fa2bf5 to 0x0000027757fa2dbc
Event: 4.611 Thread 0x000002776d6ff000 Implicit null exception at 0x0000027757f680af to 0x0000027757f6811d
Event: 4.762 Thread 0x000002776d6ff000 Exception <a 'java/lang/NoSuchMethodError'{0x00000000869aaa48}: 'java.lang.Object java.lang.invoke.Invokers$Holder.linkToTargetMethod(java.lang.Object, java.lang.Object, java.lang.Object, java.lang.Object, java.lang.Object, java.lang.Object, java.lang.Object, java.lang.Object)'> (0x00000000869aaa48) thrown at [./src/hotspot/share/interpreter/linkResolver.cpp, line 773]
Event: 4.767 Thread 0x000002776d6ff000 Exception <a 'java/lang/NoSuchMethodError'{0x00000000869df760}: 'java.lang.Object java.lang.invoke.DirectMethodHandle$Holder.invokeVirtual(java.lang.Object, java.lang.Object, java.lang.Object)'> (0x00000000869df760) thrown at [./src/hotspot/share/interpreter/linkResolver.cpp, line 773]
Event: 4.781 Thread 0x000002776d6ff000 Exception <a 'java/lang/NoSuchMethodError'{0x00000000868baa58}: 'java.lang.Object java.lang.invoke.Invokers$Holder.linkToTargetMethod(java.lang.Object, java.lang.Object, java.lang.Object, java.lang.Object, java.lang.Object, java.lang.Object, java.lang.Object)'> (0x00000000868baa58) thrown at [./src/hotspot/share/interpreter/linkResolver.cpp, line 773]

Events (20 events):
Event: 4.780 loading class org/gradle/internal/fingerprint/LineEndingSensitivity
Event: 4.780 loading class org/gradle/internal/fingerprint/LineEndingSensitivity done
Event: 4.780 loading class org/gradle/internal/fingerprint/DirectorySensitivity
Event: 4.780 loading class org/gradle/internal/fingerprint/DirectorySensitivity done
Event: 4.780 loading class org/gradle/internal/fingerprint/LineEndingSensitivity
Event: 4.780 loading class org/gradle/internal/fingerprint/LineEndingSensitivity done
Event: 4.781 loading class org/gradle/internal/fingerprint/impl/AbsolutePathFileCollectionFingerprinter
Event: 4.781 loading class org/gradle/internal/fingerprint/impl/AbsolutePathFileCollectionFingerprinter done
Event: 4.781 loading class org/gradle/internal/fingerprint/impl/AbsolutePathFingerprintingStrategy
Event: 4.781 loading class org/gradle/internal/fingerprint/impl/AbsolutePathFingerprintingStrategy done
Event: 4.782 loading class org/gradle/internal/fingerprint/impl/RelativePathFileCollectionFingerprinter
Event: 4.782 loading class org/gradle/internal/fingerprint/impl/RelativePathFileCollectionFingerprinter done
Event: 4.782 loading class org/gradle/internal/fingerprint/impl/RelativePathFingerprintingStrategy
Event: 4.782 loading class org/gradle/internal/fingerprint/impl/RelativePathFingerprintingStrategy done
Event: 4.783 loading class org/gradle/internal/fingerprint/FileSystemLocationFingerprint
Event: 4.783 loading class org/gradle/internal/fingerprint/FileSystemLocationFingerprint done
Event: 4.784 loading class org/gradle/internal/fingerprint/impl/NameOnlyFileCollectionFingerprinter
Event: 4.784 loading class org/gradle/internal/fingerprint/impl/NameOnlyFileCollectionFingerprinter done
Event: 4.784 loading class org/gradle/internal/fingerprint/impl/NameOnlyFingerprintingStrategy
Event: 4.784 loading class org/gradle/internal/fingerprint/impl/NameOnlyFingerprintingStrategy done


Dynamic libraries:
0x00007ff6f0250000 - 0x00007ff6f025a000 	D:\안드로이드 스튜디오\jre\bin\java.exe
0x00007ff893180000 - 0x00007ff893389000 	C:\WINDOWS\SYSTEM32\ntdll.dll
0x00007ff891c70000 - 0x00007ff891d2d000 	C:\WINDOWS\System32\KERNEL32.DLL
0x00007ff890750000 - 0x00007ff890ad4000 	C:\WINDOWS\System32\KERNELBASE.dll
0x00007ff890ba0000 - 0x00007ff890cb1000 	C:\WINDOWS\System32\ucrtbase.dll
0x00007ff87bc60000 - 0x00007ff87bc77000 	D:\안드로이드 스튜디오\jre\bin\VCRUNTIME140.dll
0x00007ff87ba80000 - 0x00007ff87ba99000 	D:\안드로이드 스튜디오\jre\bin\jli.dll
0x00007ff892c50000 - 0x00007ff892dfd000 	C:\WINDOWS\System32\USER32.dll
0x00007ff8906b0000 - 0x00007ff8906d6000 	C:\WINDOWS\System32\win32u.dll
0x00007ff8916e0000 - 0x00007ff89170a000 	C:\WINDOWS\System32\GDI32.dll
0x00007ff881cb0000 - 0x00007ff881f55000 	C:\WINDOWS\WinSxS\amd64_microsoft.windows.common-controls_6595b64144ccf1df_6.0.22000.120_none_9d947278b86cc467\COMCTL32.dll
0x00007ff890d40000 - 0x00007ff890e5e000 	C:\WINDOWS\System32\gdi32full.dll
0x00007ff891630000 - 0x00007ff8916d3000 	C:\WINDOWS\System32\msvcrt.dll
0x00007ff890610000 - 0x00007ff8906ad000 	C:\WINDOWS\System32\msvcp_win.dll
0x00007ff892ee0000 - 0x00007ff892f11000 	C:\WINDOWS\System32\IMM32.DLL
0x00007ff854180000 - 0x00007ff85421d000 	D:\안드로이드 스튜디오\jre\bin\msvcp140.dll
0x00007ff84ef50000 - 0x00007ff84fa25000 	D:\안드로이드 스튜디오\jre\bin\server\jvm.dll
0x00007ff892e00000 - 0x00007ff892eae000 	C:\WINDOWS\System32\ADVAPI32.dll
0x00007ff891e80000 - 0x00007ff891f1e000 	C:\WINDOWS\System32\sechost.dll
0x00007ff892710000 - 0x00007ff892831000 	C:\WINDOWS\System32\RPCRT4.dll
0x00007ff893110000 - 0x00007ff893118000 	C:\WINDOWS\System32\PSAPI.DLL
0x00007ff87ef10000 - 0x00007ff87ef19000 	C:\WINDOWS\SYSTEM32\WSOCK32.dll
0x00007ff888f30000 - 0x00007ff888f63000 	C:\WINDOWS\SYSTEM32\WINMM.dll
0x00007ff885dd0000 - 0x00007ff885dda000 	C:\WINDOWS\SYSTEM32\VERSION.dll
0x00007ff891050000 - 0x00007ff8910bf000 	C:\WINDOWS\System32\WS2_32.dll
0x00007ff88f680000 - 0x00007ff88f698000 	C:\WINDOWS\SYSTEM32\kernel.appcore.dll
0x00007ff88bc70000 - 0x00007ff88bc81000 	D:\안드로이드 스튜디오\jre\bin\verify.dll
0x00007ff88e240000 - 0x00007ff88e461000 	C:\WINDOWS\SYSTEM32\DBGHELP.DLL
0x00007ff87adc0000 - 0x00007ff87adf1000 	C:\WINDOWS\SYSTEM32\dbgcore.DLL
0x00007ff890cc0000 - 0x00007ff890d3f000 	C:\WINDOWS\System32\bcryptPrimitives.dll
0x00007ff88a760000 - 0x00007ff88a789000 	D:\안드로이드 스튜디오\jre\bin\java.dll
0x00007ff88a680000 - 0x00007ff88a68b000 	D:\안드로이드 스튜디오\jre\bin\jimage.dll
0x00007ff88a660000 - 0x00007ff88a678000 	D:\안드로이드 스튜디오\jre\bin\zip.dll
0x00007ff891f20000 - 0x00007ff8926e5000 	C:\WINDOWS\System32\SHELL32.dll
0x00007ff88e6e0000 - 0x00007ff88ef42000 	C:\WINDOWS\SYSTEM32\windows.storage.dll
0x00007ff8928d0000 - 0x00007ff892c46000 	C:\WINDOWS\System32\combase.dll
0x00007ff88e470000 - 0x00007ff88e5d7000 	C:\WINDOWS\SYSTEM32\wintypes.dll
0x00007ff8910c0000 - 0x00007ff8911aa000 	C:\WINDOWS\System32\SHCORE.dll
0x00007ff892f90000 - 0x00007ff892fed000 	C:\WINDOWS\System32\shlwapi.dll
0x00007ff890540000 - 0x00007ff890565000 	C:\WINDOWS\SYSTEM32\profapi.dll
0x00007ff88a5c0000 - 0x00007ff88a5da000 	D:\안드로이드 스튜디오\jre\bin\net.dll
0x00007ff888a10000 - 0x00007ff888b24000 	C:\WINDOWS\SYSTEM32\WINHTTP.dll
0x00007ff88fba0000 - 0x00007ff88fc07000 	C:\WINDOWS\system32\mswsock.dll
0x00007ff889380000 - 0x00007ff889394000 	D:\안드로이드 스튜디오\jre\bin\nio.dll
0x00007ff85c8b0000 - 0x00007ff85c8d7000 	C:\Users\LG\.gradle\native\e1d6ef7f7dcc3fd88c89a11ec53ec762bb8ba0a96d01ffa2cd45eb1d1d8dd5c5\windows-amd64\native-platform.dll
0x00007ff84c280000 - 0x00007ff84c3c4000 	C:\Users\LG\.gradle\native\5664cfc778a61ccfe75a443a1ab52a65af34e5dc3c78e0209fed803814484fcb\windows-amd64\native-platform-file-events.dll
0x00007ff888f20000 - 0x00007ff888f2a000 	D:\안드로이드 스튜디오\jre\bin\management.dll
0x00007ff888f10000 - 0x00007ff888f1d000 	D:\안드로이드 스튜디오\jre\bin\management_ext.dll
0x00007ff88fe20000 - 0x00007ff88fe38000 	C:\WINDOWS\SYSTEM32\CRYPTSP.dll
0x00007ff88f5e0000 - 0x00007ff88f615000 	C:\WINDOWS\system32\rsaenh.dll
0x00007ff88fcc0000 - 0x00007ff88fcec000 	C:\WINDOWS\SYSTEM32\USERENV.dll
0x00007ff88ffe0000 - 0x00007ff890007000 	C:\WINDOWS\SYSTEM32\bcrypt.dll
0x00007ff88fe10000 - 0x00007ff88fe1c000 	C:\WINDOWS\SYSTEM32\CRYPTBASE.dll
0x00007ff88f1a0000 - 0x00007ff88f1cd000 	C:\WINDOWS\SYSTEM32\IPHLPAPI.DLL
0x00007ff892700000 - 0x00007ff892709000 	C:\WINDOWS\System32\NSI.dll
0x00007ff888e30000 - 0x00007ff888e49000 	C:\WINDOWS\SYSTEM32\dhcpcsvc6.DLL
0x00007ff889360000 - 0x00007ff88937e000 	C:\WINDOWS\SYSTEM32\dhcpcsvc.DLL
0x00007ff88f1d0000 - 0x00007ff88f2b7000 	C:\WINDOWS\SYSTEM32\DNSAPI.dll

dbghelp: loaded successfully - version: 4.0.5 - missing functions: none
symbol engine: initialized successfully - sym options: 0x614 - pdb path: .;D:\안드로이드 스튜디오\jre\bin;C:\WINDOWS\SYSTEM32;C:\WINDOWS\WinSxS\amd64_microsoft.windows.common-controls_6595b64144ccf1df_6.0.22000.120_none_9d947278b86cc467;D:\안드로이드 스튜?D:\안드로이?D:\안드?D:\안?D:\안;D:\?D:\안드로이드 스튜디오\jre\bin\server;C:\Users\LG\.gradle\native\e1d6ef7f7dcc3fd88c89a11ec53ec762bb8ba0a96d01f;D:\안드로이드 스튜디오\jre\bin\server;C:\Users\LG\.gradle\native\e1d6ef7f7dcc3fd88c89a11ec53ec762bb8ba0a96d01ffa2cd45eb1d1d8dd5c5\windows-amd64;C:\Users\LG\.gradle\native\5664cfc778a61ccfe75a443a1ab52a65af34;C:\Users\LG\.gradle\native\5664cfc778a61ccfe75a443a1ab52a65af34;C:\Users\LG\.gradle\native\5664cfc778a61ccfe75a443a1ab52a65af34;C:\Users\LG\.gradle\native\5664cfc778a61ccfe75a443a1ab52a65af34

VM Arguments:
jvm_args: --add-opens=java.base/java.util=ALL-UNNAMED --add-opens=java.base/java.lang=ALL-UNNAMED --add-opens=java.base/java.lang.invoke=ALL-UNNAMED --add-opens=java.base/java.util=ALL-UNNAMED --add-opens=java.prefs/java.util.prefs=ALL-UNNAMED --add-opens=java.prefs/java.util.prefs=ALL-UNNAMED --add-opens=java.base/java.nio.charset=ALL-UNNAMED --add-opens=java.base/java.net=ALL-UNNAMED --add-opens=java.base/java.util.concurrent.atomic=ALL-UNNAMED -Xmx2048m -Dfile.encoding=UTF-8 -Duser.country=KR -Duser.language=ko -Duser.variant 
java_command: org.gradle.launcher.daemon.bootstrap.GradleDaemon 7.2
java_class_path (initial): C:\Users\LG\.gradle\wrapper\dists\gradle-7.2-bin\2dnblmf4td7x66yl1d74lt32g\gradle-7.2\lib\gradle-launcher-7.2.jar
Launcher Type: SUN_STANDARD

[Global flags]
     intx CICompilerCount                          = 4                                         {product} {ergonomic}
     uint ConcGCThreads                            = 2                                         {product} {ergonomic}
     uint G1ConcRefinementThreads                  = 8                                         {product} {ergonomic}
   size_t G1HeapRegionSize                         = 1048576                                   {product} {ergonomic}
    uintx GCDrainStackTargetSize                   = 64                                        {product} {ergonomic}
   size_t InitialHeapSize                          = 134217728                                 {product} {ergonomic}
   size_t MarkStackSize                            = 4194304                                   {product} {ergonomic}
   size_t MaxHeapSize                              = 2147483648                                {product} {command line}
   size_t MaxNewSize                               = 1287651328                                {product} {ergonomic}
   size_t MinHeapDeltaBytes                        = 1048576                                   {product} {ergonomic}
    uintx NonNMethodCodeHeapSize                   = 5836300                                {pd product} {ergonomic}
    uintx NonProfiledCodeHeapSize                  = 122910970                              {pd product} {ergonomic}
    uintx ProfiledCodeHeapSize                     = 122910970                              {pd product} {ergonomic}
    uintx ReservedCodeCacheSize                    = 251658240                              {pd product} {ergonomic}
     bool SegmentedCodeCache                       = true                                      {product} {ergonomic}
     bool UseCompressedClassPointers               = true                                 {lp64_product} {ergonomic}
     bool UseCompressedOops                        = true                                 {lp64_product} {ergonomic}
     bool UseG1GC                                  = true                                      {product} {ergonomic}
     bool UseLargePagesIndividualAllocation        = false                                  {pd product} {ergonomic}

Logging:
Log output configuration:
 #0: stdout all=warning uptime,level,tags
 #1: stderr all=off uptime,level,tags

Environment Variables:
JAVA_HOME=C:\jdk-11.0.2
CLASSPATH=C:\jdk-11.0.2\lib
PATH=C:\jdk-11.0.2\bin;C:\jdk-11.0.2;C:\Program Files\Eclipse Adoptium\jdk-8.0.382.5-hotspot\bin;C:\oraclexe\app\oracle\product\10.2.0\server\bin;C:\Program Files (x86)\Common Files\Oracle\Java\javapath;C:\Program Files (x86)\Intel\iCLS Client\;C:\Program Files\Intel\iCLS Client\;C:\windows\system32;C:\windows;C:\windows\System32\Wbem;C:\windows\System32\WindowsPowerShell\v1.0\;C:\Program Files (x86)\Intel\Intel(R) Management Engine Components\DAL;C:\Program Files\Intel\Intel(R) Management Engine Components\DAL;C:\Program Files (x86)\Intel\Intel(R) Management Engine Components\IPT;C:\Program Files\Intel\Intel(R) Management Engine Components\IPT;C:\Program Files\Intel\WiFi\bin\;C:\Program Files\Common Files\Intel\WirelessCommon\;C:\Program Files (x86)\NVIDIA Corporation\PhysX\Common;C:\Program Files (x86)\Skype\Phone\;C:\WINDOWS\system32;C:\WINDOWS;C:\WINDOWS\System32\Wbem;C:\WINDOWS\System32\WindowsPowerShell\v1.0\;C:\WINDOWS\System32\OpenSSH\;C:\Program Files\nodejs\;D:\openssl-0.9.8e_X64\bin;C:\ProgramData\chocolatey\bin;C:\ProgramData\chocolatey\lib\maven\apache-maven-3.9.4\bin;C:\Program Files\Git\cmd;C:\Program Files\MariaDB 10.11\bin;D:\Scripts\;D:\;C:\Users\LG\AppData\Local\Microsoft\WindowsApps;C:\Users\LG\AppData\Local\afreeca;C:\altera\13.1\modelsim_ase\win32aloem;D:\PyCharm Community Edition 2022.1.3\bin;;C:\Users\LG\AppData\Local\Programs\Microsoft VS Code\bin;C:\Users\LG\AppData\Roaming\npm;C:\Program Files\Java\jdk-1.8\bin;D:\IntelliJ IDEA Community Edition 2023.1.3\bin;;
USERNAME=LG
OS=Windows_NT
PROCESSOR_IDENTIFIER=Intel64 Family 6 Model 142 Stepping 10, GenuineIntel



---------------  S Y S T E M  ---------------

OS: Windows 10 , 64 bit Build 22000 (10.0.22000.2538)
OS uptime: 1 days 0:08 hours

CPU:total 8 (initial active 8) (4 cores per cpu, 2 threads per core) family 6 model 142 stepping 10 microcode 0xe0, cmov, cx8, fxsr, mmx, sse, sse2, sse3, ssse3, sse4.1, sse4.2, popcnt, avx, avx2, aes, clmul, erms, 3dnowpref, lzcnt, ht, tsc, tscinvbit, bmi1, bmi2, adx, fma

Memory: 4k page, system-wide physical 8101M (712M free)
TotalPageFile size 16293M (AvailPageFile size 2M)
current process WorkingSet (physical memory assigned to process): 231M, peak: 231M
current process commit charge ("private bytes"): 296M, peak: 296M

vm_info: OpenJDK 64-Bit Server VM (11.0.11+9-b60-7590822) for windows-amd64 JRE (11.0.11+9-b60-7590822), built on Jul 29 2021 21:43:44 by "builder" with MS VC++ 14.0 (VS2015)

END.
