#
# There is insufficient memory for the Java Runtime Environment to continue.
# Native memory allocation (malloc) failed to allocate 3772496 bytes for Chunk::new
# Possible reasons:
#   The system is out of physical RAM or swap space
#   The process is running with CompressedOops enabled, and the Java Heap may be blocking the growth of the native heap
# Possible solutions:
#   Reduce memory load on the system
#   Increase physical memory or swap space
#   Check if swap backing store is full
#   Decrease Java heap size (-Xmx/-Xms)
#   Decrease number of Java threads
#   Decrease Java thread stack sizes (-Xss)
#   Set larger code cache with -XX:ReservedCodeCacheSize=
#   JVM is running with Unscaled Compressed Oops mode in which the Java heap is
#     placed in the first 4GB address space. The Java Heap base address is the
#     maximum limit for the native heap growth. Please use -XX:HeapBaseMinAddress
#     to set the Java Heap base and to place the Java Heap above 4GB virtual address.
# This output file may be truncated or incomplete.
#
#  Out of Memory Error (./src/hotspot/share/memory/arena.cpp:197), pid=3192, tid=29916
#
# JRE version: OpenJDK Runtime Environment (11.0.11+9) (build 11.0.11+9-b60-7590822)
# Java VM: OpenJDK 64-Bit Server VM (11.0.11+9-b60-7590822, mixed mode, tiered, compressed oops, g1 gc, windows-amd64)
# No core dump will be written. Minidumps are not enabled by default on client versions of Windows
#

---------------  S U M M A R Y ------------

Command Line: --add-opens=java.base/java.util=ALL-UNNAMED --add-opens=java.base/java.lang=ALL-UNNAMED --add-opens=java.base/java.lang.invoke=ALL-UNNAMED --add-opens=java.base/java.util=ALL-UNNAMED --add-opens=java.prefs/java.util.prefs=ALL-UNNAMED --add-opens=java.prefs/java.util.prefs=ALL-UNNAMED --add-opens=java.base/java.nio.charset=ALL-UNNAMED --add-opens=java.base/java.net=ALL-UNNAMED --add-opens=java.base/java.util.concurrent.atomic=ALL-UNNAMED -Xmx2048m -Dfile.encoding=UTF-8 -Duser.country=KR -Duser.language=ko -Duser.variant org.gradle.launcher.daemon.bootstrap.GradleDaemon 7.2

Host: Intel(R) Core(TM) i5-8250U CPU @ 1.60GHz, 8 cores, 7G,  Windows 10 , 64 bit Build 22000 (10.0.22000.2538)
Time: Fri Nov  3 15:01:09 2023 대한민국 표준시 elapsed time: 380.050745 seconds (0d 0h 6m 20s)

---------------  T H R E A D  ---------------

Current thread (0x00000207aaa54800):  JavaThread "C2 CompilerThread2" daemon [_thread_in_native, id=29916, stack(0x000000262f400000,0x000000262f500000)]


Current CompileTask:
C2: 380050 15264       4       org.gradle.tooling.internal.adapter.ProtocolToModelAdapter$SupportedPropertyInvoker::invoke (154 bytes)

Stack: [0x000000262f400000,0x000000262f500000]
Native frames: (J=compiled Java code, j=interpreted, Vv=VM code, C=native code)
V  [jvm.dll+0x5f214a]
V  [jvm.dll+0x726fb5]
V  [jvm.dll+0x7285cd]
V  [jvm.dll+0x728c83]
V  [jvm.dll+0x243278]
V  [jvm.dll+0xbc53c]
V  [jvm.dll+0xbca3c]
V  [jvm.dll+0x353e3b]
V  [jvm.dll+0x19895c]
V  [jvm.dll+0x1fc2ee]
V  [jvm.dll+0x1fb3d4]
V  [jvm.dll+0x183d6c]
V  [jvm.dll+0x209a57]
V  [jvm.dll+0x2082a1]
V  [jvm.dll+0x6ef58f]
V  [jvm.dll+0x6e80b5]
V  [jvm.dll+0x5f1036]
C  [ucrtbase.dll+0x26c0c]
C  [KERNEL32.DLL+0x153e0]
C  [ntdll.dll+0x485b]


---------------  P R O C E S S  ---------------

Threads class SMR info:
_java_thread_list=0x00000207a4820a20, length=124, elements={
0x0000020780821800, 0x000002079ac99800, 0x000002079aca7800, 0x000002079b5b9000,
0x000002079b5ba000, 0x000002079b5bd800, 0x000002079b5c6800, 0x000002079b5c7800,
0x000002079b5c8800, 0x000002079b73d800, 0x00000207a0ac7800, 0x000002079b7a4800,
0x00000207a1ccd800, 0x00000207a1119000, 0x00000207a111a800, 0x00000207a111b800,
0x00000207a1117800, 0x00000207a1118000, 0x00000207a111e000, 0x000002079fdb1000,
0x000002079fdae000, 0x000002079fdb4800, 0x000002079fdb3000, 0x000002079fdae800,
0x000002079fdb3800, 0x000002079fdb2000, 0x000002079fdb7800, 0x000002079fdb8800,
0x00000207a2adc000, 0x00000207a2ade000, 0x00000207a2ae0800, 0x00000207a2ad9000,
0x00000207a2adf800, 0x00000207a2ada800, 0x00000207a2ae3800, 0x00000207a2ae7000,
0x00000207a2ae3000, 0x00000207a9997800, 0x00000207a2ae1000, 0x00000207a2ae7800,
0x00000207a2ae2000, 0x00000207a2ae6000, 0x00000207a2ae4800, 0x00000207a2ae5000,
0x000002079fdb5000, 0x000002079fdaf800, 0x000002079fdb6000, 0x000002079fdb0800,
0x000002079fdb9800, 0x000002079fdbc800, 0x000002079fdba000, 0x000002079fdbb000,
0x00000207a111c000, 0x00000207a1119800, 0x00000207a111d000, 0x00000207a4a53800,
0x00000207a4a55000, 0x00000207a4a51000, 0x00000207a4a56000, 0x00000207a4a52800,
0x00000207a4a52000, 0x00000207a4a54800, 0x00000207a4a50800, 0x00000207a4a5b000,
0x00000207a4a5a000, 0x00000207a4a59800, 0x00000207a4a58800, 0x00000207a4a57000,
0x00000207a4a57800, 0x00000207a4a5d800, 0x00000207a4a5b800, 0x00000207a4a5c800,
0x00000207a4a5f000, 0x00000207a4a5e000, 0x00000207a1c1e800, 0x00000207a1c1c800,
0x00000207a1c21800, 0x00000207a1c22800, 0x00000207a1c20000, 0x00000207a1c1f000,
0x00000207a1c21000, 0x00000207a1c23000, 0x00000207a1c1d800, 0x00000207a1dc5000,
0x00000207a1dc6000, 0x00000207a1dc7800, 0x00000207a1dc2000, 0x00000207a1dc4800,
0x00000207a1dc7000, 0x00000207a1dc8800, 0x00000207a1dc3000, 0x00000207a1dc3800,
0x00000207aabc2000, 0x00000207aabbd000, 0x00000207aabbc000, 0x00000207aabbe800,
0x00000207aabc0000, 0x00000207aabc2800, 0x00000207aabc1000, 0x00000207aabc3800,
0x00000207aabbd800, 0x00000207aabc4800, 0x00000207aabc5000, 0x00000207aabbf800,
0x00000207aabc7800, 0x00000207aabc6000, 0x00000207aabc6800, 0x00000207aabca000,
0x00000207aabc8800, 0x00000207aabc9000, 0x00000207aabcb000, 0x00000207a1bfa000,
0x00000207a1bf5000, 0x00000207a1bf6000, 0x00000207a1bf8800, 0x00000207a1bf9000,
0x00000207a1bf7000, 0x00000207a1bf4800, 0x00000207a1bfb000, 0x00000207a1bfd800,
0x00000207a1bfc800, 0x00000207a1bfb800, 0x00000207a1bf7800, 0x00000207aaa54800
}

Java Threads: ( => current thread )
  0x0000020780821800 JavaThread "main" [_thread_blocked, id=3328, stack(0x000000262c000000,0x000000262c100000)]
  0x000002079ac99800 JavaThread "Reference Handler" daemon [_thread_blocked, id=20460, stack(0x000000262c700000,0x000000262c800000)]
  0x000002079aca7800 JavaThread "Finalizer" daemon [_thread_blocked, id=30380, stack(0x000000262c800000,0x000000262c900000)]
  0x000002079b5b9000 JavaThread "Signal Dispatcher" daemon [_thread_blocked, id=29276, stack(0x000000262c900000,0x000000262ca00000)]
  0x000002079b5ba000 JavaThread "Attach Listener" daemon [_thread_blocked, id=30944, stack(0x000000262ca00000,0x000000262cb00000)]
  0x000002079b5bd800 JavaThread "Service Thread" daemon [_thread_blocked, id=12008, stack(0x000000262cb00000,0x000000262cc00000)]
  0x000002079b5c6800 JavaThread "C2 CompilerThread0" daemon [_thread_blocked, id=31540, stack(0x000000262cc00000,0x000000262cd00000)]
  0x000002079b5c7800 JavaThread "C1 CompilerThread0" daemon [_thread_blocked, id=1500, stack(0x000000262cd00000,0x000000262ce00000)]
  0x000002079b5c8800 JavaThread "Sweeper thread" daemon [_thread_blocked, id=3132, stack(0x000000262ce00000,0x000000262cf00000)]
  0x000002079b73d800 JavaThread "Common-Cleaner" daemon [_thread_blocked, id=30512, stack(0x000000262cf00000,0x000000262d000000)]
  0x00000207a0ac7800 JavaThread "Daemon health stats" [_thread_blocked, id=30372, stack(0x000000262d400000,0x000000262d500000)]
  0x000002079b7a4800 JavaThread "Incoming local TCP Connector on port 3177" [_thread_in_native, id=2832, stack(0x000000262d100000,0x000000262d200000)]
  0x00000207a1ccd800 JavaThread "Daemon periodic checks" [_thread_blocked, id=8008, stack(0x000000262d500000,0x000000262d600000)]
  0x00000207a1119000 JavaThread "Cache worker for journal cache (C:\Users\LG\.gradle\caches\journal-1)" [_thread_blocked, id=12296, stack(0x000000262e300000,0x000000262e400000)]
  0x00000207a111a800 JavaThread "File lock request listener" [_thread_in_native, id=31680, stack(0x000000262e400000,0x000000262e500000)]
  0x00000207a111b800 JavaThread "Cache worker for file hash cache (C:\Users\LG\.gradle\caches\7.2\fileHashes)" [_thread_blocked, id=7792, stack(0x000000262e600000,0x000000262e700000)]
  0x00000207a1117800 JavaThread "File watcher server" daemon [_thread_in_native, id=12040, stack(0x000000262e800000,0x000000262e900000)]
  0x00000207a1118000 JavaThread "File watcher consumer" daemon [_thread_blocked, id=1124, stack(0x000000262e900000,0x000000262ea00000)]
  0x00000207a111e000 JavaThread "jar transforms" [_thread_blocked, id=1872, stack(0x000000262ea00000,0x000000262eb00000)]
  0x000002079fdb1000 JavaThread "jar transforms Thread 2" [_thread_blocked, id=12104, stack(0x000000262eb00000,0x000000262ec00000)]
  0x000002079fdae000 JavaThread "jar transforms Thread 3" [_thread_blocked, id=31092, stack(0x000000262ec00000,0x000000262ed00000)]
  0x000002079fdb4800 JavaThread "jar transforms Thread 4" [_thread_blocked, id=29376, stack(0x000000262ed00000,0x000000262ee00000)]
  0x000002079fdb3000 JavaThread "jar transforms Thread 5" [_thread_blocked, id=29012, stack(0x000000262ee00000,0x000000262ef00000)]
  0x000002079fdae800 JavaThread "jar transforms Thread 6" [_thread_blocked, id=7796, stack(0x000000262ef00000,0x000000262f000000)]
  0x000002079fdb3800 JavaThread "jar transforms Thread 7" [_thread_blocked, id=30532, stack(0x000000262f000000,0x000000262f100000)]
  0x000002079fdb2000 JavaThread "jar transforms Thread 8" [_thread_blocked, id=27612, stack(0x000000262f100000,0x000000262f200000)]
  0x000002079fdb7800 JavaThread "Cache worker for execution history cache (C:\Users\LG\.gradle\caches\7.2\executionHistory)" [_thread_blocked, id=29488, stack(0x000000262f500000,0x000000262f600000)]
  0x000002079fdb8800 JavaThread "Cache worker for file content cache (C:\Users\LG\.gradle\caches\7.2\fileContent)" [_thread_blocked, id=4192, stack(0x000000262f600000,0x000000262f700000)]
  0x00000207a2adc000 JavaThread "Memory manager" [_thread_blocked, id=12216, stack(0x0000002634900000,0x0000002634a00000)]
  0x00000207a2ade000 JavaThread "Daemon Thread 2" [_thread_blocked, id=16076, stack(0x000000262bd00000,0x000000262be00000)]
  0x00000207a2ae0800 JavaThread "Daemon worker Thread 2" [_thread_in_native, id=6172, stack(0x000000262d600000,0x000000262d700000)]
  0x00000207a2ad9000 JavaThread "Handler for socket connection from /127.0.0.1:3177 to /127.0.0.1:3318" [_thread_in_native, id=32372, stack(0x000000262be00000,0x000000262bf00000)]
  0x00000207a2adf800 JavaThread "Cancel handler" [_thread_blocked, id=32376, stack(0x000000262bf00000,0x000000262c000000)]
  0x00000207a2ada800 JavaThread "Asynchronous log dispatcher for DefaultDaemonConnection: socket connection from /127.0.0.1:3177 to /127.0.0.1:3318" [_thread_blocked, id=32388, stack(0x000000262d900000,0x000000262da00000)]
  0x00000207a2ae3800 JavaThread "Stdin handler" [_thread_blocked, id=32392, stack(0x000000262da00000,0x000000262db00000)]
  0x00000207a2ae7000 JavaThread "Daemon client event forwarder" [_thread_blocked, id=32396, stack(0x000000262db00000,0x000000262dc00000)]
  0x00000207a2ae3000 JavaThread "Cache worker for file hash cache (D:\project\MyApplication_login_test\.gradle\7.2\fileHashes)" [_thread_blocked, id=32400, stack(0x000000262dc00000,0x000000262dd00000)]
  0x00000207a9997800 JavaThread "C2 CompilerThread1" daemon [_thread_blocked, id=32404, stack(0x000000262dd00000,0x000000262de00000)]
  0x00000207a2ae1000 JavaThread "Cache worker for checksums cache (D:\project\MyApplication_login_test\.gradle\checksums)" [_thread_blocked, id=32408, stack(0x000000262e700000,0x000000262e800000)]
  0x00000207a2ae7800 JavaThread "Cache worker for cache directory md-supplier (C:\Users\LG\.gradle\caches\7.2\md-supplier)" [_thread_blocked, id=32412, stack(0x000000262f200000,0x000000262f300000)]
  0x00000207a2ae2000 JavaThread "Cache worker for cache directory md-rule (C:\Users\LG\.gradle\caches\7.2\md-rule)" [_thread_blocked, id=32416, stack(0x000000262f300000,0x000000262f400000)]
  0x00000207a2ae6000 JavaThread "Cache worker for dependencies-accessors (D:\project\MyApplication_login_test\.gradle\7.2\dependencies-accessors)" [_thread_blocked, id=32424, stack(0x000000262f700000,0x000000262f800000)]
  0x00000207a2ae4800 JavaThread "Cache worker for Build Output Cleanup Cache (D:\project\MyApplication_login_test\.gradle\buildOutputCleanup)" [_thread_blocked, id=32428, stack(0x000000262f800000,0x000000262f900000)]
  0x00000207a2ae5000 JavaThread "Unconstrained build operations" [_thread_blocked, id=32432, stack(0x000000262f900000,0x000000262fa00000)]
  0x000002079fdb5000 JavaThread "Unconstrained build operations Thread 2" [_thread_blocked, id=32436, stack(0x000000262fa00000,0x000000262fb00000)]
  0x000002079fdaf800 JavaThread "Unconstrained build operations Thread 3" [_thread_blocked, id=32440, stack(0x000000262fb00000,0x000000262fc00000)]
  0x000002079fdb6000 JavaThread "Unconstrained build operations Thread 4" [_thread_blocked, id=32444, stack(0x000000262fc00000,0x000000262fd00000)]
  0x000002079fdb0800 JavaThread "Unconstrained build operations Thread 5" [_thread_blocked, id=32448, stack(0x000000262fd00000,0x000000262fe00000)]
  0x000002079fdb9800 JavaThread "Unconstrained build operations Thread 6" [_thread_blocked, id=32452, stack(0x000000262fe00000,0x000000262ff00000)]
  0x000002079fdbc800 JavaThread "Unconstrained build operations Thread 7" [_thread_blocked, id=32456, stack(0x000000262ff00000,0x0000002630000000)]
  0x000002079fdba000 JavaThread "Unconstrained build operations Thread 8" [_thread_blocked, id=32460, stack(0x0000002630000000,0x0000002630100000)]
  0x000002079fdbb000 JavaThread "Unconstrained build operations Thread 9" [_thread_blocked, id=32464, stack(0x0000002630100000,0x0000002630200000)]
  0x00000207a111c000 JavaThread "Unconstrained build operations Thread 10" [_thread_blocked, id=32468, stack(0x0000002630200000,0x0000002630300000)]
  0x00000207a1119800 JavaThread "Unconstrained build operations Thread 11" [_thread_blocked, id=32472, stack(0x0000002630300000,0x0000002630400000)]
  0x00000207a111d000 JavaThread "Unconstrained build operations Thread 12" [_thread_blocked, id=32476, stack(0x0000002630400000,0x0000002630500000)]
  0x00000207a4a53800 JavaThread "Unconstrained build operations Thread 13" [_thread_blocked, id=32480, stack(0x0000002630500000,0x0000002630600000)]
  0x00000207a4a55000 JavaThread "Unconstrained build operations Thread 14" [_thread_blocked, id=32484, stack(0x0000002630600000,0x0000002630700000)]
  0x00000207a4a51000 JavaThread "Unconstrained build operations Thread 15" [_thread_blocked, id=32488, stack(0x0000002630700000,0x0000002630800000)]
  0x00000207a4a56000 JavaThread "Unconstrained build operations Thread 16" [_thread_blocked, id=32492, stack(0x0000002630800000,0x0000002630900000)]
  0x00000207a4a52800 JavaThread "Unconstrained build operations Thread 17" [_thread_blocked, id=32496, stack(0x0000002630900000,0x0000002630a00000)]
  0x00000207a4a52000 JavaThread "Unconstrained build operations Thread 18" [_thread_blocked, id=32500, stack(0x0000002630a00000,0x0000002630b00000)]
  0x00000207a4a54800 JavaThread "Unconstrained build operations Thread 19" [_thread_blocked, id=32504, stack(0x0000002630b00000,0x0000002630c00000)]
  0x00000207a4a50800 JavaThread "Unconstrained build operations Thread 20" [_thread_blocked, id=32508, stack(0x0000002630c00000,0x0000002630d00000)]
  0x00000207a4a5b000 JavaThread "Unconstrained build operations Thread 21" [_thread_blocked, id=32512, stack(0x0000002630d00000,0x0000002630e00000)]
  0x00000207a4a5a000 JavaThread "Unconstrained build operations Thread 22" [_thread_blocked, id=32516, stack(0x0000002630e00000,0x0000002630f00000)]
  0x00000207a4a59800 JavaThread "Unconstrained build operations Thread 23" [_thread_blocked, id=32520, stack(0x0000002630f00000,0x0000002631000000)]
  0x00000207a4a58800 JavaThread "Unconstrained build operations Thread 24" [_thread_blocked, id=32524, stack(0x0000002631000000,0x0000002631100000)]
  0x00000207a4a57000 JavaThread "Unconstrained build operations Thread 25" [_thread_blocked, id=32528, stack(0x0000002631100000,0x0000002631200000)]
  0x00000207a4a57800 JavaThread "Unconstrained build operations Thread 26" [_thread_blocked, id=32532, stack(0x0000002631200000,0x0000002631300000)]
  0x00000207a4a5d800 JavaThread "Unconstrained build operations Thread 27" [_thread_blocked, id=32536, stack(0x0000002631300000,0x0000002631400000)]
  0x00000207a4a5b800 JavaThread "Unconstrained build operations Thread 28" [_thread_blocked, id=32540, stack(0x0000002631400000,0x0000002631500000)]
  0x00000207a4a5c800 JavaThread "Unconstrained build operations Thread 29" [_thread_blocked, id=32544, stack(0x0000002631500000,0x0000002631600000)]
  0x00000207a4a5f000 JavaThread "Unconstrained build operations Thread 30" [_thread_blocked, id=32548, stack(0x0000002631600000,0x0000002631700000)]
  0x00000207a4a5e000 JavaThread "Unconstrained build operations Thread 31" [_thread_blocked, id=32552, stack(0x0000002631700000,0x0000002631800000)]
  0x00000207a1c1e800 JavaThread "Unconstrained build operations Thread 32" [_thread_blocked, id=32556, stack(0x0000002631800000,0x0000002631900000)]
  0x00000207a1c1c800 JavaThread "Unconstrained build operations Thread 33" [_thread_blocked, id=32560, stack(0x0000002631900000,0x0000002631a00000)]
  0x00000207a1c21800 JavaThread "Unconstrained build operations Thread 34" [_thread_blocked, id=32564, stack(0x0000002631a00000,0x0000002631b00000)]
  0x00000207a1c22800 JavaThread "Unconstrained build operations Thread 35" [_thread_blocked, id=32568, stack(0x0000002631b00000,0x0000002631c00000)]
  0x00000207a1c20000 JavaThread "Unconstrained build operations Thread 36" [_thread_blocked, id=32572, stack(0x0000002631c00000,0x0000002631d00000)]
  0x00000207a1c1f000 JavaThread "Unconstrained build operations Thread 37" [_thread_blocked, id=32576, stack(0x0000002631d00000,0x0000002631e00000)]
  0x00000207a1c21000 JavaThread "Unconstrained build operations Thread 38" [_thread_blocked, id=32580, stack(0x0000002631e00000,0x0000002631f00000)]
  0x00000207a1c23000 JavaThread "Unconstrained build operations Thread 39" [_thread_blocked, id=32584, stack(0x0000002631f00000,0x0000002632000000)]
  0x00000207a1c1d800 JavaThread "Unconstrained build operations Thread 40" [_thread_blocked, id=32588, stack(0x0000002632000000,0x0000002632100000)]
  0x00000207a1dc5000 JavaThread "Unconstrained build operations Thread 41" [_thread_blocked, id=32592, stack(0x0000002632100000,0x0000002632200000)]
  0x00000207a1dc6000 JavaThread "Unconstrained build operations Thread 42" [_thread_blocked, id=32596, stack(0x0000002632200000,0x0000002632300000)]
  0x00000207a1dc7800 JavaThread "Unconstrained build operations Thread 43" [_thread_blocked, id=32600, stack(0x0000002632300000,0x0000002632400000)]
  0x00000207a1dc2000 JavaThread "Unconstrained build operations Thread 44" [_thread_blocked, id=32604, stack(0x0000002632400000,0x0000002632500000)]
  0x00000207a1dc4800 JavaThread "Unconstrained build operations Thread 45" [_thread_blocked, id=32608, stack(0x0000002632500000,0x0000002632600000)]
  0x00000207a1dc7000 JavaThread "Unconstrained build operations Thread 46" [_thread_blocked, id=32612, stack(0x0000002632600000,0x0000002632700000)]
  0x00000207a1dc8800 JavaThread "Unconstrained build operations Thread 47" [_thread_blocked, id=32616, stack(0x0000002632700000,0x0000002632800000)]
  0x00000207a1dc3000 JavaThread "Unconstrained build operations Thread 48" [_thread_blocked, id=32620, stack(0x0000002632800000,0x0000002632900000)]
  0x00000207a1dc3800 JavaThread "Unconstrained build operations Thread 49" [_thread_blocked, id=32624, stack(0x0000002632900000,0x0000002632a00000)]
  0x00000207aabc2000 JavaThread "Unconstrained build operations Thread 50" [_thread_blocked, id=32628, stack(0x0000002632a00000,0x0000002632b00000)]
  0x00000207aabbd000 JavaThread "Unconstrained build operations Thread 51" [_thread_blocked, id=32632, stack(0x0000002632b00000,0x0000002632c00000)]
  0x00000207aabbc000 JavaThread "Unconstrained build operations Thread 52" [_thread_blocked, id=32636, stack(0x0000002632c00000,0x0000002632d00000)]
  0x00000207aabbe800 JavaThread "Unconstrained build operations Thread 53" [_thread_blocked, id=32640, stack(0x0000002632d00000,0x0000002632e00000)]
  0x00000207aabc0000 JavaThread "Unconstrained build operations Thread 54" [_thread_blocked, id=32644, stack(0x0000002632e00000,0x0000002632f00000)]
  0x00000207aabc2800 JavaThread "Unconstrained build operations Thread 55" [_thread_blocked, id=32648, stack(0x0000002632f00000,0x0000002633000000)]
  0x00000207aabc1000 JavaThread "Unconstrained build operations Thread 56" [_thread_blocked, id=32652, stack(0x0000002633000000,0x0000002633100000)]
  0x00000207aabc3800 JavaThread "Unconstrained build operations Thread 57" [_thread_blocked, id=32656, stack(0x0000002633100000,0x0000002633200000)]
  0x00000207aabbd800 JavaThread "Unconstrained build operations Thread 58" [_thread_blocked, id=32660, stack(0x0000002633200000,0x0000002633300000)]
  0x00000207aabc4800 JavaThread "Unconstrained build operations Thread 59" [_thread_blocked, id=32664, stack(0x0000002633300000,0x0000002633400000)]
  0x00000207aabc5000 JavaThread "Unconstrained build operations Thread 60" [_thread_blocked, id=32668, stack(0x0000002633400000,0x0000002633500000)]
  0x00000207aabbf800 JavaThread "Unconstrained build operations Thread 61" [_thread_blocked, id=32672, stack(0x0000002633500000,0x0000002633600000)]
  0x00000207aabc7800 JavaThread "Unconstrained build operations Thread 62" [_thread_blocked, id=32676, stack(0x0000002633600000,0x0000002633700000)]
  0x00000207aabc6000 JavaThread "Unconstrained build operations Thread 63" [_thread_blocked, id=32680, stack(0x0000002633700000,0x0000002633800000)]
  0x00000207aabc6800 JavaThread "Unconstrained build operations Thread 64" [_thread_blocked, id=32684, stack(0x0000002633800000,0x0000002633900000)]
  0x00000207aabca000 JavaThread "Unconstrained build operations Thread 65" [_thread_blocked, id=32688, stack(0x0000002633900000,0x0000002633a00000)]
  0x00000207aabc8800 JavaThread "Unconstrained build operations Thread 66" [_thread_blocked, id=32692, stack(0x0000002633a00000,0x0000002633b00000)]
  0x00000207aabc9000 JavaThread "Unconstrained build operations Thread 67" [_thread_blocked, id=32696, stack(0x0000002633b00000,0x0000002633c00000)]
  0x00000207aabcb000 JavaThread "Unconstrained build operations Thread 68" [_thread_blocked, id=32700, stack(0x0000002633c00000,0x0000002633d00000)]
  0x00000207a1bfa000 JavaThread "Unconstrained build operations Thread 69" [_thread_blocked, id=32704, stack(0x0000002633d00000,0x0000002633e00000)]
  0x00000207a1bf5000 JavaThread "Unconstrained build operations Thread 70" [_thread_blocked, id=32708, stack(0x0000002633e00000,0x0000002633f00000)]
  0x00000207a1bf6000 JavaThread "Unconstrained build operations Thread 71" [_thread_blocked, id=32712, stack(0x0000002633f00000,0x0000002634000000)]
  0x00000207a1bf8800 JavaThread "Unconstrained build operations Thread 72" [_thread_blocked, id=32716, stack(0x0000002634000000,0x0000002634100000)]
  0x00000207a1bf9000 JavaThread "Unconstrained build operations Thread 73" [_thread_blocked, id=32720, stack(0x0000002634100000,0x0000002634200000)]
  0x00000207a1bf7000 JavaThread "Unconstrained build operations Thread 74" [_thread_blocked, id=32724, stack(0x0000002634200000,0x0000002634300000)]
  0x00000207a1bf4800 JavaThread "Unconstrained build operations Thread 75" [_thread_blocked, id=32728, stack(0x0000002634300000,0x0000002634400000)]
  0x00000207a1bfb000 JavaThread "Unconstrained build operations Thread 76" [_thread_blocked, id=32732, stack(0x0000002634400000,0x0000002634500000)]
  0x00000207a1bfd800 JavaThread "Unconstrained build operations Thread 77" [_thread_blocked, id=32736, stack(0x0000002634500000,0x0000002634600000)]
  0x00000207a1bfc800 JavaThread "Unconstrained build operations Thread 78" [_thread_blocked, id=32740, stack(0x0000002634600000,0x0000002634700000)]
  0x00000207a1bfb800 JavaThread "Unconstrained build operations Thread 79" [_thread_blocked, id=32744, stack(0x0000002634700000,0x0000002634800000)]
  0x00000207a1bf7800 JavaThread "Unconstrained build operations Thread 80" [_thread_blocked, id=32748, stack(0x0000002634800000,0x0000002634900000)]
=>0x00000207aaa54800 JavaThread "C2 CompilerThread2" daemon [_thread_in_native, id=29916, stack(0x000000262f400000,0x000000262f500000)]

Other Threads:
  0x000002079ac96000 VMThread "VM Thread" [stack: 0x000000262c600000,0x000000262c700000] [id=13960]
  0x000002079b743000 WatcherThread [stack: 0x000000262d000000,0x000000262d100000] [id=29828]
  0x000002078083d000 GCTaskThread "GC Thread#0" [stack: 0x000000262c100000,0x000000262c200000] [id=992]
  0x000002079c18d800 GCTaskThread "GC Thread#1" [stack: 0x000000262d200000,0x000000262d300000] [id=25108]
  0x000002079bf47800 GCTaskThread "GC Thread#2" [stack: 0x000000262d300000,0x000000262d400000] [id=28336]
  0x000002079ffc8000 GCTaskThread "GC Thread#3" [stack: 0x000000262de00000,0x000000262df00000] [id=27224]
  0x00000207a1463800 GCTaskThread "GC Thread#4" [stack: 0x000000262df00000,0x000000262e000000] [id=29860]
  0x00000207a1601000 GCTaskThread "GC Thread#5" [stack: 0x000000262e000000,0x000000262e100000] [id=30032]
  0x00000207a06fa800 GCTaskThread "GC Thread#6" [stack: 0x000000262e100000,0x000000262e200000] [id=26344]
  0x00000207a06fb000 GCTaskThread "GC Thread#7" [stack: 0x000000262e200000,0x000000262e300000] [id=29052]
  0x000002078086d800 ConcurrentGCThread "G1 Main Marker" [stack: 0x000000262c200000,0x000000262c300000] [id=19068]
  0x000002078086f000 ConcurrentGCThread "G1 Conc#0" [stack: 0x000000262c300000,0x000000262c400000] [id=13840]
  0x00000207a1a84000 ConcurrentGCThread "G1 Conc#1" [stack: 0x000000262e500000,0x000000262e600000] [id=19984]
  0x000002079aae2800 ConcurrentGCThread "G1 Refine#0" [stack: 0x000000262c400000,0x000000262c500000] [id=30576]
  0x000002079aae3000 ConcurrentGCThread "G1 Young RemSet Sampling" [stack: 0x000000262c500000,0x000000262c600000] [id=30656]

Threads with active compile tasks:
C2 CompilerThread2 380321 15264       4       org.gradle.tooling.internal.adapter.ProtocolToModelAdapter$SupportedPropertyInvoker::invoke (154 bytes)

VM state:not at safepoint (normal execution)

VM Mutex/Monitor currently owned by a thread: None

Heap address: 0x0000000080000000, size: 2048 MB, Compressed Oops mode: 32-bit
Narrow klass base: 0x0000000000000000, Narrow klass shift: 3
Compressed class space size: 1073741824 Address: 0x0000000100000000

Heap:
 garbage-first heap   total 189440K, used 138484K [0x0000000080000000, 0x0000000100000000)
  region size 1024K, 19 young (19456K), 5 survivors (5120K)
 Metaspace       used 116722K, capacity 120357K, committed 120604K, reserved 1153024K
  class space    used 14969K, capacity 16243K, committed 16332K, reserved 1048576K
Heap Regions: E=young(eden), S=young(survivor), O=old, HS=humongous(starts), HC=humongous(continues), CS=collection set, F=free, A=archive, TAMS=top-at-mark-start (previous, next)
|   0|0x0000000080000000, 0x0000000080100000, 0x0000000080100000|100%| O|  |TAMS 0x0000000080100000, 0x0000000080000000| Untracked 
|   1|0x0000000080100000, 0x0000000080200000, 0x0000000080200000|100%| O|  |TAMS 0x0000000080200000, 0x0000000080100000| Untracked 
|   2|0x0000000080200000, 0x0000000080300000, 0x0000000080300000|100%| O|  |TAMS 0x0000000080300000, 0x0000000080200000| Untracked 
|   3|0x0000000080300000, 0x0000000080400000, 0x0000000080400000|100%|HS|  |TAMS 0x0000000080400000, 0x0000000080300000| Complete 
|   4|0x0000000080400000, 0x0000000080500000, 0x0000000080500000|100%|HC|  |TAMS 0x0000000080500000, 0x0000000080400000| Complete 
|   5|0x0000000080500000, 0x0000000080600000, 0x0000000080600000|100%|HC|  |TAMS 0x0000000080600000, 0x0000000080500000| Complete 
|   6|0x0000000080600000, 0x0000000080700000, 0x0000000080700000|100%| O|  |TAMS 0x0000000080700000, 0x0000000080600000| Untracked 
|   7|0x0000000080700000, 0x0000000080800000, 0x0000000080800000|100%| O|  |TAMS 0x0000000080800000, 0x0000000080700000| Untracked 
|   8|0x0000000080800000, 0x0000000080900000, 0x0000000080900000|100%| O|  |TAMS 0x0000000080900000, 0x0000000080800000| Untracked 
|   9|0x0000000080900000, 0x0000000080a00000, 0x0000000080a00000|100%| O|  |TAMS 0x0000000080a00000, 0x0000000080900000| Untracked 
|  10|0x0000000080a00000, 0x0000000080b00000, 0x0000000080b00000|100%| O|  |TAMS 0x0000000080b00000, 0x0000000080a00000| Untracked 
|  11|0x0000000080b00000, 0x0000000080c00000, 0x0000000080c00000|100%| O|  |TAMS 0x0000000080c00000, 0x0000000080b00000| Untracked 
|  12|0x0000000080c00000, 0x0000000080d00000, 0x0000000080d00000|100%| O|  |TAMS 0x0000000080d00000, 0x0000000080c00000| Untracked 
|  13|0x0000000080d00000, 0x0000000080e00000, 0x0000000080e00000|100%| O|  |TAMS 0x0000000080e00000, 0x0000000080d00000| Untracked 
|  14|0x0000000080e00000, 0x0000000080f00000, 0x0000000080f00000|100%| O|  |TAMS 0x0000000080f00000, 0x0000000080e00000| Untracked 
|  15|0x0000000080f00000, 0x0000000081000000, 0x0000000081000000|100%| O|  |TAMS 0x0000000081000000, 0x0000000080f00000| Untracked 
|  16|0x0000000081000000, 0x0000000081100000, 0x0000000081100000|100%| O|  |TAMS 0x0000000081100000, 0x0000000081000000| Untracked 
|  17|0x0000000081100000, 0x0000000081200000, 0x0000000081200000|100%|HS|  |TAMS 0x0000000081200000, 0x0000000081100000| Complete 
|  18|0x0000000081200000, 0x0000000081300000, 0x0000000081300000|100%|HC|  |TAMS 0x0000000081300000, 0x0000000081200000| Complete 
|  19|0x0000000081300000, 0x0000000081400000, 0x0000000081400000|100%|HS|  |TAMS 0x0000000081400000, 0x0000000081300000| Complete 
|  20|0x0000000081400000, 0x0000000081500000, 0x0000000081500000|100%|HC|  |TAMS 0x0000000081500000, 0x0000000081400000| Complete 
|  21|0x0000000081500000, 0x0000000081600000, 0x0000000081600000|100%|HC|  |TAMS 0x0000000081600000, 0x0000000081500000| Complete 
|  22|0x0000000081600000, 0x0000000081700000, 0x0000000081700000|100%|HS|  |TAMS 0x0000000081700000, 0x0000000081600000| Complete 
|  23|0x0000000081700000, 0x0000000081800000, 0x0000000081800000|100%|HC|  |TAMS 0x0000000081800000, 0x0000000081700000| Complete 
|  24|0x0000000081800000, 0x0000000081900000, 0x0000000081900000|100%|HC|  |TAMS 0x0000000081900000, 0x0000000081800000| Complete 
|  25|0x0000000081900000, 0x0000000081a00000, 0x0000000081a00000|100%|HC|  |TAMS 0x0000000081a00000, 0x0000000081900000| Complete 
|  26|0x0000000081a00000, 0x0000000081b00000, 0x0000000081b00000|100%| O|  |TAMS 0x0000000081b00000, 0x0000000081a00000| Untracked 
|  27|0x0000000081b00000, 0x0000000081c00000, 0x0000000081c00000|100%| O|  |TAMS 0x0000000081c00000, 0x0000000081b00000| Untracked 
|  28|0x0000000081c00000, 0x0000000081d00000, 0x0000000081d00000|100%| O|  |TAMS 0x0000000081d00000, 0x0000000081c00000| Untracked 
|  29|0x0000000081d00000, 0x0000000081e00000, 0x0000000081e00000|100%| O|  |TAMS 0x0000000081e00000, 0x0000000081d00000| Untracked 
|  30|0x0000000081e00000, 0x0000000081f00000, 0x0000000081f00000|100%| O|  |TAMS 0x0000000081f00000, 0x0000000081e00000| Untracked 
|  31|0x0000000081f00000, 0x0000000082000000, 0x0000000082000000|100%| O|  |TAMS 0x0000000082000000, 0x0000000081f00000| Untracked 
|  32|0x0000000082000000, 0x0000000082100000, 0x0000000082100000|100%| O|  |TAMS 0x0000000082100000, 0x0000000082000000| Untracked 
|  33|0x0000000082100000, 0x0000000082200000, 0x0000000082200000|100%| O|  |TAMS 0x0000000082200000, 0x0000000082100000| Untracked 
|  34|0x0000000082200000, 0x0000000082300000, 0x0000000082300000|100%| O|  |TAMS 0x0000000082300000, 0x0000000082200000| Untracked 
|  35|0x0000000082300000, 0x0000000082400000, 0x0000000082400000|100%| O|  |TAMS 0x0000000082400000, 0x0000000082300000| Untracked 
|  36|0x0000000082400000, 0x0000000082500000, 0x0000000082500000|100%| O|  |TAMS 0x0000000082500000, 0x0000000082400000| Untracked 
|  37|0x0000000082500000, 0x0000000082600000, 0x0000000082600000|100%| O|  |TAMS 0x0000000082600000, 0x0000000082500000| Untracked 
|  38|0x0000000082600000, 0x0000000082700000, 0x0000000082700000|100%| O|  |TAMS 0x0000000082700000, 0x0000000082600000| Untracked 
|  39|0x0000000082700000, 0x0000000082800000, 0x0000000082800000|100%|HS|  |TAMS 0x0000000082800000, 0x0000000082700000| Complete 
|  40|0x0000000082800000, 0x0000000082900000, 0x0000000082900000|100%|HC|  |TAMS 0x0000000082900000, 0x0000000082800000| Complete 
|  41|0x0000000082900000, 0x0000000082a00000, 0x0000000082a00000|100%|HC|  |TAMS 0x0000000082a00000, 0x0000000082900000| Complete 
|  42|0x0000000082a00000, 0x0000000082b00000, 0x0000000082b00000|100%|HS|  |TAMS 0x0000000082b00000, 0x0000000082a00000| Complete 
|  43|0x0000000082b00000, 0x0000000082c00000, 0x0000000082c00000|100%|HC|  |TAMS 0x0000000082c00000, 0x0000000082b00000| Complete 
|  44|0x0000000082c00000, 0x0000000082d00000, 0x0000000082d00000|100%|HC|  |TAMS 0x0000000082d00000, 0x0000000082c00000| Complete 
|  45|0x0000000082d00000, 0x0000000082e00000, 0x0000000082e00000|100%|HC|  |TAMS 0x0000000082e00000, 0x0000000082d00000| Complete 
|  46|0x0000000082e00000, 0x0000000082f00000, 0x0000000082f00000|100%| O|  |TAMS 0x0000000082f00000, 0x0000000082e00000| Untracked 
|  47|0x0000000082f00000, 0x0000000083000000, 0x0000000083000000|100%| O|  |TAMS 0x0000000083000000, 0x0000000082f00000| Untracked 
|  48|0x0000000083000000, 0x0000000083100000, 0x0000000083100000|100%| O|  |TAMS 0x0000000083100000, 0x0000000083000000| Untracked 
|  49|0x0000000083100000, 0x0000000083200000, 0x0000000083200000|100%| O|  |TAMS 0x0000000083200000, 0x0000000083100000| Untracked 
|  50|0x0000000083200000, 0x0000000083300000, 0x0000000083300000|100%| O|  |TAMS 0x0000000083300000, 0x0000000083200000| Untracked 
|  51|0x0000000083300000, 0x0000000083400000, 0x0000000083400000|100%| O|  |TAMS 0x0000000083400000, 0x0000000083300000| Untracked 
|  52|0x0000000083400000, 0x0000000083500000, 0x0000000083500000|100%|HS|  |TAMS 0x0000000083500000, 0x0000000083400000| Complete 
|  53|0x0000000083500000, 0x0000000083600000, 0x0000000083600000|100%|HS|  |TAMS 0x0000000083600000, 0x0000000083500000| Complete 
|  54|0x0000000083600000, 0x0000000083700000, 0x0000000083700000|100%|HS|  |TAMS 0x0000000083700000, 0x0000000083600000| Complete 
|  55|0x0000000083700000, 0x0000000083800000, 0x0000000083800000|100%|HS|  |TAMS 0x0000000083800000, 0x0000000083700000| Complete 
|  56|0x0000000083800000, 0x0000000083900000, 0x0000000083900000|100%|HC|  |TAMS 0x0000000083900000, 0x0000000083800000| Complete 
|  57|0x0000000083900000, 0x0000000083a00000, 0x0000000083a00000|100%| O|  |TAMS 0x0000000083a00000, 0x0000000083900000| Untracked 
|  58|0x0000000083a00000, 0x0000000083b00000, 0x0000000083b00000|100%| O|  |TAMS 0x0000000083b00000, 0x0000000083a00000| Untracked 
|  59|0x0000000083b00000, 0x0000000083c00000, 0x0000000083c00000|100%| O|  |TAMS 0x0000000083c00000, 0x0000000083b00000| Untracked 
|  60|0x0000000083c00000, 0x0000000083d00000, 0x0000000083d00000|100%| O|  |TAMS 0x0000000083d00000, 0x0000000083c00000| Untracked 
|  61|0x0000000083d00000, 0x0000000083e00000, 0x0000000083e00000|100%| O|  |TAMS 0x0000000083e00000, 0x0000000083d00000| Untracked 
|  62|0x0000000083e00000, 0x0000000083f00000, 0x0000000083f00000|100%| O|  |TAMS 0x0000000083f00000, 0x0000000083e00000| Untracked 
|  63|0x0000000083f00000, 0x0000000084000000, 0x0000000084000000|100%| O|  |TAMS 0x0000000084000000, 0x0000000083f00000| Untracked 
|  64|0x0000000084000000, 0x0000000084100000, 0x0000000084100000|100%| O|  |TAMS 0x0000000084100000, 0x0000000084000000| Untracked 
|  65|0x0000000084100000, 0x0000000084200000, 0x0000000084200000|100%| O|  |TAMS 0x0000000084200000, 0x0000000084100000| Untracked 
|  66|0x0000000084200000, 0x0000000084300000, 0x0000000084300000|100%| O|  |TAMS 0x0000000084300000, 0x0000000084200000| Untracked 
|  67|0x0000000084300000, 0x0000000084400000, 0x0000000084400000|100%| O|  |TAMS 0x0000000084400000, 0x0000000084300000| Untracked 
|  68|0x0000000084400000, 0x0000000084500000, 0x0000000084500000|100%| O|  |TAMS 0x0000000084500000, 0x0000000084400000| Untracked 
|  69|0x0000000084500000, 0x0000000084600000, 0x0000000084600000|100%| O|  |TAMS 0x0000000084600000, 0x0000000084500000| Untracked 
|  70|0x0000000084600000, 0x0000000084700000, 0x0000000084700000|100%| O|  |TAMS 0x0000000084700000, 0x0000000084600000| Untracked 
|  71|0x0000000084700000, 0x0000000084800000, 0x0000000084800000|100%| O|  |TAMS 0x0000000084800000, 0x0000000084700000| Untracked 
|  72|0x0000000084800000, 0x0000000084900000, 0x0000000084900000|100%| O|  |TAMS 0x0000000084900000, 0x0000000084800000| Untracked 
|  73|0x0000000084900000, 0x0000000084a00000, 0x0000000084a00000|100%| O|  |TAMS 0x0000000084a00000, 0x0000000084900000| Untracked 
|  74|0x0000000084a00000, 0x0000000084b00000, 0x0000000084b00000|100%| O|  |TAMS 0x0000000084b00000, 0x0000000084a00000| Untracked 
|  75|0x0000000084b00000, 0x0000000084c00000, 0x0000000084c00000|100%| O|  |TAMS 0x0000000084c00000, 0x0000000084b00000| Untracked 
|  76|0x0000000084c00000, 0x0000000084d00000, 0x0000000084d00000|100%| O|  |TAMS 0x0000000084d00000, 0x0000000084c00000| Untracked 
|  77|0x0000000084d00000, 0x0000000084e00000, 0x0000000084e00000|100%| O|  |TAMS 0x0000000084e00000, 0x0000000084d00000| Untracked 
|  78|0x0000000084e00000, 0x0000000084f00000, 0x0000000084f00000|100%| O|  |TAMS 0x0000000084f00000, 0x0000000084e00000| Untracked 
|  79|0x0000000084f00000, 0x0000000085000000, 0x0000000085000000|100%| O|  |TAMS 0x0000000085000000, 0x0000000084f00000| Untracked 
|  80|0x0000000085000000, 0x0000000085100000, 0x0000000085100000|100%|HS|  |TAMS 0x0000000085100000, 0x0000000085000000| Complete 
|  81|0x0000000085100000, 0x0000000085200000, 0x0000000085200000|100%|HC|  |TAMS 0x0000000085200000, 0x0000000085100000| Complete 
|  82|0x0000000085200000, 0x0000000085300000, 0x0000000085300000|100%|HS|  |TAMS 0x0000000085300000, 0x0000000085200000| Complete 
|  83|0x0000000085300000, 0x0000000085400000, 0x0000000085400000|100%|HC|  |TAMS 0x0000000085400000, 0x0000000085300000| Complete 
|  84|0x0000000085400000, 0x0000000085500000, 0x0000000085500000|100%|HC|  |TAMS 0x0000000085500000, 0x0000000085400000| Complete 
|  85|0x0000000085500000, 0x0000000085600000, 0x0000000085600000|100%|HS|  |TAMS 0x0000000085600000, 0x0000000085500000| Complete 
|  86|0x0000000085600000, 0x0000000085700000, 0x0000000085700000|100%|HC|  |TAMS 0x0000000085700000, 0x0000000085600000| Complete 
|  87|0x0000000085700000, 0x0000000085800000, 0x0000000085800000|100%|HC|  |TAMS 0x0000000085800000, 0x0000000085700000| Complete 
|  88|0x0000000085800000, 0x0000000085900000, 0x0000000085900000|100%|HC|  |TAMS 0x0000000085900000, 0x0000000085800000| Complete 
|  89|0x0000000085900000, 0x0000000085900000, 0x0000000085a00000|  0%| F|  |TAMS 0x0000000085900000, 0x0000000085900000| Untracked 
|  90|0x0000000085a00000, 0x0000000085b00000, 0x0000000085b00000|100%| O|  |TAMS 0x0000000085b00000, 0x0000000085a00000| Untracked 
|  91|0x0000000085b00000, 0x0000000085c00000, 0x0000000085c00000|100%| O|  |TAMS 0x0000000085c00000, 0x0000000085b00000| Untracked 
|  92|0x0000000085c00000, 0x0000000085d00000, 0x0000000085d00000|100%| O|  |TAMS 0x0000000085d00000, 0x0000000085c00000| Untracked 
|  93|0x0000000085d00000, 0x0000000085e00000, 0x0000000085e00000|100%| O|  |TAMS 0x0000000085e00000, 0x0000000085d00000| Untracked 
|  94|0x0000000085e00000, 0x0000000085f00000, 0x0000000085f00000|100%| O|  |TAMS 0x0000000085f00000, 0x0000000085e00000| Untracked 
|  95|0x0000000085f00000, 0x0000000086000000, 0x0000000086000000|100%| O|  |TAMS 0x0000000086000000, 0x0000000085f00000| Untracked 
|  96|0x0000000086000000, 0x0000000086100000, 0x0000000086100000|100%| O|  |TAMS 0x0000000086100000, 0x0000000086000000| Untracked 
|  97|0x0000000086100000, 0x0000000086200000, 0x0000000086200000|100%| O|  |TAMS 0x0000000086200000, 0x0000000086100000| Untracked 
|  98|0x0000000086200000, 0x0000000086300000, 0x0000000086300000|100%| O|  |TAMS 0x0000000086300000, 0x0000000086200000| Untracked 
|  99|0x0000000086300000, 0x0000000086400000, 0x0000000086400000|100%| O|  |TAMS 0x0000000086400000, 0x0000000086300000| Untracked 
| 100|0x0000000086400000, 0x0000000086500000, 0x0000000086500000|100%| O|  |TAMS 0x0000000086500000, 0x0000000086400000| Untracked 
| 101|0x0000000086500000, 0x0000000086600000, 0x0000000086600000|100%| O|  |TAMS 0x0000000086600000, 0x0000000086500000| Untracked 
| 102|0x0000000086600000, 0x0000000086700000, 0x0000000086700000|100%| O|  |TAMS 0x0000000086700000, 0x0000000086600000| Untracked 
| 103|0x0000000086700000, 0x0000000086800000, 0x0000000086800000|100%| O|  |TAMS 0x0000000086800000, 0x0000000086700000| Untracked 
| 104|0x0000000086800000, 0x0000000086900000, 0x0000000086900000|100%| O|  |TAMS 0x0000000086900000, 0x0000000086800000| Untracked 
| 105|0x0000000086900000, 0x0000000086900000, 0x0000000086a00000|  0%| F|  |TAMS 0x0000000086900000, 0x0000000086900000| Untracked 
| 106|0x0000000086a00000, 0x0000000086b00000, 0x0000000086b00000|100%| O|  |TAMS 0x0000000086b00000, 0x0000000086a00000| Untracked 
| 107|0x0000000086b00000, 0x0000000086c00000, 0x0000000086c00000|100%| O|  |TAMS 0x0000000086c00000, 0x0000000086b00000| Untracked 
| 108|0x0000000086c00000, 0x0000000086d00000, 0x0000000086d00000|100%| O|  |TAMS 0x0000000086d00000, 0x0000000086c00000| Untracked 
| 109|0x0000000086d00000, 0x0000000086d00000, 0x0000000086e00000|  0%| F|  |TAMS 0x0000000086d00000, 0x0000000086d00000| Untracked 
| 110|0x0000000086e00000, 0x0000000086f00000, 0x0000000086f00000|100%| O|  |TAMS 0x0000000086f00000, 0x0000000086e00000| Untracked 
| 111|0x0000000086f00000, 0x0000000087000000, 0x0000000087000000|100%| O|  |TAMS 0x0000000087000000, 0x0000000086f00000| Untracked 
| 112|0x0000000087000000, 0x0000000087100000, 0x0000000087100000|100%| O|  |TAMS 0x0000000087100000, 0x0000000087000000| Untracked 
| 113|0x0000000087100000, 0x0000000087200000, 0x0000000087200000|100%| O|  |TAMS 0x0000000087200000, 0x0000000087100000| Untracked 
| 114|0x0000000087200000, 0x0000000087300000, 0x0000000087300000|100%| O|  |TAMS 0x0000000087300000, 0x0000000087200000| Untracked 
| 115|0x0000000087300000, 0x0000000087300000, 0x0000000087400000|  0%| F|  |TAMS 0x0000000087300000, 0x0000000087300000| Untracked 
| 116|0x0000000087400000, 0x0000000087400000, 0x0000000087500000|  0%| F|  |TAMS 0x0000000087400000, 0x0000000087400000| Untracked 
| 117|0x0000000087500000, 0x0000000087500000, 0x0000000087600000|  0%| F|  |TAMS 0x0000000087500000, 0x0000000087500000| Untracked 
| 118|0x0000000087600000, 0x0000000087600000, 0x0000000087700000|  0%| F|  |TAMS 0x0000000087600000, 0x0000000087600000| Untracked 
| 119|0x0000000087700000, 0x0000000087700000, 0x0000000087800000|  0%| F|  |TAMS 0x0000000087700000, 0x0000000087700000| Untracked 
| 120|0x0000000087800000, 0x0000000087800000, 0x0000000087900000|  0%| F|  |TAMS 0x0000000087800000, 0x0000000087800000| Untracked 
| 121|0x0000000087900000, 0x0000000087a00000, 0x0000000087a00000|100%| O|  |TAMS 0x0000000087a00000, 0x0000000087900000| Untracked 
| 122|0x0000000087a00000, 0x0000000087b00000, 0x0000000087b00000|100%| O|  |TAMS 0x0000000087b00000, 0x0000000087a00000| Untracked 
| 123|0x0000000087b00000, 0x0000000087c00000, 0x0000000087c00000|100%| O|  |TAMS 0x0000000087c00000, 0x0000000087b00000| Untracked 
| 124|0x0000000087c00000, 0x0000000087d00000, 0x0000000087d00000|100%| O|  |TAMS 0x0000000087d00000, 0x0000000087c00000| Untracked 
| 125|0x0000000087d00000, 0x0000000087e00000, 0x0000000087e00000|100%| O|  |TAMS 0x0000000087e00000, 0x0000000087d00000| Untracked 
| 126|0x0000000087e00000, 0x0000000087f00000, 0x0000000087f00000|100%| O|  |TAMS 0x0000000087f00000, 0x0000000087e00000| Untracked 
| 127|0x0000000087f00000, 0x0000000088000000, 0x0000000088000000|100%| O|  |TAMS 0x0000000088000000, 0x0000000087f00000| Untracked 
| 128|0x0000000088000000, 0x0000000088020a00, 0x0000000088100000| 12%| O|  |TAMS 0x0000000088020a00, 0x0000000088000000| Untracked 
| 129|0x0000000088100000, 0x0000000088100000, 0x0000000088200000|  0%| F|  |TAMS 0x0000000088100000, 0x0000000088100000| Untracked 
| 130|0x0000000088200000, 0x0000000088200000, 0x0000000088300000|  0%| F|  |TAMS 0x0000000088200000, 0x0000000088200000| Untracked 
| 131|0x0000000088300000, 0x0000000088300000, 0x0000000088400000|  0%| F|  |TAMS 0x0000000088300000, 0x0000000088300000| Untracked 
| 132|0x0000000088400000, 0x0000000088400000, 0x0000000088500000|  0%| F|  |TAMS 0x0000000088400000, 0x0000000088400000| Untracked 
| 133|0x0000000088500000, 0x0000000088500000, 0x0000000088600000|  0%| F|  |TAMS 0x0000000088500000, 0x0000000088500000| Untracked 
| 134|0x0000000088600000, 0x0000000088600000, 0x0000000088700000|  0%| F|  |TAMS 0x0000000088600000, 0x0000000088600000| Untracked 
| 135|0x0000000088700000, 0x0000000088700000, 0x0000000088800000|  0%| F|  |TAMS 0x0000000088700000, 0x0000000088700000| Untracked 
| 136|0x0000000088800000, 0x0000000088800000, 0x0000000088900000|  0%| F|  |TAMS 0x0000000088800000, 0x0000000088800000| Untracked 
| 137|0x0000000088900000, 0x0000000088900000, 0x0000000088a00000|  0%| F|  |TAMS 0x0000000088900000, 0x0000000088900000| Untracked 
| 138|0x0000000088a00000, 0x0000000088a00000, 0x0000000088b00000|  0%| F|  |TAMS 0x0000000088a00000, 0x0000000088a00000| Untracked 
| 139|0x0000000088b00000, 0x0000000088b00000, 0x0000000088c00000|  0%| F|  |TAMS 0x0000000088b00000, 0x0000000088b00000| Untracked 
| 140|0x0000000088c00000, 0x0000000088c00000, 0x0000000088d00000|  0%| F|  |TAMS 0x0000000088c00000, 0x0000000088c00000| Untracked 
| 141|0x0000000088d00000, 0x0000000088d00000, 0x0000000088e00000|  0%| F|  |TAMS 0x0000000088d00000, 0x0000000088d00000| Untracked 
| 142|0x0000000088e00000, 0x0000000088e00000, 0x0000000088f00000|  0%| F|  |TAMS 0x0000000088e00000, 0x0000000088e00000| Untracked 
| 143|0x0000000088f00000, 0x0000000088f00000, 0x0000000089000000|  0%| F|  |TAMS 0x0000000088f00000, 0x0000000088f00000| Untracked 
| 144|0x0000000089000000, 0x0000000089000000, 0x0000000089100000|  0%| F|  |TAMS 0x0000000089000000, 0x0000000089000000| Untracked 
| 145|0x0000000089100000, 0x0000000089100000, 0x0000000089200000|  0%| F|  |TAMS 0x0000000089100000, 0x0000000089100000| Untracked 
| 146|0x0000000089200000, 0x000000008921c600, 0x0000000089300000| 11%| S|CS|TAMS 0x0000000089200000, 0x0000000089200000| Complete 
| 147|0x0000000089300000, 0x0000000089400000, 0x0000000089400000|100%| S|CS|TAMS 0x0000000089300000, 0x0000000089300000| Complete 
| 148|0x0000000089400000, 0x0000000089500000, 0x0000000089500000|100%| S|CS|TAMS 0x0000000089400000, 0x0000000089400000| Complete 
| 149|0x0000000089500000, 0x0000000089600000, 0x0000000089600000|100%| S|CS|TAMS 0x0000000089500000, 0x0000000089500000| Complete 
| 150|0x0000000089600000, 0x0000000089700000, 0x0000000089700000|100%| S|CS|TAMS 0x0000000089600000, 0x0000000089600000| Complete 
| 151|0x0000000089700000, 0x0000000089700000, 0x0000000089800000|  0%| F|  |TAMS 0x0000000089700000, 0x0000000089700000| Untracked 
| 152|0x0000000089800000, 0x0000000089800000, 0x0000000089900000|  0%| F|  |TAMS 0x0000000089800000, 0x0000000089800000| Untracked 
| 153|0x0000000089900000, 0x0000000089900000, 0x0000000089a00000|  0%| F|  |TAMS 0x0000000089900000, 0x0000000089900000| Untracked 
| 154|0x0000000089a00000, 0x0000000089a00000, 0x0000000089b00000|  0%| F|  |TAMS 0x0000000089a00000, 0x0000000089a00000| Untracked 
| 155|0x0000000089b00000, 0x0000000089b00000, 0x0000000089c00000|  0%| F|  |TAMS 0x0000000089b00000, 0x0000000089b00000| Untracked 
| 156|0x0000000089c00000, 0x0000000089c00000, 0x0000000089d00000|  0%| F|  |TAMS 0x0000000089c00000, 0x0000000089c00000| Untracked 
| 157|0x0000000089d00000, 0x0000000089d00000, 0x0000000089e00000|  0%| F|  |TAMS 0x0000000089d00000, 0x0000000089d00000| Untracked 
| 158|0x0000000089e00000, 0x0000000089e00000, 0x0000000089f00000|  0%| F|  |TAMS 0x0000000089e00000, 0x0000000089e00000| Untracked 
| 159|0x0000000089f00000, 0x0000000089f00000, 0x000000008a000000|  0%| F|  |TAMS 0x0000000089f00000, 0x0000000089f00000| Untracked 
| 160|0x000000008a000000, 0x000000008a000000, 0x000000008a100000|  0%| F|  |TAMS 0x000000008a000000, 0x000000008a000000| Untracked 
| 161|0x000000008a100000, 0x000000008a100000, 0x000000008a200000|  0%| F|  |TAMS 0x000000008a100000, 0x000000008a100000| Untracked 
| 162|0x000000008a200000, 0x000000008a200000, 0x000000008a300000|  0%| F|  |TAMS 0x000000008a200000, 0x000000008a200000| Untracked 
| 163|0x000000008a300000, 0x000000008a300000, 0x000000008a400000|  0%| F|  |TAMS 0x000000008a300000, 0x000000008a300000| Untracked 
| 164|0x000000008a400000, 0x000000008a400000, 0x000000008a500000|  0%| F|  |TAMS 0x000000008a400000, 0x000000008a400000| Untracked 
| 165|0x000000008a500000, 0x000000008a500000, 0x000000008a600000|  0%| F|  |TAMS 0x000000008a500000, 0x000000008a500000| Untracked 
| 166|0x000000008a600000, 0x000000008a600000, 0x000000008a700000|  0%| F|  |TAMS 0x000000008a600000, 0x000000008a600000| Untracked 
| 167|0x000000008a700000, 0x000000008a700000, 0x000000008a800000|  0%| F|  |TAMS 0x000000008a700000, 0x000000008a700000| Untracked 
| 168|0x000000008a800000, 0x000000008a800000, 0x000000008a900000|  0%| F|  |TAMS 0x000000008a800000, 0x000000008a800000| Untracked 
| 169|0x000000008a900000, 0x000000008a900000, 0x000000008aa00000|  0%| F|  |TAMS 0x000000008a900000, 0x000000008a900000| Untracked 
| 170|0x000000008aa00000, 0x000000008aa00000, 0x000000008ab00000|  0%| F|  |TAMS 0x000000008aa00000, 0x000000008aa00000| Untracked 
| 171|0x000000008ab00000, 0x000000008ab82ce0, 0x000000008ac00000| 51%| E|  |TAMS 0x000000008ab00000, 0x000000008ab00000| Complete 
| 172|0x000000008ac00000, 0x000000008ad00000, 0x000000008ad00000|100%| E|CS|TAMS 0x000000008ac00000, 0x000000008ac00000| Complete 
| 173|0x000000008ad00000, 0x000000008ae00000, 0x000000008ae00000|100%| E|CS|TAMS 0x000000008ad00000, 0x000000008ad00000| Complete 
| 174|0x000000008ae00000, 0x000000008af00000, 0x000000008af00000|100%| E|CS|TAMS 0x000000008ae00000, 0x000000008ae00000| Complete 
| 175|0x000000008af00000, 0x000000008b000000, 0x000000008b000000|100%| E|CS|TAMS 0x000000008af00000, 0x000000008af00000| Complete 
| 176|0x000000008b000000, 0x000000008b100000, 0x000000008b100000|100%| E|CS|TAMS 0x000000008b000000, 0x000000008b000000| Complete 
| 177|0x000000008b100000, 0x000000008b200000, 0x000000008b200000|100%| E|CS|TAMS 0x000000008b100000, 0x000000008b100000| Complete 
| 178|0x000000008b200000, 0x000000008b300000, 0x000000008b300000|100%| E|CS|TAMS 0x000000008b200000, 0x000000008b200000| Complete 
| 179|0x000000008b300000, 0x000000008b400000, 0x000000008b400000|100%| E|CS|TAMS 0x000000008b300000, 0x000000008b300000| Complete 
| 180|0x000000008b400000, 0x000000008b500000, 0x000000008b500000|100%| E|  |TAMS 0x000000008b400000, 0x000000008b400000| Complete 
| 181|0x000000008b500000, 0x000000008b600000, 0x000000008b600000|100%| E|CS|TAMS 0x000000008b500000, 0x000000008b500000| Complete 
| 182|0x000000008b600000, 0x000000008b700000, 0x000000008b700000|100%| E|CS|TAMS 0x000000008b600000, 0x000000008b600000| Complete 
| 183|0x000000008b700000, 0x000000008b800000, 0x000000008b800000|100%| E|CS|TAMS 0x000000008b700000, 0x000000008b700000| Complete 
| 184|0x000000008b800000, 0x000000008b900000, 0x000000008b900000|100%| E|CS|TAMS 0x000000008b800000, 0x000000008b800000| Complete 

Card table byte_map: [0x0000020793a50000,0x0000020793e50000] _byte_map_base: 0x0000020793650000

Marking Bits (Prev, Next): (CMBitMap*) 0x0000020780864aa0, (CMBitMap*) 0x0000020780864a68
 Prev Bits: [0x0000020796250000, 0x0000020798250000)
 Next Bits: [0x0000020794250000, 0x0000020796250000)

Polling page: 0x0000020780000000

Metaspace:

Usage:
  Non-class:    101.67 MB capacity,    99.37 MB ( 98%) used,     1.95 MB (  2%) free+waste,   359.94 KB ( <1%) overhead. 
      Class:     15.86 MB capacity,    14.62 MB ( 92%) used,     1.08 MB (  7%) free+waste,   166.06 KB (  1%) overhead. 
       Both:    117.54 MB capacity,   113.99 MB ( 97%) used,     3.04 MB (  3%) free+waste,   526.00 KB ( <1%) overhead. 

Virtual space:
  Non-class space:      102.00 MB reserved,     101.83 MB (>99%) committed 
      Class space:        1.00 GB reserved,      15.95 MB (  2%) committed 
             Both:        1.10 GB reserved,     117.78 MB ( 10%) committed 

Chunk freelists:
   Non-Class:  30.00 KB
       Class:  13.00 KB
        Both:  43.00 KB

MaxMetaspaceSize: 17179869184.00 GB
CompressedClassSpaceSize: 1.00 GB

CodeHeap 'non-profiled nmethods': size=120000Kb used=9986Kb max_used=9986Kb free=110013Kb
 bounds [0x000002078bdf0000, 0x000002078c7c0000, 0x0000020793320000]
CodeHeap 'profiled nmethods': size=120000Kb used=34933Kb max_used=34933Kb free=85066Kb
 bounds [0x00000207848c0000, 0x0000020786ae0000, 0x000002078bdf0000]
CodeHeap 'non-nmethods': size=5760Kb used=2360Kb max_used=2428Kb free=3399Kb
 bounds [0x0000020784320000, 0x0000020784590000, 0x00000207848c0000]
 total_blobs=16218 nmethods=15234 adapters=893
 compilation: enabled
              stopped_count=0, restarted_count=0
 full_count=0

Compilation events (20 events):
Event: 379.669 Thread 0x000002079b5c7800 nmethod 15431 0x0000020786ad0f10 code [0x0000020786ad10c0, 0x0000020786ad11d8]
Event: 379.671 Thread 0x000002079b5c6800 nmethod 15429 0x000002078c7aec90 code [0x000002078c7aee40, 0x000002078c7af098]
Event: 379.694 Thread 0x000002079b5c7800 15432       3       org.apache.http.conn.ssl.SSLConnectionSocketFactory::isWeakCipherSuite (46 bytes)
Event: 379.694 Thread 0x000002079b5c7800 nmethod 15432 0x0000020786ad1290 code [0x0000020786ad1500, 0x0000020786ad1ea8]
Event: 379.695 Thread 0x000002079b5c7800 15433       3       sun.security.ssl.HandshakeContext::isActivatable (278 bytes)
Event: 379.695 Thread 0x000002079b5c7800 nmethod 15433 0x0000020786ad2210 code [0x0000020786ad24a0, 0x0000020786ad2fa8]
Event: 379.696 Thread 0x000002079b5c7800 15434       1       java.security.spec.ECParameterSpec::getCurve (5 bytes)
Event: 379.696 Thread 0x000002079b5c7800 nmethod 15434 0x000002078c7af210 code [0x000002078c7af3c0, 0x000002078c7af478]
Event: 379.696 Thread 0x000002079b5c7800 15435       1       java.security.spec.EllipticCurve::getField (5 bytes)
Event: 379.696 Thread 0x000002079b5c7800 nmethod 15435 0x000002078c7af510 code [0x000002078c7af6c0, 0x000002078c7af778]
Event: 379.697 Thread 0x000002079b5c7800 15436       3       sun.security.util.DisabledAlgorithmConstraints$Constraints::permits (89 bytes)
Event: 379.697 Thread 0x000002079b5c7800 nmethod 15436 0x0000020786ad3390 code [0x0000020786ad3600, 0x0000020786ad4088]
Event: 379.698 Thread 0x00000207a9997800 15437       4       sun.security.ec.XECOperations::cswap (9 bytes)
Event: 379.698 Thread 0x000002079b5c7800 15438       3       sun.security.ssl.HandshakeOutStream::checkOverflow (42 bytes)
Event: 379.698 Thread 0x000002079b5c7800 nmethod 15438 0x0000020786ad4390 code [0x0000020786ad4620, 0x0000020786ad4fb8]
Event: 379.710 Thread 0x000002079b5c7800 15439       3       java.security.Provider$UString::<init> (21 bytes)
Event: 379.711 Thread 0x000002079b5c7800 nmethod 15439 0x0000020786ad5390 code [0x0000020786ad5580, 0x0000020786ad59b8]
Event: 379.711 Thread 0x000002079b5c7800 15440       1       org.apache.http.util.ByteArrayBuffer::length (5 bytes)
Event: 379.711 Thread 0x000002079b5c7800 nmethod 15440 0x000002078c7af810 code [0x000002078c7af9c0, 0x000002078c7afa78]
Event: 379.880 Thread 0x00000207a9997800 nmethod 15437 0x000002078c7afb10 code [0x000002078c7afcc0, 0x000002078c7aff78]

GC Heap History (20 events):
Event: 319.985 GC heap before
{Heap before GC invocations=60 (full 0):
 garbage-first heap   total 189440K, used 162005K [0x0000000080000000, 0x0000000100000000)
  region size 1024K, 43 young (44032K), 2 survivors (2048K)
 Metaspace       used 106196K, capacity 109224K, committed 109340K, reserved 1144832K
  class space    used 13600K, capacity 14691K, committed 14796K, reserved 1048576K
}
Event: 320.055 GC heap after
{Heap after GC invocations=61 (full 0):
 garbage-first heap   total 189440K, used 125241K [0x0000000080000000, 0x0000000100000000)
  region size 1024K, 6 young (6144K), 6 survivors (6144K)
 Metaspace       used 106196K, capacity 109224K, committed 109340K, reserved 1144832K
  class space    used 13600K, capacity 14691K, committed 14796K, reserved 1048576K
}
Event: 320.478 GC heap before
{Heap before GC invocations=62 (full 0):
 garbage-first heap   total 189440K, used 130361K [0x0000000080000000, 0x0000000100000000)
  region size 1024K, 13 young (13312K), 6 survivors (6144K)
 Metaspace       used 106244K, capacity 109224K, committed 109340K, reserved 1144832K
  class space    used 13605K, capacity 14691K, committed 14796K, reserved 1048576K
}
Event: 320.561 GC heap after
{Heap after GC invocations=63 (full 0):
 garbage-first heap   total 189440K, used 125172K [0x0000000080000000, 0x0000000100000000)
  region size 1024K, 2 young (2048K), 2 survivors (2048K)
 Metaspace       used 106244K, capacity 109224K, committed 109340K, reserved 1144832K
  class space    used 13605K, capacity 14691K, committed 14796K, reserved 1048576K
}
Event: 325.982 GC heap before
{Heap before GC invocations=63 (full 0):
 garbage-first heap   total 189440K, used 132340K [0x0000000080000000, 0x0000000100000000)
  region size 1024K, 9 young (9216K), 2 survivors (2048K)
 Metaspace       used 106292K, capacity 109248K, committed 109596K, reserved 1144832K
  class space    used 13608K, capacity 14695K, committed 14796K, reserved 1048576K
}
Event: 325.989 GC heap after
{Heap after GC invocations=64 (full 0):
 garbage-first heap   total 189440K, used 122278K [0x0000000080000000, 0x0000000100000000)
  region size 1024K, 2 young (2048K), 2 survivors (2048K)
 Metaspace       used 106292K, capacity 109248K, committed 109596K, reserved 1144832K
  class space    used 13608K, capacity 14695K, committed 14796K, reserved 1048576K
}
Event: 327.888 GC heap before
{Heap before GC invocations=64 (full 0):
 garbage-first heap   total 189440K, used 129446K [0x0000000080000000, 0x0000000100000000)
  region size 1024K, 10 young (10240K), 2 survivors (2048K)
 Metaspace       used 107306K, capacity 110291K, committed 110492K, reserved 1144832K
  class space    used 13757K, capacity 14851K, committed 14924K, reserved 1048576K
}
Event: 327.891 GC heap after
{Heap after GC invocations=65 (full 0):
 garbage-first heap   total 189440K, used 122514K [0x0000000080000000, 0x0000000100000000)
  region size 1024K, 2 young (2048K), 2 survivors (2048K)
 Metaspace       used 107306K, capacity 110291K, committed 110492K, reserved 1144832K
  class space    used 13757K, capacity 14851K, committed 14924K, reserved 1048576K
}
Event: 329.461 GC heap before
{Heap before GC invocations=66 (full 0):
 garbage-first heap   total 189440K, used 154258K [0x0000000080000000, 0x0000000100000000)
  region size 1024K, 32 young (32768K), 2 survivors (2048K)
 Metaspace       used 108944K, capacity 112057K, committed 112284K, reserved 1146880K
  class space    used 13944K, capacity 15091K, committed 15180K, reserved 1048576K
}
Event: 329.470 GC heap after
{Heap after GC invocations=67 (full 0):
 garbage-first heap   total 189440K, used 123588K [0x0000000080000000, 0x0000000100000000)
  region size 1024K, 3 young (3072K), 3 survivors (3072K)
 Metaspace       used 108944K, capacity 112057K, committed 112284K, reserved 1146880K
  class space    used 13944K, capacity 15091K, committed 15180K, reserved 1048576K
}
Event: 376.662 GC heap before
{Heap before GC invocations=67 (full 0):
 garbage-first heap   total 189440K, used 128708K [0x0000000080000000, 0x0000000100000000)
  region size 1024K, 9 young (9216K), 3 survivors (3072K)
 Metaspace       used 109102K, capacity 112252K, committed 112540K, reserved 1146880K
  class space    used 13965K, capacity 15124K, committed 15180K, reserved 1048576K
}
Event: 376.668 GC heap after
{Heap after GC invocations=68 (full 0):
 garbage-first heap   total 189440K, used 124483K [0x0000000080000000, 0x0000000100000000)
  region size 1024K, 2 young (2048K), 2 survivors (2048K)
 Metaspace       used 109102K, capacity 112252K, committed 112540K, reserved 1146880K
  class space    used 13965K, capacity 15124K, committed 15180K, reserved 1048576K
}
Event: 377.352 GC heap before
{Heap before GC invocations=68 (full 0):
 garbage-first heap   total 189440K, used 154179K [0x0000000080000000, 0x0000000100000000)
  region size 1024K, 32 young (32768K), 2 survivors (2048K)
 Metaspace       used 111105K, capacity 114456K, committed 114716K, reserved 1148928K
  class space    used 14287K, capacity 15490K, committed 15564K, reserved 1048576K
}
Event: 377.362 GC heap after
{Heap after GC invocations=69 (full 0):
 garbage-first heap   total 189440K, used 126518K [0x0000000080000000, 0x0000000100000000)
  region size 1024K, 4 young (4096K), 4 survivors (4096K)
 Metaspace       used 111105K, capacity 114456K, committed 114716K, reserved 1148928K
  class space    used 14287K, capacity 15490K, committed 15564K, reserved 1048576K
}
Event: 377.856 GC heap before
{Heap before GC invocations=70 (full 0):
 garbage-first heap   total 189440K, used 155190K [0x0000000080000000, 0x0000000100000000)
  region size 1024K, 33 young (33792K), 4 survivors (4096K)
 Metaspace       used 113127K, capacity 116490K, committed 116764K, reserved 1150976K
  class space    used 14555K, capacity 15742K, committed 15820K, reserved 1048576K
}
Event: 377.861 GC heap after
{Heap after GC invocations=71 (full 0):
 garbage-first heap   total 189440K, used 128182K [0x0000000080000000, 0x0000000100000000)
  region size 1024K, 4 young (4096K), 4 survivors (4096K)
 Metaspace       used 113127K, capacity 116490K, committed 116764K, reserved 1150976K
  class space    used 14555K, capacity 15742K, committed 15820K, reserved 1048576K
}
Event: 378.118 GC heap before
{Heap before GC invocations=71 (full 0):
 garbage-first heap   total 189440K, used 132278K [0x0000000080000000, 0x0000000100000000)
  region size 1024K, 9 young (9216K), 4 survivors (4096K)
 Metaspace       used 113681K, capacity 117064K, committed 117404K, reserved 1150976K
  class space    used 14625K, capacity 15826K, committed 15948K, reserved 1048576K
}
Event: 378.157 GC heap after
{Heap after GC invocations=72 (full 0):
 garbage-first heap   total 189440K, used 122911K [0x0000000080000000, 0x0000000100000000)
  region size 1024K, 1 young (1024K), 1 survivors (1024K)
 Metaspace       used 113681K, capacity 117064K, committed 117404K, reserved 1150976K
  class space    used 14625K, capacity 15826K, committed 15948K, reserved 1048576K
}
Event: 379.016 GC heap before
{Heap before GC invocations=72 (full 0):
 garbage-first heap   total 189440K, used 156703K [0x0000000080000000, 0x0000000100000000)
  region size 1024K, 34 young (34816K), 1 survivors (1024K)
 Metaspace       used 115594K, capacity 119186K, committed 119452K, reserved 1153024K
  class space    used 14831K, capacity 16096K, committed 16204K, reserved 1048576K
}
Event: 379.026 GC heap after
{Heap after GC invocations=73 (full 0):
 garbage-first heap   total 189440K, used 126196K [0x0000000080000000, 0x0000000100000000)
  region size 1024K, 5 young (5120K), 5 survivors (5120K)
 Metaspace       used 115594K, capacity 119186K, committed 119452K, reserved 1153024K
  class space    used 14831K, capacity 16096K, committed 16204K, reserved 1048576K
}

Deoptimization events (20 events):
Event: 378.702 Thread 0x00000207a2ae0800 DEOPT PACKING pc=0x000002078c6589e4 sp=0x000000262d6fa350
Event: 378.702 Thread 0x00000207a2ae0800 DEOPT UNPACKING pc=0x000002078434662f sp=0x000000262d6fa2d0 mode 2
Event: 378.725 Thread 0x00000207a2ae0800 Uncommon trap: trap_request=0xffffff4d fr.pc=0x000002078bfc3a84 relative=0x00000000000039a4
Event: 378.726 Thread 0x00000207a2ae0800 Uncommon trap: reason=unstable_if action=reinterpret pc=0x000002078bfc3a84 method=java.lang.ClassValue.match(Ljava/lang/ClassValue$Entry;)Z @ 12 c2
Event: 378.726 Thread 0x00000207a2ae0800 DEOPT PACKING pc=0x000002078bfc3a84 sp=0x000000262d6fa650
Event: 378.726 Thread 0x00000207a2ae0800 DEOPT UNPACKING pc=0x000002078434662f sp=0x000000262d6fa368 mode 2
Event: 378.742 Thread 0x00000207a2ae0800 Uncommon trap: trap_request=0xffffff4d fr.pc=0x000002078c6a1350 relative=0x0000000000002cf0
Event: 378.742 Thread 0x00000207a2ae0800 Uncommon trap: reason=unstable_if action=reinterpret pc=0x000002078c6a1350 method=com.google.common.collect.MapMakerInternalMap$Segment.postReadCleanup()V @ 10 c2
Event: 378.742 Thread 0x00000207a2ae0800 DEOPT PACKING pc=0x000002078c6a1350 sp=0x000000262d6f8cf0
Event: 378.742 Thread 0x00000207a2ae0800 DEOPT UNPACKING pc=0x000002078434662f sp=0x000000262d6f8bc0 mode 2
Event: 379.254 Thread 0x00000207a2ae0800 DEOPT PACKING pc=0x0000020785a88629 sp=0x000000262d6fa320
Event: 379.254 Thread 0x00000207a2ae0800 DEOPT UNPACKING pc=0x0000020784346dde sp=0x000000262d6f97d8 mode 0
Event: 379.255 Thread 0x00000207a2ae0800 DEOPT PACKING pc=0x0000020785a88629 sp=0x000000262d6fa320
Event: 379.255 Thread 0x00000207a2ae0800 DEOPT UNPACKING pc=0x0000020784346dde sp=0x000000262d6f97d8 mode 0
Event: 379.268 Thread 0x00000207a2ae0800 DEOPT PACKING pc=0x0000020785a88629 sp=0x000000262d6fa250
Event: 379.268 Thread 0x00000207a2ae0800 DEOPT UNPACKING pc=0x0000020784346dde sp=0x000000262d6f9708 mode 0
Event: 379.268 Thread 0x00000207a2ae0800 DEOPT PACKING pc=0x0000020785a88629 sp=0x000000262d6fa250
Event: 379.268 Thread 0x00000207a2ae0800 DEOPT UNPACKING pc=0x0000020784346dde sp=0x000000262d6f9708 mode 0
Event: 379.315 Thread 0x00000207a2ae0800 DEOPT PACKING pc=0x00000207857c5ba4 sp=0x000000262d6f6910
Event: 379.315 Thread 0x00000207a2ae0800 DEOPT UNPACKING pc=0x0000020784346dde sp=0x000000262d6f5e30 mode 0

Classes redefined (0 events):
No events

Internal exceptions (20 events):
Event: 378.584 Thread 0x00000207a2ae0800 Exception <a 'java/lang/ClassNotFoundException'{0x000000008a7a0eb0}: org/jetbrains/plugins/gradle/model/scala/ScalaModelCustomizer> (0x000000008a7a0eb0) thrown at [./src/hotspot/share/classfile/systemDictionary.cpp, line 231]
Event: 378.727 Thread 0x00000207a2ae0800 Exception <a 'java/lang/ClassNotFoundException'{0x000000008a4555e8}: org/jetbrains/plugins/gradle/tooling/util/SourceSetCachedFinder$1BeanInfo> (0x000000008a4555e8) thrown at [./src/hotspot/share/classfile/systemDictionary.cpp, line 231]
Event: 378.727 Thread 0x00000207a2ae0800 Exception <a 'java/lang/ClassNotFoundException'{0x000000008a464f88}: org/jetbrains/plugins/gradle/tooling/util/SourceSetCachedFinder$1Customizer> (0x000000008a464f88) thrown at [./src/hotspot/share/classfile/systemDictionary.cpp, line 231]
Event: 378.731 Thread 0x00000207a2ae0800 Exception <a 'java/lang/ClassNotFoundException'{0x000000008a49c3d8}: org/jetbrains/plugins/gradle/tooling/util/SourceSetCachedFinder$2BeanInfo> (0x000000008a49c3d8) thrown at [./src/hotspot/share/classfile/systemDictionary.cpp, line 231]
Event: 378.732 Thread 0x00000207a2ae0800 Exception <a 'java/lang/ClassNotFoundException'{0x000000008a4abfc8}: org/jetbrains/plugins/gradle/tooling/util/SourceSetCachedFinder$2Customizer> (0x000000008a4abfc8) thrown at [./src/hotspot/share/classfile/systemDictionary.cpp, line 231]
Event: 378.735 Thread 0x00000207a2ae0800 Exception <a 'java/lang/ClassNotFoundException'{0x000000008a4dea98}: org/jetbrains/plugins/gradle/tooling/util/SourceSetCachedFinderBeanInfo> (0x000000008a4dea98) thrown at [./src/hotspot/share/classfile/systemDictionary.cpp, line 231]
Event: 378.735 Thread 0x00000207a2ae0800 Exception <a 'java/lang/ClassNotFoundException'{0x000000008a4edb50}: org/jetbrains/plugins/gradle/tooling/util/SourceSetCachedFinderCustomizer> (0x000000008a4edb50) thrown at [./src/hotspot/share/classfile/systemDictionary.cpp, line 231]
Event: 378.747 Thread 0x00000207a2ae0800 Exception <a 'java/lang/ClassNotFoundException'{0x000000008a367e78}: org/jetbrains/plugins/gradle/tooling/util/SourceSetCachedFinder$ArtifactsMapBeanInfo> (0x000000008a367e78) thrown at [./src/hotspot/share/classfile/systemDictionary.cpp, line 231]
Event: 378.747 Thread 0x00000207a2ae0800 Exception <a 'java/lang/ClassNotFoundException'{0x000000008a3783f8}: org/jetbrains/plugins/gradle/tooling/util/SourceSetCachedFinder$ArtifactsMapCustomizer> (0x000000008a3783f8) thrown at [./src/hotspot/share/classfile/systemDictionary.cpp, line 231]
Event: 379.035 Thread 0x00000207a2ae0800 Exception <a 'java/lang/NoSuchMethodError'{0x000000008b85a3f0}: <clinit>> (0x000000008b85a3f0) thrown at [./src/hotspot/share/prims/jni.cpp, line 1362]
Event: 379.147 Thread 0x00000207a2ae0800 Exception <a 'java/lang/NoSuchMethodError'{0x000000008b43eb38}: <clinit>> (0x000000008b43eb38) thrown at [./src/hotspot/share/prims/jni.cpp, line 1362]
Event: 379.149 Thread 0x00000207a2ae0800 Exception <a 'java/lang/NoSuchMethodError'{0x000000008b47b818}: <clinit>> (0x000000008b47b818) thrown at [./src/hotspot/share/prims/jni.cpp, line 1362]
Event: 379.150 Thread 0x00000207a2ae0800 Exception <a 'java/lang/NoSuchMethodError'{0x000000008b489a38}: <clinit>> (0x000000008b489a38) thrown at [./src/hotspot/share/prims/jni.cpp, line 1362]
Event: 379.151 Thread 0x00000207a2ae0800 Exception <a 'java/lang/NoSuchMethodError'{0x000000008b496998}: <clinit>> (0x000000008b496998) thrown at [./src/hotspot/share/prims/jni.cpp, line 1362]
Event: 379.246 Thread 0x00000207a2ae0800 Exception <a 'sun/nio/fs/WindowsException'{0x000000008b3c8450}> (0x000000008b3c8450) thrown at [./src/hotspot/share/prims/jni.cpp, line 615]
Event: 379.260 Thread 0x00000207a2ae0800 Exception <a 'sun/nio/fs/WindowsException'{0x000000008b264ba0}> (0x000000008b264ba0) thrown at [./src/hotspot/share/prims/jni.cpp, line 615]
Event: 379.260 Thread 0x00000207a2ae0800 Exception <a 'sun/nio/fs/WindowsException'{0x000000008b265c68}> (0x000000008b265c68) thrown at [./src/hotspot/share/prims/jni.cpp, line 615]
Event: 379.260 Thread 0x00000207a2ae0800 Exception <a 'sun/nio/fs/WindowsException'{0x000000008b266d80}> (0x000000008b266d80) thrown at [./src/hotspot/share/prims/jni.cpp, line 615]
Event: 379.260 Thread 0x00000207a2ae0800 Exception <a 'sun/nio/fs/WindowsException'{0x000000008b267e98}> (0x000000008b267e98) thrown at [./src/hotspot/share/prims/jni.cpp, line 615]
Event: 379.308 Thread 0x00000207a2ae0800 Exception <a 'java/lang/reflect/InvocationTargetException'{0x000000008b1e2b18}> (0x000000008b1e2b18) thrown at [./src/hotspot/share/runtime/reflection.cpp, line 1247]

Events (20 events):
Event: 378.747 loading class org/jetbrains/plugins/gradle/tooling/util/SourceSetCachedFinder$ArtifactsMapCustomizer
Event: 378.747 loading class org/jetbrains/plugins/gradle/tooling/util/SourceSetCachedFinder$ArtifactsMapCustomizer done
Event: 378.747 loading class org/jetbrains/plugins/gradle/tooling/util/SourceSetCachedFinder$ArtifactsMapCustomizer
Event: 378.747 loading class org/jetbrains/plugins/gradle/tooling/util/SourceSetCachedFinder$ArtifactsMapCustomizer done
Event: 378.960 loading class org/gradle/cache/internal/btree/FileBackedBlockStore$1
Event: 378.960 loading class org/gradle/cache/internal/btree/FileBackedBlockStore$1 done
Event: 378.984 loading class groovy/runtime/metaclass/org/jetbrains/plugins/gradle/tooling/builder/ProjectExtensionsDataBuilderImpl$_buildAll_closure1MetaClass
Event: 378.984 loading class groovy/runtime/metaclass/org/jetbrains/plugins/gradle/tooling/builder/ProjectExtensionsDataBuilderImpl$_buildAll_closure1MetaClass done
Event: 378.985 loading class groovy/runtime/metaclass/org/jetbrains/plugins/gradle/tooling/builder/ProjectExtensionsDataBuilderImpl$_buildAll_closure2MetaClass
Event: 378.985 loading class groovy/runtime/metaclass/org/jetbrains/plugins/gradle/tooling/builder/ProjectExtensionsDataBuilderImpl$_buildAll_closure2MetaClass done
Event: 378.987 loading class groovy/runtime/metaclass/org/jetbrains/plugins/gradle/tooling/builder/ProjectExtensionsDataBuilderImpl$_buildAll_closure3MetaClass
Event: 378.988 loading class groovy/runtime/metaclass/org/jetbrains/plugins/gradle/tooling/builder/ProjectExtensionsDataBuilderImpl$_buildAll_closure3MetaClass done
Event: 379.016 Executing VM operation: G1CollectForAllocation
Event: 379.026 Executing VM operation: G1CollectForAllocation done
Event: 379.160 Executing VM operation: CGC_Operation
Event: 379.231 Executing VM operation: CGC_Operation done
Event: 379.291 Executing VM operation: CGC_Operation
Event: 379.292 Executing VM operation: CGC_Operation done
Event: 379.667 Executing VM operation: RevokeBias
Event: 379.667 Executing VM operation: RevokeBias done


Dynamic libraries:
0x00007ff6800a0000 - 0x00007ff6800aa000 	D:\안드로이드 스튜디오\jre\bin\java.exe
0x00007ff8dab40000 - 0x00007ff8dad49000 	C:\WINDOWS\SYSTEM32\ntdll.dll
0x00007ff8d9390000 - 0x00007ff8d944d000 	C:\WINDOWS\System32\KERNEL32.DLL
0x00007ff8d8590000 - 0x00007ff8d8914000 	C:\WINDOWS\System32\KERNELBASE.dll
0x00007ff8d8300000 - 0x00007ff8d8411000 	C:\WINDOWS\System32\ucrtbase.dll
0x00007ff8bdfd0000 - 0x00007ff8bdfe7000 	D:\안드로이드 스튜디오\jre\bin\VCRUNTIME140.dll
0x00007ff8b8220000 - 0x00007ff8b8239000 	D:\안드로이드 스튜디오\jre\bin\jli.dll
0x00007ff8d9770000 - 0x00007ff8d991d000 	C:\WINDOWS\System32\USER32.dll
0x00007ff8d8170000 - 0x00007ff8d8196000 	C:\WINDOWS\System32\win32u.dll
0x00007ff8d9bb0000 - 0x00007ff8d9bda000 	C:\WINDOWS\System32\GDI32.dll
0x00007ff8d8050000 - 0x00007ff8d816e000 	C:\WINDOWS\System32\gdi32full.dll
0x00007ff8c9390000 - 0x00007ff8c9635000 	C:\WINDOWS\WinSxS\amd64_microsoft.windows.common-controls_6595b64144ccf1df_6.0.22000.120_none_9d947278b86cc467\COMCTL32.dll
0x00007ff8d81a0000 - 0x00007ff8d823d000 	C:\WINDOWS\System32\msvcp_win.dll
0x00007ff8da950000 - 0x00007ff8da9f3000 	C:\WINDOWS\System32\msvcrt.dll
0x00007ff8d9500000 - 0x00007ff8d9531000 	C:\WINDOWS\System32\IMM32.DLL
0x00007ff8a7430000 - 0x00007ff8a74cd000 	D:\안드로이드 스튜디오\jre\bin\msvcp140.dll
0x00007ff8a37c0000 - 0x00007ff8a4295000 	D:\안드로이드 스튜디오\jre\bin\server\jvm.dll
0x00007ff8d8ef0000 - 0x00007ff8d8f9e000 	C:\WINDOWS\System32\ADVAPI32.dll
0x00007ff8daa00000 - 0x00007ff8daa9e000 	C:\WINDOWS\System32\sechost.dll
0x00007ff8da5d0000 - 0x00007ff8da6f1000 	C:\WINDOWS\System32\RPCRT4.dll
0x00007ff8d9920000 - 0x00007ff8d9928000 	C:\WINDOWS\System32\PSAPI.DLL
0x00007ff8c7320000 - 0x00007ff8c7329000 	C:\WINDOWS\SYSTEM32\WSOCK32.dll
0x00007ff8da8e0000 - 0x00007ff8da94f000 	C:\WINDOWS\System32\WS2_32.dll
0x00007ff8d18a0000 - 0x00007ff8d18d3000 	C:\WINDOWS\SYSTEM32\WINMM.dll
0x00007ff8cfbf0000 - 0x00007ff8cfbfa000 	C:\WINDOWS\SYSTEM32\VERSION.dll
0x00007ff8d7040000 - 0x00007ff8d7058000 	C:\WINDOWS\SYSTEM32\kernel.appcore.dll
0x00007ff8d3e50000 - 0x00007ff8d3e61000 	D:\안드로이드 스튜디오\jre\bin\verify.dll
0x00007ff8d5c00000 - 0x00007ff8d5e21000 	C:\WINDOWS\SYSTEM32\DBGHELP.DLL
0x00007ff8c2310000 - 0x00007ff8c2341000 	C:\WINDOWS\SYSTEM32\dbgcore.DLL
0x00007ff8d7fd0000 - 0x00007ff8d804f000 	C:\WINDOWS\System32\bcryptPrimitives.dll
0x00007ff8c5bf0000 - 0x00007ff8c5c19000 	D:\안드로이드 스튜디오\jre\bin\java.dll
0x00007ff8d3e40000 - 0x00007ff8d3e4b000 	D:\안드로이드 스튜디오\jre\bin\jimage.dll
0x00007ff8d3530000 - 0x00007ff8d3548000 	D:\안드로이드 스튜디오\jre\bin\zip.dll
0x00007ff8d9ce0000 - 0x00007ff8da4a5000 	C:\WINDOWS\System32\SHELL32.dll
0x00007ff8d60a0000 - 0x00007ff8d6902000 	C:\WINDOWS\SYSTEM32\windows.storage.dll
0x00007ff8d9010000 - 0x00007ff8d9386000 	C:\WINDOWS\System32\combase.dll
0x00007ff8d5f30000 - 0x00007ff8d6097000 	C:\WINDOWS\SYSTEM32\wintypes.dll
0x00007ff8d9ac0000 - 0x00007ff8d9baa000 	C:\WINDOWS\System32\SHCORE.dll
0x00007ff8daaa0000 - 0x00007ff8daafd000 	C:\WINDOWS\System32\shlwapi.dll
0x00007ff8d7f00000 - 0x00007ff8d7f25000 	C:\WINDOWS\SYSTEM32\profapi.dll
0x00007ff8c7b70000 - 0x00007ff8c7b8a000 	D:\안드로이드 스튜디오\jre\bin\net.dll
0x00007ff8d1370000 - 0x00007ff8d1484000 	C:\WINDOWS\SYSTEM32\WINHTTP.dll
0x00007ff8d7560000 - 0x00007ff8d75c7000 	C:\WINDOWS\system32\mswsock.dll
0x00007ff8c5bd0000 - 0x00007ff8c5be4000 	D:\안드로이드 스튜디오\jre\bin\nio.dll
0x00007ff8bdff0000 - 0x00007ff8be017000 	C:\Users\LG\.gradle\native\e1d6ef7f7dcc3fd88c89a11ec53ec762bb8ba0a96d01ffa2cd45eb1d1d8dd5c5\windows-amd64\native-platform.dll
0x00007ff8a3210000 - 0x00007ff8a3354000 	C:\Users\LG\.gradle\native\5664cfc778a61ccfe75a443a1ab52a65af34e5dc3c78e0209fed803814484fcb\windows-amd64\native-platform-file-events.dll
0x00007ff8d3650000 - 0x00007ff8d365a000 	D:\안드로이드 스튜디오\jre\bin\management.dll
0x00007ff8d35d0000 - 0x00007ff8d35dd000 	D:\안드로이드 스튜디오\jre\bin\management_ext.dll
0x00007ff8d77e0000 - 0x00007ff8d77f8000 	C:\WINDOWS\SYSTEM32\CRYPTSP.dll
0x00007ff8d6fa0000 - 0x00007ff8d6fd5000 	C:\WINDOWS\system32\rsaenh.dll
0x00007ff8d7660000 - 0x00007ff8d768c000 	C:\WINDOWS\SYSTEM32\USERENV.dll
0x00007ff8d79a0000 - 0x00007ff8d79c7000 	C:\WINDOWS\SYSTEM32\bcrypt.dll
0x00007ff8d77d0000 - 0x00007ff8d77dc000 	C:\WINDOWS\SYSTEM32\CRYPTBASE.dll
0x00007ff8d6b60000 - 0x00007ff8d6b8d000 	C:\WINDOWS\SYSTEM32\IPHLPAPI.DLL
0x00007ff8d9930000 - 0x00007ff8d9939000 	C:\WINDOWS\System32\NSI.dll
0x00007ff8d0af0000 - 0x00007ff8d0b09000 	C:\WINDOWS\SYSTEM32\dhcpcsvc6.DLL
0x00007ff8d2ff0000 - 0x00007ff8d300e000 	C:\WINDOWS\SYSTEM32\dhcpcsvc.DLL
0x00007ff8d6b90000 - 0x00007ff8d6c77000 	C:\WINDOWS\SYSTEM32\DNSAPI.dll
0x00007ff8ba970000 - 0x00007ff8ba997000 	D:\안드로이드 스튜디오\jre\bin\sunec.dll
0x00007ff8cef80000 - 0x00007ff8cef8a000 	C:\Windows\System32\rasadhlp.dll
0x00007ff8cf870000 - 0x00007ff8cf8f1000 	C:\WINDOWS\System32\fwpuclnt.dll
0x00007ff8d7060000 - 0x00007ff8d7094000 	C:\WINDOWS\SYSTEM32\ntmarta.dll

dbghelp: loaded successfully - version: 4.0.5 - missing functions: none
symbol engine: initialized successfully - sym options: 0x614 - pdb path: .;D:\안드로이드 스튜디오\jre\bin;C:\WINDOWS\SYSTEM32;C:\WINDOWS\WinSxS\amd64_microsoft.windows.common-controls_6595b64144ccf1df_6.0.22000.120_none_9d947278b86cc467;D:\안드로이드 스튜?D:\안드로이?D:\안드?D:\안?D:\안;D:\?D:\안드로이드 스튜디오\jre\bin\server;C:\Users\LG\.gradle\native\e1d6ef7f7dcc3fd88c89a11ec53ec762bb8ba0a96d01f;D:\안드로이드 스튜디오\jre\bin\server;C:\Users\LG\.gradle\native\e1d6ef7f7dcc3fd88c89a11ec53ec762bb8ba0a96d01ffa2cd45eb1d1d8dd5c5\windows-amd64;C:\Users\LG\.gradle\native\5664cfc778a61ccfe75a443a1ab52a65af34;C:\Users\LG\.gradle\native\5664cfc778a61ccfe75a443a1ab52a65af34;C:\Users\LG\.gradle\native\5664cfc778a61ccfe75a443a1ab52a65af34;C:\Users\LG\.gradle\native\5664cfc778a61ccfe75a443a1ab52a65af34;C:\Users\LG\.gradle\native\5664cfc778a61ccfe75a443a1ab52a65af34;C:\Users\LG\.gradle\native\5664cfc778a61ccfe75a443a1ab52a65af34;C:\Users\LG\.gradle\native\5664cfc778a61ccfe75a443a1ab52a65af34

VM Arguments:
jvm_args: --add-opens=java.base/java.util=ALL-UNNAMED --add-opens=java.base/java.lang=ALL-UNNAMED --add-opens=java.base/java.lang.invoke=ALL-UNNAMED --add-opens=java.base/java.util=ALL-UNNAMED --add-opens=java.prefs/java.util.prefs=ALL-UNNAMED --add-opens=java.prefs/java.util.prefs=ALL-UNNAMED --add-opens=java.base/java.nio.charset=ALL-UNNAMED --add-opens=java.base/java.net=ALL-UNNAMED --add-opens=java.base/java.util.concurrent.atomic=ALL-UNNAMED -Xmx2048m -Dfile.encoding=UTF-8 -Duser.country=KR -Duser.language=ko -Duser.variant 
java_command: org.gradle.launcher.daemon.bootstrap.GradleDaemon 7.2
java_class_path (initial): C:\Users\LG\.gradle\wrapper\dists\gradle-7.2-bin\2dnblmf4td7x66yl1d74lt32g\gradle-7.2\lib\gradle-launcher-7.2.jar
Launcher Type: SUN_STANDARD

[Global flags]
     intx CICompilerCount                          = 4                                         {product} {ergonomic}
     uint ConcGCThreads                            = 2                                         {product} {ergonomic}
     uint G1ConcRefinementThreads                  = 8                                         {product} {ergonomic}
   size_t G1HeapRegionSize                         = 1048576                                   {product} {ergonomic}
    uintx GCDrainStackTargetSize                   = 64                                        {product} {ergonomic}
   size_t InitialHeapSize                          = 134217728                                 {product} {ergonomic}
   size_t MarkStackSize                            = 4194304                                   {product} {ergonomic}
   size_t MaxHeapSize                              = 2147483648                                {product} {command line}
   size_t MaxNewSize                               = 1287651328                                {product} {ergonomic}
   size_t MinHeapDeltaBytes                        = 1048576                                   {product} {ergonomic}
    uintx NonNMethodCodeHeapSize                   = 5836300                                {pd product} {ergonomic}
    uintx NonProfiledCodeHeapSize                  = 122910970                              {pd product} {ergonomic}
    uintx ProfiledCodeHeapSize                     = 122910970                              {pd product} {ergonomic}
    uintx ReservedCodeCacheSize                    = 251658240                              {pd product} {ergonomic}
     bool SegmentedCodeCache                       = true                                      {product} {ergonomic}
     bool UseCompressedClassPointers               = true                                 {lp64_product} {ergonomic}
     bool UseCompressedOops                        = true                                 {lp64_product} {ergonomic}
     bool UseG1GC                                  = true                                      {product} {ergonomic}
     bool UseLargePagesIndividualAllocation        = false                                  {pd product} {ergonomic}

Logging:
Log output configuration:
 #0: stdout all=warning uptime,level,tags
 #1: stderr all=off uptime,level,tags

Environment Variables:
JAVA_HOME=D:\openjdk-11.0.0.1_windows-x64_bin\jdk-11.0.0.1
CLASSPATH=D:\openjdk-11.0.0.1_windows-x64_bin\jdk-11.0.0.1\lib
PATH=D:\openjdk-11.0.0.1_windows-x64_bin\jdk-11.0.0.1\bin;C:\Program Files\Common Files\Oracle\Java\javapath;C:\Program Files\Eclipse Adoptium\jdk-8.0.382.5-hotspot\bin;C:\oraclexe\app\oracle\product\10.2.0\server\bin;C:\Program Files (x86)\Common Files\Oracle\Java\javapath;C:\Program Files (x86)\Intel\iCLS Client\;C:\Program Files\Intel\iCLS Client\;C:\windows\system32;C:\windows;C:\windows\System32\Wbem;C:\windows\System32\WindowsPowerShell\v1.0\;C:\Program Files (x86)\Intel\Intel(R) Management Engine Components\DAL;C:\Program Files\Intel\Intel(R) Management Engine Components\DAL;C:\Program Files (x86)\Intel\Intel(R) Management Engine Components\IPT;C:\Program Files\Intel\Intel(R) Management Engine Components\IPT;C:\Program Files\Intel\WiFi\bin\;C:\Program Files\Common Files\Intel\WirelessCommon\;C:\Program Files (x86)\NVIDIA Corporation\PhysX\Common;C:\Program Files (x86)\Skype\Phone\;C:\WINDOWS\system32;C:\WINDOWS;C:\WINDOWS\System32\Wbem;C:\WINDOWS\System32\WindowsPowerShell\v1.0\;C:\WINDOWS\System32\OpenSSH\;C:\Program Files\nodejs\;D:\openssl-0.9.8e_X64\bin;C:\ProgramData\chocolatey\bin;C:\ProgramData\chocolatey\lib\maven\apache-maven-3.9.4\bin;C:\Program Files\Git\cmd;C:\Program Files\MariaDB 10.11\bin;D:\Scripts\;D:\;C:\Users\LG\AppData\Local\Microsoft\WindowsApps;C:\Users\LG\AppData\Local\afreeca;C:\altera\13.1\modelsim_ase\win32aloem;D:\PyCharm Community Edition 2022.1.3\bin;;C:\Users\LG\AppData\Local\Programs\Microsoft VS Code\bin;C:\Users\LG\AppData\Roaming\npm;C:\Program Files\Java\jdk-1.8\bin;D:\IntelliJ IDEA Community Edition 2023.1.3\bin;;;C:\Program Files (x86)\ESTsoft\ALSee\x64
USERNAME=LG
OS=Windows_NT
PROCESSOR_IDENTIFIER=Intel64 Family 6 Model 142 Stepping 10, GenuineIntel



---------------  S Y S T E M  ---------------

OS: Windows 10 , 64 bit Build 22000 (10.0.22000.2538)
OS uptime: 0 days 2:38 hours

CPU:total 8 (initial active 8) (4 cores per cpu, 2 threads per core) family 6 model 142 stepping 10 microcode 0xe0, cmov, cx8, fxsr, mmx, sse, sse2, sse3, ssse3, sse4.1, sse4.2, popcnt, avx, avx2, aes, clmul, erms, 3dnowpref, lzcnt, ht, tsc, tscinvbit, bmi1, bmi2, adx, fma

Memory: 4k page, system-wide physical 8101M (1279M free)
TotalPageFile size 16293M (AvailPageFile size 17M)
current process WorkingSet (physical memory assigned to process): 418M, peak: 471M
current process commit charge ("private bytes"): 570M, peak: 578M

vm_info: OpenJDK 64-Bit Server VM (11.0.11+9-b60-7590822) for windows-amd64 JRE (11.0.11+9-b60-7590822), built on Jul 29 2021 21:43:44 by "builder" with MS VC++ 14.0 (VS2015)

END.
